

================================================================
== Vitis HLS Report for 'Gamma'
================================================================
* Date:           Sun Nov  9 12:09:33 2025

* Version:        2024.2 (Build 5238294 on Nov  8 2024)
* Project:        prj
* Solution:       sol (Vivado IP Flow Target)
* Product family: zynq
* Target device:  xc7z010-clg400-1


================================================================
== Performance Estimates
================================================================
+ Timing: 
    * Summary: 
    +--------+---------+----------+------------+
    |  Clock |  Target | Estimated| Uncertainty|
    +--------+---------+----------+------------+
    |ap_clk  |  6.67 ns|  4.842 ns|     1.80 ns|
    +--------+---------+----------+------------+

+ Latency: 
    * Summary: 
    +---------+---------+-----------+-----------+------+---------+---------+
    |  Latency (cycles) |   Latency (absolute)  |    Interval    | Pipeline|
    |   min   |   max   |    min    |    max    |  min |   max   |   Type  |
    +---------+---------+-----------+-----------+------+---------+---------+
    |     5573|  8310549|  37.155 us|  55.406 ms|  5573|  8310549|       no|
    +---------+---------+-----------+-----------+------+---------+---------+

    + Detail: 
        * Instance: 
        +--------------------------------------------+---------------------------------+---------+---------+----------+-----------+------+------+------------------------------------------------+
        |                                            |                                 |  Latency (cycles) |  Latency (absolute)  |   Interval  |                    Pipeline                    |
        |                  Instance                  |              Module             |   min   |   max   |    min   |    max    |  min |  max |                      Type                      |
        +--------------------------------------------+---------------------------------+---------+---------+----------+-----------+------+------+------------------------------------------------+
        |grp_Gamma_Pipeline_VITIS_LOOP_315_1_fu_90   |Gamma_Pipeline_VITIS_LOOP_315_1  |     1027|     1027|  6.847 us|   6.847 us|  1025|  1025|  loop auto-rewind stp (delay=0 clock cycles(s))|
        |grp_Gamma_Pipeline_VITIS_LOOP_327_4_fu_106  |Gamma_Pipeline_VITIS_LOOP_327_4  |       69|     3845|  0.460 us|  25.635 us|    65|  3841|  loop auto-rewind stp (delay=0 clock cycles(s))|
        +--------------------------------------------+---------------------------------+---------+---------+----------+-----------+------+------+------------------------------------------------+

        * Loop: 
        +--------------------+---------+---------+-----------+-----------+-----------+-----------+----------+
        |                    |  Latency (cycles) | Iteration |  Initiation Interval  |    Trip   |          |
        |      Loop Name     |   min   |   max   |  Latency  |  achieved |   target  |   Count   | Pipelined|
        +--------------------+---------+---------+-----------+-----------+-----------+-----------+----------+
        |- VITIS_LOOP_325_3  |     4544|  8309520|  71 ~ 3847|          -|          -|  64 ~ 2160|        no|
        +--------------------+---------+---------+-----------+-----------+-----------+-----------+----------+

============================================================
+ Verbose Summary: Synthesis Manager
============================================================
InlineROM: 1
ExposeGlobal: 0
============================================================
+ Verbose Summary: CDFG Model
============================================================
IsTopModel: 0
ResetActiveHigh: 1
IsCombinational: 2
IsDatapathOnly: 0
HasWiredReturn: 1
HasMFsm: 0
HasVarLatency: 1
IsPipeline: 0
IsRtlPipelined: 0
IsInstanceOverlapped: 0
IsDontTouch: 0
HasImplIP: 0
IsGatedGlobalClock: 0


============================================================
+ Verbose Summary: Schedule
============================================================
* Number of FSM states : 4
* Pipeline : 0
* Dataflow Pipeline: 0

* FSM state transitions: 
1 --> 2 
2 --> 3 
3 --> 4 
4 --> 3 

* FSM state operations: 

State 1 <SV = 0> <Delay = 3.25>
ST_1 : Operation 5 [1/1] (0.00ns)   --->   "%y = alloca i32 1" [D:/FPGA/zybo/imx219/v2/pcam_hw/Zybo-Z7-HW.runs/system_v_gamma_lut_0_0_synth_1/prj/sol/.autopilot/db/v_gamma_lut.cpp:303->D:/FPGA/zybo/imx219/v2/pcam_hw/Zybo-Z7-HW.runs/system_v_gamma_lut_0_0_synth_1/prj/sol/.autopilot/db/v_gamma_lut.cpp:146]   --->   Operation 5 'alloca' 'y' <Predicate = true> <Delay = 0.00>
ST_1 : Operation 6 [1/1] (3.25ns)   --->   "%lut_0 = alloca i64 1" [D:/FPGA/zybo/imx219/v2/pcam_hw/Zybo-Z7-HW.runs/system_v_gamma_lut_0_0_synth_1/prj/sol/.autopilot/db/v_gamma_lut.cpp:307->D:/FPGA/zybo/imx219/v2/pcam_hw/Zybo-Z7-HW.runs/system_v_gamma_lut_0_0_synth_1/prj/sol/.autopilot/db/v_gamma_lut.cpp:146]   --->   Operation 6 'alloca' 'lut_0' <Predicate = true> <Delay = 3.25>
ST_1 : Operation 7 [1/1] (3.25ns)   --->   "%lut_1 = alloca i64 1" [D:/FPGA/zybo/imx219/v2/pcam_hw/Zybo-Z7-HW.runs/system_v_gamma_lut_0_0_synth_1/prj/sol/.autopilot/db/v_gamma_lut.cpp:308->D:/FPGA/zybo/imx219/v2/pcam_hw/Zybo-Z7-HW.runs/system_v_gamma_lut_0_0_synth_1/prj/sol/.autopilot/db/v_gamma_lut.cpp:146]   --->   Operation 7 'alloca' 'lut_1' <Predicate = true> <Delay = 3.25>
ST_1 : Operation 8 [1/1] (3.25ns)   --->   "%lut_2 = alloca i64 1" [D:/FPGA/zybo/imx219/v2/pcam_hw/Zybo-Z7-HW.runs/system_v_gamma_lut_0_0_synth_1/prj/sol/.autopilot/db/v_gamma_lut.cpp:309->D:/FPGA/zybo/imx219/v2/pcam_hw/Zybo-Z7-HW.runs/system_v_gamma_lut_0_0_synth_1/prj/sol/.autopilot/db/v_gamma_lut.cpp:146]   --->   Operation 8 'alloca' 'lut_2' <Predicate = true> <Delay = 3.25>
ST_1 : Operation 9 [2/2] (0.00ns)   --->   "%call_ln0 = call void @Gamma_Pipeline_VITIS_LOOP_315_1, i10 %lut_2, i10 %lut_1, i10 %lut_0, i16 %gamma_lut_0, i16 %gamma_lut_1, i16 %gamma_lut_2"   --->   Operation 9 'call' 'call_ln0' <Predicate = true> <Delay = 0.00> <CoreType = "Generic">   --->   Generic Core
ST_1 : Operation 10 [1/1] (1.58ns)   --->   "%store_ln303 = store i12 0, i12 %y" [D:/FPGA/zybo/imx219/v2/pcam_hw/Zybo-Z7-HW.runs/system_v_gamma_lut_0_0_synth_1/prj/sol/.autopilot/db/v_gamma_lut.cpp:303->D:/FPGA/zybo/imx219/v2/pcam_hw/Zybo-Z7-HW.runs/system_v_gamma_lut_0_0_synth_1/prj/sol/.autopilot/db/v_gamma_lut.cpp:146]   --->   Operation 10 'store' 'store_ln303' <Predicate = true> <Delay = 1.58>

State 2 <SV = 1> <Delay = 0.00>
ST_2 : Operation 11 [1/1] (0.00ns)   --->   "%specstablecontent_ln0 = specstablecontent void @_ssdm_op_SpecStableContent, i16 %height, void "   --->   Operation 11 'specstablecontent' 'specstablecontent_ln0' <Predicate = true> <Delay = 0.00>
ST_2 : Operation 12 [1/1] (0.00ns)   --->   "%specstablecontent_ln0 = specstablecontent void @_ssdm_op_SpecStableContent, i16 %width, void "   --->   Operation 12 'specstablecontent' 'specstablecontent_ln0' <Predicate = true> <Delay = 0.00>
ST_2 : Operation 13 [1/1] (0.00ns)   --->   "%width_read = read i16 @_ssdm_op_Read.ap_auto.i16P0A, i16 %width" [D:/FPGA/zybo/imx219/v2/pcam_hw/Zybo-Z7-HW.runs/system_v_gamma_lut_0_0_synth_1/prj/sol/.autopilot/db/v_gamma_lut.cpp:132]   --->   Operation 13 'read' 'width_read' <Predicate = true> <Delay = 0.00>
ST_2 : Operation 14 [1/1] (0.00ns)   --->   "%height_read = read i16 @_ssdm_op_Read.ap_auto.i16P0A, i16 %height" [D:/FPGA/zybo/imx219/v2/pcam_hw/Zybo-Z7-HW.runs/system_v_gamma_lut_0_0_synth_1/prj/sol/.autopilot/db/v_gamma_lut.cpp:132]   --->   Operation 14 'read' 'height_read' <Predicate = true> <Delay = 0.00>
ST_2 : Operation 15 [1/1] (0.00ns)   --->   "%empty = trunc i16 %height_read" [D:/FPGA/zybo/imx219/v2/pcam_hw/Zybo-Z7-HW.runs/system_v_gamma_lut_0_0_synth_1/prj/sol/.autopilot/db/v_gamma_lut.cpp:132]   --->   Operation 15 'trunc' 'empty' <Predicate = true> <Delay = 0.00>
ST_2 : Operation 16 [1/1] (0.00ns)   --->   "%empty_55 = trunc i16 %width_read" [D:/FPGA/zybo/imx219/v2/pcam_hw/Zybo-Z7-HW.runs/system_v_gamma_lut_0_0_synth_1/prj/sol/.autopilot/db/v_gamma_lut.cpp:132]   --->   Operation 16 'trunc' 'empty_55' <Predicate = true> <Delay = 0.00>
ST_2 : Operation 17 [1/1] (0.00ns)   --->   "%specmemcore_ln0 = specmemcore void @_ssdm_op_SpecMemCore, i16 %gamma_lut_2, i64 666, i64 207, i64 1"   --->   Operation 17 'specmemcore' 'specmemcore_ln0' <Predicate = true> <Delay = 0.00>
ST_2 : Operation 18 [1/1] (0.00ns)   --->   "%specmemcore_ln0 = specmemcore void @_ssdm_op_SpecMemCore, i16 %gamma_lut_1, i64 666, i64 207, i64 1"   --->   Operation 18 'specmemcore' 'specmemcore_ln0' <Predicate = true> <Delay = 0.00>
ST_2 : Operation 19 [1/1] (0.00ns)   --->   "%specmemcore_ln0 = specmemcore void @_ssdm_op_SpecMemCore, i16 %gamma_lut_0, i64 666, i64 207, i64 1"   --->   Operation 19 'specmemcore' 'specmemcore_ln0' <Predicate = true> <Delay = 0.00>
ST_2 : Operation 20 [1/1] (0.00ns)   --->   "%specinterface_ln0 = specinterface void @_ssdm_op_SpecInterface, i30 %imgGamma, void @empty_12, i32 0, i32 0, void @empty_3, i32 0, i32 0, void @empty_3, void @empty_3, void @empty_3, i32 0, i32 0, i32 0, i32 0, void @empty_3, void @empty_3, i32 4294967295, i32 0, i32 0"   --->   Operation 20 'specinterface' 'specinterface_ln0' <Predicate = true> <Delay = 0.00>
ST_2 : Operation 21 [1/1] (0.00ns)   --->   "%specinterface_ln0 = specinterface void @_ssdm_op_SpecInterface, i30 %imgRgb, void @empty_12, i32 0, i32 0, void @empty_3, i32 0, i32 0, void @empty_3, void @empty_3, void @empty_3, i32 0, i32 0, i32 0, i32 0, void @empty_3, void @empty_3, i32 4294967295, i32 0, i32 0"   --->   Operation 21 'specinterface' 'specinterface_ln0' <Predicate = true> <Delay = 0.00>
ST_2 : Operation 22 [1/1] (0.00ns)   --->   "%specinterface_ln0 = specinterface void @_ssdm_op_SpecInterface, i16 %gamma_lut_2, void @empty_8, i32 0, i32 0, void @empty_3, i32 1, i32 0, void @empty_3, void @empty_3, void @empty_3, i32 0, i32 0, i32 0, i32 0, void @empty_3, void @empty_3, i32 4294967295, i32 0, i32 0"   --->   Operation 22 'specinterface' 'specinterface_ln0' <Predicate = true> <Delay = 0.00>
ST_2 : Operation 23 [1/1] (0.00ns)   --->   "%specinterface_ln0 = specinterface void @_ssdm_op_SpecInterface, i16 %gamma_lut_1, void @empty_8, i32 0, i32 0, void @empty_3, i32 1, i32 0, void @empty_3, void @empty_3, void @empty_3, i32 0, i32 0, i32 0, i32 0, void @empty_3, void @empty_3, i32 4294967295, i32 0, i32 0"   --->   Operation 23 'specinterface' 'specinterface_ln0' <Predicate = true> <Delay = 0.00>
ST_2 : Operation 24 [1/1] (0.00ns)   --->   "%specinterface_ln0 = specinterface void @_ssdm_op_SpecInterface, i16 %gamma_lut_0, void @empty_8, i32 0, i32 0, void @empty_3, i32 1, i32 0, void @empty_3, void @empty_3, void @empty_3, i32 0, i32 0, i32 0, i32 0, void @empty_3, void @empty_3, i32 4294967295, i32 0, i32 0"   --->   Operation 24 'specinterface' 'specinterface_ln0' <Predicate = true> <Delay = 0.00>
ST_2 : Operation 25 [1/2] (0.00ns)   --->   "%call_ln0 = call void @Gamma_Pipeline_VITIS_LOOP_315_1, i10 %lut_2, i10 %lut_1, i10 %lut_0, i16 %gamma_lut_0, i16 %gamma_lut_1, i16 %gamma_lut_2"   --->   Operation 25 'call' 'call_ln0' <Predicate = true> <Delay = 0.00> <CoreType = "Generic">   --->   Generic Core
ST_2 : Operation 26 [1/1] (0.00ns)   --->   "%br_ln325 = br void %VITIS_LOOP_327_4.i" [D:/FPGA/zybo/imx219/v2/pcam_hw/Zybo-Z7-HW.runs/system_v_gamma_lut_0_0_synth_1/prj/sol/.autopilot/db/v_gamma_lut.cpp:325->D:/FPGA/zybo/imx219/v2/pcam_hw/Zybo-Z7-HW.runs/system_v_gamma_lut_0_0_synth_1/prj/sol/.autopilot/db/v_gamma_lut.cpp:146]   --->   Operation 26 'br' 'br_ln325' <Predicate = true> <Delay = 0.00>

State 3 <SV = 2> <Delay = 4.68>
ST_3 : Operation 27 [1/1] (0.00ns)   --->   "%y_1 = load i12 %y" [D:/FPGA/zybo/imx219/v2/pcam_hw/Zybo-Z7-HW.runs/system_v_gamma_lut_0_0_synth_1/prj/sol/.autopilot/db/v_gamma_lut.cpp:325->D:/FPGA/zybo/imx219/v2/pcam_hw/Zybo-Z7-HW.runs/system_v_gamma_lut_0_0_synth_1/prj/sol/.autopilot/db/v_gamma_lut.cpp:146]   --->   Operation 27 'load' 'y_1' <Predicate = true> <Delay = 0.00>
ST_3 : Operation 28 [1/1] (1.54ns)   --->   "%icmp_ln325 = icmp_eq  i12 %y_1, i12 %empty" [D:/FPGA/zybo/imx219/v2/pcam_hw/Zybo-Z7-HW.runs/system_v_gamma_lut_0_0_synth_1/prj/sol/.autopilot/db/v_gamma_lut.cpp:325->D:/FPGA/zybo/imx219/v2/pcam_hw/Zybo-Z7-HW.runs/system_v_gamma_lut_0_0_synth_1/prj/sol/.autopilot/db/v_gamma_lut.cpp:146]   --->   Operation 28 'icmp' 'icmp_ln325' <Predicate = true> <Delay = 1.54> <CoreInst = "Cmp">   --->   Core 9 'Cmp' <Latency = 0> <II = 1> <Delay = 1.54> <FuncUnit> <Opcode : 'seteq' 'setne' 'setle' 'setge' 'setlt' 'setgt'> <InPorts = 2> <OutPorts = 1>
ST_3 : Operation 29 [1/1] (0.00ns)   --->   "%speclooptripcount_ln0 = speclooptripcount void @_ssdm_op_SpecLoopTripCount, i64 64, i64 2160, i64 0"   --->   Operation 29 'speclooptripcount' 'speclooptripcount_ln0' <Predicate = true> <Delay = 0.00>
ST_3 : Operation 30 [1/1] (1.54ns)   --->   "%y_2 = add i12 %y_1, i12 1" [D:/FPGA/zybo/imx219/v2/pcam_hw/Zybo-Z7-HW.runs/system_v_gamma_lut_0_0_synth_1/prj/sol/.autopilot/db/v_gamma_lut.cpp:325->D:/FPGA/zybo/imx219/v2/pcam_hw/Zybo-Z7-HW.runs/system_v_gamma_lut_0_0_synth_1/prj/sol/.autopilot/db/v_gamma_lut.cpp:146]   --->   Operation 30 'add' 'y_2' <Predicate = true> <Delay = 1.54> <CoreInst = "Adder">   --->   Core 1 'Adder' <Latency = 0> <II = 1> <Delay = 1.54> <FuncUnit> <Opcode : 'add' 'sub'> <InPorts = 2> <OutPorts = 1>
ST_3 : Operation 31 [1/1] (0.00ns)   --->   "%br_ln325 = br i1 %icmp_ln325, void %VITIS_LOOP_327_4.split.i, void %Gamma.exit" [D:/FPGA/zybo/imx219/v2/pcam_hw/Zybo-Z7-HW.runs/system_v_gamma_lut_0_0_synth_1/prj/sol/.autopilot/db/v_gamma_lut.cpp:325->D:/FPGA/zybo/imx219/v2/pcam_hw/Zybo-Z7-HW.runs/system_v_gamma_lut_0_0_synth_1/prj/sol/.autopilot/db/v_gamma_lut.cpp:146]   --->   Operation 31 'br' 'br_ln325' <Predicate = true> <Delay = 0.00>
ST_3 : Operation 32 [2/2] (3.13ns)   --->   "%call_ln132 = call void @Gamma_Pipeline_VITIS_LOOP_327_4, i12 %empty_55, i30 %imgRgb, i10 %lut_1, i10 %lut_2, i10 %lut_0, i30 %imgGamma" [D:/FPGA/zybo/imx219/v2/pcam_hw/Zybo-Z7-HW.runs/system_v_gamma_lut_0_0_synth_1/prj/sol/.autopilot/db/v_gamma_lut.cpp:132]   --->   Operation 32 'call' 'call_ln132' <Predicate = (!icmp_ln325)> <Delay = 3.13> <CoreType = "Generic">   --->   Generic Core
ST_3 : Operation 33 [1/1] (1.58ns)   --->   "%store_ln303 = store i12 %y_2, i12 %y" [D:/FPGA/zybo/imx219/v2/pcam_hw/Zybo-Z7-HW.runs/system_v_gamma_lut_0_0_synth_1/prj/sol/.autopilot/db/v_gamma_lut.cpp:303->D:/FPGA/zybo/imx219/v2/pcam_hw/Zybo-Z7-HW.runs/system_v_gamma_lut_0_0_synth_1/prj/sol/.autopilot/db/v_gamma_lut.cpp:146]   --->   Operation 33 'store' 'store_ln303' <Predicate = (!icmp_ln325)> <Delay = 1.58>
ST_3 : Operation 34 [1/1] (0.00ns)   --->   "%ret_ln146 = ret" [D:/FPGA/zybo/imx219/v2/pcam_hw/Zybo-Z7-HW.runs/system_v_gamma_lut_0_0_synth_1/prj/sol/.autopilot/db/v_gamma_lut.cpp:146]   --->   Operation 34 'ret' 'ret_ln146' <Predicate = (icmp_ln325)> <Delay = 0.00>

State 4 <SV = 3> <Delay = 0.00>
ST_4 : Operation 35 [1/1] (0.00ns)   --->   "%specloopname_ln325 = specloopname void @_ssdm_op_SpecLoopName, void @empty_23" [D:/FPGA/zybo/imx219/v2/pcam_hw/Zybo-Z7-HW.runs/system_v_gamma_lut_0_0_synth_1/prj/sol/.autopilot/db/v_gamma_lut.cpp:325->D:/FPGA/zybo/imx219/v2/pcam_hw/Zybo-Z7-HW.runs/system_v_gamma_lut_0_0_synth_1/prj/sol/.autopilot/db/v_gamma_lut.cpp:146]   --->   Operation 35 'specloopname' 'specloopname_ln325' <Predicate = true> <Delay = 0.00>
ST_4 : Operation 36 [1/2] (0.00ns)   --->   "%call_ln132 = call void @Gamma_Pipeline_VITIS_LOOP_327_4, i12 %empty_55, i30 %imgRgb, i10 %lut_1, i10 %lut_2, i10 %lut_0, i30 %imgGamma" [D:/FPGA/zybo/imx219/v2/pcam_hw/Zybo-Z7-HW.runs/system_v_gamma_lut_0_0_synth_1/prj/sol/.autopilot/db/v_gamma_lut.cpp:132]   --->   Operation 36 'call' 'call_ln132' <Predicate = true> <Delay = 0.00> <CoreType = "Generic">   --->   Generic Core
ST_4 : Operation 37 [1/1] (0.00ns)   --->   "%br_ln325 = br void %VITIS_LOOP_327_4.i" [D:/FPGA/zybo/imx219/v2/pcam_hw/Zybo-Z7-HW.runs/system_v_gamma_lut_0_0_synth_1/prj/sol/.autopilot/db/v_gamma_lut.cpp:325->D:/FPGA/zybo/imx219/v2/pcam_hw/Zybo-Z7-HW.runs/system_v_gamma_lut_0_0_synth_1/prj/sol/.autopilot/db/v_gamma_lut.cpp:146]   --->   Operation 37 'br' 'br_ln325' <Predicate = true> <Delay = 0.00>


============================================================
+ Verbose Summary: Binding
============================================================
STG Binding: 
---------------- STG Properties BEGIN ----------------
- Is combinational: 0
- Is one-state seq: 0
- Is datapath-only: 0
- Is pipelined: 0
- Is top level: 0
Port [ Return ] is wired: 1; IO mode=ap_ctrl_hs:ce=0
Port [ imgRgb]:  wired=1; compound=1; hidden=0; nouse=0; global=0; static=0; extern=0; dir=0; type=3; pingpong=0; private_global=0; IO mode=ap_fifo:ce=0
Port [ imgGamma]:  wired=1; compound=1; hidden=0; nouse=0; global=0; static=0; extern=0; dir=1; type=3; pingpong=0; private_global=0; IO mode=ap_fifo:ce=0
Port [ width]:  wired=1; compound=0; hidden=0; nouse=0; global=0; static=0; extern=0; dir=0; type=0; pingpong=0; private_global=0; IO mode=ap_none:ce=0
Port [ height]:  wired=1; compound=0; hidden=0; nouse=0; global=0; static=0; extern=0; dir=0; type=0; pingpong=0; private_global=0; IO mode=ap_none:ce=0
Port [ gamma_lut_0]:  wired=1; compound=1; hidden=0; nouse=0; global=0; static=0; extern=0; dir=0; type=1; pingpong=0; private_global=0; MemPort=[1]; IO mode=ap_memory:ce=0
Port [ gamma_lut_1]:  wired=1; compound=1; hidden=0; nouse=0; global=0; static=0; extern=0; dir=0; type=1; pingpong=0; private_global=0; MemPort=[1]; IO mode=ap_memory:ce=0
Port [ gamma_lut_2]:  wired=1; compound=1; hidden=0; nouse=0; global=0; static=0; extern=0; dir=0; type=1; pingpong=0; private_global=0; MemPort=[1]; IO mode=ap_memory:ce=0
---------------- STG Properties END ------------------

---------------- Datapath Model BEGIN ----------------

<LifeTime>
<method=bitvector/>
y                     (alloca           ) [ 01111]
lut_0                 (alloca           ) [ 00111]
lut_1                 (alloca           ) [ 00111]
lut_2                 (alloca           ) [ 00111]
store_ln303           (store            ) [ 00000]
specstablecontent_ln0 (specstablecontent) [ 00000]
specstablecontent_ln0 (specstablecontent) [ 00000]
width_read            (read             ) [ 00000]
height_read           (read             ) [ 00000]
empty                 (trunc            ) [ 00011]
empty_55              (trunc            ) [ 00011]
specmemcore_ln0       (specmemcore      ) [ 00000]
specmemcore_ln0       (specmemcore      ) [ 00000]
specmemcore_ln0       (specmemcore      ) [ 00000]
specinterface_ln0     (specinterface    ) [ 00000]
specinterface_ln0     (specinterface    ) [ 00000]
specinterface_ln0     (specinterface    ) [ 00000]
specinterface_ln0     (specinterface    ) [ 00000]
specinterface_ln0     (specinterface    ) [ 00000]
call_ln0              (call             ) [ 00000]
br_ln325              (br               ) [ 00000]
y_1                   (load             ) [ 00000]
icmp_ln325            (icmp             ) [ 00011]
speclooptripcount_ln0 (speclooptripcount) [ 00000]
y_2                   (add              ) [ 00000]
br_ln325              (br               ) [ 00000]
store_ln303           (store            ) [ 00000]
ret_ln146             (ret              ) [ 00000]
specloopname_ln325    (specloopname     ) [ 00000]
call_ln132            (call             ) [ 00000]
br_ln325              (br               ) [ 00000]
</LifeTime>

<model>

<comp_list>
<comp id="0" class="1000" name="imgRgb">
<pin_list>
<pin id="1" dir="1" index="0" bw="1" slack="0"/>
</pin_list>
<bind>
<StgValue><ssdm name="imgRgb"/></StgValue>
</bind>
</comp>

<comp id="2" class="1000" name="imgGamma">
<pin_list>
<pin id="3" dir="1" index="0" bw="1" slack="0"/>
</pin_list>
<bind>
<StgValue><ssdm name="imgGamma"/></StgValue>
</bind>
</comp>

<comp id="4" class="1000" name="width">
<pin_list>
<pin id="5" dir="1" index="0" bw="1" slack="0"/>
</pin_list>
<bind>
<StgValue><ssdm name="width"/></StgValue>
</bind>
</comp>

<comp id="6" class="1000" name="height">
<pin_list>
<pin id="7" dir="1" index="0" bw="1" slack="0"/>
</pin_list>
<bind>
<StgValue><ssdm name="height"/></StgValue>
</bind>
</comp>

<comp id="8" class="1000" name="gamma_lut_0">
<pin_list>
<pin id="9" dir="1" index="0" bw="1" slack="0"/>
</pin_list>
<bind>
<StgValue><ssdm name="gamma_lut_0"/><MemPortTyVec>1 </MemPortTyVec>
</StgValue>
</bind>
</comp>

<comp id="10" class="1000" name="gamma_lut_1">
<pin_list>
<pin id="11" dir="1" index="0" bw="1" slack="0"/>
</pin_list>
<bind>
<StgValue><ssdm name="gamma_lut_1"/><MemPortTyVec>1 </MemPortTyVec>
</StgValue>
</bind>
</comp>

<comp id="12" class="1000" name="gamma_lut_2">
<pin_list>
<pin id="13" dir="1" index="0" bw="1" slack="0"/>
</pin_list>
<bind>
<StgValue><ssdm name="gamma_lut_2"/><MemPortTyVec>1 </MemPortTyVec>
</StgValue>
</bind>
</comp>

<comp id="14" class="1001" name="const_14">
<pin_list>
<pin id="15" dir="1" index="0" bw="1" slack="0"/>
</pin_list>
<bind>
<StgValue><ssdm name=""/></StgValue>
</bind>
</comp>

<comp id="16" class="1001" name="const_16">
<pin_list>
<pin id="17" dir="1" index="0" bw="1" slack="0"/>
</pin_list>
<bind>
<StgValue><ssdm name=""/></StgValue>
</bind>
</comp>

<comp id="18" class="1001" name="const_18">
<pin_list>
<pin id="19" dir="1" index="0" bw="1" slack="0"/>
</pin_list>
<bind>
<StgValue><ssdm name="Gamma_Pipeline_VITIS_LOOP_315_1"/></StgValue>
</bind>
</comp>

<comp id="20" class="1001" name="const_20">
<pin_list>
<pin id="21" dir="1" index="0" bw="1" slack="0"/>
</pin_list>
<bind>
<StgValue><ssdm name=""/></StgValue>
</bind>
</comp>

<comp id="22" class="1001" name="const_22">
<pin_list>
<pin id="23" dir="1" index="0" bw="1" slack="2147483647"/>
</pin_list>
<bind>
<StgValue><ssdm name="_ssdm_op_SpecStableContent"/></StgValue>
</bind>
</comp>

<comp id="24" class="1001" name="const_24">
<pin_list>
<pin id="25" dir="1" index="0" bw="1" slack="2147483647"/>
</pin_list>
<bind>
<StgValue><ssdm name=""/></StgValue>
</bind>
</comp>

<comp id="26" class="1001" name="const_26">
<pin_list>
<pin id="27" dir="1" index="0" bw="1" slack="0"/>
</pin_list>
<bind>
<StgValue><ssdm name="_ssdm_op_Read.ap_auto.i16P0A"/></StgValue>
</bind>
</comp>

<comp id="28" class="1001" name="const_28">
<pin_list>
<pin id="29" dir="1" index="0" bw="1" slack="2147483647"/>
</pin_list>
<bind>
<StgValue><ssdm name="_ssdm_op_SpecMemCore"/></StgValue>
</bind>
</comp>

<comp id="30" class="1001" name="const_30">
<pin_list>
<pin id="31" dir="1" index="0" bw="1" slack="2147483647"/>
</pin_list>
<bind>
<StgValue><ssdm name=""/></StgValue>
</bind>
</comp>

<comp id="32" class="1001" name="const_32">
<pin_list>
<pin id="33" dir="1" index="0" bw="1" slack="2147483647"/>
</pin_list>
<bind>
<StgValue><ssdm name=""/></StgValue>
</bind>
</comp>

<comp id="34" class="1001" name="const_34">
<pin_list>
<pin id="35" dir="1" index="0" bw="1" slack="2147483647"/>
</pin_list>
<bind>
<StgValue><ssdm name="_ssdm_op_SpecInterface"/></StgValue>
</bind>
</comp>

<comp id="36" class="1001" name="const_36">
<pin_list>
<pin id="37" dir="1" index="0" bw="1" slack="2147483647"/>
</pin_list>
<bind>
<StgValue><ssdm name="empty_12"/></StgValue>
</bind>
</comp>

<comp id="38" class="1001" name="const_38">
<pin_list>
<pin id="39" dir="1" index="0" bw="1" slack="2147483647"/>
</pin_list>
<bind>
<StgValue><ssdm name=""/></StgValue>
</bind>
</comp>

<comp id="40" class="1001" name="const_40">
<pin_list>
<pin id="41" dir="1" index="0" bw="1" slack="2147483647"/>
</pin_list>
<bind>
<StgValue><ssdm name="empty_3"/></StgValue>
</bind>
</comp>

<comp id="42" class="1001" name="const_42">
<pin_list>
<pin id="43" dir="1" index="0" bw="1" slack="2147483647"/>
</pin_list>
<bind>
<StgValue><ssdm name=""/></StgValue>
</bind>
</comp>

<comp id="44" class="1001" name="const_44">
<pin_list>
<pin id="45" dir="1" index="0" bw="1" slack="2147483647"/>
</pin_list>
<bind>
<StgValue><ssdm name="empty_8"/></StgValue>
</bind>
</comp>

<comp id="46" class="1001" name="const_46">
<pin_list>
<pin id="47" dir="1" index="0" bw="1" slack="2147483647"/>
</pin_list>
<bind>
<StgValue><ssdm name="_ssdm_op_SpecLoopTripCount"/></StgValue>
</bind>
</comp>

<comp id="48" class="1001" name="const_48">
<pin_list>
<pin id="49" dir="1" index="0" bw="1" slack="2147483647"/>
</pin_list>
<bind>
<StgValue><ssdm name=""/></StgValue>
</bind>
</comp>

<comp id="50" class="1001" name="const_50">
<pin_list>
<pin id="51" dir="1" index="0" bw="1" slack="2147483647"/>
</pin_list>
<bind>
<StgValue><ssdm name=""/></StgValue>
</bind>
</comp>

<comp id="52" class="1001" name="const_52">
<pin_list>
<pin id="53" dir="1" index="0" bw="1" slack="2147483647"/>
</pin_list>
<bind>
<StgValue><ssdm name=""/></StgValue>
</bind>
</comp>

<comp id="54" class="1001" name="const_54">
<pin_list>
<pin id="55" dir="1" index="0" bw="1" slack="0"/>
</pin_list>
<bind>
<StgValue><ssdm name=""/></StgValue>
</bind>
</comp>

<comp id="56" class="1001" name="const_56">
<pin_list>
<pin id="57" dir="1" index="0" bw="1" slack="0"/>
</pin_list>
<bind>
<StgValue><ssdm name="Gamma_Pipeline_VITIS_LOOP_327_4"/></StgValue>
</bind>
</comp>

<comp id="58" class="1001" name="const_58">
<pin_list>
<pin id="59" dir="1" index="0" bw="1" slack="2147483647"/>
</pin_list>
<bind>
<StgValue><ssdm name="_ssdm_op_SpecLoopName"/></StgValue>
</bind>
</comp>

<comp id="60" class="1001" name="const_60">
<pin_list>
<pin id="61" dir="1" index="0" bw="1" slack="2147483647"/>
</pin_list>
<bind>
<StgValue><ssdm name="empty_23"/></StgValue>
</bind>
</comp>

<comp id="62" class="1004" name="y_fu_62">
<pin_list>
<pin id="63" dir="0" index="0" bw="1" slack="0"/>
<pin id="64" dir="1" index="1" bw="12" slack="0"/>
</pin_list>
<bind>
<opcode="alloca(26) " fcode="alloca"/>
<opset="y/1 "/>
</bind>
</comp>

<comp id="66" class="1004" name="lut_0_alloca_fu_66">
<pin_list>
<pin id="67" dir="0" index="0" bw="1" slack="0"/>
<pin id="68" dir="1" index="1" bw="10" slack="0"/>
</pin_list>
<bind>
<opcode="alloca(26) " fcode="alloca"/>
<opset="lut_0/1 "/>
</bind>
</comp>

<comp id="70" class="1004" name="lut_1_alloca_fu_70">
<pin_list>
<pin id="71" dir="0" index="0" bw="1" slack="0"/>
<pin id="72" dir="1" index="1" bw="10" slack="0"/>
</pin_list>
<bind>
<opcode="alloca(26) " fcode="alloca"/>
<opset="lut_1/1 "/>
</bind>
</comp>

<comp id="74" class="1004" name="lut_2_alloca_fu_74">
<pin_list>
<pin id="75" dir="0" index="0" bw="1" slack="0"/>
<pin id="76" dir="1" index="1" bw="10" slack="0"/>
</pin_list>
<bind>
<opcode="alloca(26) " fcode="alloca"/>
<opset="lut_2/1 "/>
</bind>
</comp>

<comp id="78" class="1004" name="width_read_read_fu_78">
<pin_list>
<pin id="79" dir="0" index="0" bw="16" slack="0"/>
<pin id="80" dir="0" index="1" bw="16" slack="0"/>
<pin id="81" dir="1" index="2" bw="16" slack="0"/>
</pin_list>
<bind>
<opcode="read(1150) " fcode="read"/>
<opset="width_read/2 "/>
</bind>
</comp>

<comp id="84" class="1004" name="height_read_read_fu_84">
<pin_list>
<pin id="85" dir="0" index="0" bw="16" slack="0"/>
<pin id="86" dir="0" index="1" bw="16" slack="0"/>
<pin id="87" dir="1" index="2" bw="16" slack="0"/>
</pin_list>
<bind>
<opcode="read(1150) " fcode="read"/>
<opset="height_read/2 "/>
</bind>
</comp>

<comp id="90" class="1004" name="grp_Gamma_Pipeline_VITIS_LOOP_315_1_fu_90">
<pin_list>
<pin id="91" dir="0" index="0" bw="0" slack="0"/>
<pin id="92" dir="0" index="1" bw="10" slack="0"/>
<pin id="93" dir="0" index="2" bw="10" slack="0"/>
<pin id="94" dir="0" index="3" bw="10" slack="0"/>
<pin id="95" dir="0" index="4" bw="16" slack="0"/>
<pin id="96" dir="0" index="5" bw="16" slack="0"/>
<pin id="97" dir="0" index="6" bw="16" slack="0"/>
<pin id="98" dir="1" index="7" bw="0" slack="2147483647"/>
</pin_list>
<bind>
<opcode="call(48) " fcode="call"/>
<opset="call_ln0/1 "/>
</bind>
</comp>

<comp id="106" class="1004" name="grp_Gamma_Pipeline_VITIS_LOOP_327_4_fu_106">
<pin_list>
<pin id="107" dir="0" index="0" bw="0" slack="0"/>
<pin id="108" dir="0" index="1" bw="12" slack="1"/>
<pin id="109" dir="0" index="2" bw="30" slack="0"/>
<pin id="110" dir="0" index="3" bw="10" slack="2147483647"/>
<pin id="111" dir="0" index="4" bw="10" slack="2147483647"/>
<pin id="112" dir="0" index="5" bw="10" slack="2147483647"/>
<pin id="113" dir="0" index="6" bw="30" slack="0"/>
<pin id="114" dir="1" index="7" bw="0" slack="2147483647"/>
</pin_list>
<bind>
<opcode="call(48) " fcode="call"/>
<opset="call_ln132/3 "/>
</bind>
</comp>

<comp id="118" class="1004" name="store_ln303_store_fu_118">
<pin_list>
<pin id="119" dir="0" index="0" bw="1" slack="0"/>
<pin id="120" dir="0" index="1" bw="12" slack="0"/>
<pin id="121" dir="1" index="2" bw="0" slack="2147483647"/>
</pin_list>
<bind>
<opcode="store(28) " fcode="store"/>
<opset="store_ln303/1 "/>
</bind>
</comp>

<comp id="123" class="1004" name="empty_fu_123">
<pin_list>
<pin id="124" dir="0" index="0" bw="16" slack="0"/>
<pin id="125" dir="1" index="1" bw="12" slack="1"/>
</pin_list>
<bind>
<opcode="trunc(33) " fcode="trunc"/>
<opset="empty/2 "/>
</bind>
</comp>

<comp id="127" class="1004" name="empty_55_fu_127">
<pin_list>
<pin id="128" dir="0" index="0" bw="16" slack="0"/>
<pin id="129" dir="1" index="1" bw="12" slack="1"/>
</pin_list>
<bind>
<opcode="trunc(33) " fcode="trunc"/>
<opset="empty_55/2 "/>
</bind>
</comp>

<comp id="131" class="1004" name="y_1_load_fu_131">
<pin_list>
<pin id="132" dir="0" index="0" bw="12" slack="2"/>
<pin id="133" dir="1" index="1" bw="12" slack="0"/>
</pin_list>
<bind>
<opcode="load(27) " fcode="load"/>
<opset="y_1/3 "/>
</bind>
</comp>

<comp id="134" class="1004" name="icmp_ln325_fu_134">
<pin_list>
<pin id="135" dir="0" index="0" bw="12" slack="0"/>
<pin id="136" dir="0" index="1" bw="12" slack="1"/>
<pin id="137" dir="1" index="2" bw="1" slack="2147483647"/>
</pin_list>
<bind>
<opcode="icmp(45) " fcode="icmp"/>
<opset="icmp_ln325/3 "/>
</bind>
</comp>

<comp id="139" class="1004" name="y_2_fu_139">
<pin_list>
<pin id="140" dir="0" index="0" bw="12" slack="0"/>
<pin id="141" dir="0" index="1" bw="1" slack="0"/>
<pin id="142" dir="1" index="2" bw="12" slack="0"/>
</pin_list>
<bind>
<opcode="add(8) " fcode="add"/>
<opset="y_2/3 "/>
</bind>
</comp>

<comp id="145" class="1004" name="store_ln303_store_fu_145">
<pin_list>
<pin id="146" dir="0" index="0" bw="12" slack="0"/>
<pin id="147" dir="0" index="1" bw="12" slack="2"/>
<pin id="148" dir="1" index="2" bw="0" slack="2147483647"/>
</pin_list>
<bind>
<opcode="store(28) " fcode="store"/>
<opset="store_ln303/3 "/>
</bind>
</comp>

<comp id="150" class="1005" name="y_reg_150">
<pin_list>
<pin id="151" dir="0" index="0" bw="12" slack="0"/>
<pin id="152" dir="1" index="1" bw="12" slack="0"/>
</pin_list>
<bind>
<opset="y "/>
</bind>
</comp>

<comp id="157" class="1005" name="empty_reg_157">
<pin_list>
<pin id="158" dir="0" index="0" bw="12" slack="1"/>
<pin id="159" dir="1" index="1" bw="12" slack="1"/>
</pin_list>
<bind>
<opset="empty "/>
</bind>
</comp>

<comp id="162" class="1005" name="empty_55_reg_162">
<pin_list>
<pin id="163" dir="0" index="0" bw="12" slack="1"/>
<pin id="164" dir="1" index="1" bw="12" slack="1"/>
</pin_list>
<bind>
<opset="empty_55 "/>
</bind>
</comp>

</comp_list>

<net_list>
<net id="65"><net_src comp="14" pin="0"/><net_sink comp="62" pin=0"/></net>

<net id="69"><net_src comp="16" pin="0"/><net_sink comp="66" pin=0"/></net>

<net id="73"><net_src comp="16" pin="0"/><net_sink comp="70" pin=0"/></net>

<net id="77"><net_src comp="16" pin="0"/><net_sink comp="74" pin=0"/></net>

<net id="82"><net_src comp="26" pin="0"/><net_sink comp="78" pin=0"/></net>

<net id="83"><net_src comp="4" pin="0"/><net_sink comp="78" pin=1"/></net>

<net id="88"><net_src comp="26" pin="0"/><net_sink comp="84" pin=0"/></net>

<net id="89"><net_src comp="6" pin="0"/><net_sink comp="84" pin=1"/></net>

<net id="99"><net_src comp="18" pin="0"/><net_sink comp="90" pin=0"/></net>

<net id="100"><net_src comp="74" pin="1"/><net_sink comp="90" pin=1"/></net>

<net id="101"><net_src comp="70" pin="1"/><net_sink comp="90" pin=2"/></net>

<net id="102"><net_src comp="66" pin="1"/><net_sink comp="90" pin=3"/></net>

<net id="103"><net_src comp="8" pin="0"/><net_sink comp="90" pin=4"/></net>

<net id="104"><net_src comp="10" pin="0"/><net_sink comp="90" pin=5"/></net>

<net id="105"><net_src comp="12" pin="0"/><net_sink comp="90" pin=6"/></net>

<net id="115"><net_src comp="56" pin="0"/><net_sink comp="106" pin=0"/></net>

<net id="116"><net_src comp="0" pin="0"/><net_sink comp="106" pin=2"/></net>

<net id="117"><net_src comp="2" pin="0"/><net_sink comp="106" pin=6"/></net>

<net id="122"><net_src comp="20" pin="0"/><net_sink comp="118" pin=0"/></net>

<net id="126"><net_src comp="84" pin="2"/><net_sink comp="123" pin=0"/></net>

<net id="130"><net_src comp="78" pin="2"/><net_sink comp="127" pin=0"/></net>

<net id="138"><net_src comp="131" pin="1"/><net_sink comp="134" pin=0"/></net>

<net id="143"><net_src comp="131" pin="1"/><net_sink comp="139" pin=0"/></net>

<net id="144"><net_src comp="54" pin="0"/><net_sink comp="139" pin=1"/></net>

<net id="149"><net_src comp="139" pin="2"/><net_sink comp="145" pin=0"/></net>

<net id="153"><net_src comp="62" pin="1"/><net_sink comp="150" pin=0"/></net>

<net id="154"><net_src comp="150" pin="1"/><net_sink comp="118" pin=1"/></net>

<net id="155"><net_src comp="150" pin="1"/><net_sink comp="131" pin=0"/></net>

<net id="156"><net_src comp="150" pin="1"/><net_sink comp="145" pin=1"/></net>

<net id="160"><net_src comp="123" pin="1"/><net_sink comp="157" pin=0"/></net>

<net id="161"><net_src comp="157" pin="1"/><net_sink comp="134" pin=1"/></net>

<net id="165"><net_src comp="127" pin="1"/><net_sink comp="162" pin=0"/></net>

<net id="166"><net_src comp="162" pin="1"/><net_sink comp="106" pin=1"/></net>

</net_list>

</model> 
---------------- Datapath Model END ------------------

* FSMD analyzer results:
  - Output states:
	Port: imgGamma | {3 4 }
 - Input state : 
	Port: Gamma : imgRgb | {3 4 }
	Port: Gamma : width | {2 }
	Port: Gamma : height | {2 }
	Port: Gamma : gamma_lut_0 | {1 2 }
	Port: Gamma : gamma_lut_1 | {1 2 }
	Port: Gamma : gamma_lut_2 | {1 2 }
  - Chain level:
	State 1
		call_ln0 : 1
		store_ln303 : 1
	State 2
	State 3
		icmp_ln325 : 1
		y_2 : 1
		br_ln325 : 2
		store_ln303 : 2
	State 4


============================================================
+ Verbose Summary: Datapath Resource usage 
============================================================

* Functional unit list:
|----------|--------------------------------------------|---------|---------|---------|
| Operation|               Functional Unit              |  Delay  |    FF   |   LUT   |
|----------|--------------------------------------------|---------|---------|---------|
|   call   |  grp_Gamma_Pipeline_VITIS_LOOP_315_1_fu_90 |  4.764  |   136   |    51   |
|          | grp_Gamma_Pipeline_VITIS_LOOP_327_4_fu_106 |  4.764  |   103   |    51   |
|----------|--------------------------------------------|---------|---------|---------|
|   icmp   |              icmp_ln325_fu_134             |    0    |    0    |    12   |
|----------|--------------------------------------------|---------|---------|---------|
|    add   |                 y_2_fu_139                 |    0    |    0    |    12   |
|----------|--------------------------------------------|---------|---------|---------|
|   read   |            width_read_read_fu_78           |    0    |    0    |    0    |
|          |           height_read_read_fu_84           |    0    |    0    |    0    |
|----------|--------------------------------------------|---------|---------|---------|
|   trunc  |                empty_fu_123                |    0    |    0    |    0    |
|          |               empty_55_fu_127              |    0    |    0    |    0    |
|----------|--------------------------------------------|---------|---------|---------|
|   Total  |                                            |  9.528  |   239   |   126   |
|----------|--------------------------------------------|---------|---------|---------|

Memories:
+-----+--------+--------+--------+--------+
|     |  BRAM  |   FF   |   LUT  |  URAM  |
+-----+--------+--------+--------+--------+
|lut_0|    1   |    0   |    0   |    0   |
|lut_1|    1   |    0   |    0   |    0   |
|lut_2|    1   |    0   |    0   |    0   |
+-----+--------+--------+--------+--------+
|Total|    3   |    0   |    0   |    0   |
+-----+--------+--------+--------+--------+

* Register list:
+----------------+--------+
|                |   FF   |
+----------------+--------+
|empty_55_reg_162|   12   |
|  empty_reg_157 |   12   |
|    y_reg_150   |   12   |
+----------------+--------+
|      Total     |   36   |
+----------------+--------+

* Multiplexer (MUX) list: 
|--------|------|------|------|--------|
|  Comp  |  Pin | Size |  BW  | S x BW |
|--------|------|------|------|--------|
|  Total |      |      |      |    0   |
|--------|------|------|------|--------|



* Summary:
+-----------+--------+--------+--------+--------+--------+
|           |  BRAM  |  Delay |   FF   |   LUT  |  URAM  |
+-----------+--------+--------+--------+--------+--------+
|  Function |    -   |    9   |   239  |   126  |    -   |
|   Memory  |    3   |    -   |    0   |    0   |    0   |
|Multiplexer|    -   |    -   |    -   |    -   |    -   |
|  Register |    -   |    -   |   36   |    -   |    -   |
+-----------+--------+--------+--------+--------+--------+
|   Total   |    3   |    9   |   275  |   126  |    0   |
+-----------+--------+--------+--------+--------+--------+
