

================================================================
== Vitis HLS Report for 'MultiPixStream2AXIvideo'
================================================================
* Date:           Sun Nov  9 12:09:35 2025

* Version:        2024.2 (Build 5238294 on Nov  8 2024)
* Project:        prj
* Solution:       sol (Vivado IP Flow Target)
* Product family: zynq
* Target device:  xc7z010-clg400-1


================================================================
== Performance Estimates
================================================================
+ Timing: 
    * Summary: 
    +--------+---------+----------+------------+
    |  Clock |  Target | Estimated| Uncertainty|
    +--------+---------+----------+------------+
    |ap_clk  |  6.67 ns|  4.723 ns|     1.80 ns|
    +--------+---------+----------+------------+

+ Latency: 
    * Summary: 
    +---------+---------+-----------+-----------+------+---------+---------+
    |  Latency (cycles) |   Latency (absolute)  |    Interval    | Pipeline|
    |   min   |   max   |    min    |    max    |  min |   max   |   Type  |
    +---------+---------+-----------+-----------+------+---------+---------+
    |     4482|  8307362|  29.881 us|  55.385 ms|  4482|  8307362|       no|
    +---------+---------+-----------+-----------+------+---------+---------+

    + Detail: 
        * Instance: 
        +--------------------------------------------------------------+---------------------------------------------------+---------+---------+----------+-----------+-----+------+------------------------------------------------+
        |                                                              |                                                   |  Latency (cycles) |  Latency (absolute)  |  Interval  |                    Pipeline                    |
        |                           Instance                           |                       Module                      |   min   |   max   |    min   |    max    | min |  max |                      Type                      |
        +--------------------------------------------------------------+---------------------------------------------------+---------+---------+----------+-----------+-----+------+------------------------------------------------+
        |grp_MultiPixStream2AXIvideo_Pipeline_VITIS_LOOP_258_2_fu_100  |MultiPixStream2AXIvideo_Pipeline_VITIS_LOOP_258_2  |       67|     3843|  0.447 us|  25.621 us|   65|  3841|  loop auto-rewind stp (delay=0 clock cycles(s))|
        +--------------------------------------------------------------+---------------------------------------------------+---------+---------+----------+-----------+-----+------+------------------------------------------------+

        * Loop: 
        +--------------------+---------+---------+-----------+-----------+-----------+-----------+----------+
        |                    |  Latency (cycles) | Iteration |  Initiation Interval  |    Trip   |          |
        |      Loop Name     |   min   |   max   |  Latency  |  achieved |   target  |   Count   | Pipelined|
        +--------------------+---------+---------+-----------+-----------+-----------+-----------+----------+
        |- VITIS_LOOP_256_1  |     4480|  8307360|  70 ~ 3846|          -|          -|  64 ~ 2160|        no|
        +--------------------+---------+---------+-----------+-----------+-----------+-----------+----------+

============================================================
+ Verbose Summary: Synthesis Manager
============================================================
InlineROM: 1
ExposeGlobal: 0
============================================================
+ Verbose Summary: CDFG Model
============================================================
IsTopModel: 0
ResetActiveHigh: 1
IsCombinational: 2
IsDatapathOnly: 0
HasWiredReturn: 1
HasMFsm: 0
HasVarLatency: 1
IsPipeline: 0
IsRtlPipelined: 0
IsInstanceOverlapped: 0
IsDontTouch: 0
HasImplIP: 0
IsGatedGlobalClock: 0


============================================================
+ Verbose Summary: Schedule
============================================================
* Number of FSM states : 5
* Pipeline : 0
* Dataflow Pipeline: 0

* FSM state transitions: 
1 --> 2 
2 --> 3 5 
3 --> 4 
4 --> 2 
5 --> 

* FSM state operations: 

State 1 <SV = 0> <Delay = 1.58>
ST_1 : Operation 6 [1/1] (0.00ns)   --->   "%i = alloca i32 1" [D:/FPGA/zybo/imx219/v2/pcam_hw/Zybo-Z7-HW.runs/system_v_gamma_lut_0_0_synth_1/prj/sol/.autopilot/db/v_gamma_lut.cpp:256->D:/FPGA/zybo/imx219/v2/pcam_hw/Zybo-Z7-HW.runs/system_v_gamma_lut_0_0_synth_1/prj/sol/.autopilot/db/v_gamma_lut.cpp:148]   --->   Operation 6 'alloca' 'i' <Predicate = true> <Delay = 0.00>
ST_1 : Operation 7 [1/1] (0.00ns)   --->   "%specstablecontent_ln0 = specstablecontent void @_ssdm_op_SpecStableContent, i16 %height, void "   --->   Operation 7 'specstablecontent' 'specstablecontent_ln0' <Predicate = true> <Delay = 0.00>
ST_1 : Operation 8 [1/1] (0.00ns)   --->   "%specstablecontent_ln0 = specstablecontent void @_ssdm_op_SpecStableContent, i16 %width, void "   --->   Operation 8 'specstablecontent' 'specstablecontent_ln0' <Predicate = true> <Delay = 0.00>
ST_1 : Operation 9 [1/1] (0.00ns)   --->   "%rows = read i16 @_ssdm_op_Read.ap_auto.i16P0A, i16 %height" [D:/FPGA/zybo/imx219/v2/pcam_hw/Zybo-Z7-HW.runs/system_v_gamma_lut_0_0_synth_1/prj/sol/.autopilot/db/v_gamma_lut.cpp:132]   --->   Operation 9 'read' 'rows' <Predicate = true> <Delay = 0.00>
ST_1 : Operation 10 [1/1] (0.00ns)   --->   "%cols = read i16 @_ssdm_op_Read.ap_auto.i16P0A, i16 %width" [D:/FPGA/zybo/imx219/v2/pcam_hw/Zybo-Z7-HW.runs/system_v_gamma_lut_0_0_synth_1/prj/sol/.autopilot/db/v_gamma_lut.cpp:132]   --->   Operation 10 'read' 'cols' <Predicate = true> <Delay = 0.00>
ST_1 : Operation 11 [1/1] (0.00ns)   --->   "%empty = trunc i16 %cols" [D:/FPGA/zybo/imx219/v2/pcam_hw/Zybo-Z7-HW.runs/system_v_gamma_lut_0_0_synth_1/prj/sol/.autopilot/db/v_gamma_lut.cpp:132]   --->   Operation 11 'trunc' 'empty' <Predicate = true> <Delay = 0.00>
ST_1 : Operation 12 [1/1] (0.00ns)   --->   "%empty_52 = trunc i16 %rows" [D:/FPGA/zybo/imx219/v2/pcam_hw/Zybo-Z7-HW.runs/system_v_gamma_lut_0_0_synth_1/prj/sol/.autopilot/db/v_gamma_lut.cpp:132]   --->   Operation 12 'trunc' 'empty_52' <Predicate = true> <Delay = 0.00>
ST_1 : Operation 13 [1/1] (0.00ns)   --->   "%specaxissidechannel_ln0 = specaxissidechannel void @_ssdm_op_SpecAXISSideChannel, i32 %m_axis_video_V_data_V, i4 %m_axis_video_V_keep_V, i4 %m_axis_video_V_strb_V, i1 %m_axis_video_V_user_V, i1 %m_axis_video_V_last_V, i1 %m_axis_video_V_id_V, i1 %m_axis_video_V_dest_V, void @empty_13"   --->   Operation 13 'specaxissidechannel' 'specaxissidechannel_ln0' <Predicate = true> <Delay = 0.00>
ST_1 : Operation 14 [1/1] (0.00ns)   --->   "%specinterface_ln0 = specinterface void @_ssdm_op_SpecInterface, i30 %imgGamma, void @empty_12, i32 0, i32 0, void @empty_3, i32 0, i32 0, void @empty_3, void @empty_3, void @empty_3, i32 0, i32 0, i32 0, i32 0, void @empty_3, void @empty_3, i32 4294967295, i32 0, i32 0"   --->   Operation 14 'specinterface' 'specinterface_ln0' <Predicate = true> <Delay = 0.00>
ST_1 : Operation 15 [1/1] (0.00ns)   --->   "%specinterface_ln0 = specinterface void @_ssdm_op_SpecInterface, i1 %m_axis_video_V_dest_V, i1 %m_axis_video_V_id_V, i1 %m_axis_video_V_last_V, i1 %m_axis_video_V_user_V, i4 %m_axis_video_V_strb_V, i4 %m_axis_video_V_keep_V, i32 %m_axis_video_V_data_V, void @empty_11, i32 1, i32 1, void @empty_0, i32 0, i32 0, void @empty_3, void @empty_3, void @empty_3, i32 0, i32 0, i32 0, i32 0, void @empty_3, void @empty_3, i32 4294967295, i32 0, i32 0"   --->   Operation 15 'specinterface' 'specinterface_ln0' <Predicate = true> <Delay = 0.00>
ST_1 : Operation 16 [1/1] (1.54ns)   --->   "%sub_i_i_i = add i12 %empty, i12 4095" [D:/FPGA/zybo/imx219/v2/pcam_hw/Zybo-Z7-HW.runs/system_v_gamma_lut_0_0_synth_1/prj/sol/.autopilot/db/v_gamma_lut.cpp:132]   --->   Operation 16 'add' 'sub_i_i_i' <Predicate = true> <Delay = 1.54> <CoreInst = "Adder">   --->   Core 1 'Adder' <Latency = 0> <II = 1> <Delay = 1.54> <FuncUnit> <Opcode : 'add' 'sub'> <InPorts = 2> <OutPorts = 1>
ST_1 : Operation 17 [1/1] (1.58ns)   --->   "%store_ln256 = store i12 0, i12 %i" [D:/FPGA/zybo/imx219/v2/pcam_hw/Zybo-Z7-HW.runs/system_v_gamma_lut_0_0_synth_1/prj/sol/.autopilot/db/v_gamma_lut.cpp:256->D:/FPGA/zybo/imx219/v2/pcam_hw/Zybo-Z7-HW.runs/system_v_gamma_lut_0_0_synth_1/prj/sol/.autopilot/db/v_gamma_lut.cpp:148]   --->   Operation 17 'store' 'store_ln256' <Predicate = true> <Delay = 1.58>
ST_1 : Operation 18 [1/1] (1.58ns)   --->   "%br_ln256 = br void %VITIS_LOOP_258_2.i" [D:/FPGA/zybo/imx219/v2/pcam_hw/Zybo-Z7-HW.runs/system_v_gamma_lut_0_0_synth_1/prj/sol/.autopilot/db/v_gamma_lut.cpp:256->D:/FPGA/zybo/imx219/v2/pcam_hw/Zybo-Z7-HW.runs/system_v_gamma_lut_0_0_synth_1/prj/sol/.autopilot/db/v_gamma_lut.cpp:148]   --->   Operation 18 'br' 'br_ln256' <Predicate = true> <Delay = 1.58>

State 2 <SV = 1> <Delay = 4.68>
ST_2 : Operation 19 [1/1] (0.00ns)   --->   "%sof = phi i1 1, void %entry, i1 0, void %VITIS_LOOP_258_2.split.i"   --->   Operation 19 'phi' 'sof' <Predicate = true> <Delay = 0.00>
ST_2 : Operation 20 [1/1] (0.00ns)   --->   "%i_1 = load i12 %i" [D:/FPGA/zybo/imx219/v2/pcam_hw/Zybo-Z7-HW.runs/system_v_gamma_lut_0_0_synth_1/prj/sol/.autopilot/db/v_gamma_lut.cpp:256->D:/FPGA/zybo/imx219/v2/pcam_hw/Zybo-Z7-HW.runs/system_v_gamma_lut_0_0_synth_1/prj/sol/.autopilot/db/v_gamma_lut.cpp:148]   --->   Operation 20 'load' 'i_1' <Predicate = true> <Delay = 0.00>
ST_2 : Operation 21 [1/1] (1.54ns)   --->   "%icmp_ln256 = icmp_eq  i12 %i_1, i12 %empty_52" [D:/FPGA/zybo/imx219/v2/pcam_hw/Zybo-Z7-HW.runs/system_v_gamma_lut_0_0_synth_1/prj/sol/.autopilot/db/v_gamma_lut.cpp:256->D:/FPGA/zybo/imx219/v2/pcam_hw/Zybo-Z7-HW.runs/system_v_gamma_lut_0_0_synth_1/prj/sol/.autopilot/db/v_gamma_lut.cpp:148]   --->   Operation 21 'icmp' 'icmp_ln256' <Predicate = true> <Delay = 1.54> <CoreInst = "Cmp">   --->   Core 9 'Cmp' <Latency = 0> <II = 1> <Delay = 1.54> <FuncUnit> <Opcode : 'seteq' 'setne' 'setle' 'setge' 'setlt' 'setgt'> <InPorts = 2> <OutPorts = 1>
ST_2 : Operation 22 [1/1] (0.00ns)   --->   "%speclooptripcount_ln0 = speclooptripcount void @_ssdm_op_SpecLoopTripCount, i64 64, i64 2160, i64 0"   --->   Operation 22 'speclooptripcount' 'speclooptripcount_ln0' <Predicate = true> <Delay = 0.00>
ST_2 : Operation 23 [1/1] (1.54ns)   --->   "%i_2 = add i12 %i_1, i12 1" [D:/FPGA/zybo/imx219/v2/pcam_hw/Zybo-Z7-HW.runs/system_v_gamma_lut_0_0_synth_1/prj/sol/.autopilot/db/v_gamma_lut.cpp:256->D:/FPGA/zybo/imx219/v2/pcam_hw/Zybo-Z7-HW.runs/system_v_gamma_lut_0_0_synth_1/prj/sol/.autopilot/db/v_gamma_lut.cpp:148]   --->   Operation 23 'add' 'i_2' <Predicate = true> <Delay = 1.54> <CoreInst = "Adder">   --->   Core 1 'Adder' <Latency = 0> <II = 1> <Delay = 1.54> <FuncUnit> <Opcode : 'add' 'sub'> <InPorts = 2> <OutPorts = 1>
ST_2 : Operation 24 [1/1] (0.00ns)   --->   "%br_ln256 = br i1 %icmp_ln256, void %VITIS_LOOP_258_2.split.i, void %MultiPixStream2AXIvideo.exit" [D:/FPGA/zybo/imx219/v2/pcam_hw/Zybo-Z7-HW.runs/system_v_gamma_lut_0_0_synth_1/prj/sol/.autopilot/db/v_gamma_lut.cpp:256->D:/FPGA/zybo/imx219/v2/pcam_hw/Zybo-Z7-HW.runs/system_v_gamma_lut_0_0_synth_1/prj/sol/.autopilot/db/v_gamma_lut.cpp:148]   --->   Operation 24 'br' 'br_ln256' <Predicate = true> <Delay = 0.00>
ST_2 : Operation 25 [2/2] (3.13ns)   --->   "%call_ln132 = call void @MultiPixStream2AXIvideo_Pipeline_VITIS_LOOP_258_2, i1 %sof, i12 %empty, i12 %sub_i_i_i, i30 %imgGamma, i32 %m_axis_video_V_data_V, i4 %m_axis_video_V_keep_V, i4 %m_axis_video_V_strb_V, i1 %m_axis_video_V_user_V, i1 %m_axis_video_V_last_V, i1 %m_axis_video_V_id_V, i1 %m_axis_video_V_dest_V" [D:/FPGA/zybo/imx219/v2/pcam_hw/Zybo-Z7-HW.runs/system_v_gamma_lut_0_0_synth_1/prj/sol/.autopilot/db/v_gamma_lut.cpp:132]   --->   Operation 25 'call' 'call_ln132' <Predicate = (!icmp_ln256)> <Delay = 3.13> <CoreType = "Generic">   --->   Generic Core

State 3 <SV = 2> <Delay = 3.72>
ST_3 : Operation 26 [1/2] (3.72ns)   --->   "%call_ln132 = call void @MultiPixStream2AXIvideo_Pipeline_VITIS_LOOP_258_2, i1 %sof, i12 %empty, i12 %sub_i_i_i, i30 %imgGamma, i32 %m_axis_video_V_data_V, i4 %m_axis_video_V_keep_V, i4 %m_axis_video_V_strb_V, i1 %m_axis_video_V_user_V, i1 %m_axis_video_V_last_V, i1 %m_axis_video_V_id_V, i1 %m_axis_video_V_dest_V" [D:/FPGA/zybo/imx219/v2/pcam_hw/Zybo-Z7-HW.runs/system_v_gamma_lut_0_0_synth_1/prj/sol/.autopilot/db/v_gamma_lut.cpp:132]   --->   Operation 26 'call' 'call_ln132' <Predicate = true> <Delay = 3.72> <CoreType = "Generic">   --->   Generic Core

State 4 <SV = 3> <Delay = 1.58>
ST_4 : Operation 27 [1/1] (0.00ns)   --->   "%specloopname_ln256 = specloopname void @_ssdm_op_SpecLoopName, void @empty_20" [D:/FPGA/zybo/imx219/v2/pcam_hw/Zybo-Z7-HW.runs/system_v_gamma_lut_0_0_synth_1/prj/sol/.autopilot/db/v_gamma_lut.cpp:256->D:/FPGA/zybo/imx219/v2/pcam_hw/Zybo-Z7-HW.runs/system_v_gamma_lut_0_0_synth_1/prj/sol/.autopilot/db/v_gamma_lut.cpp:148]   --->   Operation 27 'specloopname' 'specloopname_ln256' <Predicate = true> <Delay = 0.00>
ST_4 : Operation 28 [1/1] (1.58ns)   --->   "%store_ln256 = store i12 %i_2, i12 %i" [D:/FPGA/zybo/imx219/v2/pcam_hw/Zybo-Z7-HW.runs/system_v_gamma_lut_0_0_synth_1/prj/sol/.autopilot/db/v_gamma_lut.cpp:256->D:/FPGA/zybo/imx219/v2/pcam_hw/Zybo-Z7-HW.runs/system_v_gamma_lut_0_0_synth_1/prj/sol/.autopilot/db/v_gamma_lut.cpp:148]   --->   Operation 28 'store' 'store_ln256' <Predicate = true> <Delay = 1.58>
ST_4 : Operation 29 [1/1] (0.00ns)   --->   "%br_ln256 = br void %VITIS_LOOP_258_2.i" [D:/FPGA/zybo/imx219/v2/pcam_hw/Zybo-Z7-HW.runs/system_v_gamma_lut_0_0_synth_1/prj/sol/.autopilot/db/v_gamma_lut.cpp:256->D:/FPGA/zybo/imx219/v2/pcam_hw/Zybo-Z7-HW.runs/system_v_gamma_lut_0_0_synth_1/prj/sol/.autopilot/db/v_gamma_lut.cpp:148]   --->   Operation 29 'br' 'br_ln256' <Predicate = true> <Delay = 0.00>

State 5 <SV = 3> <Delay = 0.00>
ST_5 : Operation 30 [1/1] (0.00ns)   --->   "%ret_ln148 = ret" [D:/FPGA/zybo/imx219/v2/pcam_hw/Zybo-Z7-HW.runs/system_v_gamma_lut_0_0_synth_1/prj/sol/.autopilot/db/v_gamma_lut.cpp:148]   --->   Operation 30 'ret' 'ret_ln148' <Predicate = true> <Delay = 0.00>


============================================================
+ Verbose Summary: Binding
============================================================
STG Binding: 
---------------- STG Properties BEGIN ----------------
- Is combinational: 0
- Is one-state seq: 0
- Is datapath-only: 0
- Is pipelined: 0
- Is top level: 0
Port [ Return ] is wired: 1; IO mode=ap_ctrl_hs:ce=0
Port [ imgGamma]:  wired=1; compound=1; hidden=0; nouse=0; global=0; static=0; extern=0; dir=0; type=3; pingpong=0; private_global=0; IO mode=ap_fifo:ce=0
Port [ m_axis_video_V_data_V]:  wired=1; compound=1; hidden=0; nouse=0; global=0; static=0; extern=0; dir=1; type=0; pingpong=0; private_global=0; IO mode=axis:ce=0
Port [ m_axis_video_V_keep_V]:  wired=1; compound=1; hidden=0; nouse=0; global=0; static=0; extern=0; dir=1; type=0; pingpong=0; private_global=0; IO mode=axis:ce=0
Port [ m_axis_video_V_strb_V]:  wired=1; compound=1; hidden=0; nouse=0; global=0; static=0; extern=0; dir=1; type=0; pingpong=0; private_global=0; IO mode=axis:ce=0
Port [ m_axis_video_V_user_V]:  wired=1; compound=1; hidden=0; nouse=0; global=0; static=0; extern=0; dir=1; type=0; pingpong=0; private_global=0; IO mode=axis:ce=0
Port [ m_axis_video_V_last_V]:  wired=1; compound=1; hidden=0; nouse=0; global=0; static=0; extern=0; dir=1; type=0; pingpong=0; private_global=0; IO mode=axis:ce=0
Port [ m_axis_video_V_id_V]:  wired=1; compound=1; hidden=0; nouse=0; global=0; static=0; extern=0; dir=1; type=0; pingpong=0; private_global=0; IO mode=axis:ce=0
Port [ m_axis_video_V_dest_V]:  wired=1; compound=1; hidden=0; nouse=0; global=0; static=0; extern=0; dir=1; type=0; pingpong=0; private_global=0; IO mode=axis:ce=0
Port [ height]:  wired=1; compound=0; hidden=0; nouse=0; global=0; static=0; extern=0; dir=0; type=0; pingpong=0; private_global=0; IO mode=ap_none:ce=0
Port [ width]:  wired=1; compound=0; hidden=0; nouse=0; global=0; static=0; extern=0; dir=0; type=0; pingpong=0; private_global=0; IO mode=ap_none:ce=0
---------------- STG Properties END ------------------

---------------- Datapath Model BEGIN ----------------

<LifeTime>
<method=bitvector/>
i                       (alloca             ) [ 011110]
specstablecontent_ln0   (specstablecontent  ) [ 000000]
specstablecontent_ln0   (specstablecontent  ) [ 000000]
rows                    (read               ) [ 000000]
cols                    (read               ) [ 000000]
empty                   (trunc              ) [ 001110]
empty_52                (trunc              ) [ 001110]
specaxissidechannel_ln0 (specaxissidechannel) [ 000000]
specinterface_ln0       (specinterface      ) [ 000000]
specinterface_ln0       (specinterface      ) [ 000000]
sub_i_i_i               (add                ) [ 001110]
store_ln256             (store              ) [ 000000]
br_ln256                (br                 ) [ 011110]
sof                     (phi                ) [ 001100]
i_1                     (load               ) [ 000000]
icmp_ln256              (icmp               ) [ 001110]
speclooptripcount_ln0   (speclooptripcount  ) [ 000000]
i_2                     (add                ) [ 000110]
br_ln256                (br                 ) [ 000000]
call_ln132              (call               ) [ 000000]
specloopname_ln256      (specloopname       ) [ 000000]
store_ln256             (store              ) [ 000000]
br_ln256                (br                 ) [ 011110]
ret_ln148               (ret                ) [ 000000]
</LifeTime>

<model>

<comp_list>
<comp id="0" class="1000" name="imgGamma">
<pin_list>
<pin id="1" dir="1" index="0" bw="1" slack="0"/>
</pin_list>
<bind>
<StgValue><ssdm name="imgGamma"/></StgValue>
</bind>
</comp>

<comp id="2" class="1000" name="m_axis_video_V_data_V">
<pin_list>
<pin id="3" dir="1" index="0" bw="1" slack="0"/>
</pin_list>
<bind>
<StgValue><ssdm name="m_axis_video_V_data_V"/></StgValue>
</bind>
</comp>

<comp id="4" class="1000" name="m_axis_video_V_keep_V">
<pin_list>
<pin id="5" dir="1" index="0" bw="1" slack="0"/>
</pin_list>
<bind>
<StgValue><ssdm name="m_axis_video_V_keep_V"/></StgValue>
</bind>
</comp>

<comp id="6" class="1000" name="m_axis_video_V_strb_V">
<pin_list>
<pin id="7" dir="1" index="0" bw="1" slack="0"/>
</pin_list>
<bind>
<StgValue><ssdm name="m_axis_video_V_strb_V"/></StgValue>
</bind>
</comp>

<comp id="8" class="1000" name="m_axis_video_V_user_V">
<pin_list>
<pin id="9" dir="1" index="0" bw="1" slack="0"/>
</pin_list>
<bind>
<StgValue><ssdm name="m_axis_video_V_user_V"/></StgValue>
</bind>
</comp>

<comp id="10" class="1000" name="m_axis_video_V_last_V">
<pin_list>
<pin id="11" dir="1" index="0" bw="1" slack="0"/>
</pin_list>
<bind>
<StgValue><ssdm name="m_axis_video_V_last_V"/></StgValue>
</bind>
</comp>

<comp id="12" class="1000" name="m_axis_video_V_id_V">
<pin_list>
<pin id="13" dir="1" index="0" bw="1" slack="0"/>
</pin_list>
<bind>
<StgValue><ssdm name="m_axis_video_V_id_V"/></StgValue>
</bind>
</comp>

<comp id="14" class="1000" name="m_axis_video_V_dest_V">
<pin_list>
<pin id="15" dir="1" index="0" bw="1" slack="0"/>
</pin_list>
<bind>
<StgValue><ssdm name="m_axis_video_V_dest_V"/></StgValue>
</bind>
</comp>

<comp id="16" class="1000" name="height">
<pin_list>
<pin id="17" dir="1" index="0" bw="1" slack="0"/>
</pin_list>
<bind>
<StgValue><ssdm name="height"/></StgValue>
</bind>
</comp>

<comp id="18" class="1000" name="width">
<pin_list>
<pin id="19" dir="1" index="0" bw="1" slack="0"/>
</pin_list>
<bind>
<StgValue><ssdm name="width"/></StgValue>
</bind>
</comp>

<comp id="20" class="1001" name="const_20">
<pin_list>
<pin id="21" dir="1" index="0" bw="1" slack="0"/>
</pin_list>
<bind>
<StgValue><ssdm name=""/></StgValue>
</bind>
</comp>

<comp id="22" class="1001" name="const_22">
<pin_list>
<pin id="23" dir="1" index="0" bw="1" slack="2147483647"/>
</pin_list>
<bind>
<StgValue><ssdm name="_ssdm_op_SpecStableContent"/></StgValue>
</bind>
</comp>

<comp id="24" class="1001" name="const_24">
<pin_list>
<pin id="25" dir="1" index="0" bw="1" slack="2147483647"/>
</pin_list>
<bind>
<StgValue><ssdm name=""/></StgValue>
</bind>
</comp>

<comp id="26" class="1001" name="const_26">
<pin_list>
<pin id="27" dir="1" index="0" bw="1" slack="0"/>
</pin_list>
<bind>
<StgValue><ssdm name="_ssdm_op_Read.ap_auto.i16P0A"/></StgValue>
</bind>
</comp>

<comp id="28" class="1001" name="const_28">
<pin_list>
<pin id="29" dir="1" index="0" bw="1" slack="2147483647"/>
</pin_list>
<bind>
<StgValue><ssdm name="_ssdm_op_SpecAXISSideChannel"/></StgValue>
</bind>
</comp>

<comp id="30" class="1001" name="const_30">
<pin_list>
<pin id="31" dir="1" index="0" bw="1" slack="2147483647"/>
</pin_list>
<bind>
<StgValue><ssdm name="empty_13"/></StgValue>
</bind>
</comp>

<comp id="32" class="1001" name="const_32">
<pin_list>
<pin id="33" dir="1" index="0" bw="1" slack="2147483647"/>
</pin_list>
<bind>
<StgValue><ssdm name="_ssdm_op_SpecInterface"/></StgValue>
</bind>
</comp>

<comp id="34" class="1001" name="const_34">
<pin_list>
<pin id="35" dir="1" index="0" bw="1" slack="2147483647"/>
</pin_list>
<bind>
<StgValue><ssdm name="empty_12"/></StgValue>
</bind>
</comp>

<comp id="36" class="1001" name="const_36">
<pin_list>
<pin id="37" dir="1" index="0" bw="1" slack="2147483647"/>
</pin_list>
<bind>
<StgValue><ssdm name=""/></StgValue>
</bind>
</comp>

<comp id="38" class="1001" name="const_38">
<pin_list>
<pin id="39" dir="1" index="0" bw="1" slack="2147483647"/>
</pin_list>
<bind>
<StgValue><ssdm name="empty_3"/></StgValue>
</bind>
</comp>

<comp id="40" class="1001" name="const_40">
<pin_list>
<pin id="41" dir="1" index="0" bw="1" slack="2147483647"/>
</pin_list>
<bind>
<StgValue><ssdm name=""/></StgValue>
</bind>
</comp>

<comp id="42" class="1001" name="const_42">
<pin_list>
<pin id="43" dir="1" index="0" bw="1" slack="2147483647"/>
</pin_list>
<bind>
<StgValue><ssdm name="empty_11"/></StgValue>
</bind>
</comp>

<comp id="44" class="1001" name="const_44">
<pin_list>
<pin id="45" dir="1" index="0" bw="1" slack="2147483647"/>
</pin_list>
<bind>
<StgValue><ssdm name="empty_0"/></StgValue>
</bind>
</comp>

<comp id="46" class="1001" name="const_46">
<pin_list>
<pin id="47" dir="1" index="0" bw="1" slack="0"/>
</pin_list>
<bind>
<StgValue><ssdm name=""/></StgValue>
</bind>
</comp>

<comp id="48" class="1001" name="const_48">
<pin_list>
<pin id="49" dir="1" index="0" bw="1" slack="0"/>
</pin_list>
<bind>
<StgValue><ssdm name=""/></StgValue>
</bind>
</comp>

<comp id="50" class="1001" name="const_50">
<pin_list>
<pin id="51" dir="1" index="0" bw="1" slack="1"/>
</pin_list>
<bind>
<StgValue><ssdm name=""/></StgValue>
</bind>
</comp>

<comp id="52" class="1001" name="const_52">
<pin_list>
<pin id="53" dir="1" index="0" bw="1" slack="1"/>
</pin_list>
<bind>
<StgValue><ssdm name=""/></StgValue>
</bind>
</comp>

<comp id="54" class="1001" name="const_54">
<pin_list>
<pin id="55" dir="1" index="0" bw="1" slack="2147483647"/>
</pin_list>
<bind>
<StgValue><ssdm name="_ssdm_op_SpecLoopTripCount"/></StgValue>
</bind>
</comp>

<comp id="56" class="1001" name="const_56">
<pin_list>
<pin id="57" dir="1" index="0" bw="1" slack="2147483647"/>
</pin_list>
<bind>
<StgValue><ssdm name=""/></StgValue>
</bind>
</comp>

<comp id="58" class="1001" name="const_58">
<pin_list>
<pin id="59" dir="1" index="0" bw="1" slack="2147483647"/>
</pin_list>
<bind>
<StgValue><ssdm name=""/></StgValue>
</bind>
</comp>

<comp id="60" class="1001" name="const_60">
<pin_list>
<pin id="61" dir="1" index="0" bw="1" slack="2147483647"/>
</pin_list>
<bind>
<StgValue><ssdm name=""/></StgValue>
</bind>
</comp>

<comp id="62" class="1001" name="const_62">
<pin_list>
<pin id="63" dir="1" index="0" bw="1" slack="0"/>
</pin_list>
<bind>
<StgValue><ssdm name=""/></StgValue>
</bind>
</comp>

<comp id="64" class="1001" name="const_64">
<pin_list>
<pin id="65" dir="1" index="0" bw="1" slack="0"/>
</pin_list>
<bind>
<StgValue><ssdm name="MultiPixStream2AXIvideo_Pipeline_VITIS_LOOP_258_2"/></StgValue>
</bind>
</comp>

<comp id="66" class="1001" name="const_66">
<pin_list>
<pin id="67" dir="1" index="0" bw="1" slack="2147483647"/>
</pin_list>
<bind>
<StgValue><ssdm name="_ssdm_op_SpecLoopName"/></StgValue>
</bind>
</comp>

<comp id="68" class="1001" name="const_68">
<pin_list>
<pin id="69" dir="1" index="0" bw="1" slack="2147483647"/>
</pin_list>
<bind>
<StgValue><ssdm name="empty_20"/></StgValue>
</bind>
</comp>

<comp id="70" class="1004" name="i_fu_70">
<pin_list>
<pin id="71" dir="0" index="0" bw="1" slack="0"/>
<pin id="72" dir="1" index="1" bw="12" slack="0"/>
</pin_list>
<bind>
<opcode="alloca(26) " fcode="alloca"/>
<opset="i/1 "/>
</bind>
</comp>

<comp id="74" class="1004" name="rows_read_fu_74">
<pin_list>
<pin id="75" dir="0" index="0" bw="16" slack="0"/>
<pin id="76" dir="0" index="1" bw="16" slack="0"/>
<pin id="77" dir="1" index="2" bw="16" slack="0"/>
</pin_list>
<bind>
<opcode="read(1150) " fcode="read"/>
<opset="rows/1 "/>
</bind>
</comp>

<comp id="80" class="1004" name="cols_read_fu_80">
<pin_list>
<pin id="81" dir="0" index="0" bw="16" slack="0"/>
<pin id="82" dir="0" index="1" bw="16" slack="0"/>
<pin id="83" dir="1" index="2" bw="16" slack="0"/>
</pin_list>
<bind>
<opcode="read(1150) " fcode="read"/>
<opset="cols/1 "/>
</bind>
</comp>

<comp id="86" class="1005" name="sof_reg_86">
<pin_list>
<pin id="87" dir="0" index="0" bw="1" slack="1"/>
<pin id="88" dir="1" index="1" bw="1" slack="1"/>
</pin_list>
<bind>
<opset="sof (phireg) "/>
</bind>
</comp>

<comp id="91" class="1004" name="sof_phi_fu_91">
<pin_list>
<pin id="92" dir="0" index="0" bw="1" slack="1"/>
<pin id="93" dir="0" index="1" bw="0" slack="2147483647"/>
<pin id="94" dir="0" index="2" bw="1" slack="1"/>
<pin id="95" dir="0" index="3" bw="0" slack="2147483647"/>
<pin id="96" dir="1" index="4" bw="1" slack="0"/>
</pin_list>
<bind>
<opcode="phi(47) " fcode="phi"/>
<opset="sof/2 "/>
</bind>
</comp>

<comp id="100" class="1004" name="grp_MultiPixStream2AXIvideo_Pipeline_VITIS_LOOP_258_2_fu_100">
<pin_list>
<pin id="101" dir="0" index="0" bw="0" slack="0"/>
<pin id="102" dir="0" index="1" bw="1" slack="0"/>
<pin id="103" dir="0" index="2" bw="12" slack="1"/>
<pin id="104" dir="0" index="3" bw="12" slack="1"/>
<pin id="105" dir="0" index="4" bw="30" slack="0"/>
<pin id="106" dir="0" index="5" bw="32" slack="0"/>
<pin id="107" dir="0" index="6" bw="4" slack="0"/>
<pin id="108" dir="0" index="7" bw="4" slack="0"/>
<pin id="109" dir="0" index="8" bw="1" slack="0"/>
<pin id="110" dir="0" index="9" bw="1" slack="0"/>
<pin id="111" dir="0" index="10" bw="1" slack="0"/>
<pin id="112" dir="0" index="11" bw="1" slack="0"/>
<pin id="113" dir="1" index="12" bw="0" slack="2147483647"/>
</pin_list>
<bind>
<opcode="call(48) " fcode="call"/>
<opset="call_ln132/2 "/>
</bind>
</comp>

<comp id="124" class="1004" name="empty_fu_124">
<pin_list>
<pin id="125" dir="0" index="0" bw="16" slack="0"/>
<pin id="126" dir="1" index="1" bw="12" slack="0"/>
</pin_list>
<bind>
<opcode="trunc(33) " fcode="trunc"/>
<opset="empty/1 "/>
</bind>
</comp>

<comp id="128" class="1004" name="empty_52_fu_128">
<pin_list>
<pin id="129" dir="0" index="0" bw="16" slack="0"/>
<pin id="130" dir="1" index="1" bw="12" slack="1"/>
</pin_list>
<bind>
<opcode="trunc(33) " fcode="trunc"/>
<opset="empty_52/1 "/>
</bind>
</comp>

<comp id="132" class="1004" name="sub_i_i_i_fu_132">
<pin_list>
<pin id="133" dir="0" index="0" bw="12" slack="0"/>
<pin id="134" dir="0" index="1" bw="1" slack="0"/>
<pin id="135" dir="1" index="2" bw="12" slack="1"/>
</pin_list>
<bind>
<opcode="add(8) " fcode="add"/>
<opset="sub_i_i_i/1 "/>
</bind>
</comp>

<comp id="138" class="1004" name="store_ln256_store_fu_138">
<pin_list>
<pin id="139" dir="0" index="0" bw="1" slack="0"/>
<pin id="140" dir="0" index="1" bw="12" slack="0"/>
<pin id="141" dir="1" index="2" bw="0" slack="2147483647"/>
</pin_list>
<bind>
<opcode="store(28) " fcode="store"/>
<opset="store_ln256/1 "/>
</bind>
</comp>

<comp id="143" class="1004" name="i_1_load_fu_143">
<pin_list>
<pin id="144" dir="0" index="0" bw="12" slack="1"/>
<pin id="145" dir="1" index="1" bw="12" slack="0"/>
</pin_list>
<bind>
<opcode="load(27) " fcode="load"/>
<opset="i_1/2 "/>
</bind>
</comp>

<comp id="146" class="1004" name="icmp_ln256_fu_146">
<pin_list>
<pin id="147" dir="0" index="0" bw="12" slack="0"/>
<pin id="148" dir="0" index="1" bw="12" slack="1"/>
<pin id="149" dir="1" index="2" bw="1" slack="2147483647"/>
</pin_list>
<bind>
<opcode="icmp(45) " fcode="icmp"/>
<opset="icmp_ln256/2 "/>
</bind>
</comp>

<comp id="151" class="1004" name="i_2_fu_151">
<pin_list>
<pin id="152" dir="0" index="0" bw="12" slack="0"/>
<pin id="153" dir="0" index="1" bw="1" slack="0"/>
<pin id="154" dir="1" index="2" bw="12" slack="2"/>
</pin_list>
<bind>
<opcode="add(8) " fcode="add"/>
<opset="i_2/2 "/>
</bind>
</comp>

<comp id="157" class="1004" name="store_ln256_store_fu_157">
<pin_list>
<pin id="158" dir="0" index="0" bw="12" slack="2"/>
<pin id="159" dir="0" index="1" bw="12" slack="3"/>
<pin id="160" dir="1" index="2" bw="0" slack="2147483647"/>
</pin_list>
<bind>
<opcode="store(28) " fcode="store"/>
<opset="store_ln256/4 "/>
</bind>
</comp>

<comp id="161" class="1005" name="i_reg_161">
<pin_list>
<pin id="162" dir="0" index="0" bw="12" slack="0"/>
<pin id="163" dir="1" index="1" bw="12" slack="0"/>
</pin_list>
<bind>
<opset="i "/>
</bind>
</comp>

<comp id="168" class="1005" name="empty_reg_168">
<pin_list>
<pin id="169" dir="0" index="0" bw="12" slack="1"/>
<pin id="170" dir="1" index="1" bw="12" slack="1"/>
</pin_list>
<bind>
<opset="empty "/>
</bind>
</comp>

<comp id="173" class="1005" name="empty_52_reg_173">
<pin_list>
<pin id="174" dir="0" index="0" bw="12" slack="1"/>
<pin id="175" dir="1" index="1" bw="12" slack="1"/>
</pin_list>
<bind>
<opset="empty_52 "/>
</bind>
</comp>

<comp id="178" class="1005" name="sub_i_i_i_reg_178">
<pin_list>
<pin id="179" dir="0" index="0" bw="12" slack="1"/>
<pin id="180" dir="1" index="1" bw="12" slack="1"/>
</pin_list>
<bind>
<opset="sub_i_i_i "/>
</bind>
</comp>

<comp id="186" class="1005" name="i_2_reg_186">
<pin_list>
<pin id="187" dir="0" index="0" bw="12" slack="2"/>
<pin id="188" dir="1" index="1" bw="12" slack="2"/>
</pin_list>
<bind>
<opset="i_2 "/>
</bind>
</comp>

</comp_list>

<net_list>
<net id="73"><net_src comp="20" pin="0"/><net_sink comp="70" pin=0"/></net>

<net id="78"><net_src comp="26" pin="0"/><net_sink comp="74" pin=0"/></net>

<net id="79"><net_src comp="16" pin="0"/><net_sink comp="74" pin=1"/></net>

<net id="84"><net_src comp="26" pin="0"/><net_sink comp="80" pin=0"/></net>

<net id="85"><net_src comp="18" pin="0"/><net_sink comp="80" pin=1"/></net>

<net id="89"><net_src comp="50" pin="0"/><net_sink comp="86" pin=0"/></net>

<net id="90"><net_src comp="52" pin="0"/><net_sink comp="86" pin=0"/></net>

<net id="97"><net_src comp="86" pin="1"/><net_sink comp="91" pin=0"/></net>

<net id="98"><net_src comp="86" pin="1"/><net_sink comp="91" pin=2"/></net>

<net id="99"><net_src comp="91" pin="4"/><net_sink comp="86" pin=0"/></net>

<net id="114"><net_src comp="64" pin="0"/><net_sink comp="100" pin=0"/></net>

<net id="115"><net_src comp="91" pin="4"/><net_sink comp="100" pin=1"/></net>

<net id="116"><net_src comp="0" pin="0"/><net_sink comp="100" pin=4"/></net>

<net id="117"><net_src comp="2" pin="0"/><net_sink comp="100" pin=5"/></net>

<net id="118"><net_src comp="4" pin="0"/><net_sink comp="100" pin=6"/></net>

<net id="119"><net_src comp="6" pin="0"/><net_sink comp="100" pin=7"/></net>

<net id="120"><net_src comp="8" pin="0"/><net_sink comp="100" pin=8"/></net>

<net id="121"><net_src comp="10" pin="0"/><net_sink comp="100" pin=9"/></net>

<net id="122"><net_src comp="12" pin="0"/><net_sink comp="100" pin=10"/></net>

<net id="123"><net_src comp="14" pin="0"/><net_sink comp="100" pin=11"/></net>

<net id="127"><net_src comp="80" pin="2"/><net_sink comp="124" pin=0"/></net>

<net id="131"><net_src comp="74" pin="2"/><net_sink comp="128" pin=0"/></net>

<net id="136"><net_src comp="124" pin="1"/><net_sink comp="132" pin=0"/></net>

<net id="137"><net_src comp="46" pin="0"/><net_sink comp="132" pin=1"/></net>

<net id="142"><net_src comp="48" pin="0"/><net_sink comp="138" pin=0"/></net>

<net id="150"><net_src comp="143" pin="1"/><net_sink comp="146" pin=0"/></net>

<net id="155"><net_src comp="143" pin="1"/><net_sink comp="151" pin=0"/></net>

<net id="156"><net_src comp="62" pin="0"/><net_sink comp="151" pin=1"/></net>

<net id="164"><net_src comp="70" pin="1"/><net_sink comp="161" pin=0"/></net>

<net id="165"><net_src comp="161" pin="1"/><net_sink comp="138" pin=1"/></net>

<net id="166"><net_src comp="161" pin="1"/><net_sink comp="143" pin=0"/></net>

<net id="167"><net_src comp="161" pin="1"/><net_sink comp="157" pin=1"/></net>

<net id="171"><net_src comp="124" pin="1"/><net_sink comp="168" pin=0"/></net>

<net id="172"><net_src comp="168" pin="1"/><net_sink comp="100" pin=2"/></net>

<net id="176"><net_src comp="128" pin="1"/><net_sink comp="173" pin=0"/></net>

<net id="177"><net_src comp="173" pin="1"/><net_sink comp="146" pin=1"/></net>

<net id="181"><net_src comp="132" pin="2"/><net_sink comp="178" pin=0"/></net>

<net id="182"><net_src comp="178" pin="1"/><net_sink comp="100" pin=3"/></net>

<net id="189"><net_src comp="151" pin="2"/><net_sink comp="186" pin=0"/></net>

<net id="190"><net_src comp="186" pin="1"/><net_sink comp="157" pin=0"/></net>

</net_list>

</model> 
---------------- Datapath Model END ------------------

* FSMD analyzer results:
  - Output states:
	Port: m_axis_video_V_data_V | {2 3 }
	Port: m_axis_video_V_keep_V | {2 3 }
	Port: m_axis_video_V_strb_V | {2 3 }
	Port: m_axis_video_V_user_V | {2 3 }
	Port: m_axis_video_V_last_V | {2 3 }
	Port: m_axis_video_V_id_V | {2 3 }
	Port: m_axis_video_V_dest_V | {2 3 }
 - Input state : 
	Port: MultiPixStream2AXIvideo : imgGamma | {2 3 }
	Port: MultiPixStream2AXIvideo : height | {1 }
	Port: MultiPixStream2AXIvideo : width | {1 }
  - Chain level:
	State 1
		sub_i_i_i : 1
		store_ln256 : 1
	State 2
		icmp_ln256 : 1
		i_2 : 1
		br_ln256 : 2
		call_ln132 : 1
	State 3
	State 4
	State 5


============================================================
+ Verbose Summary: Datapath Resource usage 
============================================================

* Functional unit list:
|----------|--------------------------------------------------------------|---------|---------|
| Operation|                        Functional Unit                       |    FF   |   LUT   |
|----------|--------------------------------------------------------------|---------|---------|
|   call   | grp_MultiPixStream2AXIvideo_Pipeline_VITIS_LOOP_258_2_fu_100 |    16   |    36   |
|----------|--------------------------------------------------------------|---------|---------|
|    add   |                       sub_i_i_i_fu_132                       |    0    |    12   |
|          |                          i_2_fu_151                          |    0    |    12   |
|----------|--------------------------------------------------------------|---------|---------|
|   icmp   |                       icmp_ln256_fu_146                      |    0    |    12   |
|----------|--------------------------------------------------------------|---------|---------|
|   read   |                        rows_read_fu_74                       |    0    |    0    |
|          |                        cols_read_fu_80                       |    0    |    0    |
|----------|--------------------------------------------------------------|---------|---------|
|   trunc  |                         empty_fu_124                         |    0    |    0    |
|          |                        empty_52_fu_128                       |    0    |    0    |
|----------|--------------------------------------------------------------|---------|---------|
|   Total  |                                                              |    16   |    72   |
|----------|--------------------------------------------------------------|---------|---------|

Memories:
N/A

* Register list:
+-----------------+--------+
|                 |   FF   |
+-----------------+--------+
| empty_52_reg_173|   12   |
|  empty_reg_168  |   12   |
|   i_2_reg_186   |   12   |
|    i_reg_161    |   12   |
|    sof_reg_86   |    1   |
|sub_i_i_i_reg_178|   12   |
+-----------------+--------+
|      Total      |   61   |
+-----------------+--------+

* Multiplexer (MUX) list: 
|------------|------|------|------|--------||---------||---------||---------|
|    Comp    |  Pin | Size |  BW  | S x BW ||  Delay  ||    FF   ||   LUT   |
|------------|------|------|------|--------||---------||---------||---------|
| sof_reg_86 |  p0  |   3  |   1  |    3   ||    0    ||    9    |
|------------|------|------|------|--------||---------||---------||---------|
|    Total   |      |      |      |    3   ||  1.7073 ||    0    ||    9    |
|------------|------|------|------|--------||---------||---------||---------|



* Summary:
+-----------+--------+--------+--------+
|           |  Delay |   FF   |   LUT  |
+-----------+--------+--------+--------+
|  Function |    -   |   16   |   72   |
|   Memory  |    -   |    -   |    -   |
|Multiplexer|    1   |    0   |    9   |
|  Register |    -   |   61   |    -   |
+-----------+--------+--------+--------+
|   Total   |    1   |   77   |   81   |
+-----------+--------+--------+--------+
