

================================================================
== Vitis HLS Report for 'MultiPixStream2AXIvideo'
================================================================
* Date:           Sun Nov  9 12:09:34 2025

* Version:        2024.2 (Build 5238294 on Nov  8 2024)
* Project:        prj
* Solution:       sol (Vivado IP Flow Target)
* Product family: zynq
* Target device:  xc7z010-clg400-1


================================================================
== Performance Estimates
================================================================
+ Timing: 
    * Summary: 
    +--------+---------+----------+------------+
    |  Clock |  Target | Estimated| Uncertainty|
    +--------+---------+----------+------------+
    |ap_clk  |  6.67 ns|  4.723 ns|     1.80 ns|
    +--------+---------+----------+------------+

+ Latency: 
    * Summary: 
    +---------+---------+-----------+-----------+------+---------+---------+
    |  Latency (cycles) |   Latency (absolute)  |    Interval    | Pipeline|
    |   min   |   max   |    min    |    max    |  min |   max   |   Type  |
    +---------+---------+-----------+-----------+------+---------+---------+
    |     4482|  8307362|  29.881 us|  55.385 ms|  4482|  8307362|       no|
    +---------+---------+-----------+-----------+------+---------+---------+

    + Detail: 
        * Instance: 
        N/A

        * Loop: 
        +--------------------+---------+---------+-----------+-----------+-----------+-----------+----------+
        |                    |  Latency (cycles) | Iteration |  Initiation Interval  |    Trip   |          |
        |      Loop Name     |   min   |   max   |  Latency  |  achieved |   target  |   Count   | Pipelined|
        +--------------------+---------+---------+-----------+-----------+-----------+-----------+----------+
        |- VITIS_LOOP_256_1  |     4480|  8307360|  70 ~ 3846|          -|          -|  64 ~ 2160|        no|
        +--------------------+---------+---------+-----------+-----------+-----------+-----------+----------+

============================================================
+ Verbose Summary: Synthesis Manager
============================================================
InlineROM: 1
ExposeGlobal: 0
============================================================
+ Verbose Summary: CDFG Model
============================================================
IsTopModel: 0
ResetActiveHigh: 1
IsCombinational: 2
IsDatapathOnly: 0
HasWiredReturn: 1
HasMFsm: 0
HasVarLatency: 1
IsPipeline: 0
IsRtlPipelined: 0
IsInstanceOverlapped: 0
IsDontTouch: 0
HasImplIP: 0
IsGatedGlobalClock: 0


============================================================
+ Verbose Summary: Schedule
============================================================
* Number of FSM states : 5
* Pipeline : 0
* Dataflow Pipeline: 0

* FSM state transitions: 
1 --> 2 
2 --> 3 5 
3 --> 4 
4 --> 2 
5 --> 

* FSM state operations: 

State 1 <SV = 0> <Delay = 1.58>
ST_1 : Operation 6 [1/1] (0.00ns)   --->   "%i = alloca i32 1" [D:/FPGA/zybo/imx219/v2/pcam_hw/Zybo-Z7-HW.runs/system_v_gamma_lut_0_0_synth_1/prj/sol/.autopilot/db/v_gamma_lut.cpp:256->D:/FPGA/zybo/imx219/v2/pcam_hw/Zybo-Z7-HW.runs/system_v_gamma_lut_0_0_synth_1/prj/sol/.autopilot/db/v_gamma_lut.cpp:148]   --->   Operation 6 'alloca' 'i' <Predicate = true> <Delay = 0.00>
ST_1 : Operation 7 [1/1] (0.00ns)   --->   "%specstablecontent_ln0 = specstablecontent void @_ssdm_op_SpecStableContent, i16 %height, void "   --->   Operation 7 'specstablecontent' 'specstablecontent_ln0' <Predicate = true> <Delay = 0.00>
ST_1 : Operation 8 [1/1] (0.00ns)   --->   "%specstablecontent_ln0 = specstablecontent void @_ssdm_op_SpecStableContent, i16 %width, void "   --->   Operation 8 'specstablecontent' 'specstablecontent_ln0' <Predicate = true> <Delay = 0.00>
ST_1 : Operation 9 [1/1] (0.00ns)   --->   "%rows = read i16 @_ssdm_op_Read.ap_auto.i16P0A, i16 %height" [D:/FPGA/zybo/imx219/v2/pcam_hw/Zybo-Z7-HW.runs/system_v_gamma_lut_0_0_synth_1/prj/sol/.autopilot/db/v_gamma_lut.cpp:132]   --->   Operation 9 'read' 'rows' <Predicate = true> <Delay = 0.00>
ST_1 : Operation 10 [1/1] (0.00ns)   --->   "%cols = read i16 @_ssdm_op_Read.ap_auto.i16P0A, i16 %width" [D:/FPGA/zybo/imx219/v2/pcam_hw/Zybo-Z7-HW.runs/system_v_gamma_lut_0_0_synth_1/prj/sol/.autopilot/db/v_gamma_lut.cpp:132]   --->   Operation 10 'read' 'cols' <Predicate = true> <Delay = 0.00>
ST_1 : Operation 11 [1/1] (0.00ns)   --->   "%empty = trunc i16 %cols" [D:/FPGA/zybo/imx219/v2/pcam_hw/Zybo-Z7-HW.runs/system_v_gamma_lut_0_0_synth_1/prj/sol/.autopilot/db/v_gamma_lut.cpp:132]   --->   Operation 11 'trunc' 'empty' <Predicate = true> <Delay = 0.00>
ST_1 : Operation 12 [1/1] (0.00ns)   --->   "%empty_52 = trunc i16 %rows" [D:/FPGA/zybo/imx219/v2/pcam_hw/Zybo-Z7-HW.runs/system_v_gamma_lut_0_0_synth_1/prj/sol/.autopilot/db/v_gamma_lut.cpp:132]   --->   Operation 12 'trunc' 'empty_52' <Predicate = true> <Delay = 0.00>
ST_1 : Operation 13 [1/1] (0.00ns)   --->   "%specaxissidechannel_ln0 = specaxissidechannel void @_ssdm_op_SpecAXISSideChannel, i32 %m_axis_video_V_data_V, i4 %m_axis_video_V_keep_V, i4 %m_axis_video_V_strb_V, i1 %m_axis_video_V_user_V, i1 %m_axis_video_V_last_V, i1 %m_axis_video_V_id_V, i1 %m_axis_video_V_dest_V, void @empty_13"   --->   Operation 13 'specaxissidechannel' 'specaxissidechannel_ln0' <Predicate = true> <Delay = 0.00>
ST_1 : Operation 14 [1/1] (0.00ns)   --->   "%specinterface_ln0 = specinterface void @_ssdm_op_SpecInterface, i30 %imgGamma, void @empty_12, i32 0, i32 0, void @empty_3, i32 0, i32 0, void @empty_3, void @empty_3, void @empty_3, i32 0, i32 0, i32 0, i32 0, void @empty_3, void @empty_3, i32 4294967295, i32 0, i32 0"   --->   Operation 14 'specinterface' 'specinterface_ln0' <Predicate = true> <Delay = 0.00>
ST_1 : Operation 15 [1/1] (0.00ns)   --->   "%specinterface_ln0 = specinterface void @_ssdm_op_SpecInterface, i1 %m_axis_video_V_dest_V, i1 %m_axis_video_V_id_V, i1 %m_axis_video_V_last_V, i1 %m_axis_video_V_user_V, i4 %m_axis_video_V_strb_V, i4 %m_axis_video_V_keep_V, i32 %m_axis_video_V_data_V, void @empty_11, i32 1, i32 1, void @empty_0, i32 0, i32 0, void @empty_3, void @empty_3, void @empty_3, i32 0, i32 0, i32 0, i32 0, void @empty_3, void @empty_3, i32 4294967295, i32 0, i32 0"   --->   Operation 15 'specinterface' 'specinterface_ln0' <Predicate = true> <Delay = 0.00>
ST_1 : Operation 16 [1/1] (1.54ns)   --->   "%sub_i_i_i = add i12 %empty, i12 4095" [D:/FPGA/zybo/imx219/v2/pcam_hw/Zybo-Z7-HW.runs/system_v_gamma_lut_0_0_synth_1/prj/sol/.autopilot/db/v_gamma_lut.cpp:132]   --->   Operation 16 'add' 'sub_i_i_i' <Predicate = true> <Delay = 1.54> <CoreInst = "Adder">   --->   Core 1 'Adder' <Latency = 0> <II = 1> <Delay = 1.54> <FuncUnit> <Opcode : 'add' 'sub'> <InPorts = 2> <OutPorts = 1>
ST_1 : Operation 17 [1/1] (1.58ns)   --->   "%store_ln256 = store i12 0, i12 %i" [D:/FPGA/zybo/imx219/v2/pcam_hw/Zybo-Z7-HW.runs/system_v_gamma_lut_0_0_synth_1/prj/sol/.autopilot/db/v_gamma_lut.cpp:256->D:/FPGA/zybo/imx219/v2/pcam_hw/Zybo-Z7-HW.runs/system_v_gamma_lut_0_0_synth_1/prj/sol/.autopilot/db/v_gamma_lut.cpp:148]   --->   Operation 17 'store' 'store_ln256' <Predicate = true> <Delay = 1.58>
ST_1 : Operation 18 [1/1] (1.58ns)   --->   "%br_ln256 = br void %VITIS_LOOP_258_2.i" [D:/FPGA/zybo/imx219/v2/pcam_hw/Zybo-Z7-HW.runs/system_v_gamma_lut_0_0_synth_1/prj/sol/.autopilot/db/v_gamma_lut.cpp:256->D:/FPGA/zybo/imx219/v2/pcam_hw/Zybo-Z7-HW.runs/system_v_gamma_lut_0_0_synth_1/prj/sol/.autopilot/db/v_gamma_lut.cpp:148]   --->   Operation 18 'br' 'br_ln256' <Predicate = true> <Delay = 1.58>

State 2 <SV = 1> <Delay = 4.68>
ST_2 : Operation 19 [1/1] (0.00ns)   --->   "%sof = phi i1 1, void %entry, i1 0, void %VITIS_LOOP_258_2.split.i"   --->   Operation 19 'phi' 'sof' <Predicate = true> <Delay = 0.00>
ST_2 : Operation 20 [1/1] (0.00ns)   --->   "%i_1 = load i12 %i" [D:/FPGA/zybo/imx219/v2/pcam_hw/Zybo-Z7-HW.runs/system_v_gamma_lut_0_0_synth_1/prj/sol/.autopilot/db/v_gamma_lut.cpp:256->D:/FPGA/zybo/imx219/v2/pcam_hw/Zybo-Z7-HW.runs/system_v_gamma_lut_0_0_synth_1/prj/sol/.autopilot/db/v_gamma_lut.cpp:148]   --->   Operation 20 'load' 'i_1' <Predicate = true> <Delay = 0.00>
ST_2 : Operation 21 [1/1] (1.54ns)   --->   "%icmp_ln256 = icmp_eq  i12 %i_1, i12 %empty_52" [D:/FPGA/zybo/imx219/v2/pcam_hw/Zybo-Z7-HW.runs/system_v_gamma_lut_0_0_synth_1/prj/sol/.autopilot/db/v_gamma_lut.cpp:256->D:/FPGA/zybo/imx219/v2/pcam_hw/Zybo-Z7-HW.runs/system_v_gamma_lut_0_0_synth_1/prj/sol/.autopilot/db/v_gamma_lut.cpp:148]   --->   Operation 21 'icmp' 'icmp_ln256' <Predicate = true> <Delay = 1.54> <CoreInst = "Cmp">   --->   Core 9 'Cmp' <Latency = 0> <II = 1> <Delay = 1.54> <FuncUnit> <Opcode : 'seteq' 'setne' 'setle' 'setge' 'setlt' 'setgt'> <InPorts = 2> <OutPorts = 1>
ST_2 : Operation 22 [1/1] (0.00ns)   --->   "%speclooptripcount_ln0 = speclooptripcount void @_ssdm_op_SpecLoopTripCount, i64 64, i64 2160, i64 0"   --->   Operation 22 'speclooptripcount' 'speclooptripcount_ln0' <Predicate = true> <Delay = 0.00>
ST_2 : Operation 23 [1/1] (1.54ns)   --->   "%i_2 = add i12 %i_1, i12 1" [D:/FPGA/zybo/imx219/v2/pcam_hw/Zybo-Z7-HW.runs/system_v_gamma_lut_0_0_synth_1/prj/sol/.autopilot/db/v_gamma_lut.cpp:256->D:/FPGA/zybo/imx219/v2/pcam_hw/Zybo-Z7-HW.runs/system_v_gamma_lut_0_0_synth_1/prj/sol/.autopilot/db/v_gamma_lut.cpp:148]   --->   Operation 23 'add' 'i_2' <Predicate = true> <Delay = 1.54> <CoreInst = "Adder">   --->   Core 1 'Adder' <Latency = 0> <II = 1> <Delay = 1.54> <FuncUnit> <Opcode : 'add' 'sub'> <InPorts = 2> <OutPorts = 1>
ST_2 : Operation 24 [1/1] (0.00ns)   --->   "%br_ln256 = br i1 %icmp_ln256, void %VITIS_LOOP_258_2.split.i, void %MultiPixStream2AXIvideo.exit" [D:/FPGA/zybo/imx219/v2/pcam_hw/Zybo-Z7-HW.runs/system_v_gamma_lut_0_0_synth_1/prj/sol/.autopilot/db/v_gamma_lut.cpp:256->D:/FPGA/zybo/imx219/v2/pcam_hw/Zybo-Z7-HW.runs/system_v_gamma_lut_0_0_synth_1/prj/sol/.autopilot/db/v_gamma_lut.cpp:148]   --->   Operation 24 'br' 'br_ln256' <Predicate = true> <Delay = 0.00>
ST_2 : Operation 25 [2/2] (3.13ns)   --->   "%call_ln132 = call void @MultiPixStream2AXIvideo_Pipeline_VITIS_LOOP_258_2, i1 %sof, i12 %empty, i12 %sub_i_i_i, i30 %imgGamma, i32 %m_axis_video_V_data_V, i4 %m_axis_video_V_keep_V, i4 %m_axis_video_V_strb_V, i1 %m_axis_video_V_user_V, i1 %m_axis_video_V_last_V, i1 %m_axis_video_V_id_V, i1 %m_axis_video_V_dest_V" [D:/FPGA/zybo/imx219/v2/pcam_hw/Zybo-Z7-HW.runs/system_v_gamma_lut_0_0_synth_1/prj/sol/.autopilot/db/v_gamma_lut.cpp:132]   --->   Operation 25 'call' 'call_ln132' <Predicate = (!icmp_ln256)> <Delay = 3.13> <CoreType = "Generic">   --->   Generic Core

State 3 <SV = 2> <Delay = 3.72>
ST_3 : Operation 26 [1/2] (3.72ns)   --->   "%call_ln132 = call void @MultiPixStream2AXIvideo_Pipeline_VITIS_LOOP_258_2, i1 %sof, i12 %empty, i12 %sub_i_i_i, i30 %imgGamma, i32 %m_axis_video_V_data_V, i4 %m_axis_video_V_keep_V, i4 %m_axis_video_V_strb_V, i1 %m_axis_video_V_user_V, i1 %m_axis_video_V_last_V, i1 %m_axis_video_V_id_V, i1 %m_axis_video_V_dest_V" [D:/FPGA/zybo/imx219/v2/pcam_hw/Zybo-Z7-HW.runs/system_v_gamma_lut_0_0_synth_1/prj/sol/.autopilot/db/v_gamma_lut.cpp:132]   --->   Operation 26 'call' 'call_ln132' <Predicate = true> <Delay = 3.72> <CoreType = "Generic">   --->   Generic Core

State 4 <SV = 3> <Delay = 1.58>
ST_4 : Operation 27 [1/1] (0.00ns)   --->   "%specloopname_ln256 = specloopname void @_ssdm_op_SpecLoopName, void @empty_20" [D:/FPGA/zybo/imx219/v2/pcam_hw/Zybo-Z7-HW.runs/system_v_gamma_lut_0_0_synth_1/prj/sol/.autopilot/db/v_gamma_lut.cpp:256->D:/FPGA/zybo/imx219/v2/pcam_hw/Zybo-Z7-HW.runs/system_v_gamma_lut_0_0_synth_1/prj/sol/.autopilot/db/v_gamma_lut.cpp:148]   --->   Operation 27 'specloopname' 'specloopname_ln256' <Predicate = true> <Delay = 0.00>
ST_4 : Operation 28 [1/1] (1.58ns)   --->   "%store_ln256 = store i12 %i_2, i12 %i" [D:/FPGA/zybo/imx219/v2/pcam_hw/Zybo-Z7-HW.runs/system_v_gamma_lut_0_0_synth_1/prj/sol/.autopilot/db/v_gamma_lut.cpp:256->D:/FPGA/zybo/imx219/v2/pcam_hw/Zybo-Z7-HW.runs/system_v_gamma_lut_0_0_synth_1/prj/sol/.autopilot/db/v_gamma_lut.cpp:148]   --->   Operation 28 'store' 'store_ln256' <Predicate = true> <Delay = 1.58>
ST_4 : Operation 29 [1/1] (0.00ns)   --->   "%br_ln256 = br void %VITIS_LOOP_258_2.i" [D:/FPGA/zybo/imx219/v2/pcam_hw/Zybo-Z7-HW.runs/system_v_gamma_lut_0_0_synth_1/prj/sol/.autopilot/db/v_gamma_lut.cpp:256->D:/FPGA/zybo/imx219/v2/pcam_hw/Zybo-Z7-HW.runs/system_v_gamma_lut_0_0_synth_1/prj/sol/.autopilot/db/v_gamma_lut.cpp:148]   --->   Operation 29 'br' 'br_ln256' <Predicate = true> <Delay = 0.00>

State 5 <SV = 3> <Delay = 0.00>
ST_5 : Operation 30 [1/1] (0.00ns)   --->   "%ret_ln148 = ret" [D:/FPGA/zybo/imx219/v2/pcam_hw/Zybo-Z7-HW.runs/system_v_gamma_lut_0_0_synth_1/prj/sol/.autopilot/db/v_gamma_lut.cpp:148]   --->   Operation 30 'ret' 'ret_ln148' <Predicate = true> <Delay = 0.00>


============================================================
+ Verbose Summary: Timing violations
============================================================
Target clock period: 6.667ns, clock uncertainty: 1.800ns.

 <State 1>: 1.588ns
The critical path consists of the following:
	'alloca' operation 12 bit ('i', D:/FPGA/zybo/imx219/v2/pcam_hw/Zybo-Z7-HW.runs/system_v_gamma_lut_0_0_synth_1/prj/sol/.autopilot/db/v_gamma_lut.cpp:256->D:/FPGA/zybo/imx219/v2/pcam_hw/Zybo-Z7-HW.runs/system_v_gamma_lut_0_0_synth_1/prj/sol/.autopilot/db/v_gamma_lut.cpp:148) [11]  (0.000 ns)
	'store' operation 0 bit ('store_ln256', D:/FPGA/zybo/imx219/v2/pcam_hw/Zybo-Z7-HW.runs/system_v_gamma_lut_0_0_synth_1/prj/sol/.autopilot/db/v_gamma_lut.cpp:256->D:/FPGA/zybo/imx219/v2/pcam_hw/Zybo-Z7-HW.runs/system_v_gamma_lut_0_0_synth_1/prj/sol/.autopilot/db/v_gamma_lut.cpp:148) of constant 0 on local variable 'i', D:/FPGA/zybo/imx219/v2/pcam_hw/Zybo-Z7-HW.runs/system_v_gamma_lut_0_0_synth_1/prj/sol/.autopilot/db/v_gamma_lut.cpp:256->D:/FPGA/zybo/imx219/v2/pcam_hw/Zybo-Z7-HW.runs/system_v_gamma_lut_0_0_synth_1/prj/sol/.autopilot/db/v_gamma_lut.cpp:148 [22]  (1.588 ns)

 <State 2>: 4.682ns
The critical path consists of the following:
	'load' operation 12 bit ('i', D:/FPGA/zybo/imx219/v2/pcam_hw/Zybo-Z7-HW.runs/system_v_gamma_lut_0_0_synth_1/prj/sol/.autopilot/db/v_gamma_lut.cpp:256->D:/FPGA/zybo/imx219/v2/pcam_hw/Zybo-Z7-HW.runs/system_v_gamma_lut_0_0_synth_1/prj/sol/.autopilot/db/v_gamma_lut.cpp:148) on local variable 'i', D:/FPGA/zybo/imx219/v2/pcam_hw/Zybo-Z7-HW.runs/system_v_gamma_lut_0_0_synth_1/prj/sol/.autopilot/db/v_gamma_lut.cpp:256->D:/FPGA/zybo/imx219/v2/pcam_hw/Zybo-Z7-HW.runs/system_v_gamma_lut_0_0_synth_1/prj/sol/.autopilot/db/v_gamma_lut.cpp:148 [26]  (0.000 ns)
	'icmp' operation 1 bit ('icmp_ln256', D:/FPGA/zybo/imx219/v2/pcam_hw/Zybo-Z7-HW.runs/system_v_gamma_lut_0_0_synth_1/prj/sol/.autopilot/db/v_gamma_lut.cpp:256->D:/FPGA/zybo/imx219/v2/pcam_hw/Zybo-Z7-HW.runs/system_v_gamma_lut_0_0_synth_1/prj/sol/.autopilot/db/v_gamma_lut.cpp:148) [27]  (1.547 ns)
	'call' operation 0 bit ('call_ln132', D:/FPGA/zybo/imx219/v2/pcam_hw/Zybo-Z7-HW.runs/system_v_gamma_lut_0_0_synth_1/prj/sol/.autopilot/db/v_gamma_lut.cpp:132) to 'MultiPixStream2AXIvideo_Pipeline_VITIS_LOOP_258_2' [33]  (3.135 ns)

 <State 3>: 3.723ns
The critical path consists of the following:
	'call' operation 0 bit ('call_ln132', D:/FPGA/zybo/imx219/v2/pcam_hw/Zybo-Z7-HW.runs/system_v_gamma_lut_0_0_synth_1/prj/sol/.autopilot/db/v_gamma_lut.cpp:132) to 'MultiPixStream2AXIvideo_Pipeline_VITIS_LOOP_258_2' [33]  (3.723 ns)

 <State 4>: 1.588ns
The critical path consists of the following:
	'store' operation 0 bit ('store_ln256', D:/FPGA/zybo/imx219/v2/pcam_hw/Zybo-Z7-HW.runs/system_v_gamma_lut_0_0_synth_1/prj/sol/.autopilot/db/v_gamma_lut.cpp:256->D:/FPGA/zybo/imx219/v2/pcam_hw/Zybo-Z7-HW.runs/system_v_gamma_lut_0_0_synth_1/prj/sol/.autopilot/db/v_gamma_lut.cpp:148) of variable 'i', D:/FPGA/zybo/imx219/v2/pcam_hw/Zybo-Z7-HW.runs/system_v_gamma_lut_0_0_synth_1/prj/sol/.autopilot/db/v_gamma_lut.cpp:256->D:/FPGA/zybo/imx219/v2/pcam_hw/Zybo-Z7-HW.runs/system_v_gamma_lut_0_0_synth_1/prj/sol/.autopilot/db/v_gamma_lut.cpp:148 on local variable 'i', D:/FPGA/zybo/imx219/v2/pcam_hw/Zybo-Z7-HW.runs/system_v_gamma_lut_0_0_synth_1/prj/sol/.autopilot/db/v_gamma_lut.cpp:256->D:/FPGA/zybo/imx219/v2/pcam_hw/Zybo-Z7-HW.runs/system_v_gamma_lut_0_0_synth_1/prj/sol/.autopilot/db/v_gamma_lut.cpp:148 [34]  (1.588 ns)

 <State 5>: 0.000ns
The critical path consists of the following:


============================================================
+ Verbose Summary: Binding
============================================================
N/A
* FSMD analyzer results:
  - Output states:
 - Input state : 
  - Chain level:
	State 1
	State 2
	State 3
	State 4
	State 5


============================================================
+ Verbose Summary: Datapath Resource usage 
============================================================
N/A
