

================================================================
== Vitis HLS Report for 'AXIvideo2MultiPixStream_Pipeline_loop_width'
================================================================
* Date:           Tue Nov 11 00:46:07 2025

* Version:        2024.2 (Build 5238294 on Nov  8 2024)
* Project:        prj
* Solution:       sol (Vivado IP Flow Target)
* Product family: zynq
* Target device:  xc7z010-clg400-1


================================================================
== Performance Estimates
================================================================
+ Timing: 
    * Summary: 
    +--------+---------+----------+------------+
    |  Clock |  Target | Estimated| Uncertainty|
    +--------+---------+----------+------------+
    |ap_clk  |  6.67 ns|  4.856 ns|     1.80 ns|
    +--------+---------+----------+------------+

+ Latency: 
    * Summary: 
    +---------+---------+-----------+-----------+-----+------+------------------------------------------------+
    |  Latency (cycles) |   Latency (absolute)  |  Interval  |                    Pipeline                    |
    |   min   |   max   |    min    |    max    | min |  max |                      Type                      |
    +---------+---------+-----------+-----------+-----+------+------------------------------------------------+
    |        3|     4099|  20.001 ns|  27.328 us|    1|  4097|  loop auto-rewind stp (delay=0 clock cycles(s))|
    +---------+---------+-----------+-----------+-----+------+------------------------------------------------+

    + Detail: 
        * Instance: 
        N/A

        * Loop: 
        +--------------+---------+---------+----------+-----------+-----------+----------+----------+
        |              |  Latency (cycles) | Iteration|  Initiation Interval  |   Trip   |          |
        |   Loop Name  |   min   |   max   |  Latency |  achieved |   target  |   Count  | Pipelined|
        +--------------+---------+---------+----------+-----------+-----------+----------+----------+
        |- loop_width  |        1|     4097|         3|          1|          1|  0 ~ 4096|       yes|
        +--------------+---------+---------+----------+-----------+-----------+----------+----------+



================================================================
== Utilization Estimates
================================================================
* Summary: 
+-----------------+---------+----+-------+-------+-----+
|       Name      | BRAM_18K| DSP|   FF  |  LUT  | URAM|
+-----------------+---------+----+-------+-------+-----+
|DSP              |        -|   -|      -|      -|    -|
|Expression       |        -|   -|      0|     87|    -|
|FIFO             |        -|   -|      -|      -|    -|
|Instance         |        -|   -|      -|      -|    -|
|Memory           |        -|   -|      -|      -|    -|
|Multiplexer      |        -|   -|      0|    108|    -|
|Register         |        -|   -|     54|      -|    -|
+-----------------+---------+----+-------+-------+-----+
|Total            |        0|   0|     54|    195|    0|
+-----------------+---------+----+-------+-------+-----+
|Available        |      120|  80|  35200|  17600|    0|
+-----------------+---------+----+-------+-------+-----+
|Utilization (%)  |        0|   0|     ~0|      1|    0|
+-----------------+---------+----+-------+-------+-----+

+ Detail: 
    * Instance: 
    N/A

    * DSP: 
    N/A

    * Memory: 
    N/A

    * FIFO: 
    N/A

    * Expression: 
    +----------------------------------+----------+----+---+----+------------+------------+
    |           Variable Name          | Operation| DSP| FF| LUT| Bitwidth P0| Bitwidth P1|
    +----------------------------------+----------+----+---+----+------------+------------+
    |j_4_fu_228_p2                     |         +|   0|  0|  14|          13|           1|
    |ap_block_state2_pp0_stage0_iter1  |       and|   0|  0|   2|           1|           1|
    |ap_block_state3_pp0_stage0_iter2  |       and|   0|  0|   2|           1|           1|
    |ap_condition_308                  |       and|   0|  0|   2|           1|           1|
    |ap_predicate_op41_read_state2     |       and|   0|  0|   2|           1|           1|
    |cond_fu_198_p2                    |      icmp|   0|  0|  15|           8|           1|
    |icmp_ln850_fu_222_p2              |      icmp|   0|  0|  14|          13|          13|
    |ap_block_pp0_stage0_01001         |        or|   0|  0|   2|           1|           1|
    |or_ln854_fu_239_p2                |        or|   0|  0|   2|           1|           1|
    |select_ln880_1_fu_300_p3          |    select|   0|  0|  10|           1|          10|
    |select_ln880_2_fu_307_p3          |    select|   0|  0|  10|           1|          10|
    |select_ln880_fu_285_p3            |    select|   0|  0|  10|           1|          10|
    |ap_enable_pp0                     |       xor|   0|  0|   2|           1|           2|
    +----------------------------------+----------+----+---+----+------------+------------+
    |Total                             |          |   0|  0|  87|          44|          53|
    +----------------------------------+----------+----+---+----+------------+------------+

    * Multiplexer: 
    +------------------------------+----+-----------+-----+-----------+
    |             Name             | LUT| Input Size| Bits| Total Bits|
    +------------------------------+----+-----------+-----+-----------+
    |ap_done_int                   |   9|          2|    1|          2|
    |ap_enable_reg_pp0_iter2       |   9|          2|    1|          2|
    |ap_phi_mux_eol_phi_fu_179_p4  |   9|          2|    1|          2|
    |ap_phi_mux_sof_phi_fu_191_p4  |   9|          2|    1|          2|
    |ap_sig_allocacmp_j_3          |   9|          2|   13|         26|
    |axi_data_fu_98                |   9|          2|   30|         60|
    |axi_last_fu_102               |   9|          2|    1|          2|
    |eol_reg_175                   |   9|          2|    1|          2|
    |j_fu_94                       |   9|          2|   13|         26|
    |s_axis_video_TDATA_blk_n      |   9|          2|    1|          2|
    |sof_reg_187                   |   9|          2|    1|          2|
    |srcYUV_blk_n                  |   9|          2|    1|          2|
    +------------------------------+----+-----------+-----+-----------+
    |Total                         | 108|         24|   65|        130|
    +------------------------------+----+-----------+-----+-----------+

    * Register: 
    +----------------------------------+----+----+-----+-----------+
    |               Name               | FF | LUT| Bits| Const Bits|
    +----------------------------------+----+----+-----+-----------+
    |ap_CS_fsm                         |   1|   0|    1|          0|
    |ap_done_reg                       |   1|   0|    1|          0|
    |ap_enable_reg_pp0_iter1           |   1|   0|    1|          0|
    |ap_enable_reg_pp0_iter2           |   1|   0|    1|          0|
    |ap_loop_exit_ready_pp0_iter1_reg  |   1|   0|    1|          0|
    |axi_data_fu_98                    |  30|   0|   30|          0|
    |axi_last_fu_102                   |   1|   0|    1|          0|
    |cond_reg_356                      |   1|   0|    1|          0|
    |eol_reg_175                       |   1|   0|    1|          0|
    |icmp_ln850_reg_363                |   1|   0|    1|          0|
    |icmp_ln850_reg_363_pp0_iter1_reg  |   1|   0|    1|          0|
    |j_fu_94                           |  13|   0|   13|          0|
    |sof_reg_187                       |   1|   0|    1|          0|
    +----------------------------------+----+----+-----+-----------+
    |Total                             |  54|   0|   54|          0|
    +----------------------------------+----+----+-----+-----------+



================================================================
== Interface
================================================================
* Summary: 
+-----------------------+-----+-----+------------+---------------------------------------------+--------------+
|       RTL Ports       | Dir | Bits|  Protocol  |                Source Object                |    C Type    |
+-----------------------+-----+-----+------------+---------------------------------------------+--------------+
|ap_clk                 |   in|    1|  ap_ctrl_hs|  AXIvideo2MultiPixStream_Pipeline_loop_width|  return value|
|ap_rst                 |   in|    1|  ap_ctrl_hs|  AXIvideo2MultiPixStream_Pipeline_loop_width|  return value|
|ap_start               |   in|    1|  ap_ctrl_hs|  AXIvideo2MultiPixStream_Pipeline_loop_width|  return value|
|ap_done                |  out|    1|  ap_ctrl_hs|  AXIvideo2MultiPixStream_Pipeline_loop_width|  return value|
|ap_idle                |  out|    1|  ap_ctrl_hs|  AXIvideo2MultiPixStream_Pipeline_loop_width|  return value|
|ap_ready               |  out|    1|  ap_ctrl_hs|  AXIvideo2MultiPixStream_Pipeline_loop_width|  return value|
|s_axis_video_TVALID    |   in|    1|        axis|                        s_axis_video_V_data_V|       pointer|
|s_axis_video_TDATA     |   in|   32|        axis|                        s_axis_video_V_data_V|       pointer|
|srcYUV_din             |  out|   30|     ap_fifo|                                       srcYUV|       pointer|
|srcYUV_full_n          |   in|    1|     ap_fifo|                                       srcYUV|       pointer|
|srcYUV_write           |  out|    1|     ap_fifo|                                       srcYUV|       pointer|
|srcYUV_num_data_valid  |   in|    5|     ap_fifo|                                       srcYUV|       pointer|
|srcYUV_fifo_cap        |   in|    5|     ap_fifo|                                       srcYUV|       pointer|
|sof_5                  |   in|    1|     ap_none|                                        sof_5|        scalar|
|axi_last_2             |   in|    1|     ap_none|                                   axi_last_2|        scalar|
|axi_data_6             |   in|   30|     ap_none|                                   axi_data_6|        scalar|
|empty                  |   in|   13|     ap_none|                                        empty|        scalar|
|s_axis_video_TREADY    |  out|    1|        axis|                        s_axis_video_V_dest_V|       pointer|
|s_axis_video_TDEST     |   in|    1|        axis|                        s_axis_video_V_dest_V|       pointer|
|s_axis_video_TKEEP     |   in|    4|        axis|                        s_axis_video_V_keep_V|       pointer|
|s_axis_video_TSTRB     |   in|    4|        axis|                        s_axis_video_V_strb_V|       pointer|
|s_axis_video_TUSER     |   in|    1|        axis|                        s_axis_video_V_user_V|       pointer|
|s_axis_video_TLAST     |   in|    1|        axis|                        s_axis_video_V_last_V|       pointer|
|s_axis_video_TID       |   in|    1|        axis|                          s_axis_video_V_id_V|       pointer|
|colorFormat_val        |   in|    8|     ap_none|                              colorFormat_val|        scalar|
|eol_out                |  out|    1|      ap_vld|                                      eol_out|       pointer|
|eol_out_ap_vld         |  out|    1|      ap_vld|                                      eol_out|       pointer|
|axi_data_7_out         |  out|   30|      ap_vld|                               axi_data_7_out|       pointer|
|axi_data_7_out_ap_vld  |  out|    1|      ap_vld|                               axi_data_7_out|       pointer|
+-----------------------+-----+-----+------------+---------------------------------------------+--------------+

