

================================================================
== Vitis HLS Report for 'MultiPixStream2AXIvideo'
================================================================
* Date:           Tue Nov 11 00:46:16 2025

* Version:        2024.2 (Build 5238294 on Nov  8 2024)
* Project:        prj
* Solution:       sol (Vivado IP Flow Target)
* Product family: zynq
* Target device:  xc7z010-clg400-1


================================================================
== Performance Estimates
================================================================
+ Timing: 
    * Summary: 
    +--------+---------+----------+------------+
    |  Clock |  Target | Estimated| Uncertainty|
    +--------+---------+----------+------------+
    |ap_clk  |  6.67 ns|  4.510 ns|     1.80 ns|
    +--------+---------+----------+------------+

+ Latency: 
    * Summary: 
    +---------+---------+----------+-----------+-----+---------+---------+
    |  Latency (cycles) |  Latency (absolute)  |    Interval   | Pipeline|
    |   min   |   max   |    min   |    max    | min |   max   |   Type  |
    +---------+---------+----------+-----------+-----+---------+---------+
    |        1|  8862481|  6.667 ns|  59.086 ms|    1|  8862481|       no|
    +---------+---------+----------+-----------+-----+---------+---------+

    + Detail: 
        * Instance: 
        +--------------------------------------------------------------+---------------------------------------------------+---------+---------+-----------+-----------+-----+------+---------+
        |                                                              |                                                   |  Latency (cycles) |   Latency (absolute)  |  Interval  | Pipeline|
        |                           Instance                           |                       Module                      |   min   |   max   |    min    |    max    | min |  max |   Type  |
        +--------------------------------------------------------------+---------------------------------------------------+---------+---------+-----------+-----------+-----+------+---------+
        |grp_MultiPixStream2AXIvideo_Pipeline_VITIS_LOOP_981_2_fu_173  |MultiPixStream2AXIvideo_Pipeline_VITIS_LOOP_981_2  |        4|     4100|  26.668 ns|  27.335 us|    4|  4100|       no|
        +--------------------------------------------------------------+---------------------------------------------------+---------+---------+-----------+-----------+-----+------+---------+

        * Loop: 
        +--------------------+---------+---------+----------+-----------+-----------+----------+----------+
        |                    |  Latency (cycles) | Iteration|  Initiation Interval  |   Trip   |          |
        |      Loop Name     |   min   |   max   |  Latency |  achieved |   target  |   Count  | Pipelined|
        +--------------------+---------+---------+----------+-----------+-----------+----------+----------+
        |- VITIS_LOOP_979_1  |        0|  8862480|  7 ~ 4103|          -|          -|  0 ~ 2160|        no|
        +--------------------+---------+---------+----------+-----------+-----------+----------+----------+



================================================================
== Utilization Estimates
================================================================
* Summary: 
+-----------------+---------+----+-------+-------+-----+
|       Name      | BRAM_18K| DSP|   FF  |  LUT  | URAM|
+-----------------+---------+----+-------+-------+-----+
|DSP              |        -|   -|      -|      -|    -|
|Expression       |        -|   -|      0|    158|    -|
|FIFO             |        -|   -|      -|      -|    -|
|Instance         |        -|   -|     72|    243|    -|
|Memory           |        -|   -|      -|      -|    -|
|Multiplexer      |        -|   -|      0|    192|    -|
|Register         |        -|   -|    179|      -|    -|
+-----------------+---------+----+-------+-------+-----+
|Total            |        0|   0|    251|    593|    0|
+-----------------+---------+----+-------+-------+-----+
|Available        |      120|  80|  35200|  17600|    0|
+-----------------+---------+----+-------+-------+-----+
|Utilization (%)  |        0|   0|     ~0|      3|    0|
+-----------------+---------+----+-------+-------+-----+

+ Detail: 
    * Instance: 
    +--------------------------------------------------------------+---------------------------------------------------+---------+----+----+-----+-----+
    |                           Instance                           |                       Module                      | BRAM_18K| DSP| FF | LUT | URAM|
    +--------------------------------------------------------------+---------------------------------------------------+---------+----+----+-----+-----+
    |grp_MultiPixStream2AXIvideo_Pipeline_VITIS_LOOP_981_2_fu_173  |MultiPixStream2AXIvideo_Pipeline_VITIS_LOOP_981_2  |        0|   0|  72|  243|    0|
    +--------------------------------------------------------------+---------------------------------------------------+---------+----+----+-----+-----+
    |Total                                                         |                                                   |        0|   0|  72|  243|    0|
    +--------------------------------------------------------------+---------------------------------------------------+---------+----+----+-----+-----+

    * DSP: 
    N/A

    * Memory: 
    N/A

    * FIFO: 
    N/A

    * Expression: 
    +----------------------------------------------------------------------------------+----------+----+---+----+------------+------------+
    |                                   Variable Name                                  | Operation| DSP| FF| LUT| Bitwidth P0| Bitwidth P1|
    +----------------------------------------------------------------------------------+----------+----+---+----+------------+------------+
    |i_2_fu_293_p2                                                                     |         +|   0|  0|  12|          12|           1|
    |sub_i_fu_207_p2                                                                   |         +|   0|  0|  14|          13|           2|
    |and_ln1038_fu_322_p2                                                              |       and|   0|  0|   2|           1|           1|
    |grp_MultiPixStream2AXIvideo_Pipeline_VITIS_LOOP_981_2_fu_173_m_axis_video_TREADY  |       and|   0|  0|   2|           1|           1|
    |cmp104_i_fu_213_p2                                                                |      icmp|   0|  0|  23|          16|           2|
    |cmp20177_i_fu_219_p2                                                              |      icmp|   0|  0|  14|          13|           1|
    |icmp_ln1038_1_fu_255_p2                                                           |      icmp|   0|  0|  23|          16|           1|
    |icmp_ln1038_fu_249_p2                                                             |      icmp|   0|  0|  23|          16|           1|
    |icmp_ln979_fu_288_p2                                                              |      icmp|   0|  0|  12|          12|          12|
    |switch_i_fu_225_p2                                                                |      icmp|   0|  0|  23|          16|           2|
    |ap_block_state1                                                                   |        or|   0|  0|   2|           1|           1|
    |or_ln1038_fu_327_p2                                                               |        or|   0|  0|   2|           1|           1|
    |select_ln1038_fu_344_p3                                                           |    select|   0|  0|   2|           1|           1|
    |select_ln1051_fu_338_p3                                                           |    select|   0|  0|   2|           1|           1|
    |xor_ln1053_fu_332_p2                                                              |       xor|   0|  0|   2|           1|           2|
    +----------------------------------------------------------------------------------+----------+----+---+----+------------+------------+
    |Total                                                                             |          |   0|  0| 158|         121|          30|
    +----------------------------------------------------------------------------------+----------+----+---+----+------------+------------+

    * Multiplexer: 
    +-------------------------+----+-----------+-----+-----------+
    |           Name          | LUT| Input Size| Bits| Total Bits|
    +-------------------------+----+-----------+-----+-----------+
    |ap_NS_fsm                |  25|          5|    1|          5|
    |ap_done                  |   9|          2|    1|          2|
    |colorFormat_val27_blk_n  |   9|          2|    1|          2|
    |counter_loc_0_i_fu_116   |   9|          2|   16|         32|
    |empty_fu_124             |   9|          2|    1|          2|
    |fid                      |  14|          3|    1|          3|
    |fid_in_val12_blk_n       |   9|          2|    1|          2|
    |fid_preg                 |   9|          2|    1|          2|
    |field_id_val11_blk_n     |   9|          2|    1|          2|
    |height_val5_blk_n        |   9|          2|    1|          2|
    |i_fu_112                 |   9|          2|   12|         24|
    |m_axis_video_TDATA       |   9|          2|   32|         64|
    |m_axis_video_TDEST       |   9|          2|    1|          2|
    |m_axis_video_TID         |   9|          2|    1|          2|
    |m_axis_video_TKEEP       |   9|          2|    4|          8|
    |m_axis_video_TLAST       |   9|          2|    1|          2|
    |m_axis_video_TSTRB       |   9|          2|    4|          8|
    |m_axis_video_TUSER       |   9|          2|    1|          2|
    |width_val10_blk_n        |   9|          2|    1|          2|
    +-------------------------+----+-----------+-----+-----------+
    |Total                    | 192|         42|   82|        168|
    +-------------------------+----+-----------+-----+-----------+

    * Register: 
    +---------------------------------------------------------------------------+----+----+-----+-----------+
    |                                    Name                                   | FF | LUT| Bits| Const Bits|
    +---------------------------------------------------------------------------+----+----+-----+-----------+
    |ap_CS_fsm                                                                  |   4|   0|    4|          0|
    |ap_done_reg                                                                |   1|   0|    1|          0|
    |cmp104_i_reg_436                                                           |   1|   0|    1|          0|
    |cmp20177_i_reg_441                                                         |   1|   0|    1|          0|
    |colorFormat_val27_read_reg_411                                             |   8|   0|    8|          0|
    |cols_reg_421                                                               |  13|   0|   13|          0|
    |counter                                                                    |  16|   0|   16|          0|
    |counter_loc_0_i_fu_116                                                     |  16|   0|   16|          0|
    |counter_loc_1_i_loc_fu_132                                                 |  16|   0|   16|          0|
    |empty_fu_124                                                               |   1|   0|    1|          0|
    |fidStored                                                                  |   1|   0|    1|          0|
    |fid_in_val12_read_reg_416                                                  |   1|   0|    1|          0|
    |fid_preg                                                                   |   1|   0|    1|          0|
    |grp_MultiPixStream2AXIvideo_Pipeline_VITIS_LOOP_981_2_fu_173_ap_start_reg  |   1|   0|    1|          0|
    |i_2_reg_463                                                                |  12|   0|   12|          0|
    |i_fu_112                                                                   |  12|   0|   12|          0|
    |icmp_ln1038_1_reg_455                                                      |   1|   0|    1|          0|
    |icmp_ln1038_reg_450                                                        |   1|   0|    1|          0|
    |m_axis_video_TDATA_reg                                                     |  32|   0|   32|          0|
    |m_axis_video_TDEST_reg                                                     |   1|   0|    1|          0|
    |m_axis_video_TID_reg                                                       |   1|   0|    1|          0|
    |m_axis_video_TKEEP_reg                                                     |   4|   0|    4|          0|
    |m_axis_video_TLAST_reg                                                     |   1|   0|    1|          0|
    |m_axis_video_TSTRB_reg                                                     |   4|   0|    4|          0|
    |m_axis_video_TUSER_reg                                                     |   1|   0|    1|          0|
    |phi_ln1036_loc_fu_128                                                      |   1|   0|    1|          0|
    |rows_reg_426                                                               |  12|   0|   12|          0|
    |sof_fu_120                                                                 |   1|   0|    1|          0|
    |sub_i_reg_431                                                              |  13|   0|   13|          0|
    |switch_i_reg_445                                                           |   1|   0|    1|          0|
    +---------------------------------------------------------------------------+----+----+-----+-----------+
    |Total                                                                      | 179|   0|  179|          0|
    +---------------------------------------------------------------------------+----+----+-----+-----------+



================================================================
== Interface
================================================================
* Summary: 
+----------------------------------+-----+-----+------------+-------------------------+--------------+
|             RTL Ports            | Dir | Bits|  Protocol  |      Source Object      |    C Type    |
+----------------------------------+-----+-----+------------+-------------------------+--------------+
|ap_clk                            |   in|    1|  ap_ctrl_hs|  MultiPixStream2AXIvideo|  return value|
|ap_rst                            |   in|    1|  ap_ctrl_hs|  MultiPixStream2AXIvideo|  return value|
|ap_start                          |   in|    1|  ap_ctrl_hs|  MultiPixStream2AXIvideo|  return value|
|ap_done                           |  out|    1|  ap_ctrl_hs|  MultiPixStream2AXIvideo|  return value|
|ap_continue                       |   in|    1|  ap_ctrl_hs|  MultiPixStream2AXIvideo|  return value|
|ap_idle                           |  out|    1|  ap_ctrl_hs|  MultiPixStream2AXIvideo|  return value|
|ap_ready                          |  out|    1|  ap_ctrl_hs|  MultiPixStream2AXIvideo|  return value|
|ovrlayYUV_dout                    |   in|   30|     ap_fifo|                ovrlayYUV|       pointer|
|ovrlayYUV_empty_n                 |   in|    1|     ap_fifo|                ovrlayYUV|       pointer|
|ovrlayYUV_read                    |  out|    1|     ap_fifo|                ovrlayYUV|       pointer|
|ovrlayYUV_num_data_valid          |   in|    5|     ap_fifo|                ovrlayYUV|       pointer|
|ovrlayYUV_fifo_cap                |   in|    5|     ap_fifo|                ovrlayYUV|       pointer|
|m_axis_video_TDATA                |  out|   32|        axis|    m_axis_video_V_data_V|       pointer|
|m_axis_video_TVALID               |  out|    1|        axis|    m_axis_video_V_dest_V|       pointer|
|m_axis_video_TREADY               |   in|    1|        axis|    m_axis_video_V_dest_V|       pointer|
|m_axis_video_TDEST                |  out|    1|        axis|    m_axis_video_V_dest_V|       pointer|
|m_axis_video_TKEEP                |  out|    4|        axis|    m_axis_video_V_keep_V|       pointer|
|m_axis_video_TSTRB                |  out|    4|        axis|    m_axis_video_V_strb_V|       pointer|
|m_axis_video_TUSER                |  out|    1|        axis|    m_axis_video_V_user_V|       pointer|
|m_axis_video_TLAST                |  out|    1|        axis|    m_axis_video_V_last_V|       pointer|
|m_axis_video_TID                  |  out|    1|        axis|      m_axis_video_V_id_V|       pointer|
|height_val5_dout                  |   in|   12|     ap_fifo|              height_val5|       pointer|
|height_val5_empty_n               |   in|    1|     ap_fifo|              height_val5|       pointer|
|height_val5_read                  |  out|    1|     ap_fifo|              height_val5|       pointer|
|height_val5_num_data_valid        |   in|    3|     ap_fifo|              height_val5|       pointer|
|height_val5_fifo_cap              |   in|    3|     ap_fifo|              height_val5|       pointer|
|width_val10_dout                  |   in|   13|     ap_fifo|              width_val10|       pointer|
|width_val10_empty_n               |   in|    1|     ap_fifo|              width_val10|       pointer|
|width_val10_read                  |  out|    1|     ap_fifo|              width_val10|       pointer|
|width_val10_num_data_valid        |   in|    3|     ap_fifo|              width_val10|       pointer|
|width_val10_fifo_cap              |   in|    3|     ap_fifo|              width_val10|       pointer|
|colorFormat_val27_dout            |   in|    8|     ap_fifo|        colorFormat_val27|       pointer|
|colorFormat_val27_empty_n         |   in|    1|     ap_fifo|        colorFormat_val27|       pointer|
|colorFormat_val27_read            |  out|    1|     ap_fifo|        colorFormat_val27|       pointer|
|colorFormat_val27_num_data_valid  |   in|    3|     ap_fifo|        colorFormat_val27|       pointer|
|colorFormat_val27_fifo_cap        |   in|    3|     ap_fifo|        colorFormat_val27|       pointer|
|fid_in_val12_dout                 |   in|    1|     ap_fifo|             fid_in_val12|       pointer|
|fid_in_val12_empty_n              |   in|    1|     ap_fifo|             fid_in_val12|       pointer|
|fid_in_val12_read                 |  out|    1|     ap_fifo|             fid_in_val12|       pointer|
|fid_in_val12_num_data_valid       |   in|    4|     ap_fifo|             fid_in_val12|       pointer|
|fid_in_val12_fifo_cap             |   in|    4|     ap_fifo|             fid_in_val12|       pointer|
|fid                               |  out|    1|      ap_vld|                      fid|       pointer|
|fid_ap_vld                        |  out|    1|      ap_vld|                      fid|       pointer|
|field_id_val11_dout               |   in|   16|     ap_fifo|           field_id_val11|       pointer|
|field_id_val11_empty_n            |   in|    1|     ap_fifo|           field_id_val11|       pointer|
|field_id_val11_read               |  out|    1|     ap_fifo|           field_id_val11|       pointer|
|field_id_val11_num_data_valid     |   in|    4|     ap_fifo|           field_id_val11|       pointer|
|field_id_val11_fifo_cap           |   in|    4|     ap_fifo|           field_id_val11|       pointer|
+----------------------------------+-----+-----+------------+-------------------------+--------------+

