

================================================================
== Vitis HLS Report for 'MultiPixStream2AXIvideo_Pipeline_VITIS_LOOP_981_2'
================================================================
* Date:           Tue Nov 11 00:46:16 2025

* Version:        2024.2 (Build 5238294 on Nov  8 2024)
* Project:        prj
* Solution:       sol (Vivado IP Flow Target)
* Product family: zynq
* Target device:  xc7z010-clg400-1


================================================================
== Performance Estimates
================================================================
+ Timing: 
    * Summary: 
    +--------+---------+----------+------------+
    |  Clock |  Target | Estimated| Uncertainty|
    +--------+---------+----------+------------+
    |ap_clk  |  6.67 ns|  4.021 ns|     1.80 ns|
    +--------+---------+----------+------------+

+ Latency: 
    * Summary: 
    +---------+---------+-----------+-----------+-----+------+---------+
    |  Latency (cycles) |   Latency (absolute)  |  Interval  | Pipeline|
    |   min   |   max   |    min    |    max    | min |  max |   Type  |
    +---------+---------+-----------+-----------+-----+------+---------+
    |        4|     4100|  26.668 ns|  27.335 us|    4|  4100|       no|
    +---------+---------+-----------+-----------+-----+------+---------+

    + Detail: 
        * Instance: 
        N/A

        * Loop: 
        +--------------------+---------+---------+----------+-----------+-----------+----------+----------+
        |                    |  Latency (cycles) | Iteration|  Initiation Interval  |   Trip   |          |
        |      Loop Name     |   min   |   max   |  Latency |  achieved |   target  |   Count  | Pipelined|
        +--------------------+---------+---------+----------+-----------+-----------+----------+----------+
        |- VITIS_LOOP_981_2  |        1|     4097|         3|          1|          1|  0 ~ 4096|       yes|
        +--------------------+---------+---------+----------+-----------+-----------+----------+----------+



================================================================
== Utilization Estimates
================================================================
* Summary: 
+-----------------+---------+----+-------+-------+-----+
|       Name      | BRAM_18K| DSP|   FF  |  LUT  | URAM|
+-----------------+---------+----+-------+-------+-----+
|DSP              |        -|   -|      -|      -|    -|
|Expression       |        -|   -|      0|    105|    -|
|FIFO             |        -|   -|      -|      -|    -|
|Instance         |        -|   -|      0|     27|    -|
|Memory           |        -|   -|      -|      -|    -|
|Multiplexer      |        -|   -|      0|    111|    -|
|Register         |        -|   -|     72|      -|    -|
+-----------------+---------+----+-------+-------+-----+
|Total            |        0|   0|     72|    243|    0|
+-----------------+---------+----+-------+-------+-----+
|Available        |      120|  80|  35200|  17600|    0|
+-----------------+---------+----+-------+-------+-----+
|Utilization (%)  |        0|   0|     ~0|      1|    0|
+-----------------+---------+----+-------+-------+-----+

+ Detail: 
    * Instance: 
    +-----------------------------+------------------------+---------+----+---+----+-----+
    |           Instance          |         Module         | BRAM_18K| DSP| FF| LUT| URAM|
    +-----------------------------+------------------------+---------+----+---+----+-----+
    |sparsemux_7_2_10_1_1_x_U317  |sparsemux_7_2_10_1_1_x  |        0|   0|  0|   9|    0|
    |sparsemux_7_2_10_1_1_x_U318  |sparsemux_7_2_10_1_1_x  |        0|   0|  0|   9|    0|
    |sparsemux_7_2_11_1_1_U316    |sparsemux_7_2_11_1_1    |        0|   0|  0|   9|    0|
    +-----------------------------+------------------------+---------+----+---+----+-----+
    |Total                        |                        |        0|   0|  0|  27|    0|
    +-----------------------------+------------------------+---------+----+---+----+-----+

    * DSP: 
    N/A

    * Memory: 
    N/A

    * FIFO: 
    N/A

    * Expression: 
    +----------------------------------+----------+----+---+----+------------+------------+
    |           Variable Name          | Operation| DSP| FF| LUT| Bitwidth P0| Bitwidth P1|
    +----------------------------------+----------+----+---+----+------------+------------+
    |add_ln1005_fu_282_p2              |         +|   0|  0|  23|          16|           1|
    |j_2_fu_263_p2                     |         +|   0|  0|  14|          13|           1|
    |axi_data_3_fu_429_p5              |      1003|   0|  0|   2|          30|          20|
    |ap_block_state3_pp0_stage0_iter1  |       and|   0|  0|   2|           1|           1|
    |ap_block_state4_pp0_stage0_iter2  |       and|   0|  0|   2|           1|           1|
    |axi_last_fu_269_p2                |      icmp|   0|  0|  14|          13|          13|
    |icmp_ln1020_1_fu_344_p2           |      icmp|   0|  0|  15|           8|           1|
    |icmp_ln1020_fu_339_p2             |      icmp|   0|  0|  15|           8|           1|
    |icmp_ln981_fu_258_p2              |      icmp|   0|  0|  14|          13|          13|
    |ap_block_pp0_stage0_01001         |        or|   0|  0|   2|           1|           1|
    |ap_enable_pp0                     |       xor|   0|  0|   2|           1|           2|
    +----------------------------------+----------+----+---+----+------------+------------+
    |Total                             |          |   0|  0| 105|         105|          55|
    +----------------------------------+----------+----+---+----+------------+------------+

    * Multiplexer: 
    +--------------------------------+----+-----------+-----+-----------+
    |              Name              | LUT| Input Size| Bits| Total Bits|
    +--------------------------------+----+-----------+-----+-----------+
    |ap_NS_fsm                       |  25|          5|    1|          5|
    |ap_enable_reg_pp0_iter1         |   9|          2|    1|          2|
    |ap_enable_reg_pp0_iter2         |  14|          3|    1|          3|
    |ap_phi_mux_sof_2_phi_fu_224_p4  |   9|          2|    1|          2|
    |counter_loc_1_i_fu_136          |   9|          2|   16|         32|
    |j_fu_132                        |   9|          2|   13|         26|
    |m_axis_video_TDATA_blk_n        |   9|          2|    1|          2|
    |ovrlayYUV_blk_n                 |   9|          2|    1|          2|
    |phi_ln1036_reg_232              |   9|          2|    1|          2|
    |sof_2_reg_219                   |   9|          2|    1|          2|
    +--------------------------------+----+-----------+-----+-----------+
    |Total                           | 111|         24|   37|         78|
    +--------------------------------+----+-----------+-----+-----------+

    * Register: 
    +----------------------------------+----+----+-----+-----------+
    |               Name               | FF | LUT| Bits| Const Bits|
    +----------------------------------+----+----+-----+-----------+
    |ap_CS_fsm                         |   4|   0|    4|          0|
    |ap_enable_reg_pp0_iter0           |   1|   0|    1|          0|
    |ap_enable_reg_pp0_iter1           |   1|   0|    1|          0|
    |ap_enable_reg_pp0_iter2           |   1|   0|    1|          0|
    |axi_data_3_reg_502                |  30|   0|   30|          0|
    |axi_last_reg_497                  |   1|   0|    1|          0|
    |axi_last_reg_497_pp0_iter1_reg    |   1|   0|    1|          0|
    |counter_loc_1_i_fu_136            |  16|   0|   16|          0|
    |icmp_ln981_reg_493                |   1|   0|    1|          0|
    |icmp_ln981_reg_493_pp0_iter1_reg  |   1|   0|    1|          0|
    |j_fu_132                          |  13|   0|   13|          0|
    |phi_ln1036_reg_232                |   1|   0|    1|          0|
    |sof_2_reg_219                     |   1|   0|    1|          0|
    +----------------------------------+----+----+-----+-----------+
    |Total                             |  72|   0|   72|          0|
    +----------------------------------+----+----+-----+-----------+



================================================================
== Interface
================================================================
* Summary: 
+----------------------------+-----+-----+------------+---------------------------------------------------+--------------+
|          RTL Ports         | Dir | Bits|  Protocol  |                   Source Object                   |    C Type    |
+----------------------------+-----+-----+------------+---------------------------------------------------+--------------+
|ap_clk                      |   in|    1|  ap_ctrl_hs|  MultiPixStream2AXIvideo_Pipeline_VITIS_LOOP_981_2|  return value|
|ap_rst                      |   in|    1|  ap_ctrl_hs|  MultiPixStream2AXIvideo_Pipeline_VITIS_LOOP_981_2|  return value|
|ap_start                    |   in|    1|  ap_ctrl_hs|  MultiPixStream2AXIvideo_Pipeline_VITIS_LOOP_981_2|  return value|
|ap_done                     |  out|    1|  ap_ctrl_hs|  MultiPixStream2AXIvideo_Pipeline_VITIS_LOOP_981_2|  return value|
|ap_idle                     |  out|    1|  ap_ctrl_hs|  MultiPixStream2AXIvideo_Pipeline_VITIS_LOOP_981_2|  return value|
|ap_ready                    |  out|    1|  ap_ctrl_hs|  MultiPixStream2AXIvideo_Pipeline_VITIS_LOOP_981_2|  return value|
|counter_loc_0_i             |   in|   16|     ap_none|                                    counter_loc_0_i|        scalar|
|sof                         |   in|    1|     ap_none|                                                sof|        scalar|
|cols                        |   in|   13|     ap_none|                                               cols|        scalar|
|ovrlayYUV_dout              |   in|   30|     ap_fifo|                                          ovrlayYUV|       pointer|
|ovrlayYUV_empty_n           |   in|    1|     ap_fifo|                                          ovrlayYUV|       pointer|
|ovrlayYUV_read              |  out|    1|     ap_fifo|                                          ovrlayYUV|       pointer|
|ovrlayYUV_num_data_valid    |   in|    5|     ap_fifo|                                          ovrlayYUV|       pointer|
|ovrlayYUV_fifo_cap          |   in|    5|     ap_fifo|                                          ovrlayYUV|       pointer|
|colorFormat_val27_load      |   in|    8|     ap_none|                             colorFormat_val27_load|        scalar|
|m_axis_video_TDATA          |  out|   32|        axis|                              m_axis_video_V_data_V|       pointer|
|m_axis_video_TREADY         |   in|    1|        axis|                              m_axis_video_V_data_V|       pointer|
|m_axis_video_TVALID         |  out|    1|        axis|                              m_axis_video_V_dest_V|       pointer|
|m_axis_video_TDEST          |  out|    1|        axis|                              m_axis_video_V_dest_V|       pointer|
|m_axis_video_TKEEP          |  out|    4|        axis|                              m_axis_video_V_keep_V|       pointer|
|m_axis_video_TSTRB          |  out|    4|        axis|                              m_axis_video_V_strb_V|       pointer|
|m_axis_video_TUSER          |  out|    1|        axis|                              m_axis_video_V_user_V|       pointer|
|m_axis_video_TLAST          |  out|    1|        axis|                              m_axis_video_V_last_V|       pointer|
|m_axis_video_TID            |  out|    1|        axis|                                m_axis_video_V_id_V|       pointer|
|sub_cast_i                  |   in|   13|     ap_none|                                         sub_cast_i|        scalar|
|counter_loc_1_i_out         |  out|   16|      ap_vld|                                counter_loc_1_i_out|       pointer|
|counter_loc_1_i_out_ap_vld  |  out|    1|      ap_vld|                                counter_loc_1_i_out|       pointer|
|phi_ln1036_out              |  out|    1|      ap_vld|                                     phi_ln1036_out|       pointer|
|phi_ln1036_out_ap_vld       |  out|    1|      ap_vld|                                     phi_ln1036_out|       pointer|
|counter                     |  out|   16|      ap_vld|                                            counter|       pointer|
|counter_ap_vld              |  out|    1|      ap_vld|                                            counter|       pointer|
+----------------------------+-----+-----+------------+---------------------------------------------------+--------------+

