==============================================================
Vitis HLS - High-Level Synthesis from C, C++ and OpenCL v2024.2 (64-bit)
Tool Version Limit: 2024.11
Copyright 1986-2022 Xilinx, Inc. All Rights Reserved.
Copyright 2022-2024 Advanced Micro Devices, Inc. All Rights Reserved.

==============================================================
INFO: [HLS 200-1505] Using default flow_target 'vivado'
INFO: [HLS 200-1510] Running: set_part xc7z010clg400-1 
INFO: [HLS 200-1611] Setting target device to 'xc7z010-clg400-1'
INFO: [HLS 200-1510] Running: add_files -cflags  -I d:/FPGA/zybo/imx219/v2/pcam_hw/Zybo-Z7-HW.gen/sources_1/bd/system/ip/system_v_gamma_lut_0_0/src/hls -I d:/FPGA/zybo/imx219/v2/pcam_hw/Zybo-Z7-HW.gen/sources_1/bd/system/ip/system_v_gamma_lut_0_0/src  d:/FPGA/zybo/imx219/v2/pcam_hw/Zybo-Z7-HW.gen/sources_1/bd/system/ip/system_v_gamma_lut_0_0/src/v_gamma_lut_config.h 
INFO: [HLS 200-10] Adding design file 'd:/FPGA/zybo/imx219/v2/pcam_hw/Zybo-Z7-HW.gen/sources_1/bd/system/ip/system_v_gamma_lut_0_0/src/v_gamma_lut_config.h' to the project
INFO: [HLS 200-1510] Running: add_files -cflags  -I d:/FPGA/zybo/imx219/v2/pcam_hw/Zybo-Z7-HW.gen/sources_1/bd/system/ip/system_v_gamma_lut_0_0/src/hls -I d:/FPGA/zybo/imx219/v2/pcam_hw/Zybo-Z7-HW.gen/sources_1/bd/system/ip/system_v_gamma_lut_0_0/src  d:/FPGA/zybo/imx219/v2/pcam_hw/Zybo-Z7-HW.gen/sources_1/bd/system/ip/system_v_gamma_lut_0_0/src/v_gamma_lut.cpp 
INFO: [HLS 200-10] Adding design file 'd:/FPGA/zybo/imx219/v2/pcam_hw/Zybo-Z7-HW.gen/sources_1/bd/system/ip/system_v_gamma_lut_0_0/src/v_gamma_lut.cpp' to the project
INFO: [HLS 200-1510] Running: add_files -cflags  -I d:/FPGA/zybo/imx219/v2/pcam_hw/Zybo-Z7-HW.gen/sources_1/bd/system/ip/system_v_gamma_lut_0_0/src/hls -I d:/FPGA/zybo/imx219/v2/pcam_hw/Zybo-Z7-HW.gen/sources_1/bd/system/ip/system_v_gamma_lut_0_0/src  d:/FPGA/zybo/imx219/v2/pcam_hw/Zybo-Z7-HW.gen/sources_1/bd/system/ip/system_v_gamma_lut_0_0/src/v_gamma_lut.h 
INFO: [HLS 200-10] Adding design file 'd:/FPGA/zybo/imx219/v2/pcam_hw/Zybo-Z7-HW.gen/sources_1/bd/system/ip/system_v_gamma_lut_0_0/src/v_gamma_lut.h' to the project
INFO: [HLS 200-1510] Running: add_files -cflags  -I d:/FPGA/zybo/imx219/v2/pcam_hw/Zybo-Z7-HW.gen/sources_1/bd/system/ip/system_v_gamma_lut_0_0/src/hls -I d:/FPGA/zybo/imx219/v2/pcam_hw/Zybo-Z7-HW.gen/sources_1/bd/system/ip/system_v_gamma_lut_0_0/src  d:/FPGA/zybo/imx219/v2/pcam_hw/Zybo-Z7-HW.gen/sources_1/bd/system/ip/system_v_gamma_lut_0_0/src/hls_video.h 
INFO: [HLS 200-10] Adding design file 'd:/FPGA/zybo/imx219/v2/pcam_hw/Zybo-Z7-HW.gen/sources_1/bd/system/ip/system_v_gamma_lut_0_0/src/hls_video.h' to the project
INFO: [HLS 200-1510] Running: add_files -cflags  -I d:/FPGA/zybo/imx219/v2/pcam_hw/Zybo-Z7-HW.gen/sources_1/bd/system/ip/system_v_gamma_lut_0_0/src/hls -I d:/FPGA/zybo/imx219/v2/pcam_hw/Zybo-Z7-HW.gen/sources_1/bd/system/ip/system_v_gamma_lut_0_0/src  d:/FPGA/zybo/imx219/v2/pcam_hw/Zybo-Z7-HW.gen/sources_1/bd/system/ip/system_v_gamma_lut_0_0/src/hls_opencv.h 
INFO: [HLS 200-10] Adding design file 'd:/FPGA/zybo/imx219/v2/pcam_hw/Zybo-Z7-HW.gen/sources_1/bd/system/ip/system_v_gamma_lut_0_0/src/hls_opencv.h' to the project
INFO: [HLS 200-1510] Running: add_files -cflags  -I d:/FPGA/zybo/imx219/v2/pcam_hw/Zybo-Z7-HW.gen/sources_1/bd/system/ip/system_v_gamma_lut_0_0/src/hls -I d:/FPGA/zybo/imx219/v2/pcam_hw/Zybo-Z7-HW.gen/sources_1/bd/system/ip/system_v_gamma_lut_0_0/src  d:/FPGA/zybo/imx219/v2/pcam_hw/Zybo-Z7-HW.gen/sources_1/bd/system/ip/system_v_gamma_lut_0_0/src/hls/hls_axi_io.h 
INFO: [HLS 200-10] Adding design file 'd:/FPGA/zybo/imx219/v2/pcam_hw/Zybo-Z7-HW.gen/sources_1/bd/system/ip/system_v_gamma_lut_0_0/src/hls/hls_axi_io.h' to the project
INFO: [HLS 200-1510] Running: add_files -cflags  -I d:/FPGA/zybo/imx219/v2/pcam_hw/Zybo-Z7-HW.gen/sources_1/bd/system/ip/system_v_gamma_lut_0_0/src/hls -I d:/FPGA/zybo/imx219/v2/pcam_hw/Zybo-Z7-HW.gen/sources_1/bd/system/ip/system_v_gamma_lut_0_0/src  d:/FPGA/zybo/imx219/v2/pcam_hw/Zybo-Z7-HW.gen/sources_1/bd/system/ip/system_v_gamma_lut_0_0/src/hls/hls_video_arithm.h 
INFO: [HLS 200-10] Adding design file 'd:/FPGA/zybo/imx219/v2/pcam_hw/Zybo-Z7-HW.gen/sources_1/bd/system/ip/system_v_gamma_lut_0_0/src/hls/hls_video_arithm.h' to the project
INFO: [HLS 200-1510] Running: add_files -cflags  -I d:/FPGA/zybo/imx219/v2/pcam_hw/Zybo-Z7-HW.gen/sources_1/bd/system/ip/system_v_gamma_lut_0_0/src/hls -I d:/FPGA/zybo/imx219/v2/pcam_hw/Zybo-Z7-HW.gen/sources_1/bd/system/ip/system_v_gamma_lut_0_0/src  d:/FPGA/zybo/imx219/v2/pcam_hw/Zybo-Z7-HW.gen/sources_1/bd/system/ip/system_v_gamma_lut_0_0/src/hls/hls_video_core.h 
INFO: [HLS 200-10] Adding design file 'd:/FPGA/zybo/imx219/v2/pcam_hw/Zybo-Z7-HW.gen/sources_1/bd/system/ip/system_v_gamma_lut_0_0/src/hls/hls_video_core.h' to the project
INFO: [HLS 200-1510] Running: add_files -cflags  -I d:/FPGA/zybo/imx219/v2/pcam_hw/Zybo-Z7-HW.gen/sources_1/bd/system/ip/system_v_gamma_lut_0_0/src/hls -I d:/FPGA/zybo/imx219/v2/pcam_hw/Zybo-Z7-HW.gen/sources_1/bd/system/ip/system_v_gamma_lut_0_0/src  d:/FPGA/zybo/imx219/v2/pcam_hw/Zybo-Z7-HW.gen/sources_1/bd/system/ip/system_v_gamma_lut_0_0/src/hls/hls_video_fast.h 
INFO: [HLS 200-10] Adding design file 'd:/FPGA/zybo/imx219/v2/pcam_hw/Zybo-Z7-HW.gen/sources_1/bd/system/ip/system_v_gamma_lut_0_0/src/hls/hls_video_fast.h' to the project
INFO: [HLS 200-1510] Running: add_files -cflags  -I d:/FPGA/zybo/imx219/v2/pcam_hw/Zybo-Z7-HW.gen/sources_1/bd/system/ip/system_v_gamma_lut_0_0/src/hls -I d:/FPGA/zybo/imx219/v2/pcam_hw/Zybo-Z7-HW.gen/sources_1/bd/system/ip/system_v_gamma_lut_0_0/src  d:/FPGA/zybo/imx219/v2/pcam_hw/Zybo-Z7-HW.gen/sources_1/bd/system/ip/system_v_gamma_lut_0_0/src/hls/hls_video_haar.h 
INFO: [HLS 200-10] Adding design file 'd:/FPGA/zybo/imx219/v2/pcam_hw/Zybo-Z7-HW.gen/sources_1/bd/system/ip/system_v_gamma_lut_0_0/src/hls/hls_video_haar.h' to the project
INFO: [HLS 200-1510] Running: add_files -cflags  -I d:/FPGA/zybo/imx219/v2/pcam_hw/Zybo-Z7-HW.gen/sources_1/bd/system/ip/system_v_gamma_lut_0_0/src/hls -I d:/FPGA/zybo/imx219/v2/pcam_hw/Zybo-Z7-HW.gen/sources_1/bd/system/ip/system_v_gamma_lut_0_0/src  d:/FPGA/zybo/imx219/v2/pcam_hw/Zybo-Z7-HW.gen/sources_1/bd/system/ip/system_v_gamma_lut_0_0/src/hls/hls_video_harris.h 
INFO: [HLS 200-10] Adding design file 'd:/FPGA/zybo/imx219/v2/pcam_hw/Zybo-Z7-HW.gen/sources_1/bd/system/ip/system_v_gamma_lut_0_0/src/hls/hls_video_harris.h' to the project
INFO: [HLS 200-1510] Running: add_files -cflags  -I d:/FPGA/zybo/imx219/v2/pcam_hw/Zybo-Z7-HW.gen/sources_1/bd/system/ip/system_v_gamma_lut_0_0/src/hls -I d:/FPGA/zybo/imx219/v2/pcam_hw/Zybo-Z7-HW.gen/sources_1/bd/system/ip/system_v_gamma_lut_0_0/src  d:/FPGA/zybo/imx219/v2/pcam_hw/Zybo-Z7-HW.gen/sources_1/bd/system/ip/system_v_gamma_lut_0_0/src/hls/hls_video_histogram.h 
INFO: [HLS 200-10] Adding design file 'd:/FPGA/zybo/imx219/v2/pcam_hw/Zybo-Z7-HW.gen/sources_1/bd/system/ip/system_v_gamma_lut_0_0/src/hls/hls_video_histogram.h' to the project
INFO: [HLS 200-1510] Running: add_files -cflags  -I d:/FPGA/zybo/imx219/v2/pcam_hw/Zybo-Z7-HW.gen/sources_1/bd/system/ip/system_v_gamma_lut_0_0/src/hls -I d:/FPGA/zybo/imx219/v2/pcam_hw/Zybo-Z7-HW.gen/sources_1/bd/system/ip/system_v_gamma_lut_0_0/src  d:/FPGA/zybo/imx219/v2/pcam_hw/Zybo-Z7-HW.gen/sources_1/bd/system/ip/system_v_gamma_lut_0_0/src/hls/hls_video_hough.h 
INFO: [HLS 200-10] Adding design file 'd:/FPGA/zybo/imx219/v2/pcam_hw/Zybo-Z7-HW.gen/sources_1/bd/system/ip/system_v_gamma_lut_0_0/src/hls/hls_video_hough.h' to the project
INFO: [HLS 200-1510] Running: add_files -cflags  -I d:/FPGA/zybo/imx219/v2/pcam_hw/Zybo-Z7-HW.gen/sources_1/bd/system/ip/system_v_gamma_lut_0_0/src/hls -I d:/FPGA/zybo/imx219/v2/pcam_hw/Zybo-Z7-HW.gen/sources_1/bd/system/ip/system_v_gamma_lut_0_0/src  d:/FPGA/zybo/imx219/v2/pcam_hw/Zybo-Z7-HW.gen/sources_1/bd/system/ip/system_v_gamma_lut_0_0/src/hls/hls_video_imgbase.h 
INFO: [HLS 200-10] Adding design file 'd:/FPGA/zybo/imx219/v2/pcam_hw/Zybo-Z7-HW.gen/sources_1/bd/system/ip/system_v_gamma_lut_0_0/src/hls/hls_video_imgbase.h' to the project
INFO: [HLS 200-1510] Running: add_files -cflags  -I d:/FPGA/zybo/imx219/v2/pcam_hw/Zybo-Z7-HW.gen/sources_1/bd/system/ip/system_v_gamma_lut_0_0/src/hls -I d:/FPGA/zybo/imx219/v2/pcam_hw/Zybo-Z7-HW.gen/sources_1/bd/system/ip/system_v_gamma_lut_0_0/src  d:/FPGA/zybo/imx219/v2/pcam_hw/Zybo-Z7-HW.gen/sources_1/bd/system/ip/system_v_gamma_lut_0_0/src/hls/hls_video_imgproc.h 
INFO: [HLS 200-10] Adding design file 'd:/FPGA/zybo/imx219/v2/pcam_hw/Zybo-Z7-HW.gen/sources_1/bd/system/ip/system_v_gamma_lut_0_0/src/hls/hls_video_imgproc.h' to the project
INFO: [HLS 200-1510] Running: add_files -cflags  -I d:/FPGA/zybo/imx219/v2/pcam_hw/Zybo-Z7-HW.gen/sources_1/bd/system/ip/system_v_gamma_lut_0_0/src/hls -I d:/FPGA/zybo/imx219/v2/pcam_hw/Zybo-Z7-HW.gen/sources_1/bd/system/ip/system_v_gamma_lut_0_0/src  d:/FPGA/zybo/imx219/v2/pcam_hw/Zybo-Z7-HW.gen/sources_1/bd/system/ip/system_v_gamma_lut_0_0/src/hls/hls_video_io.h 
INFO: [HLS 200-10] Adding design file 'd:/FPGA/zybo/imx219/v2/pcam_hw/Zybo-Z7-HW.gen/sources_1/bd/system/ip/system_v_gamma_lut_0_0/src/hls/hls_video_io.h' to the project
INFO: [HLS 200-1510] Running: add_files -cflags  -I d:/FPGA/zybo/imx219/v2/pcam_hw/Zybo-Z7-HW.gen/sources_1/bd/system/ip/system_v_gamma_lut_0_0/src/hls -I d:/FPGA/zybo/imx219/v2/pcam_hw/Zybo-Z7-HW.gen/sources_1/bd/system/ip/system_v_gamma_lut_0_0/src  d:/FPGA/zybo/imx219/v2/pcam_hw/Zybo-Z7-HW.gen/sources_1/bd/system/ip/system_v_gamma_lut_0_0/src/hls/hls_video_mem.h 
INFO: [HLS 200-10] Adding design file 'd:/FPGA/zybo/imx219/v2/pcam_hw/Zybo-Z7-HW.gen/sources_1/bd/system/ip/system_v_gamma_lut_0_0/src/hls/hls_video_mem.h' to the project
INFO: [HLS 200-1510] Running: add_files -cflags  -I d:/FPGA/zybo/imx219/v2/pcam_hw/Zybo-Z7-HW.gen/sources_1/bd/system/ip/system_v_gamma_lut_0_0/src/hls -I d:/FPGA/zybo/imx219/v2/pcam_hw/Zybo-Z7-HW.gen/sources_1/bd/system/ip/system_v_gamma_lut_0_0/src  d:/FPGA/zybo/imx219/v2/pcam_hw/Zybo-Z7-HW.gen/sources_1/bd/system/ip/system_v_gamma_lut_0_0/src/hls/hls_video_stereobm.h 
INFO: [HLS 200-10] Adding design file 'd:/FPGA/zybo/imx219/v2/pcam_hw/Zybo-Z7-HW.gen/sources_1/bd/system/ip/system_v_gamma_lut_0_0/src/hls/hls_video_stereobm.h' to the project
INFO: [HLS 200-1510] Running: add_files -cflags  -I d:/FPGA/zybo/imx219/v2/pcam_hw/Zybo-Z7-HW.gen/sources_1/bd/system/ip/system_v_gamma_lut_0_0/src/hls -I d:/FPGA/zybo/imx219/v2/pcam_hw/Zybo-Z7-HW.gen/sources_1/bd/system/ip/system_v_gamma_lut_0_0/src  d:/FPGA/zybo/imx219/v2/pcam_hw/Zybo-Z7-HW.gen/sources_1/bd/system/ip/system_v_gamma_lut_0_0/src/hls/hls_video_types.h 
INFO: [HLS 200-10] Adding design file 'd:/FPGA/zybo/imx219/v2/pcam_hw/Zybo-Z7-HW.gen/sources_1/bd/system/ip/system_v_gamma_lut_0_0/src/hls/hls_video_types.h' to the project
INFO: [HLS 200-1510] Running: add_files -cflags  -I d:/FPGA/zybo/imx219/v2/pcam_hw/Zybo-Z7-HW.gen/sources_1/bd/system/ip/system_v_gamma_lut_0_0/src/hls -I d:/FPGA/zybo/imx219/v2/pcam_hw/Zybo-Z7-HW.gen/sources_1/bd/system/ip/system_v_gamma_lut_0_0/src  d:/FPGA/zybo/imx219/v2/pcam_hw/Zybo-Z7-HW.gen/sources_1/bd/system/ip/system_v_gamma_lut_0_0/src/hls/hls_video_undistort.h 
INFO: [HLS 200-10] Adding design file 'd:/FPGA/zybo/imx219/v2/pcam_hw/Zybo-Z7-HW.gen/sources_1/bd/system/ip/system_v_gamma_lut_0_0/src/hls/hls_video_undistort.h' to the project
INFO: [HLS 200-1510] Running: create_clock -period 6.667 -name ap_clk 
INFO: [SYN 201-201] Setting up clock 'ap_clk' with a period of 6.667ns.
INFO: [HLS 200-1510] Running: config_rtl -module_prefix system_v_gamma_lut_0_0_ 
INFO: [HLS 200-1510] Running: config_export -vendor xilinx.com -library ip -version 1.1 
INFO: [HLS 200-1510] Running: csynth_design 
INFO: [HLS 200-111] Finished File checks and directory preparation: CPU user time: 0 seconds. CPU system time: 0 seconds. Elapsed time: 0.194 seconds; current allocated memory: 263.703 MB.
INFO: [HLS 200-10] Analyzing design file 'D:/FPGA/zybo/imx219/v2/pcam_hw/Zybo-Z7-HW.gen/sources_1/bd/system/ip/system_v_gamma_lut_0_0/src/v_gamma_lut.cpp' ... 
WARNING: [HLS 214-114] Since the only kind of statements allowed in a canonical dataflow region are variable declarations and function calls, the compiler may not be able to correctly handle the region (D:/FPGA/zybo/imx219/v2/pcam_hw/Zybo-Z7-HW.runs/system_v_gamma_lut_0_0_synth_1/prj/sol/.autopilot/db/v_gamma_lut.cpp:138:9)
WARNING: [HLS 200-471] Dataflow form checks found 1 issue(s) in file D:/FPGA/zybo/imx219/v2/pcam_hw/Zybo-Z7-HW.gen/sources_1/bd/system/ip/system_v_gamma_lut_0_0/src/v_gamma_lut.cpp
INFO: [HLS 200-111] Finished Source Code Analysis and Preprocessing: CPU user time: 10 seconds. CPU system time: 0 seconds. Elapsed time: 99.316 seconds; current allocated memory: 270.301 MB.
INFO: [HLS 200-777] Using interface defaults for 'Vivado' flow target.
INFO: [HLS 200-1995] There were 1,703 instructions in the design after the 'Compile/Link' phase of compilation. See the Design Size Report for more details: D:/FPGA/zybo/imx219/v2/pcam_hw/Zybo-Z7-HW.runs/system_v_gamma_lut_0_0_synth_1/prj/sol/syn/report/csynth_design_size.rpt
INFO: [HLS 200-1995] There were 615 instructions in the design after the 'Unroll/Inline (step 1)' phase of compilation. See the Design Size Report for more details: D:/FPGA/zybo/imx219/v2/pcam_hw/Zybo-Z7-HW.runs/system_v_gamma_lut_0_0_synth_1/prj/sol/syn/report/csynth_design_size.rpt
INFO: [HLS 200-1995] There were 403 instructions in the design after the 'Unroll/Inline (step 2)' phase of compilation. See the Design Size Report for more details: D:/FPGA/zybo/imx219/v2/pcam_hw/Zybo-Z7-HW.runs/system_v_gamma_lut_0_0_synth_1/prj/sol/syn/report/csynth_design_size.rpt
INFO: [HLS 200-1995] There were 430 instructions in the design after the 'Unroll/Inline (step 3)' phase of compilation. See the Design Size Report for more details: D:/FPGA/zybo/imx219/v2/pcam_hw/Zybo-Z7-HW.runs/system_v_gamma_lut_0_0_synth_1/prj/sol/syn/report/csynth_design_size.rpt
INFO: [HLS 200-1995] There were 430 instructions in the design after the 'Unroll/Inline (step 4)' phase of compilation. See the Design Size Report for more details: D:/FPGA/zybo/imx219/v2/pcam_hw/Zybo-Z7-HW.runs/system_v_gamma_lut_0_0_synth_1/prj/sol/syn/report/csynth_design_size.rpt
INFO: [HLS 200-1995] There were 371 instructions in the design after the 'Array/Struct (step 1)' phase of compilation. See the Design Size Report for more details: D:/FPGA/zybo/imx219/v2/pcam_hw/Zybo-Z7-HW.runs/system_v_gamma_lut_0_0_synth_1/prj/sol/syn/report/csynth_design_size.rpt
INFO: [HLS 200-1995] There were 371 instructions in the design after the 'Array/Struct (step 2)' phase of compilation. See the Design Size Report for more details: D:/FPGA/zybo/imx219/v2/pcam_hw/Zybo-Z7-HW.runs/system_v_gamma_lut_0_0_synth_1/prj/sol/syn/report/csynth_design_size.rpt
INFO: [HLS 200-1995] There were 377 instructions in the design after the 'Array/Struct (step 3)' phase of compilation. See the Design Size Report for more details: D:/FPGA/zybo/imx219/v2/pcam_hw/Zybo-Z7-HW.runs/system_v_gamma_lut_0_0_synth_1/prj/sol/syn/report/csynth_design_size.rpt
INFO: [HLS 200-1995] There were 451 instructions in the design after the 'Array/Struct (step 4)' phase of compilation. See the Design Size Report for more details: D:/FPGA/zybo/imx219/v2/pcam_hw/Zybo-Z7-HW.runs/system_v_gamma_lut_0_0_synth_1/prj/sol/syn/report/csynth_design_size.rpt
INFO: [HLS 200-1995] There were 510 instructions in the design after the 'Array/Struct (step 5)' phase of compilation. See the Design Size Report for more details: D:/FPGA/zybo/imx219/v2/pcam_hw/Zybo-Z7-HW.runs/system_v_gamma_lut_0_0_synth_1/prj/sol/syn/report/csynth_design_size.rpt
INFO: [HLS 200-1995] There were 509 instructions in the design after the 'Performance (step 1)' phase of compilation. See the Design Size Report for more details: D:/FPGA/zybo/imx219/v2/pcam_hw/Zybo-Z7-HW.runs/system_v_gamma_lut_0_0_synth_1/prj/sol/syn/report/csynth_design_size.rpt
INFO: [HLS 200-1995] There were 482 instructions in the design after the 'Performance (step 2)' phase of compilation. See the Design Size Report for more details: D:/FPGA/zybo/imx219/v2/pcam_hw/Zybo-Z7-HW.runs/system_v_gamma_lut_0_0_synth_1/prj/sol/syn/report/csynth_design_size.rpt
INFO: [HLS 200-1995] There were 410 instructions in the design after the 'Performance (step 3)' phase of compilation. See the Design Size Report for more details: D:/FPGA/zybo/imx219/v2/pcam_hw/Zybo-Z7-HW.runs/system_v_gamma_lut_0_0_synth_1/prj/sol/syn/report/csynth_design_size.rpt
INFO: [HLS 200-1995] There were 410 instructions in the design after the 'Performance (step 4)' phase of compilation. See the Design Size Report for more details: D:/FPGA/zybo/imx219/v2/pcam_hw/Zybo-Z7-HW.runs/system_v_gamma_lut_0_0_synth_1/prj/sol/syn/report/csynth_design_size.rpt
INFO: [HLS 200-1995] There were 356 instructions in the design after the 'HW Transforms (step 1)' phase of compilation. See the Design Size Report for more details: D:/FPGA/zybo/imx219/v2/pcam_hw/Zybo-Z7-HW.runs/system_v_gamma_lut_0_0_synth_1/prj/sol/syn/report/csynth_design_size.rpt
INFO: [HLS 200-1995] There were 375 instructions in the design after the 'HW Transforms (step 2)' phase of compilation. See the Design Size Report for more details: D:/FPGA/zybo/imx219/v2/pcam_hw/Zybo-Z7-HW.runs/system_v_gamma_lut_0_0_synth_1/prj/sol/syn/report/csynth_design_size.rpt
INFO: [HLS 214-131] Inlining function 'void hls::AXIGetBitFields<30, ap_uint<10> >(ap_uint<30>, int, int, ap_uint<10>&)' into 'void hls::AXIGetBitFields<30, ap_uint<10> >(hls::axis<ap_uint<30>, 1ul, 1ul, 1ul, (unsigned char)56, false>, int, int, ap_uint<10>&)' (d:/FPGA/zybo/imx219/v2/pcam_hw/Zybo-Z7-HW.gen/sources_1/bd/system/ip/system_v_gamma_lut_0_0/src/hls/hls_axi_io.h:85:2)
INFO: [HLS 214-131] Inlining function 'hls::Scalar<3, ap_uint<10> >::Scalar()' into 'AXIvideo2MultiPixStream(hls::stream<hls::axis<ap_uint<30>, 1ul, 1ul, 1ul, (unsigned char)56, false>, 0>&, hls::stream<hls::Scalar<3, ap_uint<10> >, 0>&, unsigned short&, unsigned short&)' (D:/FPGA/zybo/imx219/v2/pcam_hw/Zybo-Z7-HW.runs/system_v_gamma_lut_0_0_synth_1/prj/sol/.autopilot/db/v_gamma_lut.cpp:167:21)
INFO: [HLS 214-131] Inlining function 'void hls::AXIGetBitFields<30, ap_uint<10> >(hls::axis<ap_uint<30>, 1ul, 1ul, 1ul, (unsigned char)56, false>, int, int, ap_uint<10>&)' into 'AXIvideo2MultiPixStream(hls::stream<hls::axis<ap_uint<30>, 1ul, 1ul, 1ul, (unsigned char)56, false>, 0>&, hls::stream<hls::Scalar<3, ap_uint<10> >, 0>&, unsigned short&, unsigned short&)' (D:/FPGA/zybo/imx219/v2/pcam_hw/Zybo-Z7-HW.runs/system_v_gamma_lut_0_0_synth_1/prj/sol/.autopilot/db/v_gamma_lut.cpp:209:21)
INFO: [HLS 214-131] Inlining function 'hls::Scalar<3, ap_uint<10> >::Scalar()' into 'Gamma(hls::stream<hls::Scalar<3, ap_uint<10> >, 0>&, hls::stream<hls::Scalar<3, ap_uint<10> >, 0>&, unsigned short&, unsigned short&, unsigned short*, unsigned short*, unsigned short*)' (D:/FPGA/zybo/imx219/v2/pcam_hw/Zybo-Z7-HW.runs/system_v_gamma_lut_0_0_synth_1/prj/sol/.autopilot/db/v_gamma_lut.cpp:305:21)
INFO: [HLS 214-131] Inlining function 'hls::Scalar<3, ap_uint<10> >::Scalar()' into 'MultiPixStream2AXIvideo(hls::stream<hls::Scalar<3, ap_uint<10> >, 0>&, hls::stream<hls::axis<ap_uint<30>, 1ul, 1ul, 1ul, (unsigned char)56, false>, 0>&, unsigned short&, unsigned short&)' (D:/FPGA/zybo/imx219/v2/pcam_hw/Zybo-Z7-HW.runs/system_v_gamma_lut_0_0_synth_1/prj/sol/.autopilot/db/v_gamma_lut.cpp:243:21)
INFO: [HLS 214-377] Adding 'pix' into disaggregation list because there's array-partition pragma applied on the struct field (d:/FPGA/zybo/imx219/v2/pcam_hw/Zybo-Z7-HW.gen/sources_1/bd/system/ip/system_v_gamma_lut_0_0/src/hls/hls_video_core.h:197:9)
INFO: [HLS 214-377] Adding 'dstpix' into disaggregation list because there's array-partition pragma applied on the struct field (d:/FPGA/zybo/imx219/v2/pcam_hw/Zybo-Z7-HW.gen/sources_1/bd/system/ip/system_v_gamma_lut_0_0/src/hls/hls_video_core.h:197:9)
INFO: [HLS 214-377] Adding 'srcpix' into disaggregation list because there's array-partition pragma applied on the struct field (d:/FPGA/zybo/imx219/v2/pcam_hw/Zybo-Z7-HW.gen/sources_1/bd/system/ip/system_v_gamma_lut_0_0/src/hls/hls_video_core.h:197:9)
INFO: [HLS 214-210] Disaggregating variable 'pix' (D:/FPGA/zybo/imx219/v2/pcam_hw/Zybo-Z7-HW.runs/system_v_gamma_lut_0_0_synth_1/prj/sol/.autopilot/db/v_gamma_lut.cpp:167:21)
INFO: [HLS 214-210] Disaggregating variable 'dstpix' (D:/FPGA/zybo/imx219/v2/pcam_hw/Zybo-Z7-HW.runs/system_v_gamma_lut_0_0_synth_1/prj/sol/.autopilot/db/v_gamma_lut.cpp:306:21)
INFO: [HLS 214-210] Disaggregating variable 'srcpix' (D:/FPGA/zybo/imx219/v2/pcam_hw/Zybo-Z7-HW.runs/system_v_gamma_lut_0_0_synth_1/prj/sol/.autopilot/db/v_gamma_lut.cpp:305:21)
INFO: [HLS 214-210] Disaggregating variable 'pix' (D:/FPGA/zybo/imx219/v2/pcam_hw/Zybo-Z7-HW.runs/system_v_gamma_lut_0_0_synth_1/prj/sol/.autopilot/db/v_gamma_lut.cpp:243:21)
INFO: [HLS 214-291] Loop 'VITIS_LOOP_276_3' is marked as complete unroll implied by the pipeline pragma (D:/FPGA/zybo/imx219/v2/pcam_hw/Zybo-Z7-HW.runs/system_v_gamma_lut_0_0_synth_1/prj/sol/.autopilot/db/v_gamma_lut.cpp:276:31)
INFO: [HLS 214-291] Loop 'VITIS_LOOP_278_4' is marked as complete unroll implied by the pipeline pragma (D:/FPGA/zybo/imx219/v2/pcam_hw/Zybo-Z7-HW.runs/system_v_gamma_lut_0_0_synth_1/prj/sol/.autopilot/db/v_gamma_lut.cpp:278:35)
INFO: [HLS 214-291] Loop 'VITIS_LOOP_335_5' is marked as complete unroll implied by the pipeline pragma (D:/FPGA/zybo/imx219/v2/pcam_hw/Zybo-Z7-HW.runs/system_v_gamma_lut_0_0_synth_1/prj/sol/.autopilot/db/v_gamma_lut.cpp:335:31)
INFO: [HLS 214-291] Loop 'VITIS_LOOP_205_1' is marked as complete unroll implied by the pipeline pragma (D:/FPGA/zybo/imx219/v2/pcam_hw/Zybo-Z7-HW.runs/system_v_gamma_lut_0_0_synth_1/prj/sol/.autopilot/db/v_gamma_lut.cpp:205:31)
INFO: [HLS 214-291] Loop 'VITIS_LOOP_207_2' is marked as complete unroll implied by the pipeline pragma (D:/FPGA/zybo/imx219/v2/pcam_hw/Zybo-Z7-HW.runs/system_v_gamma_lut_0_0_synth_1/prj/sol/.autopilot/db/v_gamma_lut.cpp:207:35)
INFO: [HLS 214-186] Unrolling loop 'VITIS_LOOP_276_3' (D:/FPGA/zybo/imx219/v2/pcam_hw/Zybo-Z7-HW.runs/system_v_gamma_lut_0_0_synth_1/prj/sol/.autopilot/db/v_gamma_lut.cpp:276:31) in function 'MultiPixStream2AXIvideo' completely with a factor of 1 (D:/FPGA/zybo/imx219/v2/pcam_hw/Zybo-Z7-HW.runs/system_v_gamma_lut_0_0_synth_1/prj/sol/.autopilot/db/v_gamma_lut.cpp:241:0)
INFO: [HLS 214-186] Unrolling loop 'VITIS_LOOP_278_4' (D:/FPGA/zybo/imx219/v2/pcam_hw/Zybo-Z7-HW.runs/system_v_gamma_lut_0_0_synth_1/prj/sol/.autopilot/db/v_gamma_lut.cpp:278:35) in function 'MultiPixStream2AXIvideo' completely with a factor of 3 (D:/FPGA/zybo/imx219/v2/pcam_hw/Zybo-Z7-HW.runs/system_v_gamma_lut_0_0_synth_1/prj/sol/.autopilot/db/v_gamma_lut.cpp:241:0)
INFO: [HLS 214-186] Unrolling loop 'VITIS_LOOP_335_5' (D:/FPGA/zybo/imx219/v2/pcam_hw/Zybo-Z7-HW.runs/system_v_gamma_lut_0_0_synth_1/prj/sol/.autopilot/db/v_gamma_lut.cpp:335:31) in function 'Gamma' completely with a factor of 1 (D:/FPGA/zybo/imx219/v2/pcam_hw/Zybo-Z7-HW.runs/system_v_gamma_lut_0_0_synth_1/prj/sol/.autopilot/db/v_gamma_lut.cpp:302:0)
INFO: [HLS 214-186] Unrolling loop 'VITIS_LOOP_205_1' (D:/FPGA/zybo/imx219/v2/pcam_hw/Zybo-Z7-HW.runs/system_v_gamma_lut_0_0_synth_1/prj/sol/.autopilot/db/v_gamma_lut.cpp:205:31) in function 'AXIvideo2MultiPixStream' completely with a factor of 1 (D:/FPGA/zybo/imx219/v2/pcam_hw/Zybo-Z7-HW.runs/system_v_gamma_lut_0_0_synth_1/prj/sol/.autopilot/db/v_gamma_lut.cpp:164:0)
INFO: [HLS 214-186] Unrolling loop 'VITIS_LOOP_207_2' (D:/FPGA/zybo/imx219/v2/pcam_hw/Zybo-Z7-HW.runs/system_v_gamma_lut_0_0_synth_1/prj/sol/.autopilot/db/v_gamma_lut.cpp:207:35) in function 'AXIvideo2MultiPixStream' completely with a factor of 3 (D:/FPGA/zybo/imx219/v2/pcam_hw/Zybo-Z7-HW.runs/system_v_gamma_lut_0_0_synth_1/prj/sol/.autopilot/db/v_gamma_lut.cpp:164:0)
INFO: [HLS 214-241] Aggregating fifo (hls::stream) variable 'imgRgb' with compact=bit mode in 30-bits (D:/FPGA/zybo/imx219/v2/pcam_hw/Zybo-Z7-HW.runs/system_v_gamma_lut_0_0_synth_1/prj/sol/.autopilot/db/v_gamma_lut.cpp:136:19)
INFO: [HLS 214-241] Aggregating fifo (hls::stream) variable 'imgGamma' with compact=bit mode in 30-bits (D:/FPGA/zybo/imx219/v2/pcam_hw/Zybo-Z7-HW.runs/system_v_gamma_lut_0_0_synth_1/prj/sol/.autopilot/db/v_gamma_lut.cpp:136:27)
INFO: [HLS 214-376] automatically set the pipeline for Loop< VITIS_LOOP_315_1> at D:/FPGA/zybo/imx219/v2/pcam_hw/Zybo-Z7-HW.runs/system_v_gamma_lut_0_0_synth_1/prj/sol/.autopilot/db/v_gamma_lut.cpp:315:23 
INFO: [HLS 214-449] Automatically partitioning array 'lut_0' dimension 2 completely based on constant index. (D:/FPGA/zybo/imx219/v2/pcam_hw/Zybo-Z7-HW.runs/system_v_gamma_lut_0_0_synth_1/prj/sol/.autopilot/db/v_gamma_lut.cpp:307:16)
INFO: [HLS 214-449] Automatically partitioning array 'lut_1' dimension 2 completely based on constant index. (D:/FPGA/zybo/imx219/v2/pcam_hw/Zybo-Z7-HW.runs/system_v_gamma_lut_0_0_synth_1/prj/sol/.autopilot/db/v_gamma_lut.cpp:308:16)
INFO: [HLS 214-449] Automatically partitioning array 'lut_2' dimension 2 completely based on constant index. (D:/FPGA/zybo/imx219/v2/pcam_hw/Zybo-Z7-HW.runs/system_v_gamma_lut_0_0_synth_1/prj/sol/.autopilot/db/v_gamma_lut.cpp:309:16)
INFO: [HLS 214-270] Inferring pragma 'array_partition type=complete dim=2' for array 'lut_0' due to pipeline pragma (D:/FPGA/zybo/imx219/v2/pcam_hw/Zybo-Z7-HW.runs/system_v_gamma_lut_0_0_synth_1/prj/sol/.autopilot/db/v_gamma_lut.cpp:307:16)
INFO: [HLS 214-270] Inferring pragma 'array_partition type=complete dim=2' for array 'lut_1' due to pipeline pragma (D:/FPGA/zybo/imx219/v2/pcam_hw/Zybo-Z7-HW.runs/system_v_gamma_lut_0_0_synth_1/prj/sol/.autopilot/db/v_gamma_lut.cpp:308:16)
INFO: [HLS 214-270] Inferring pragma 'array_partition type=complete dim=2' for array 'lut_2' due to pipeline pragma (D:/FPGA/zybo/imx219/v2/pcam_hw/Zybo-Z7-HW.runs/system_v_gamma_lut_0_0_synth_1/prj/sol/.autopilot/db/v_gamma_lut.cpp:309:16)
INFO: [HLS 214-248] Applying array_partition to 'lut_0': Complete partitioning on dimension 2. (D:/FPGA/zybo/imx219/v2/pcam_hw/Zybo-Z7-HW.runs/system_v_gamma_lut_0_0_synth_1/prj/sol/.autopilot/db/v_gamma_lut.cpp:307:16)
INFO: [HLS 214-248] Applying array_partition to 'lut_1': Complete partitioning on dimension 2. (D:/FPGA/zybo/imx219/v2/pcam_hw/Zybo-Z7-HW.runs/system_v_gamma_lut_0_0_synth_1/prj/sol/.autopilot/db/v_gamma_lut.cpp:308:16)
INFO: [HLS 214-248] Applying array_partition to 'lut_2': Complete partitioning on dimension 2. (D:/FPGA/zybo/imx219/v2/pcam_hw/Zybo-Z7-HW.runs/system_v_gamma_lut_0_0_synth_1/prj/sol/.autopilot/db/v_gamma_lut.cpp:309:16)
INFO: [HLS 200-111] Finished Compiling Optimization and Transform: CPU user time: 1 seconds. CPU system time: 0 seconds. Elapsed time: 17.023 seconds; current allocated memory: 272.078 MB.
INFO: [HLS 200-111] Finished Checking Pragmas: CPU user time: 0 seconds. CPU system time: 0 seconds. Elapsed time: 0.003 seconds; current allocated memory: 272.078 MB.
INFO: [HLS 200-10] Starting code transformations ...
INFO: [HLS 200-111] Finished Standard Transforms: CPU user time: 0 seconds. CPU system time: 0 seconds. Elapsed time: 0.218 seconds; current allocated memory: 276.965 MB.
INFO: [HLS 200-10] Checking synthesizability ...
INFO: [HLS 200-111] Finished Checking Synthesizability: CPU user time: 0 seconds. CPU system time: 0 seconds. Elapsed time: 0.155 seconds; current allocated memory: 279.266 MB.
WARNING: [XFORM 203-561] Updating loop upper bound from 65535 to 3840 for loop 'VITIS_LOOP_258_2' (D:/FPGA/zybo/imx219/v2/pcam_hw/Zybo-Z7-HW.runs/system_v_gamma_lut_0_0_synth_1/prj/sol/.autopilot/db/v_gamma_lut.cpp:258:43) in function 'MultiPixStream2AXIvideo'.
WARNING: [XFORM 203-561] Updating loop lower bound from 0 to 64 for loop 'VITIS_LOOP_258_2' (D:/FPGA/zybo/imx219/v2/pcam_hw/Zybo-Z7-HW.runs/system_v_gamma_lut_0_0_synth_1/prj/sol/.autopilot/db/v_gamma_lut.cpp:258:43) in function 'MultiPixStream2AXIvideo'.
WARNING: [XFORM 203-561] Ignored invalid trip count directive (MAX (= 3840) < AVE (= 32767)) for loop 'VITIS_LOOP_258_2' (D:/FPGA/zybo/imx219/v2/pcam_hw/Zybo-Z7-HW.runs/system_v_gamma_lut_0_0_synth_1/prj/sol/.autopilot/db/v_gamma_lut.cpp:258:43) in function 'MultiPixStream2AXIvideo'.
WARNING: [XFORM 203-561] Updating loop upper bound from 65535 to 2160 for loop 'VITIS_LOOP_256_1' (D:/FPGA/zybo/imx219/v2/pcam_hw/Zybo-Z7-HW.runs/system_v_gamma_lut_0_0_synth_1/prj/sol/.autopilot/db/v_gamma_lut.cpp:256:39) in function 'MultiPixStream2AXIvideo'.
WARNING: [XFORM 203-561] Updating loop lower bound from 0 to 64 for loop 'VITIS_LOOP_256_1' (D:/FPGA/zybo/imx219/v2/pcam_hw/Zybo-Z7-HW.runs/system_v_gamma_lut_0_0_synth_1/prj/sol/.autopilot/db/v_gamma_lut.cpp:256:39) in function 'MultiPixStream2AXIvideo'.
WARNING: [XFORM 203-561] Ignored invalid trip count directive (MAX (= 2160) < AVE (= 32767)) for loop 'VITIS_LOOP_256_1' (D:/FPGA/zybo/imx219/v2/pcam_hw/Zybo-Z7-HW.runs/system_v_gamma_lut_0_0_synth_1/prj/sol/.autopilot/db/v_gamma_lut.cpp:256:39) in function 'MultiPixStream2AXIvideo'.
WARNING: [XFORM 203-561] Updating loop upper bound from 65535 to 3840 for loop 'VITIS_LOOP_327_4' (D:/FPGA/zybo/imx219/v2/pcam_hw/Zybo-Z7-HW.runs/system_v_gamma_lut_0_0_synth_1/prj/sol/.autopilot/db/v_gamma_lut.cpp:303:11) in function 'Gamma'.
WARNING: [XFORM 203-561] Updating loop lower bound from 0 to 64 for loop 'VITIS_LOOP_327_4' (D:/FPGA/zybo/imx219/v2/pcam_hw/Zybo-Z7-HW.runs/system_v_gamma_lut_0_0_synth_1/prj/sol/.autopilot/db/v_gamma_lut.cpp:303:11) in function 'Gamma'.
WARNING: [XFORM 203-561] Ignored invalid trip count directive (MAX (= 3840) < AVE (= 32767)) for loop 'VITIS_LOOP_327_4' (D:/FPGA/zybo/imx219/v2/pcam_hw/Zybo-Z7-HW.runs/system_v_gamma_lut_0_0_synth_1/prj/sol/.autopilot/db/v_gamma_lut.cpp:303:11) in function 'Gamma'.
WARNING: [XFORM 203-561] Updating loop upper bound from 65535 to 2160 for loop 'VITIS_LOOP_325_3' (D:/FPGA/zybo/imx219/v2/pcam_hw/Zybo-Z7-HW.runs/system_v_gamma_lut_0_0_synth_1/prj/sol/.autopilot/db/v_gamma_lut.cpp:303:9) in function 'Gamma'.
WARNING: [XFORM 203-561] Updating loop lower bound from 0 to 64 for loop 'VITIS_LOOP_325_3' (D:/FPGA/zybo/imx219/v2/pcam_hw/Zybo-Z7-HW.runs/system_v_gamma_lut_0_0_synth_1/prj/sol/.autopilot/db/v_gamma_lut.cpp:303:9) in function 'Gamma'.
WARNING: [XFORM 203-561] Ignored invalid trip count directive (MAX (= 2160) < AVE (= 32767)) for loop 'VITIS_LOOP_325_3' (D:/FPGA/zybo/imx219/v2/pcam_hw/Zybo-Z7-HW.runs/system_v_gamma_lut_0_0_synth_1/prj/sol/.autopilot/db/v_gamma_lut.cpp:303:9) in function 'Gamma'.
WARNING: [XFORM 203-561] Updating loop upper bound from 65535 to 3840 for loop 'loop_width' (D:/FPGA/zybo/imx219/v2/pcam_hw/Zybo-Z7-HW.runs/system_v_gamma_lut_0_0_synth_1/prj/sol/.autopilot/db/v_gamma_lut.cpp:166:31) in function 'AXIvideo2MultiPixStream'.
WARNING: [XFORM 203-561] Ignored invalid trip count directive (MAX (= 3840) < AVE (= 32767)) for loop 'loop_width' (D:/FPGA/zybo/imx219/v2/pcam_hw/Zybo-Z7-HW.runs/system_v_gamma_lut_0_0_synth_1/prj/sol/.autopilot/db/v_gamma_lut.cpp:166:31) in function 'AXIvideo2MultiPixStream'.
WARNING: [XFORM 203-561] Updating loop upper bound from 65535 to 2160 for loop 'loop_height' (D:/FPGA/zybo/imx219/v2/pcam_hw/Zybo-Z7-HW.runs/system_v_gamma_lut_0_0_synth_1/prj/sol/.autopilot/db/v_gamma_lut.cpp:166:31) in function 'AXIvideo2MultiPixStream'.
WARNING: [XFORM 203-561] Ignored invalid trip count directive (MAX (= 2160) < AVE (= 32767)) for loop 'loop_height' (D:/FPGA/zybo/imx219/v2/pcam_hw/Zybo-Z7-HW.runs/system_v_gamma_lut_0_0_synth_1/prj/sol/.autopilot/db/v_gamma_lut.cpp:166:31) in function 'AXIvideo2MultiPixStream'.
INFO: [XFORM 203-712] Applying dataflow to function 'v_gamma_lut' (D:/FPGA/zybo/imx219/v2/pcam_hw/Zybo-Z7-HW.runs/system_v_gamma_lut_0_0_synth_1/prj/sol/.autopilot/db/v_gamma_lut.cpp:89:1), detected/extracted 3 process function(s): 
	 'AXIvideo2MultiPixStream'
	 'Gamma'
	 'MultiPixStream2AXIvideo'.
INFO: [HLS 200-111] Finished Loop, function and other optimizations: CPU user time: 1 seconds. CPU system time: 0 seconds. Elapsed time: 1.884 seconds; current allocated memory: 302.441 MB.
WARNING: [HLS 200-1449] Process Gamma has both a predecessor and reads an input from its caller (see the GUI dataflow viewer). This may lead to lower throughput. Consider copying this input via a predecessor process.
INFO: [HLS 200-111] Finished Architecture Synthesis: CPU user time: 0 seconds. CPU system time: 0 seconds. Elapsed time: 0.475 seconds; current allocated memory: 382.965 MB.
INFO: [HLS 200-10] Starting hardware synthesis ...
INFO: [HLS 200-10] Synthesizing 'v_gamma_lut' ...
WARNING: [SYN 201-103] Legalizing function name 'reg<unsigned short>' to 'reg_unsigned_short_s'.
INFO: [HLS 200-10] ----------------------------------------------------------------
INFO: [HLS 200-42] -- Implementing module 'reg_unsigned_short_s' 
INFO: [HLS 200-10] ----------------------------------------------------------------
INFO: [SCHED 204-11] Starting scheduling ...
INFO: [SCHED 204-61] Pipelining function 'reg<unsigned short>'.
INFO: [HLS 200-1470] Pipelining result : Target II = 1, Final II = 1, Depth = 2, function 'reg<unsigned short>'
INFO: [SCHED 204-11] Finished scheduling.
INFO: [HLS 200-111] Finished Scheduling: CPU user time: 0 seconds. CPU system time: 1 seconds. Elapsed time: 1.139 seconds; current allocated memory: 386.273 MB.
INFO: [BIND 205-100] Starting micro-architecture generation ...
INFO: [BIND 205-101] Performing variable lifetime analysis.
INFO: [BIND 205-101] Exploring resource sharing.
INFO: [BIND 205-101] Binding ...
INFO: [BIND 205-100] Finished micro-architecture generation.
INFO: [HLS 200-111] Finished Binding: CPU user time: 0 seconds. CPU system time: 0 seconds. Elapsed time: 0.129 seconds; current allocated memory: 387.273 MB.
INFO: [HLS 200-10] ----------------------------------------------------------------
INFO: [HLS 200-42] -- Implementing module 'AXIvideo2MultiPixStream_Pipeline_loop_wait_for_start' 
INFO: [HLS 200-10] ----------------------------------------------------------------
INFO: [SCHED 204-11] Starting scheduling ...
INFO: [SCHED 204-61] Pipelining loop 'loop_wait_for_start'.
INFO: [HLS 200-1470] Pipelining result : Target II = 1, Final II = 1, Depth = 1, loop 'loop_wait_for_start'
INFO: [SCHED 204-11] Finished scheduling.
INFO: [HLS 200-111] Finished Scheduling: CPU user time: 0 seconds. CPU system time: 0 seconds. Elapsed time: 0.17 seconds; current allocated memory: 387.797 MB.
INFO: [BIND 205-100] Starting micro-architecture generation ...
INFO: [BIND 205-101] Performing variable lifetime analysis.
INFO: [BIND 205-101] Exploring resource sharing.
INFO: [BIND 205-101] Binding ...
INFO: [BIND 205-100] Finished micro-architecture generation.
INFO: [HLS 200-111] Finished Binding: CPU user time: 0 seconds. CPU system time: 0 seconds. Elapsed time: 0.146 seconds; current allocated memory: 387.926 MB.
INFO: [HLS 200-10] ----------------------------------------------------------------
INFO: [HLS 200-42] -- Implementing module 'AXIvideo2MultiPixStream_Pipeline_loop_width' 
INFO: [HLS 200-10] ----------------------------------------------------------------
INFO: [SCHED 204-11] Starting scheduling ...
INFO: [SCHED 204-61] Pipelining loop 'loop_width'.
INFO: [HLS 200-1470] Pipelining result : Target II = 1, Final II = 1, Depth = 3, loop 'loop_width'
INFO: [SCHED 204-11] Finished scheduling.
INFO: [HLS 200-111] Finished Scheduling: CPU user time: 0 seconds. CPU system time: 0 seconds. Elapsed time: 0.191 seconds; current allocated memory: 388.176 MB.
INFO: [BIND 205-100] Starting micro-architecture generation ...
INFO: [BIND 205-101] Performing variable lifetime analysis.
INFO: [BIND 205-101] Exploring resource sharing.
INFO: [BIND 205-101] Binding ...
INFO: [BIND 205-100] Finished micro-architecture generation.
INFO: [HLS 200-111] Finished Binding: CPU user time: 1 seconds. CPU system time: 0 seconds. Elapsed time: 0.13 seconds; current allocated memory: 388.293 MB.
INFO: [HLS 200-10] ----------------------------------------------------------------
INFO: [HLS 200-42] -- Implementing module 'AXIvideo2MultiPixStream_Pipeline_loop_wait_for_eol' 
INFO: [HLS 200-10] ----------------------------------------------------------------
INFO: [SCHED 204-11] Starting scheduling ...
INFO: [SCHED 204-61] Pipelining loop 'loop_wait_for_eol'.
INFO: [HLS 200-1470] Pipelining result : Target II = 1, Final II = 1, Depth = 1, loop 'loop_wait_for_eol'
INFO: [SCHED 204-11] Finished scheduling.
INFO: [HLS 200-111] Finished Scheduling: CPU user time: 0 seconds. CPU system time: 0 seconds. Elapsed time: 0.175 seconds; current allocated memory: 388.578 MB.
INFO: [BIND 205-100] Starting micro-architecture generation ...
INFO: [BIND 205-101] Performing variable lifetime analysis.
INFO: [BIND 205-101] Exploring resource sharing.
INFO: [BIND 205-101] Binding ...
INFO: [BIND 205-100] Finished micro-architecture generation.
INFO: [HLS 200-111] Finished Binding: CPU user time: 0 seconds. CPU system time: 0 seconds. Elapsed time: 0.127 seconds; current allocated memory: 388.660 MB.
INFO: [HLS 200-10] ----------------------------------------------------------------
INFO: [HLS 200-42] -- Implementing module 'AXIvideo2MultiPixStream' 
INFO: [HLS 200-10] ----------------------------------------------------------------
INFO: [SCHED 204-11] Starting scheduling ...
INFO: [SCHED 204-11] Finished scheduling.
INFO: [HLS 200-111] Finished Scheduling: CPU user time: 0 seconds. CPU system time: 0 seconds. Elapsed time: 0.144 seconds; current allocated memory: 388.840 MB.
INFO: [BIND 205-100] Starting micro-architecture generation ...
INFO: [BIND 205-101] Performing variable lifetime analysis.
INFO: [BIND 205-101] Exploring resource sharing.
INFO: [BIND 205-101] Binding ...
INFO: [BIND 205-100] Finished micro-architecture generation.
INFO: [HLS 200-111] Finished Binding: CPU user time: 0 seconds. CPU system time: 0 seconds. Elapsed time: 0.135 seconds; current allocated memory: 389.008 MB.
INFO: [HLS 200-10] ----------------------------------------------------------------
INFO: [HLS 200-42] -- Implementing module 'Gamma_Pipeline_VITIS_LOOP_315_1' 
INFO: [HLS 200-10] ----------------------------------------------------------------
INFO: [SCHED 204-11] Starting scheduling ...
INFO: [SCHED 204-61] Pipelining loop 'VITIS_LOOP_315_1'.
INFO: [HLS 200-1470] Pipelining result : Target II = NA, Final II = 1, Depth = 3, loop 'VITIS_LOOP_315_1'
INFO: [SCHED 204-11] Finished scheduling.
INFO: [HLS 200-111] Finished Scheduling: CPU user time: 0 seconds. CPU system time: 0 seconds. Elapsed time: 0.227 seconds; current allocated memory: 389.422 MB.
INFO: [BIND 205-100] Starting micro-architecture generation ...
INFO: [BIND 205-101] Performing variable lifetime analysis.
INFO: [BIND 205-101] Exploring resource sharing.
INFO: [BIND 205-101] Binding ...
INFO: [BIND 205-100] Finished micro-architecture generation.
INFO: [HLS 200-111] Finished Binding: CPU user time: 0 seconds. CPU system time: 0 seconds. Elapsed time: 0.145 seconds; current allocated memory: 389.504 MB.
INFO: [HLS 200-10] ----------------------------------------------------------------
INFO: [HLS 200-42] -- Implementing module 'Gamma_Pipeline_VITIS_LOOP_327_4' 
INFO: [HLS 200-10] ----------------------------------------------------------------
INFO: [SCHED 204-11] Starting scheduling ...
INFO: [SCHED 204-61] Pipelining loop 'VITIS_LOOP_327_4'.
INFO: [HLS 200-1470] Pipelining result : Target II = NA, Final II = 1, Depth = 5, loop 'VITIS_LOOP_327_4'
INFO: [SCHED 204-11] Finished scheduling.
INFO: [HLS 200-111] Finished Scheduling: CPU user time: 0 seconds. CPU system time: 0 seconds. Elapsed time: 0.193 seconds; current allocated memory: 389.727 MB.
INFO: [BIND 205-100] Starting micro-architecture generation ...
INFO: [BIND 205-101] Performing variable lifetime analysis.
INFO: [BIND 205-101] Exploring resource sharing.
INFO: [BIND 205-101] Binding ...
INFO: [BIND 205-100] Finished micro-architecture generation.
INFO: [HLS 200-111] Finished Binding: CPU user time: 0 seconds. CPU system time: 0 seconds. Elapsed time: 0.138 seconds; current allocated memory: 389.883 MB.
INFO: [HLS 200-10] ----------------------------------------------------------------
INFO: [HLS 200-42] -- Implementing module 'Gamma' 
INFO: [HLS 200-10] ----------------------------------------------------------------
INFO: [SCHED 204-11] Starting scheduling ...
INFO: [SCHED 204-11] Finished scheduling.
INFO: [HLS 200-111] Finished Scheduling: CPU user time: 0 seconds. CPU system time: 0 seconds. Elapsed time: 0.142 seconds; current allocated memory: 390.176 MB.
INFO: [BIND 205-100] Starting micro-architecture generation ...
INFO: [BIND 205-101] Performing variable lifetime analysis.
INFO: [BIND 205-101] Exploring resource sharing.
INFO: [BIND 205-101] Binding ...
INFO: [BIND 205-100] Finished micro-architecture generation.
INFO: [HLS 200-111] Finished Binding: CPU user time: 0 seconds. CPU system time: 0 seconds. Elapsed time: 0.144 seconds; current allocated memory: 390.227 MB.
INFO: [HLS 200-10] ----------------------------------------------------------------
INFO: [HLS 200-42] -- Implementing module 'MultiPixStream2AXIvideo_Pipeline_VITIS_LOOP_258_2' 
INFO: [HLS 200-10] ----------------------------------------------------------------
INFO: [SCHED 204-11] Starting scheduling ...
INFO: [SCHED 204-61] Pipelining loop 'VITIS_LOOP_258_2'.
INFO: [HLS 200-1470] Pipelining result : Target II = 1, Final II = 1, Depth = 2, loop 'VITIS_LOOP_258_2'
INFO: [SCHED 204-11] Finished scheduling.
INFO: [HLS 200-111] Finished Scheduling: CPU user time: 0 seconds. CPU system time: 0 seconds. Elapsed time: 0.643 seconds; current allocated memory: 390.418 MB.
INFO: [BIND 205-100] Starting micro-architecture generation ...
INFO: [BIND 205-101] Performing variable lifetime analysis.
INFO: [BIND 205-101] Exploring resource sharing.
INFO: [BIND 205-101] Binding ...
INFO: [BIND 205-100] Finished micro-architecture generation.
INFO: [HLS 200-111] Finished Binding: CPU user time: 1 seconds. CPU system time: 0 seconds. Elapsed time: 0.119 seconds; current allocated memory: 390.418 MB.
INFO: [HLS 200-10] ----------------------------------------------------------------
INFO: [HLS 200-42] -- Implementing module 'MultiPixStream2AXIvideo' 
INFO: [HLS 200-10] ----------------------------------------------------------------
INFO: [SCHED 204-11] Starting scheduling ...
INFO: [SCHED 204-11] Finished scheduling.
INFO: [HLS 200-111] Finished Scheduling: CPU user time: 0 seconds. CPU system time: 0 seconds. Elapsed time: 0.118 seconds; current allocated memory: 390.535 MB.
INFO: [BIND 205-100] Starting micro-architecture generation ...
INFO: [BIND 205-101] Performing variable lifetime analysis.
INFO: [BIND 205-101] Exploring resource sharing.
INFO: [BIND 205-101] Binding ...
INFO: [BIND 205-100] Finished micro-architecture generation.
INFO: [HLS 200-111] Finished Binding: CPU user time: 0 seconds. CPU system time: 0 seconds. Elapsed time: 0.141 seconds; current allocated memory: 390.707 MB.
INFO: [HLS 200-10] ----------------------------------------------------------------
INFO: [HLS 200-42] -- Implementing module 'v_gamma_lut' 
INFO: [HLS 200-10] ----------------------------------------------------------------
INFO: [SCHED 204-11] Starting scheduling ...
INFO: [SCHED 204-11] Finished scheduling.
INFO: [HLS 200-111] Finished Scheduling: CPU user time: 0 seconds. CPU system time: 0 seconds. Elapsed time: 0.138 seconds; current allocated memory: 391.047 MB.
INFO: [BIND 205-100] Starting micro-architecture generation ...
INFO: [BIND 205-101] Performing variable lifetime analysis.
INFO: [BIND 205-101] Exploring resource sharing.
INFO: [BIND 205-101] Binding ...
INFO: [BIND 205-100] Finished micro-architecture generation.
INFO: [HLS 200-111] Finished Binding: CPU user time: 0 seconds. CPU system time: 0 seconds. Elapsed time: 0.147 seconds; current allocated memory: 391.105 MB.
INFO: [HLS 200-10] ----------------------------------------------------------------
INFO: [HLS 200-10] -- Generating RTL for module 'reg_unsigned_short_s' 
INFO: [HLS 200-10] ----------------------------------------------------------------
INFO: [HLS 200-1030] Apply Unified Pipeline Control on module 'reg_unsigned_short_s' pipeline 'reg<unsigned short>' pipeline type 'function pipeline'
INFO: [RTGEN 206-100] Finished creating RTL model for 'reg_unsigned_short_s'.
INFO: [HLS 200-111] Finished Creating RTL model: CPU user time: 0 seconds. CPU system time: 0 seconds. Elapsed time: 0.167 seconds; current allocated memory: 392.711 MB.
INFO: [HLS 200-10] ----------------------------------------------------------------
INFO: [HLS 200-10] -- Generating RTL for module 'AXIvideo2MultiPixStream_Pipeline_loop_wait_for_start' 
INFO: [HLS 200-10] ----------------------------------------------------------------
INFO: [RTGEN 206-100] Finished creating RTL model for 'AXIvideo2MultiPixStream_Pipeline_loop_wait_for_start'.
INFO: [HLS 200-111] Finished Creating RTL model: CPU user time: 0 seconds. CPU system time: 0 seconds. Elapsed time: 0.191 seconds; current allocated memory: 393.715 MB.
INFO: [HLS 200-10] ----------------------------------------------------------------
INFO: [HLS 200-10] -- Generating RTL for module 'AXIvideo2MultiPixStream_Pipeline_loop_width' 
INFO: [HLS 200-10] ----------------------------------------------------------------
INFO: [HLS 200-1030] Apply Unified Pipeline Control on module 'AXIvideo2MultiPixStream_Pipeline_loop_width' pipeline 'loop_width' pipeline type 'loop pipeline'
INFO: [RTGEN 206-100] Finished creating RTL model for 'AXIvideo2MultiPixStream_Pipeline_loop_width'.
INFO: [HLS 200-111] Finished Creating RTL model: CPU user time: 0 seconds. CPU system time: 0 seconds. Elapsed time: 0.792 seconds; current allocated memory: 394.824 MB.
INFO: [HLS 200-10] ----------------------------------------------------------------
INFO: [HLS 200-10] -- Generating RTL for module 'AXIvideo2MultiPixStream_Pipeline_loop_wait_for_eol' 
INFO: [HLS 200-10] ----------------------------------------------------------------
INFO: [RTGEN 206-100] Finished creating RTL model for 'AXIvideo2MultiPixStream_Pipeline_loop_wait_for_eol'.
INFO: [HLS 200-111] Finished Creating RTL model: CPU user time: 0 seconds. CPU system time: 0 seconds. Elapsed time: 0.257 seconds; current allocated memory: 395.891 MB.
INFO: [HLS 200-10] ----------------------------------------------------------------
INFO: [HLS 200-10] -- Generating RTL for module 'AXIvideo2MultiPixStream' 
INFO: [HLS 200-10] ----------------------------------------------------------------
INFO: [RTGEN 206-100] Finished creating RTL model for 'AXIvideo2MultiPixStream'.
INFO: [HLS 200-111] Finished Creating RTL model: CPU user time: 0 seconds. CPU system time: 0 seconds. Elapsed time: 0.336 seconds; current allocated memory: 397.273 MB.
INFO: [HLS 200-10] ----------------------------------------------------------------
INFO: [HLS 200-10] -- Generating RTL for module 'Gamma_Pipeline_VITIS_LOOP_315_1' 
INFO: [HLS 200-10] ----------------------------------------------------------------
INFO: [HLS 200-1030] Apply Unified Pipeline Control on module 'Gamma_Pipeline_VITIS_LOOP_315_1' pipeline 'VITIS_LOOP_315_1' pipeline type 'loop pipeline'
INFO: [RTGEN 206-100] Finished creating RTL model for 'Gamma_Pipeline_VITIS_LOOP_315_1'.
INFO: [HLS 200-111] Finished Creating RTL model: CPU user time: 1 seconds. CPU system time: 0 seconds. Elapsed time: 0.33 seconds; current allocated memory: 398.430 MB.
INFO: [HLS 200-10] ----------------------------------------------------------------
INFO: [HLS 200-10] -- Generating RTL for module 'Gamma_Pipeline_VITIS_LOOP_327_4' 
INFO: [HLS 200-10] ----------------------------------------------------------------
INFO: [HLS 200-1030] Apply Unified Pipeline Control on module 'Gamma_Pipeline_VITIS_LOOP_327_4' pipeline 'VITIS_LOOP_327_4' pipeline type 'loop pipeline'
INFO: [RTGEN 206-100] Finished creating RTL model for 'Gamma_Pipeline_VITIS_LOOP_327_4'.
INFO: [HLS 200-111] Finished Creating RTL model: CPU user time: 0 seconds. CPU system time: 0 seconds. Elapsed time: 0.259 seconds; current allocated memory: 399.477 MB.
INFO: [HLS 200-10] ----------------------------------------------------------------
INFO: [HLS 200-10] -- Generating RTL for module 'Gamma' 
INFO: [HLS 200-10] ----------------------------------------------------------------
INFO: [RTGEN 206-100] Finished creating RTL model for 'Gamma'.
INFO: [RTMG 210-278] Implementing memory 'system_v_gamma_lut_0_0_Gamma_lut_0_RAM_AUTO_1R1W' using auto RAMs.
INFO: [HLS 200-111] Finished Creating RTL model: CPU user time: 0 seconds. CPU system time: 0 seconds. Elapsed time: 0.321 seconds; current allocated memory: 400.945 MB.
INFO: [HLS 200-10] ----------------------------------------------------------------
INFO: [HLS 200-10] -- Generating RTL for module 'MultiPixStream2AXIvideo_Pipeline_VITIS_LOOP_258_2' 
INFO: [HLS 200-10] ----------------------------------------------------------------
INFO: [HLS 200-1030] Apply Unified Pipeline Control on module 'MultiPixStream2AXIvideo_Pipeline_VITIS_LOOP_258_2' pipeline 'VITIS_LOOP_258_2' pipeline type 'loop pipeline'
INFO: [RTGEN 206-100] Finished creating RTL model for 'MultiPixStream2AXIvideo_Pipeline_VITIS_LOOP_258_2'.
INFO: [HLS 200-111] Finished Creating RTL model: CPU user time: 0 seconds. CPU system time: 0 seconds. Elapsed time: 0.261 seconds; current allocated memory: 401.551 MB.
INFO: [HLS 200-10] ----------------------------------------------------------------
INFO: [HLS 200-10] -- Generating RTL for module 'MultiPixStream2AXIvideo' 
INFO: [HLS 200-10] ----------------------------------------------------------------
INFO: [RTGEN 206-100] Finished creating RTL model for 'MultiPixStream2AXIvideo'.
INFO: [HLS 200-111] Finished Creating RTL model: CPU user time: 0 seconds. CPU system time: 0 seconds. Elapsed time: 0.215 seconds; current allocated memory: 402.711 MB.
INFO: [HLS 200-10] ----------------------------------------------------------------
INFO: [HLS 200-10] -- Generating RTL for module 'v_gamma_lut' 
INFO: [HLS 200-10] ----------------------------------------------------------------
WARNING: [RTGEN 206-101] Design contains AXI ports. Reset is fixed to synchronous and active low.
INFO: [RTGEN 206-500] Setting interface mode on port 'v_gamma_lut/width' to 's_axilite & ap_none'.
INFO: [RTGEN 206-500] Setting interface mode on port 'v_gamma_lut/height' to 's_axilite & ap_none'.
INFO: [RTGEN 206-500] Setting interface mode on port 'v_gamma_lut/video_format' to 's_axilite & ap_none'.
INFO: [RTGEN 206-500] Setting interface mode on port 'v_gamma_lut/gamma_lut_0' to 's_axilite & ap_memory'.
INFO: [RTGEN 206-500] Setting interface mode on port 'v_gamma_lut/gamma_lut_1' to 's_axilite & ap_memory'.
INFO: [RTGEN 206-500] Setting interface mode on port 'v_gamma_lut/gamma_lut_2' to 's_axilite & ap_memory'.
INFO: [RTGEN 206-500] Setting interface mode on port 'v_gamma_lut/s_axis_video_V_data_V' to 'axis' (register, both mode).
INFO: [RTGEN 206-500] Setting interface mode on port 'v_gamma_lut/s_axis_video_V_keep_V' to 'axis' (register, both mode).
INFO: [RTGEN 206-500] Setting interface mode on port 'v_gamma_lut/s_axis_video_V_strb_V' to 'axis' (register, both mode).
INFO: [RTGEN 206-500] Setting interface mode on port 'v_gamma_lut/s_axis_video_V_user_V' to 'axis' (register, both mode).
INFO: [RTGEN 206-500] Setting interface mode on port 'v_gamma_lut/s_axis_video_V_last_V' to 'axis' (register, both mode).
INFO: [RTGEN 206-500] Setting interface mode on port 'v_gamma_lut/s_axis_video_V_id_V' to 'axis' (register, both mode).
INFO: [RTGEN 206-500] Setting interface mode on port 'v_gamma_lut/s_axis_video_V_dest_V' to 'axis' (register, both mode).
INFO: [RTGEN 206-500] Setting interface mode on port 'v_gamma_lut/m_axis_video_V_data_V' to 'axis' (register, both mode).
INFO: [RTGEN 206-500] Setting interface mode on port 'v_gamma_lut/m_axis_video_V_keep_V' to 'axis' (register, both mode).
INFO: [RTGEN 206-500] Setting interface mode on port 'v_gamma_lut/m_axis_video_V_strb_V' to 'axis' (register, both mode).
INFO: [RTGEN 206-500] Setting interface mode on port 'v_gamma_lut/m_axis_video_V_user_V' to 'axis' (register, both mode).
INFO: [RTGEN 206-500] Setting interface mode on port 'v_gamma_lut/m_axis_video_V_last_V' to 'axis' (register, both mode).
INFO: [RTGEN 206-500] Setting interface mode on port 'v_gamma_lut/m_axis_video_V_id_V' to 'axis' (register, both mode).
INFO: [RTGEN 206-500] Setting interface mode on port 'v_gamma_lut/m_axis_video_V_dest_V' to 'axis' (register, both mode).
INFO: [RTGEN 206-500] Setting interface mode on function 'v_gamma_lut' to 's_axilite & ap_ctrl_hs'.
INFO: [RTGEN 206-100] Bundling port 'width', 'height', 'video_format', 'gamma_lut_0', 'gamma_lut_1', 'gamma_lut_2' and 'return' to AXI-Lite port CTRL.
INFO: [RTGEN 206-100] Finished creating RTL model for 'v_gamma_lut'.
INFO: [RTMG 210-285] Implementing FIFO 'imgRgb_U(system_v_gamma_lut_0_0_fifo_w30_d16_S)' using Shift Registers.
INFO: [RTMG 210-285] Implementing FIFO 'imgGamma_U(system_v_gamma_lut_0_0_fifo_w30_d16_S)' using Shift Registers.
INFO: [RTMG 210-285] Implementing FIFO 'start_for_MultiPixStream2AXIvideo_U0_U(system_v_gamma_lut_0_0_start_for_MultiPixStream2AXIvideo_U0)' using Shift Registers.
INFO: [HLS 200-111] Finished Creating RTL model: CPU user time: 1 seconds. CPU system time: 0 seconds. Elapsed time: 0.792 seconds; current allocated memory: 403.926 MB.
INFO: [HLS 200-111] Finished Generating all RTL models: CPU user time: 0 seconds. CPU system time: 1 seconds. Elapsed time: 1.037 seconds; current allocated memory: 406.668 MB.
INFO: [HLS 200-111] Finished Updating report files: CPU user time: 2 seconds. CPU system time: 1 seconds. Elapsed time: 3.393 seconds; current allocated memory: 415.516 MB.
INFO: [VHDL 208-304] Generating VHDL RTL for v_gamma_lut with prefix system_v_gamma_lut_0_0_.
INFO: [VLOG 209-307] Generating Verilog RTL for v_gamma_lut with prefix system_v_gamma_lut_0_0_.
INFO: [HLS 200-790] **** Loop Constraint Status: All loop constraints were satisfied.
INFO: [HLS 200-789] **** Estimated Fmax: 206.53 MHz
INFO: [HLS 200-2161] Finished Command csynth_design Elapsed time: 00:02:13; Allocated memory: 152.852 MB.
INFO: [HLS 200-1510] Running: export_design -format ip_catalog 
INFO: [IMPL 213-8] Exporting RTL as a Vivado IP.
INFO: [HLS 200-802] Generated output file prj/sol/impl/export.zip
INFO: [HLS 200-2161] Finished Command export_design Elapsed time: 00:00:24; Allocated memory: 6.094 MB.
