

================================================================
== Vitis HLS Report for 'AXIvideo2MultiPixStream_Pipeline_loop_width'
================================================================
* Date:           Tue Nov 11 00:45:42 2025

* Version:        2024.2 (Build 5238294 on Nov  8 2024)
* Project:        prj
* Solution:       sol (Vivado IP Flow Target)
* Product family: zynq
* Target device:  xc7z010-clg400-1


================================================================
== Performance Estimates
================================================================
+ Timing: 
    * Summary: 
    +--------+---------+----------+------------+
    |  Clock |  Target | Estimated| Uncertainty|
    +--------+---------+----------+------------+
    |ap_clk  |  6.67 ns|  4.856 ns|     1.80 ns|
    +--------+---------+----------+------------+

+ Latency: 
    * Summary: 
    +---------+---------+-----------+-----------+-----+------+------------------------------------------------+
    |  Latency (cycles) |   Latency (absolute)  |  Interval  |                    Pipeline                    |
    |   min   |   max   |    min    |    max    | min |  max |                      Type                      |
    +---------+---------+-----------+-----------+-----+------+------------------------------------------------+
    |        3|     4099|  20.001 ns|  27.328 us|    1|  4097|  loop auto-rewind stp (delay=0 clock cycles(s))|
    +---------+---------+-----------+-----------+-----+------+------------------------------------------------+

    + Detail: 
        * Instance: 
        N/A

        * Loop: 
        +--------------+---------+---------+----------+-----------+-----------+----------+----------+
        |              |  Latency (cycles) | Iteration|  Initiation Interval  |   Trip   |          |
        |   Loop Name  |   min   |   max   |  Latency |  achieved |   target  |   Count  | Pipelined|
        +--------------+---------+---------+----------+-----------+-----------+----------+----------+
        |- loop_width  |        1|     4097|         3|          1|          1|  0 ~ 4096|       yes|
        +--------------+---------+---------+----------+-----------+-----------+----------+----------+

============================================================
+ Verbose Summary: Synthesis Manager
============================================================
InlineROM: 1
ExposeGlobal: 0
============================================================
+ Verbose Summary: CDFG Model
============================================================
IsTopModel: 0
ResetActiveHigh: 1
IsCombinational: 0
IsDatapathOnly: 0
HasWiredReturn: 1
HasMFsm: 2
HasVarLatency: 1
IsPipeline: 0
IsRtlPipelined: 0
IsInstanceOverlapped: 0
IsDontTouch: 0
HasImplIP: 0
IsGatedGlobalClock: 0

+ Individual pipeline summary: 
  * Pipeline-0: initiation interval (II) = 1, depth = 3


============================================================
+ Verbose Summary: Schedule
============================================================
* Number of FSM states : 3
* Pipeline : 1
  Pipeline-0 : II = 1, D = 3, States = { 1 2 3 }
* Dataflow Pipeline: 0

* FSM state transitions: 
1 --> 2 
2 --> 3 
3 --> 

* FSM state operations: 

State 1 <SV = 0> <Delay = 4.85>
ST_1 : Operation 6 [1/1] (0.00ns)   --->   "%j = alloca i32 1" [D:/FPGA/zybo/imx219/v2/pcam_hw/Zybo-Z7-HW.runs/system_v_tpg_0_0_synth_1/prj/sol/.autopilot/db/v_tpg.cpp:850]   --->   Operation 6 'alloca' 'j' <Predicate = true> <Delay = 0.00>
ST_1 : Operation 7 [1/1] (0.00ns)   --->   "%axi_data = alloca i32 1" [D:/FPGA/zybo/imx219/v2/pcam_hw/Zybo-Z7-HW.runs/system_v_tpg_0_0_synth_1/prj/sol/.autopilot/db/v_tpg.cpp:825]   --->   Operation 7 'alloca' 'axi_data' <Predicate = true> <Delay = 0.00>
ST_1 : Operation 8 [1/1] (0.00ns)   --->   "%axi_last = alloca i32 1" [D:/FPGA/zybo/imx219/v2/pcam_hw/Zybo-Z7-HW.runs/system_v_tpg_0_0_synth_1/prj/sol/.autopilot/db/v_tpg.cpp:825]   --->   Operation 8 'alloca' 'axi_last' <Predicate = true> <Delay = 0.00>
ST_1 : Operation 9 [1/1] (0.00ns)   --->   "%specaxissidechannel_ln0 = specaxissidechannel void @_ssdm_op_SpecAXISSideChannel, i32 %s_axis_video_V_data_V, i4 %s_axis_video_V_keep_V, i4 %s_axis_video_V_strb_V, i1 %s_axis_video_V_user_V, i1 %s_axis_video_V_last_V, i1 %s_axis_video_V_id_V, i1 %s_axis_video_V_dest_V, void @empty_13"   --->   Operation 9 'specaxissidechannel' 'specaxissidechannel_ln0' <Predicate = true> <Delay = 0.00>
ST_1 : Operation 10 [1/1] (0.00ns)   --->   "%specinterface_ln0 = specinterface void @_ssdm_op_SpecInterface, i1 %s_axis_video_V_dest_V, void @empty_26, i32 0, i32 0, void @empty_4, i32 0, i32 0, void @empty_5, void @empty_5, void @empty_5, i32 0, i32 0, i32 0, i32 0, void @empty_5, void @empty_5, i32 4294967295, i32 0, i32 0"   --->   Operation 10 'specinterface' 'specinterface_ln0' <Predicate = true> <Delay = 0.00>
ST_1 : Operation 11 [1/1] (0.00ns)   --->   "%specinterface_ln0 = specinterface void @_ssdm_op_SpecInterface, i1 %s_axis_video_V_id_V, void @empty_26, i32 0, i32 0, void @empty_4, i32 0, i32 0, void @empty_5, void @empty_5, void @empty_5, i32 0, i32 0, i32 0, i32 0, void @empty_5, void @empty_5, i32 4294967295, i32 0, i32 0"   --->   Operation 11 'specinterface' 'specinterface_ln0' <Predicate = true> <Delay = 0.00>
ST_1 : Operation 12 [1/1] (0.00ns)   --->   "%specinterface_ln0 = specinterface void @_ssdm_op_SpecInterface, i1 %s_axis_video_V_last_V, void @empty_26, i32 0, i32 0, void @empty_4, i32 0, i32 0, void @empty_5, void @empty_5, void @empty_5, i32 0, i32 0, i32 0, i32 0, void @empty_5, void @empty_5, i32 4294967295, i32 0, i32 0"   --->   Operation 12 'specinterface' 'specinterface_ln0' <Predicate = true> <Delay = 0.00>
ST_1 : Operation 13 [1/1] (0.00ns)   --->   "%specinterface_ln0 = specinterface void @_ssdm_op_SpecInterface, i1 %s_axis_video_V_user_V, void @empty_26, i32 0, i32 0, void @empty_4, i32 0, i32 0, void @empty_5, void @empty_5, void @empty_5, i32 0, i32 0, i32 0, i32 0, void @empty_5, void @empty_5, i32 4294967295, i32 0, i32 0"   --->   Operation 13 'specinterface' 'specinterface_ln0' <Predicate = true> <Delay = 0.00>
ST_1 : Operation 14 [1/1] (0.00ns)   --->   "%specinterface_ln0 = specinterface void @_ssdm_op_SpecInterface, i4 %s_axis_video_V_strb_V, void @empty_26, i32 0, i32 0, void @empty_4, i32 0, i32 0, void @empty_5, void @empty_5, void @empty_5, i32 0, i32 0, i32 0, i32 0, void @empty_5, void @empty_5, i32 4294967295, i32 0, i32 0"   --->   Operation 14 'specinterface' 'specinterface_ln0' <Predicate = true> <Delay = 0.00>
ST_1 : Operation 15 [1/1] (0.00ns)   --->   "%specinterface_ln0 = specinterface void @_ssdm_op_SpecInterface, i4 %s_axis_video_V_keep_V, void @empty_26, i32 0, i32 0, void @empty_4, i32 0, i32 0, void @empty_5, void @empty_5, void @empty_5, i32 0, i32 0, i32 0, i32 0, void @empty_5, void @empty_5, i32 4294967295, i32 0, i32 0"   --->   Operation 15 'specinterface' 'specinterface_ln0' <Predicate = true> <Delay = 0.00>
ST_1 : Operation 16 [1/1] (0.00ns)   --->   "%specinterface_ln0 = specinterface void @_ssdm_op_SpecInterface, i32 %s_axis_video_V_data_V, void @empty_26, i32 0, i32 0, void @empty_4, i32 0, i32 0, void @empty_5, void @empty_5, void @empty_5, i32 0, i32 0, i32 0, i32 0, void @empty_5, void @empty_5, i32 4294967295, i32 0, i32 0"   --->   Operation 16 'specinterface' 'specinterface_ln0' <Predicate = true> <Delay = 0.00>
ST_1 : Operation 17 [1/1] (0.00ns)   --->   "%specinterface_ln0 = specinterface void @_ssdm_op_SpecInterface, i30 %srcYUV, void @empty_12, i32 0, i32 0, void @empty_5, i32 0, i32 0, void @empty_5, void @empty_5, void @empty_5, i32 0, i32 0, i32 0, i32 0, void @empty_5, void @empty_5, i32 4294967295, i32 0, i32 0"   --->   Operation 17 'specinterface' 'specinterface_ln0' <Predicate = true> <Delay = 0.00>
ST_1 : Operation 18 [1/1] (0.00ns)   --->   "%colorFormat_val_read = read i8 @_ssdm_op_Read.ap_auto.i8, i8 %colorFormat_val"   --->   Operation 18 'read' 'colorFormat_val_read' <Predicate = true> <Delay = 0.00>
ST_1 : Operation 19 [1/1] (0.00ns)   --->   "%tmp = read i13 @_ssdm_op_Read.ap_auto.i13, i13 %empty"   --->   Operation 19 'read' 'tmp' <Predicate = true> <Delay = 0.00>
ST_1 : Operation 20 [1/1] (0.00ns)   --->   "%axi_data_6_read = read i30 @_ssdm_op_Read.ap_auto.i30, i30 %axi_data_6"   --->   Operation 20 'read' 'axi_data_6_read' <Predicate = true> <Delay = 0.00>
ST_1 : Operation 21 [1/1] (0.00ns)   --->   "%axi_last_2_read = read i1 @_ssdm_op_Read.ap_auto.i1, i1 %axi_last_2"   --->   Operation 21 'read' 'axi_last_2_read' <Predicate = true> <Delay = 0.00>
ST_1 : Operation 22 [1/1] (0.00ns)   --->   "%sof_5_read = read i1 @_ssdm_op_Read.ap_auto.i1, i1 %sof_5"   --->   Operation 22 'read' 'sof_5_read' <Predicate = true> <Delay = 0.00>
ST_1 : Operation 23 [1/1] (1.91ns)   --->   "%cond = icmp_eq  i8 %colorFormat_val_read, i8 0"   --->   Operation 23 'icmp' 'cond' <Predicate = true> <Delay = 1.91> <CoreInst = "Cmp">   --->   Core 9 'Cmp' <Latency = 0> <II = 1> <Delay = 1.91> <FuncUnit> <Opcode : 'seteq' 'setne' 'setle' 'setge' 'setlt' 'setgt'> <InPorts = 2> <OutPorts = 1>
ST_1 : Operation 24 [1/1] (1.58ns)   --->   "%store_ln825 = store i1 %axi_last_2_read, i1 %axi_last" [D:/FPGA/zybo/imx219/v2/pcam_hw/Zybo-Z7-HW.runs/system_v_tpg_0_0_synth_1/prj/sol/.autopilot/db/v_tpg.cpp:825]   --->   Operation 24 'store' 'store_ln825' <Predicate = true> <Delay = 1.58>
ST_1 : Operation 25 [1/1] (1.58ns)   --->   "%store_ln825 = store i30 %axi_data_6_read, i30 %axi_data" [D:/FPGA/zybo/imx219/v2/pcam_hw/Zybo-Z7-HW.runs/system_v_tpg_0_0_synth_1/prj/sol/.autopilot/db/v_tpg.cpp:825]   --->   Operation 25 'store' 'store_ln825' <Predicate = true> <Delay = 1.58>
ST_1 : Operation 26 [1/1] (1.58ns)   --->   "%store_ln850 = store i13 0, i13 %j" [D:/FPGA/zybo/imx219/v2/pcam_hw/Zybo-Z7-HW.runs/system_v_tpg_0_0_synth_1/prj/sol/.autopilot/db/v_tpg.cpp:850]   --->   Operation 26 'store' 'store_ln850' <Predicate = true> <Delay = 1.58>
ST_1 : Operation 27 [1/1] (1.58ns)   --->   "%br_ln850 = br void %for.body12" [D:/FPGA/zybo/imx219/v2/pcam_hw/Zybo-Z7-HW.runs/system_v_tpg_0_0_synth_1/prj/sol/.autopilot/db/v_tpg.cpp:850]   --->   Operation 27 'br' 'br_ln850' <Predicate = true> <Delay = 1.58>
ST_1 : Operation 28 [1/1] (0.00ns)   --->   "%j_3 = load i13 %j" [D:/FPGA/zybo/imx219/v2/pcam_hw/Zybo-Z7-HW.runs/system_v_tpg_0_0_synth_1/prj/sol/.autopilot/db/v_tpg.cpp:850]   --->   Operation 28 'load' 'j_3' <Predicate = true> <Delay = 0.00>
ST_1 : Operation 29 [1/1] (1.67ns)   --->   "%icmp_ln850 = icmp_eq  i13 %j_3, i13 %tmp" [D:/FPGA/zybo/imx219/v2/pcam_hw/Zybo-Z7-HW.runs/system_v_tpg_0_0_synth_1/prj/sol/.autopilot/db/v_tpg.cpp:850]   --->   Operation 29 'icmp' 'icmp_ln850' <Predicate = true> <Delay = 1.67> <CoreInst = "Cmp">   --->   Core 9 'Cmp' <Latency = 0> <II = 1> <Delay = 1.67> <FuncUnit> <Opcode : 'seteq' 'setne' 'setle' 'setge' 'setlt' 'setgt'> <InPorts = 2> <OutPorts = 1>
ST_1 : Operation 30 [1/1] (1.67ns)   --->   "%j_4 = add i13 %j_3, i13 1" [D:/FPGA/zybo/imx219/v2/pcam_hw/Zybo-Z7-HW.runs/system_v_tpg_0_0_synth_1/prj/sol/.autopilot/db/v_tpg.cpp:850]   --->   Operation 30 'add' 'j_4' <Predicate = true> <Delay = 1.67> <CoreInst = "Adder">   --->   Core 1 'Adder' <Latency = 0> <II = 1> <Delay = 1.67> <FuncUnit> <Opcode : 'add' 'sub'> <InPorts = 2> <OutPorts = 1>
ST_1 : Operation 31 [1/1] (0.00ns)   --->   "%br_ln850 = br i1 %icmp_ln850, void %for.body12.split, void %loop_wait_for_eol.loopexit.exitStub" [D:/FPGA/zybo/imx219/v2/pcam_hw/Zybo-Z7-HW.runs/system_v_tpg_0_0_synth_1/prj/sol/.autopilot/db/v_tpg.cpp:850]   --->   Operation 31 'br' 'br_ln850' <Predicate = true> <Delay = 0.00>
ST_1 : Operation 32 [1/1] (1.58ns)   --->   "%store_ln850 = store i13 %j_4, i13 %j" [D:/FPGA/zybo/imx219/v2/pcam_hw/Zybo-Z7-HW.runs/system_v_tpg_0_0_synth_1/prj/sol/.autopilot/db/v_tpg.cpp:850]   --->   Operation 32 'store' 'store_ln850' <Predicate = (!icmp_ln850)> <Delay = 1.58>
ST_1 : Operation 33 [1/1] (0.00ns)   --->   "%br_ln850 = br void %for.body12" [D:/FPGA/zybo/imx219/v2/pcam_hw/Zybo-Z7-HW.runs/system_v_tpg_0_0_synth_1/prj/sol/.autopilot/db/v_tpg.cpp:850]   --->   Operation 33 'br' 'br_ln850' <Predicate = (!icmp_ln850)> <Delay = 0.00>

State 2 <SV = 1> <Delay = 3.08>
ST_2 : Operation 34 [1/1] (0.00ns)   --->   "%eol = phi i1 0, void %newFuncRoot, i1 %axi_last_4, void %if.end"   --->   Operation 34 'phi' 'eol' <Predicate = true> <Delay = 0.00>
ST_2 : Operation 35 [1/1] (0.00ns)   --->   "%sof = phi i1 %sof_5_read, void %newFuncRoot, i1 0, void %if.end"   --->   Operation 35 'phi' 'sof' <Predicate = true> <Delay = 0.00>
ST_2 : Operation 36 [1/1] (0.00ns)   --->   "%speclooptripcount_ln0 = speclooptripcount void @_ssdm_op_SpecLoopTripCount, i64 0, i64 4096, i64 0"   --->   Operation 36 'speclooptripcount' 'speclooptripcount_ln0' <Predicate = true> <Delay = 0.00>
ST_2 : Operation 37 [1/1] (0.00ns)   --->   "%specpipeline_ln853 = specpipeline void @_ssdm_op_SpecPipeline, i32 1, i32 0, i32 0, i32 0, void @empty_5" [D:/FPGA/zybo/imx219/v2/pcam_hw/Zybo-Z7-HW.runs/system_v_tpg_0_0_synth_1/prj/sol/.autopilot/db/v_tpg.cpp:853]   --->   Operation 37 'specpipeline' 'specpipeline_ln853' <Predicate = (!icmp_ln850)> <Delay = 0.00>
ST_2 : Operation 38 [1/1] (0.00ns)   --->   "%specloopname_ln850 = specloopname void @_ssdm_op_SpecLoopName, void @empty_14" [D:/FPGA/zybo/imx219/v2/pcam_hw/Zybo-Z7-HW.runs/system_v_tpg_0_0_synth_1/prj/sol/.autopilot/db/v_tpg.cpp:850]   --->   Operation 38 'specloopname' 'specloopname_ln850' <Predicate = (!icmp_ln850)> <Delay = 0.00>
ST_2 : Operation 39 [1/1] (0.97ns)   --->   "%or_ln854 = or i1 %sof, i1 %eol" [D:/FPGA/zybo/imx219/v2/pcam_hw/Zybo-Z7-HW.runs/system_v_tpg_0_0_synth_1/prj/sol/.autopilot/db/v_tpg.cpp:854]   --->   Operation 39 'or' 'or_ln854' <Predicate = (!icmp_ln850)> <Delay = 0.97> <CoreInst = "LogicGate">   --->   Core 74 'LogicGate' <Latency = 0> <II = 1> <Delay = 0.97> <FuncUnit> <Opcode : 'and' 'or' 'xor'> <InPorts = 2> <OutPorts = 1>
ST_2 : Operation 40 [1/1] (0.00ns)   --->   "%br_ln854 = br i1 %or_ln854, void %if.else, void %if.end" [D:/FPGA/zybo/imx219/v2/pcam_hw/Zybo-Z7-HW.runs/system_v_tpg_0_0_synth_1/prj/sol/.autopilot/db/v_tpg.cpp:854]   --->   Operation 40 'br' 'br_ln854' <Predicate = (!icmp_ln850)> <Delay = 0.00>
ST_2 : Operation 41 [1/1] (0.51ns)   --->   "%empty_216 = read i44 @_ssdm_op_Read.axis.volatile.i32P0A.i4P0A.i4P0A.i1P0A.i1P0A.i1P0A.i1P0A, i32 %s_axis_video_V_data_V, i4 %s_axis_video_V_keep_V, i4 %s_axis_video_V_strb_V, i1 %s_axis_video_V_user_V, i1 %s_axis_video_V_last_V, i1 %s_axis_video_V_id_V, i1 %s_axis_video_V_dest_V" [D:/FPGA/zybo/imx219/v2/pcam_hw/Zybo-Z7-HW.runs/system_v_tpg_0_0_synth_1/prj/sol/.autopilot/db/v_tpg.cpp:861]   --->   Operation 41 'read' 'empty_216' <Predicate = (!icmp_ln850 & !or_ln854)> <Delay = 0.51> <CoreInst = "regslice">   --->   Core 135 'regslice' <Latency = 0> <II = 1> <Delay = 1.86> <Adapter> <Opcode : 'read' 'write'>
ST_2 : Operation 42 [1/1] (0.00ns)   --->   "%p_cast9 = extractvalue i44 %empty_216" [D:/FPGA/zybo/imx219/v2/pcam_hw/Zybo-Z7-HW.runs/system_v_tpg_0_0_synth_1/prj/sol/.autopilot/db/v_tpg.cpp:861]   --->   Operation 42 'extractvalue' 'p_cast9' <Predicate = (!icmp_ln850 & !or_ln854)> <Delay = 0.00>
ST_2 : Operation 43 [1/1] (0.00ns)   --->   "%axi_last_5 = extractvalue i44 %empty_216" [D:/FPGA/zybo/imx219/v2/pcam_hw/Zybo-Z7-HW.runs/system_v_tpg_0_0_synth_1/prj/sol/.autopilot/db/v_tpg.cpp:861]   --->   Operation 43 'extractvalue' 'axi_last_5' <Predicate = (!icmp_ln850 & !or_ln854)> <Delay = 0.00>
ST_2 : Operation 44 [1/1] (0.00ns)   --->   "%axi_data_4 = trunc i32 %p_cast9" [D:/FPGA/zybo/imx219/v2/pcam_hw/Zybo-Z7-HW.runs/system_v_tpg_0_0_synth_1/prj/sol/.autopilot/db/v_tpg.cpp:861]   --->   Operation 44 'trunc' 'axi_data_4' <Predicate = (!icmp_ln850 & !or_ln854)> <Delay = 0.00>
ST_2 : Operation 45 [1/1] (1.58ns)   --->   "%store_ln825 = store i1 %axi_last_5, i1 %axi_last" [D:/FPGA/zybo/imx219/v2/pcam_hw/Zybo-Z7-HW.runs/system_v_tpg_0_0_synth_1/prj/sol/.autopilot/db/v_tpg.cpp:825]   --->   Operation 45 'store' 'store_ln825' <Predicate = (!icmp_ln850 & !or_ln854)> <Delay = 1.58>
ST_2 : Operation 46 [1/1] (1.58ns)   --->   "%store_ln825 = store i30 %axi_data_4, i30 %axi_data" [D:/FPGA/zybo/imx219/v2/pcam_hw/Zybo-Z7-HW.runs/system_v_tpg_0_0_synth_1/prj/sol/.autopilot/db/v_tpg.cpp:825]   --->   Operation 46 'store' 'store_ln825' <Predicate = (!icmp_ln850 & !or_ln854)> <Delay = 1.58>
ST_2 : Operation 47 [1/1] (0.00ns)   --->   "%br_ln0 = br void %if.end"   --->   Operation 47 'br' 'br_ln0' <Predicate = (!icmp_ln850 & !or_ln854)> <Delay = 0.00>
ST_2 : Operation 58 [1/1] (0.00ns)   --->   "%axi_data_load = load i30 %axi_data"   --->   Operation 58 'load' 'axi_data_load' <Predicate = (icmp_ln850)> <Delay = 0.00>
ST_2 : Operation 59 [1/1] (0.00ns)   --->   "%write_ln0 = write void @_ssdm_op_Write.ap_auto.i1P0A, i1 %eol_out, i1 %eol"   --->   Operation 59 'write' 'write_ln0' <Predicate = (icmp_ln850)> <Delay = 0.00>
ST_2 : Operation 60 [1/1] (0.00ns)   --->   "%write_ln0 = write void @_ssdm_op_Write.ap_auto.i30P0A, i30 %axi_data_7_out, i30 %axi_data_load"   --->   Operation 60 'write' 'write_ln0' <Predicate = (icmp_ln850)> <Delay = 0.00>
ST_2 : Operation 61 [1/1] (1.58ns)   --->   "%ret_ln0 = ret"   --->   Operation 61 'ret' 'ret_ln0' <Predicate = (icmp_ln850)> <Delay = 1.58>

State 3 <SV = 2> <Delay = 4.67>
ST_3 : Operation 48 [1/1] (0.00ns)   --->   "%axi_data_7 = load i30 %axi_data" [d:/FPGA/zybo/imx219/v2/pcam_hw/Zybo-Z7-HW.gen/sources_1/bd/system/ip/system_v_tpg_0_0/src/hls/hls_axi_io.h:63->d:/FPGA/zybo/imx219/v2/pcam_hw/Zybo-Z7-HW.gen/sources_1/bd/system/ip/system_v_tpg_0_0/src/hls/hls_axi_io.h:85->D:/FPGA/zybo/imx219/v2/pcam_hw/Zybo-Z7-HW.runs/system_v_tpg_0_0_synth_1/prj/sol/.autopilot/db/v_tpg.cpp:878]   --->   Operation 48 'load' 'axi_data_7' <Predicate = (!icmp_ln850)> <Delay = 0.00>
ST_3 : Operation 49 [1/1] (0.00ns)   --->   "%axi_last_4 = load i1 %axi_last"   --->   Operation 49 'load' 'axi_last_4' <Predicate = (!icmp_ln850)> <Delay = 0.00>
ST_3 : Operation 50 [1/1] (0.00ns)   --->   "%tmp_3 = partselect i10 @_ssdm_op_PartSelect.i10.i30.i32, i30 %axi_data_7, i32 20" [d:/FPGA/zybo/imx219/v2/pcam_hw/Zybo-Z7-HW.gen/sources_1/bd/system/ip/system_v_tpg_0_0/src/hls/hls_axi_io.h:63->d:/FPGA/zybo/imx219/v2/pcam_hw/Zybo-Z7-HW.gen/sources_1/bd/system/ip/system_v_tpg_0_0/src/hls/hls_axi_io.h:85->D:/FPGA/zybo/imx219/v2/pcam_hw/Zybo-Z7-HW.runs/system_v_tpg_0_0_synth_1/prj/sol/.autopilot/db/v_tpg.cpp:877]   --->   Operation 50 'partselect' 'tmp_3' <Predicate = (!icmp_ln850)> <Delay = 0.00>
ST_3 : Operation 51 [1/1] (0.00ns)   --->   "%trunc_ln63 = trunc i30 %axi_data_7" [d:/FPGA/zybo/imx219/v2/pcam_hw/Zybo-Z7-HW.gen/sources_1/bd/system/ip/system_v_tpg_0_0/src/hls/hls_axi_io.h:63->d:/FPGA/zybo/imx219/v2/pcam_hw/Zybo-Z7-HW.gen/sources_1/bd/system/ip/system_v_tpg_0_0/src/hls/hls_axi_io.h:85->D:/FPGA/zybo/imx219/v2/pcam_hw/Zybo-Z7-HW.runs/system_v_tpg_0_0_synth_1/prj/sol/.autopilot/db/v_tpg.cpp:878]   --->   Operation 51 'trunc' 'trunc_ln63' <Predicate = (!icmp_ln850)> <Delay = 0.00>
ST_3 : Operation 52 [1/1] (0.68ns)   --->   "%select_ln880 = select i1 %cond, i10 %tmp_3, i10 %trunc_ln63" [D:/FPGA/zybo/imx219/v2/pcam_hw/Zybo-Z7-HW.runs/system_v_tpg_0_0_synth_1/prj/sol/.autopilot/db/v_tpg.cpp:880]   --->   Operation 52 'select' 'select_ln880' <Predicate = (!icmp_ln850)> <Delay = 0.68> <CoreInst = "Sel">   --->   Core 73 'Sel' <Latency = 0> <II = 1> <Delay = 0.68> <FuncUnit> <Opcode : 'select'> <InPorts = 3> <OutPorts = 1>
ST_3 : Operation 53 [1/1] (0.00ns)   --->   "%tmp_5 = partselect i10 @_ssdm_op_PartSelect.i10.i30.i32, i30 %axi_data_7, i32 10" [d:/FPGA/zybo/imx219/v2/pcam_hw/Zybo-Z7-HW.gen/sources_1/bd/system/ip/system_v_tpg_0_0/src/hls/hls_axi_io.h:63->d:/FPGA/zybo/imx219/v2/pcam_hw/Zybo-Z7-HW.gen/sources_1/bd/system/ip/system_v_tpg_0_0/src/hls/hls_axi_io.h:85->D:/FPGA/zybo/imx219/v2/pcam_hw/Zybo-Z7-HW.runs/system_v_tpg_0_0_synth_1/prj/sol/.autopilot/db/v_tpg.cpp:878]   --->   Operation 53 'partselect' 'tmp_5' <Predicate = (!icmp_ln850)> <Delay = 0.00>
ST_3 : Operation 54 [1/1] (0.68ns)   --->   "%select_ln880_1 = select i1 %cond, i10 %trunc_ln63, i10 %tmp_5" [D:/FPGA/zybo/imx219/v2/pcam_hw/Zybo-Z7-HW.runs/system_v_tpg_0_0_synth_1/prj/sol/.autopilot/db/v_tpg.cpp:880]   --->   Operation 54 'select' 'select_ln880_1' <Predicate = (!icmp_ln850)> <Delay = 0.68> <CoreInst = "Sel">   --->   Core 73 'Sel' <Latency = 0> <II = 1> <Delay = 0.68> <FuncUnit> <Opcode : 'select'> <InPorts = 3> <OutPorts = 1>
ST_3 : Operation 55 [1/1] (0.68ns)   --->   "%select_ln880_2 = select i1 %cond, i10 %tmp_5, i10 %tmp_3" [D:/FPGA/zybo/imx219/v2/pcam_hw/Zybo-Z7-HW.runs/system_v_tpg_0_0_synth_1/prj/sol/.autopilot/db/v_tpg.cpp:880]   --->   Operation 55 'select' 'select_ln880_2' <Predicate = (!icmp_ln850)> <Delay = 0.68> <CoreInst = "Sel">   --->   Core 73 'Sel' <Latency = 0> <II = 1> <Delay = 0.68> <FuncUnit> <Opcode : 'select'> <InPorts = 3> <OutPorts = 1>
ST_3 : Operation 56 [1/1] (0.00ns)   --->   "%or_ln894_3 = bitconcatenate i30 @_ssdm_op_BitConcatenate.i30.i10.i10.i10, i10 %select_ln880_2, i10 %select_ln880_1, i10 %select_ln880" [D:/FPGA/zybo/imx219/v2/pcam_hw/Zybo-Z7-HW.runs/system_v_tpg_0_0_synth_1/prj/sol/.autopilot/db/v_tpg.cpp:894]   --->   Operation 56 'bitconcatenate' 'or_ln894_3' <Predicate = (!icmp_ln850)> <Delay = 0.00>
ST_3 : Operation 57 [1/1] ( I:2.43ns O:2.43ns )   --->   "%write_ln894 = write void @_ssdm_op_Write.ap_fifo.volatile.i30P0A, i30 %srcYUV, i30 %or_ln894_3" [D:/FPGA/zybo/imx219/v2/pcam_hw/Zybo-Z7-HW.runs/system_v_tpg_0_0_synth_1/prj/sol/.autopilot/db/v_tpg.cpp:894]   --->   Operation 57 'write' 'write_ln894' <Predicate = (!icmp_ln850)> <Delay = 2.43> <CoreInst = "FIFO_SRL">   --->   Core 80 'FIFO_SRL' <Latency = 0> <II = 1> <Delay = 3.80> <Storage> <Opcode : 'read' 'write' 'nbread' 'nbwrite'> <Ports = 0> <Width = 30> <Depth = 16> <FIFO>


============================================================
+ Verbose Summary: Binding
============================================================
STG Binding: 
---------------- STG Properties BEGIN ----------------
- Is combinational: 0
- Is one-state seq: 0
- Is datapath-only: 0
- Is pipelined: 0
- Is top level: 0
Port [ Return ] is wired: 1; IO mode=ap_ctrl_hs:ce=0
Port [ sof_5]:  wired=1; compound=0; hidden=0; nouse=0; global=0; static=0; extern=0; dir=0; type=0; pingpong=0; private_global=0; IO mode=ap_none:ce=0
Port [ axi_last_2]:  wired=1; compound=0; hidden=0; nouse=0; global=0; static=0; extern=0; dir=0; type=0; pingpong=0; private_global=0; IO mode=ap_none:ce=0
Port [ axi_data_6]:  wired=1; compound=0; hidden=0; nouse=0; global=0; static=0; extern=0; dir=0; type=0; pingpong=0; private_global=0; IO mode=ap_none:ce=0
Port [ empty]:  wired=1; compound=0; hidden=0; nouse=0; global=0; static=0; extern=0; dir=0; type=0; pingpong=0; private_global=0; IO mode=ap_none:ce=0
Port [ srcYUV]:  wired=1; compound=1; hidden=0; nouse=0; global=0; static=0; extern=0; dir=1; type=3; pingpong=0; private_global=0; IO mode=ap_fifo:ce=0
Port [ s_axis_video_V_data_V]:  wired=1; compound=1; hidden=0; nouse=0; global=0; static=0; extern=0; dir=0; type=0; pingpong=0; private_global=0; IO mode=axis:ce=0
Port [ s_axis_video_V_keep_V]:  wired=1; compound=1; hidden=0; nouse=0; global=0; static=0; extern=0; dir=0; type=0; pingpong=0; private_global=0; IO mode=axis:ce=0
Port [ s_axis_video_V_strb_V]:  wired=1; compound=1; hidden=0; nouse=0; global=0; static=0; extern=0; dir=0; type=0; pingpong=0; private_global=0; IO mode=axis:ce=0
Port [ s_axis_video_V_user_V]:  wired=1; compound=1; hidden=0; nouse=0; global=0; static=0; extern=0; dir=0; type=0; pingpong=0; private_global=0; IO mode=axis:ce=0
Port [ s_axis_video_V_last_V]:  wired=1; compound=1; hidden=0; nouse=0; global=0; static=0; extern=0; dir=0; type=0; pingpong=0; private_global=0; IO mode=axis:ce=0
Port [ s_axis_video_V_id_V]:  wired=1; compound=1; hidden=0; nouse=0; global=0; static=0; extern=0; dir=0; type=0; pingpong=0; private_global=0; IO mode=axis:ce=0
Port [ s_axis_video_V_dest_V]:  wired=1; compound=1; hidden=0; nouse=0; global=0; static=0; extern=0; dir=0; type=0; pingpong=0; private_global=0; IO mode=axis:ce=0
Port [ colorFormat_val]:  wired=1; compound=0; hidden=0; nouse=0; global=0; static=0; extern=0; dir=0; type=0; pingpong=0; private_global=0; IO mode=ap_none:ce=0
Port [ eol_out]:  wired=1; compound=0; hidden=0; nouse=0; global=0; static=0; extern=0; dir=1; type=0; pingpong=0; private_global=0; IO mode=ap_vld:ce=0
Port [ axi_data_7_out]:  wired=1; compound=0; hidden=0; nouse=0; global=0; static=0; extern=0; dir=1; type=0; pingpong=0; private_global=0; IO mode=ap_vld:ce=0
---------------- STG Properties END ------------------

---------------- Datapath Model BEGIN ----------------

<LifeTime>
<method=bitvector/>
j                       (alloca             ) [ 0100]
axi_data                (alloca             ) [ 0111]
axi_last                (alloca             ) [ 0111]
specaxissidechannel_ln0 (specaxissidechannel) [ 0000]
specinterface_ln0       (specinterface      ) [ 0000]
specinterface_ln0       (specinterface      ) [ 0000]
specinterface_ln0       (specinterface      ) [ 0000]
specinterface_ln0       (specinterface      ) [ 0000]
specinterface_ln0       (specinterface      ) [ 0000]
specinterface_ln0       (specinterface      ) [ 0000]
specinterface_ln0       (specinterface      ) [ 0000]
specinterface_ln0       (specinterface      ) [ 0000]
colorFormat_val_read    (read               ) [ 0000]
tmp                     (read               ) [ 0000]
axi_data_6_read         (read               ) [ 0000]
axi_last_2_read         (read               ) [ 0000]
sof_5_read              (read               ) [ 0110]
cond                    (icmp               ) [ 0111]
store_ln825             (store              ) [ 0000]
store_ln825             (store              ) [ 0000]
store_ln850             (store              ) [ 0000]
br_ln850                (br                 ) [ 0110]
j_3                     (load               ) [ 0000]
icmp_ln850              (icmp               ) [ 0111]
j_4                     (add                ) [ 0000]
br_ln850                (br                 ) [ 0000]
store_ln850             (store              ) [ 0000]
br_ln850                (br                 ) [ 0110]
eol                     (phi                ) [ 0110]
sof                     (phi                ) [ 0110]
speclooptripcount_ln0   (speclooptripcount  ) [ 0000]
specpipeline_ln853      (specpipeline       ) [ 0000]
specloopname_ln850      (specloopname       ) [ 0000]
or_ln854                (or                 ) [ 0110]
br_ln854                (br                 ) [ 0000]
empty_216               (read               ) [ 0000]
p_cast9                 (extractvalue       ) [ 0000]
axi_last_5              (extractvalue       ) [ 0000]
axi_data_4              (trunc              ) [ 0000]
store_ln825             (store              ) [ 0000]
store_ln825             (store              ) [ 0000]
br_ln0                  (br                 ) [ 0000]
axi_data_7              (load               ) [ 0000]
axi_last_4              (load               ) [ 0110]
tmp_3                   (partselect         ) [ 0000]
trunc_ln63              (trunc              ) [ 0000]
select_ln880            (select             ) [ 0000]
tmp_5                   (partselect         ) [ 0000]
select_ln880_1          (select             ) [ 0000]
select_ln880_2          (select             ) [ 0000]
or_ln894_3              (bitconcatenate     ) [ 0000]
write_ln894             (write              ) [ 0000]
axi_data_load           (load               ) [ 0000]
write_ln0               (write              ) [ 0000]
write_ln0               (write              ) [ 0000]
ret_ln0                 (ret                ) [ 0000]
</LifeTime>

<model>

<comp_list>
<comp id="0" class="1000" name="sof_5">
<pin_list>
<pin id="1" dir="1" index="0" bw="1" slack="0"/>
</pin_list>
<bind>
<StgValue><ssdm name="sof_5"/></StgValue>
</bind>
</comp>

<comp id="2" class="1000" name="axi_last_2">
<pin_list>
<pin id="3" dir="1" index="0" bw="1" slack="0"/>
</pin_list>
<bind>
<StgValue><ssdm name="axi_last_2"/></StgValue>
</bind>
</comp>

<comp id="4" class="1000" name="axi_data_6">
<pin_list>
<pin id="5" dir="1" index="0" bw="1" slack="0"/>
</pin_list>
<bind>
<StgValue><ssdm name="axi_data_6"/></StgValue>
</bind>
</comp>

<comp id="6" class="1000" name="empty">
<pin_list>
<pin id="7" dir="1" index="0" bw="1" slack="0"/>
</pin_list>
<bind>
<StgValue><ssdm name="empty"/></StgValue>
</bind>
</comp>

<comp id="8" class="1000" name="srcYUV">
<pin_list>
<pin id="9" dir="1" index="0" bw="1" slack="0"/>
</pin_list>
<bind>
<StgValue><ssdm name="srcYUV"/></StgValue>
</bind>
</comp>

<comp id="10" class="1000" name="s_axis_video_V_data_V">
<pin_list>
<pin id="11" dir="1" index="0" bw="1" slack="0"/>
</pin_list>
<bind>
<StgValue><ssdm name="s_axis_video_V_data_V"/></StgValue>
</bind>
</comp>

<comp id="12" class="1000" name="s_axis_video_V_keep_V">
<pin_list>
<pin id="13" dir="1" index="0" bw="1" slack="0"/>
</pin_list>
<bind>
<StgValue><ssdm name="s_axis_video_V_keep_V"/></StgValue>
</bind>
</comp>

<comp id="14" class="1000" name="s_axis_video_V_strb_V">
<pin_list>
<pin id="15" dir="1" index="0" bw="1" slack="0"/>
</pin_list>
<bind>
<StgValue><ssdm name="s_axis_video_V_strb_V"/></StgValue>
</bind>
</comp>

<comp id="16" class="1000" name="s_axis_video_V_user_V">
<pin_list>
<pin id="17" dir="1" index="0" bw="1" slack="0"/>
</pin_list>
<bind>
<StgValue><ssdm name="s_axis_video_V_user_V"/></StgValue>
</bind>
</comp>

<comp id="18" class="1000" name="s_axis_video_V_last_V">
<pin_list>
<pin id="19" dir="1" index="0" bw="1" slack="0"/>
</pin_list>
<bind>
<StgValue><ssdm name="s_axis_video_V_last_V"/></StgValue>
</bind>
</comp>

<comp id="20" class="1000" name="s_axis_video_V_id_V">
<pin_list>
<pin id="21" dir="1" index="0" bw="1" slack="0"/>
</pin_list>
<bind>
<StgValue><ssdm name="s_axis_video_V_id_V"/></StgValue>
</bind>
</comp>

<comp id="22" class="1000" name="s_axis_video_V_dest_V">
<pin_list>
<pin id="23" dir="1" index="0" bw="1" slack="0"/>
</pin_list>
<bind>
<StgValue><ssdm name="s_axis_video_V_dest_V"/></StgValue>
</bind>
</comp>

<comp id="24" class="1000" name="colorFormat_val">
<pin_list>
<pin id="25" dir="1" index="0" bw="1" slack="0"/>
</pin_list>
<bind>
<StgValue><ssdm name="colorFormat_val"/></StgValue>
</bind>
</comp>

<comp id="26" class="1000" name="eol_out">
<pin_list>
<pin id="27" dir="1" index="0" bw="1" slack="0"/>
</pin_list>
<bind>
<StgValue><ssdm name="eol_out"/></StgValue>
</bind>
</comp>

<comp id="28" class="1000" name="axi_data_7_out">
<pin_list>
<pin id="29" dir="1" index="0" bw="1" slack="0"/>
</pin_list>
<bind>
<StgValue><ssdm name="axi_data_7_out"/></StgValue>
</bind>
</comp>

<comp id="30" class="1001" name="const_30">
<pin_list>
<pin id="31" dir="1" index="0" bw="1" slack="0"/>
</pin_list>
<bind>
<StgValue><ssdm name=""/></StgValue>
</bind>
</comp>

<comp id="32" class="1001" name="const_32">
<pin_list>
<pin id="33" dir="1" index="0" bw="1" slack="2147483647"/>
</pin_list>
<bind>
<StgValue><ssdm name="_ssdm_op_SpecAXISSideChannel"/></StgValue>
</bind>
</comp>

<comp id="34" class="1001" name="const_34">
<pin_list>
<pin id="35" dir="1" index="0" bw="1" slack="2147483647"/>
</pin_list>
<bind>
<StgValue><ssdm name="empty_13"/></StgValue>
</bind>
</comp>

<comp id="36" class="1001" name="const_36">
<pin_list>
<pin id="37" dir="1" index="0" bw="1" slack="2147483647"/>
</pin_list>
<bind>
<StgValue><ssdm name="_ssdm_op_SpecInterface"/></StgValue>
</bind>
</comp>

<comp id="38" class="1001" name="const_38">
<pin_list>
<pin id="39" dir="1" index="0" bw="1" slack="2147483647"/>
</pin_list>
<bind>
<StgValue><ssdm name="empty_26"/></StgValue>
</bind>
</comp>

<comp id="40" class="1001" name="const_40">
<pin_list>
<pin id="41" dir="1" index="0" bw="1" slack="2147483647"/>
</pin_list>
<bind>
<StgValue><ssdm name=""/></StgValue>
</bind>
</comp>

<comp id="42" class="1001" name="const_42">
<pin_list>
<pin id="43" dir="1" index="0" bw="1" slack="2147483647"/>
</pin_list>
<bind>
<StgValue><ssdm name="empty_4"/></StgValue>
</bind>
</comp>

<comp id="44" class="1001" name="const_44">
<pin_list>
<pin id="45" dir="1" index="0" bw="1" slack="2147483647"/>
</pin_list>
<bind>
<StgValue><ssdm name="empty_5"/></StgValue>
</bind>
</comp>

<comp id="46" class="1001" name="const_46">
<pin_list>
<pin id="47" dir="1" index="0" bw="1" slack="2147483647"/>
</pin_list>
<bind>
<StgValue><ssdm name=""/></StgValue>
</bind>
</comp>

<comp id="48" class="1001" name="const_48">
<pin_list>
<pin id="49" dir="1" index="0" bw="1" slack="2147483647"/>
</pin_list>
<bind>
<StgValue><ssdm name="empty_12"/></StgValue>
</bind>
</comp>

<comp id="50" class="1001" name="const_50">
<pin_list>
<pin id="51" dir="1" index="0" bw="1" slack="0"/>
</pin_list>
<bind>
<StgValue><ssdm name="_ssdm_op_Read.ap_auto.i8"/></StgValue>
</bind>
</comp>

<comp id="52" class="1001" name="const_52">
<pin_list>
<pin id="53" dir="1" index="0" bw="1" slack="0"/>
</pin_list>
<bind>
<StgValue><ssdm name="_ssdm_op_Read.ap_auto.i13"/></StgValue>
</bind>
</comp>

<comp id="54" class="1001" name="const_54">
<pin_list>
<pin id="55" dir="1" index="0" bw="1" slack="0"/>
</pin_list>
<bind>
<StgValue><ssdm name="_ssdm_op_Read.ap_auto.i30"/></StgValue>
</bind>
</comp>

<comp id="56" class="1001" name="const_56">
<pin_list>
<pin id="57" dir="1" index="0" bw="1" slack="0"/>
</pin_list>
<bind>
<StgValue><ssdm name="_ssdm_op_Read.ap_auto.i1"/></StgValue>
</bind>
</comp>

<comp id="58" class="1001" name="const_58">
<pin_list>
<pin id="59" dir="1" index="0" bw="1" slack="0"/>
</pin_list>
<bind>
<StgValue><ssdm name=""/></StgValue>
</bind>
</comp>

<comp id="60" class="1001" name="const_60">
<pin_list>
<pin id="61" dir="1" index="0" bw="1" slack="0"/>
</pin_list>
<bind>
<StgValue><ssdm name=""/></StgValue>
</bind>
</comp>

<comp id="62" class="1001" name="const_62">
<pin_list>
<pin id="63" dir="1" index="0" bw="1" slack="0"/>
</pin_list>
<bind>
<StgValue><ssdm name=""/></StgValue>
</bind>
</comp>

<comp id="64" class="1001" name="const_64">
<pin_list>
<pin id="65" dir="1" index="0" bw="1" slack="1"/>
</pin_list>
<bind>
<StgValue><ssdm name=""/></StgValue>
</bind>
</comp>

<comp id="66" class="1001" name="const_66">
<pin_list>
<pin id="67" dir="1" index="0" bw="1" slack="2147483647"/>
</pin_list>
<bind>
<StgValue><ssdm name="_ssdm_op_SpecLoopTripCount"/></StgValue>
</bind>
</comp>

<comp id="68" class="1001" name="const_68">
<pin_list>
<pin id="69" dir="1" index="0" bw="1" slack="2147483647"/>
</pin_list>
<bind>
<StgValue><ssdm name=""/></StgValue>
</bind>
</comp>

<comp id="70" class="1001" name="const_70">
<pin_list>
<pin id="71" dir="1" index="0" bw="1" slack="2147483647"/>
</pin_list>
<bind>
<StgValue><ssdm name=""/></StgValue>
</bind>
</comp>

<comp id="72" class="1001" name="const_72">
<pin_list>
<pin id="73" dir="1" index="0" bw="1" slack="2147483647"/>
</pin_list>
<bind>
<StgValue><ssdm name="_ssdm_op_SpecPipeline"/></StgValue>
</bind>
</comp>

<comp id="74" class="1001" name="const_74">
<pin_list>
<pin id="75" dir="1" index="0" bw="1" slack="2147483647"/>
</pin_list>
<bind>
<StgValue><ssdm name="_ssdm_op_SpecLoopName"/></StgValue>
</bind>
</comp>

<comp id="76" class="1001" name="const_76">
<pin_list>
<pin id="77" dir="1" index="0" bw="1" slack="2147483647"/>
</pin_list>
<bind>
<StgValue><ssdm name="empty_14"/></StgValue>
</bind>
</comp>

<comp id="78" class="1001" name="const_78">
<pin_list>
<pin id="79" dir="1" index="0" bw="1" slack="0"/>
</pin_list>
<bind>
<StgValue><ssdm name="_ssdm_op_Read.axis.volatile.i32P0A.i4P0A.i4P0A.i1P0A.i1P0A.i1P0A.i1P0A"/></StgValue>
</bind>
</comp>

<comp id="80" class="1001" name="const_80">
<pin_list>
<pin id="81" dir="1" index="0" bw="1" slack="0"/>
</pin_list>
<bind>
<StgValue><ssdm name="_ssdm_op_PartSelect.i10.i30.i32"/></StgValue>
</bind>
</comp>

<comp id="82" class="1001" name="const_82">
<pin_list>
<pin id="83" dir="1" index="0" bw="1" slack="0"/>
</pin_list>
<bind>
<StgValue><ssdm name=""/></StgValue>
</bind>
</comp>

<comp id="84" class="1001" name="const_84">
<pin_list>
<pin id="85" dir="1" index="0" bw="1" slack="0"/>
</pin_list>
<bind>
<StgValue><ssdm name=""/></StgValue>
</bind>
</comp>

<comp id="86" class="1001" name="const_86">
<pin_list>
<pin id="87" dir="1" index="0" bw="1" slack="0"/>
</pin_list>
<bind>
<StgValue><ssdm name="_ssdm_op_BitConcatenate.i30.i10.i10.i10"/></StgValue>
</bind>
</comp>

<comp id="88" class="1001" name="const_88">
<pin_list>
<pin id="89" dir="1" index="0" bw="1" slack="0"/>
</pin_list>
<bind>
<StgValue><ssdm name="_ssdm_op_Write.ap_fifo.volatile.i30P0A"/></StgValue>
</bind>
</comp>

<comp id="90" class="1001" name="const_90">
<pin_list>
<pin id="91" dir="1" index="0" bw="1" slack="0"/>
</pin_list>
<bind>
<StgValue><ssdm name="_ssdm_op_Write.ap_auto.i1P0A"/></StgValue>
</bind>
</comp>

<comp id="92" class="1001" name="const_92">
<pin_list>
<pin id="93" dir="1" index="0" bw="1" slack="0"/>
</pin_list>
<bind>
<StgValue><ssdm name="_ssdm_op_Write.ap_auto.i30P0A"/></StgValue>
</bind>
</comp>

<comp id="94" class="1004" name="j_fu_94">
<pin_list>
<pin id="95" dir="0" index="0" bw="1" slack="0"/>
<pin id="96" dir="1" index="1" bw="13" slack="0"/>
</pin_list>
<bind>
<opcode="alloca(26) " fcode="alloca"/>
<opset="j/1 "/>
</bind>
</comp>

<comp id="98" class="1004" name="axi_data_fu_98">
<pin_list>
<pin id="99" dir="0" index="0" bw="1" slack="0"/>
<pin id="100" dir="1" index="1" bw="30" slack="0"/>
</pin_list>
<bind>
<opcode="alloca(26) " fcode="alloca"/>
<opset="axi_data/1 "/>
</bind>
</comp>

<comp id="102" class="1004" name="axi_last_fu_102">
<pin_list>
<pin id="103" dir="0" index="0" bw="1" slack="0"/>
<pin id="104" dir="1" index="1" bw="1" slack="0"/>
</pin_list>
<bind>
<opcode="alloca(26) " fcode="alloca"/>
<opset="axi_last/1 "/>
</bind>
</comp>

<comp id="106" class="1004" name="colorFormat_val_read_read_fu_106">
<pin_list>
<pin id="107" dir="0" index="0" bw="8" slack="0"/>
<pin id="108" dir="0" index="1" bw="8" slack="0"/>
<pin id="109" dir="1" index="2" bw="8" slack="0"/>
</pin_list>
<bind>
<opcode="read(1150) " fcode="read"/>
<opset="colorFormat_val_read/1 "/>
</bind>
</comp>

<comp id="112" class="1004" name="tmp_read_fu_112">
<pin_list>
<pin id="113" dir="0" index="0" bw="13" slack="0"/>
<pin id="114" dir="0" index="1" bw="13" slack="0"/>
<pin id="115" dir="1" index="2" bw="13" slack="0"/>
</pin_list>
<bind>
<opcode="read(1150) " fcode="read"/>
<opset="tmp/1 "/>
</bind>
</comp>

<comp id="118" class="1004" name="axi_data_6_read_read_fu_118">
<pin_list>
<pin id="119" dir="0" index="0" bw="30" slack="0"/>
<pin id="120" dir="0" index="1" bw="30" slack="0"/>
<pin id="121" dir="1" index="2" bw="30" slack="0"/>
</pin_list>
<bind>
<opcode="read(1150) " fcode="read"/>
<opset="axi_data_6_read/1 "/>
</bind>
</comp>

<comp id="124" class="1004" name="axi_last_2_read_read_fu_124">
<pin_list>
<pin id="125" dir="0" index="0" bw="1" slack="0"/>
<pin id="126" dir="0" index="1" bw="1" slack="0"/>
<pin id="127" dir="1" index="2" bw="1" slack="0"/>
</pin_list>
<bind>
<opcode="read(1150) " fcode="read"/>
<opset="axi_last_2_read/1 "/>
</bind>
</comp>

<comp id="130" class="1004" name="sof_5_read_read_fu_130">
<pin_list>
<pin id="131" dir="0" index="0" bw="1" slack="0"/>
<pin id="132" dir="0" index="1" bw="1" slack="0"/>
<pin id="133" dir="1" index="2" bw="1" slack="1"/>
</pin_list>
<bind>
<opcode="read(1150) " fcode="read"/>
<opset="sof_5_read/1 "/>
</bind>
</comp>

<comp id="136" class="1004" name="empty_216_read_fu_136">
<pin_list>
<pin id="137" dir="0" index="0" bw="44" slack="0"/>
<pin id="138" dir="0" index="1" bw="32" slack="0"/>
<pin id="139" dir="0" index="2" bw="4" slack="0"/>
<pin id="140" dir="0" index="3" bw="4" slack="0"/>
<pin id="141" dir="0" index="4" bw="1" slack="0"/>
<pin id="142" dir="0" index="5" bw="1" slack="0"/>
<pin id="143" dir="0" index="6" bw="1" slack="0"/>
<pin id="144" dir="0" index="7" bw="1" slack="0"/>
<pin id="145" dir="1" index="8" bw="44" slack="0"/>
</pin_list>
<bind>
<opcode="read(1150) " fcode="read"/>
<opset="empty_216/2 "/>
</bind>
</comp>

<comp id="154" class="1004" name="write_ln894_write_fu_154">
<pin_list>
<pin id="155" dir="0" index="0" bw="0" slack="0"/>
<pin id="156" dir="0" index="1" bw="30" slack="0"/>
<pin id="157" dir="0" index="2" bw="30" slack="0"/>
<pin id="158" dir="1" index="3" bw="0" slack="2147483647"/>
</pin_list>
<bind>
<opcode="write(1151) " fcode="write"/>
<opset="write_ln894/3 "/>
</bind>
</comp>

<comp id="161" class="1004" name="write_ln0_write_fu_161">
<pin_list>
<pin id="162" dir="0" index="0" bw="0" slack="0"/>
<pin id="163" dir="0" index="1" bw="1" slack="0"/>
<pin id="164" dir="0" index="2" bw="1" slack="0"/>
<pin id="165" dir="1" index="3" bw="0" slack="2147483647"/>
</pin_list>
<bind>
<opcode="write(1151) " fcode="write"/>
<opset="write_ln0/2 "/>
</bind>
</comp>

<comp id="168" class="1004" name="write_ln0_write_fu_168">
<pin_list>
<pin id="169" dir="0" index="0" bw="0" slack="0"/>
<pin id="170" dir="0" index="1" bw="30" slack="0"/>
<pin id="171" dir="0" index="2" bw="30" slack="0"/>
<pin id="172" dir="1" index="3" bw="0" slack="2147483647"/>
</pin_list>
<bind>
<opcode="write(1151) " fcode="write"/>
<opset="write_ln0/2 "/>
</bind>
</comp>

<comp id="175" class="1005" name="eol_reg_175">
<pin_list>
<pin id="176" dir="0" index="0" bw="1" slack="1"/>
<pin id="177" dir="1" index="1" bw="1" slack="1"/>
</pin_list>
<bind>
<opset="eol (phireg) "/>
</bind>
</comp>

<comp id="179" class="1004" name="eol_phi_fu_179">
<pin_list>
<pin id="180" dir="0" index="0" bw="1" slack="1"/>
<pin id="181" dir="0" index="1" bw="0" slack="2147483647"/>
<pin id="182" dir="0" index="2" bw="1" slack="1"/>
<pin id="183" dir="0" index="3" bw="0" slack="2147483647"/>
<pin id="184" dir="1" index="4" bw="1" slack="0"/>
</pin_list>
<bind>
<opcode="phi(47) " fcode="phi"/>
<opset="eol/2 "/>
</bind>
</comp>

<comp id="187" class="1005" name="sof_reg_187">
<pin_list>
<pin id="188" dir="0" index="0" bw="1" slack="1"/>
<pin id="189" dir="1" index="1" bw="1" slack="1"/>
</pin_list>
<bind>
<opset="sof (phireg) "/>
</bind>
</comp>

<comp id="191" class="1004" name="sof_phi_fu_191">
<pin_list>
<pin id="192" dir="0" index="0" bw="1" slack="1"/>
<pin id="193" dir="0" index="1" bw="0" slack="2147483647"/>
<pin id="194" dir="0" index="2" bw="1" slack="1"/>
<pin id="195" dir="0" index="3" bw="0" slack="2147483647"/>
<pin id="196" dir="1" index="4" bw="1" slack="0"/>
</pin_list>
<bind>
<opcode="phi(47) " fcode="phi"/>
<opset="sof/2 "/>
</bind>
</comp>

<comp id="198" class="1004" name="cond_fu_198">
<pin_list>
<pin id="199" dir="0" index="0" bw="8" slack="0"/>
<pin id="200" dir="0" index="1" bw="1" slack="0"/>
<pin id="201" dir="1" index="2" bw="1" slack="2"/>
</pin_list>
<bind>
<opcode="icmp(45) " fcode="icmp"/>
<opset="cond/1 "/>
</bind>
</comp>

<comp id="204" class="1004" name="store_ln825_store_fu_204">
<pin_list>
<pin id="205" dir="0" index="0" bw="1" slack="0"/>
<pin id="206" dir="0" index="1" bw="1" slack="0"/>
<pin id="207" dir="1" index="2" bw="0" slack="2147483647"/>
</pin_list>
<bind>
<opcode="store(28) " fcode="store"/>
<opset="store_ln825/1 "/>
</bind>
</comp>

<comp id="209" class="1004" name="store_ln825_store_fu_209">
<pin_list>
<pin id="210" dir="0" index="0" bw="30" slack="0"/>
<pin id="211" dir="0" index="1" bw="30" slack="0"/>
<pin id="212" dir="1" index="2" bw="0" slack="2147483647"/>
</pin_list>
<bind>
<opcode="store(28) " fcode="store"/>
<opset="store_ln825/1 "/>
</bind>
</comp>

<comp id="214" class="1004" name="store_ln850_store_fu_214">
<pin_list>
<pin id="215" dir="0" index="0" bw="1" slack="0"/>
<pin id="216" dir="0" index="1" bw="13" slack="0"/>
<pin id="217" dir="1" index="2" bw="0" slack="2147483647"/>
</pin_list>
<bind>
<opcode="store(28) " fcode="store"/>
<opset="store_ln850/1 "/>
</bind>
</comp>

<comp id="219" class="1004" name="j_3_load_fu_219">
<pin_list>
<pin id="220" dir="0" index="0" bw="13" slack="0"/>
<pin id="221" dir="1" index="1" bw="13" slack="0"/>
</pin_list>
<bind>
<opcode="load(27) " fcode="load"/>
<opset="j_3/1 "/>
</bind>
</comp>

<comp id="222" class="1004" name="icmp_ln850_fu_222">
<pin_list>
<pin id="223" dir="0" index="0" bw="13" slack="0"/>
<pin id="224" dir="0" index="1" bw="13" slack="0"/>
<pin id="225" dir="1" index="2" bw="1" slack="1"/>
</pin_list>
<bind>
<opcode="icmp(45) " fcode="icmp"/>
<opset="icmp_ln850/1 "/>
</bind>
</comp>

<comp id="228" class="1004" name="j_4_fu_228">
<pin_list>
<pin id="229" dir="0" index="0" bw="13" slack="0"/>
<pin id="230" dir="0" index="1" bw="1" slack="0"/>
<pin id="231" dir="1" index="2" bw="13" slack="0"/>
</pin_list>
<bind>
<opcode="add(8) " fcode="add"/>
<opset="j_4/1 "/>
</bind>
</comp>

<comp id="234" class="1004" name="store_ln850_store_fu_234">
<pin_list>
<pin id="235" dir="0" index="0" bw="13" slack="0"/>
<pin id="236" dir="0" index="1" bw="13" slack="0"/>
<pin id="237" dir="1" index="2" bw="0" slack="2147483647"/>
</pin_list>
<bind>
<opcode="store(28) " fcode="store"/>
<opset="store_ln850/1 "/>
</bind>
</comp>

<comp id="239" class="1004" name="or_ln854_fu_239">
<pin_list>
<pin id="240" dir="0" index="0" bw="1" slack="0"/>
<pin id="241" dir="0" index="1" bw="1" slack="0"/>
<pin id="242" dir="1" index="2" bw="1" slack="2147483647"/>
</pin_list>
<bind>
<opcode="or(24) " fcode="or"/>
<opset="or_ln854/2 "/>
</bind>
</comp>

<comp id="245" class="1004" name="p_cast9_fu_245">
<pin_list>
<pin id="246" dir="0" index="0" bw="44" slack="0"/>
<pin id="247" dir="1" index="1" bw="32" slack="0"/>
</pin_list>
<bind>
<opcode="extractvalue(56) " fcode="extractvalue"/>
<opset="p_cast9/2 "/>
</bind>
</comp>

<comp id="249" class="1004" name="axi_last_5_fu_249">
<pin_list>
<pin id="250" dir="0" index="0" bw="44" slack="0"/>
<pin id="251" dir="1" index="1" bw="1" slack="0"/>
</pin_list>
<bind>
<opcode="extractvalue(56) " fcode="extractvalue"/>
<opset="axi_last_5/2 "/>
</bind>
</comp>

<comp id="253" class="1004" name="axi_data_4_fu_253">
<pin_list>
<pin id="254" dir="0" index="0" bw="32" slack="0"/>
<pin id="255" dir="1" index="1" bw="30" slack="0"/>
</pin_list>
<bind>
<opcode="trunc(33) " fcode="trunc"/>
<opset="axi_data_4/2 "/>
</bind>
</comp>

<comp id="257" class="1004" name="store_ln825_store_fu_257">
<pin_list>
<pin id="258" dir="0" index="0" bw="1" slack="0"/>
<pin id="259" dir="0" index="1" bw="1" slack="1"/>
<pin id="260" dir="1" index="2" bw="0" slack="2147483647"/>
</pin_list>
<bind>
<opcode="store(28) " fcode="store"/>
<opset="store_ln825/2 "/>
</bind>
</comp>

<comp id="262" class="1004" name="store_ln825_store_fu_262">
<pin_list>
<pin id="263" dir="0" index="0" bw="30" slack="0"/>
<pin id="264" dir="0" index="1" bw="30" slack="1"/>
<pin id="265" dir="1" index="2" bw="0" slack="2147483647"/>
</pin_list>
<bind>
<opcode="store(28) " fcode="store"/>
<opset="store_ln825/2 "/>
</bind>
</comp>

<comp id="267" class="1004" name="axi_data_7_load_fu_267">
<pin_list>
<pin id="268" dir="0" index="0" bw="30" slack="2"/>
<pin id="269" dir="1" index="1" bw="30" slack="0"/>
</pin_list>
<bind>
<opcode="load(27) " fcode="load"/>
<opset="axi_data_7/3 "/>
</bind>
</comp>

<comp id="270" class="1004" name="axi_last_4_load_fu_270">
<pin_list>
<pin id="271" dir="0" index="0" bw="1" slack="2"/>
<pin id="272" dir="1" index="1" bw="1" slack="1"/>
</pin_list>
<bind>
<opcode="load(27) " fcode="load"/>
<opset="axi_last_4/3 "/>
</bind>
</comp>

<comp id="273" class="1004" name="tmp_3_fu_273">
<pin_list>
<pin id="274" dir="0" index="0" bw="10" slack="0"/>
<pin id="275" dir="0" index="1" bw="30" slack="0"/>
<pin id="276" dir="0" index="2" bw="6" slack="0"/>
<pin id="277" dir="1" index="3" bw="10" slack="0"/>
</pin_list>
<bind>
<opcode="partselect(1002) " fcode="partselect"/>
<opset="tmp_3/3 "/>
</bind>
</comp>

<comp id="281" class="1004" name="trunc_ln63_fu_281">
<pin_list>
<pin id="282" dir="0" index="0" bw="30" slack="0"/>
<pin id="283" dir="1" index="1" bw="10" slack="0"/>
</pin_list>
<bind>
<opcode="trunc(33) " fcode="trunc"/>
<opset="trunc_ln63/3 "/>
</bind>
</comp>

<comp id="285" class="1004" name="select_ln880_fu_285">
<pin_list>
<pin id="286" dir="0" index="0" bw="1" slack="2"/>
<pin id="287" dir="0" index="1" bw="10" slack="0"/>
<pin id="288" dir="0" index="2" bw="10" slack="0"/>
<pin id="289" dir="1" index="3" bw="10" slack="0"/>
</pin_list>
<bind>
<opcode="select(49) " fcode="select"/>
<opset="select_ln880/3 "/>
</bind>
</comp>

<comp id="292" class="1004" name="tmp_5_fu_292">
<pin_list>
<pin id="293" dir="0" index="0" bw="10" slack="0"/>
<pin id="294" dir="0" index="1" bw="30" slack="0"/>
<pin id="295" dir="0" index="2" bw="5" slack="0"/>
<pin id="296" dir="1" index="3" bw="10" slack="0"/>
</pin_list>
<bind>
<opcode="partselect(1002) " fcode="partselect"/>
<opset="tmp_5/3 "/>
</bind>
</comp>

<comp id="300" class="1004" name="select_ln880_1_fu_300">
<pin_list>
<pin id="301" dir="0" index="0" bw="1" slack="2"/>
<pin id="302" dir="0" index="1" bw="10" slack="0"/>
<pin id="303" dir="0" index="2" bw="10" slack="0"/>
<pin id="304" dir="1" index="3" bw="10" slack="0"/>
</pin_list>
<bind>
<opcode="select(49) " fcode="select"/>
<opset="select_ln880_1/3 "/>
</bind>
</comp>

<comp id="307" class="1004" name="select_ln880_2_fu_307">
<pin_list>
<pin id="308" dir="0" index="0" bw="1" slack="2"/>
<pin id="309" dir="0" index="1" bw="10" slack="0"/>
<pin id="310" dir="0" index="2" bw="10" slack="0"/>
<pin id="311" dir="1" index="3" bw="10" slack="0"/>
</pin_list>
<bind>
<opcode="select(49) " fcode="select"/>
<opset="select_ln880_2/3 "/>
</bind>
</comp>

<comp id="314" class="1004" name="or_ln894_3_fu_314">
<pin_list>
<pin id="315" dir="0" index="0" bw="30" slack="0"/>
<pin id="316" dir="0" index="1" bw="10" slack="0"/>
<pin id="317" dir="0" index="2" bw="10" slack="0"/>
<pin id="318" dir="0" index="3" bw="10" slack="0"/>
<pin id="319" dir="1" index="4" bw="30" slack="0"/>
</pin_list>
<bind>
<opcode="bitconcatenate(1004) " fcode="bitconcatenate"/>
<opset="or_ln894_3/3 "/>
</bind>
</comp>

<comp id="325" class="1004" name="axi_data_load_load_fu_325">
<pin_list>
<pin id="326" dir="0" index="0" bw="30" slack="1"/>
<pin id="327" dir="1" index="1" bw="30" slack="0"/>
</pin_list>
<bind>
<opcode="load(27) " fcode="load"/>
<opset="axi_data_load/2 "/>
</bind>
</comp>

<comp id="329" class="1005" name="j_reg_329">
<pin_list>
<pin id="330" dir="0" index="0" bw="13" slack="0"/>
<pin id="331" dir="1" index="1" bw="13" slack="0"/>
</pin_list>
<bind>
<opset="j "/>
</bind>
</comp>

<comp id="336" class="1005" name="axi_data_reg_336">
<pin_list>
<pin id="337" dir="0" index="0" bw="30" slack="0"/>
<pin id="338" dir="1" index="1" bw="30" slack="0"/>
</pin_list>
<bind>
<opset="axi_data "/>
</bind>
</comp>

<comp id="344" class="1005" name="axi_last_reg_344">
<pin_list>
<pin id="345" dir="0" index="0" bw="1" slack="0"/>
<pin id="346" dir="1" index="1" bw="1" slack="0"/>
</pin_list>
<bind>
<opset="axi_last "/>
</bind>
</comp>

<comp id="351" class="1005" name="sof_5_read_reg_351">
<pin_list>
<pin id="352" dir="0" index="0" bw="1" slack="1"/>
<pin id="353" dir="1" index="1" bw="1" slack="1"/>
</pin_list>
<bind>
<opset="sof_5_read "/>
</bind>
</comp>

<comp id="356" class="1005" name="cond_reg_356">
<pin_list>
<pin id="357" dir="0" index="0" bw="1" slack="2"/>
<pin id="358" dir="1" index="1" bw="1" slack="2"/>
</pin_list>
<bind>
<opset="cond "/>
</bind>
</comp>

<comp id="363" class="1005" name="icmp_ln850_reg_363">
<pin_list>
<pin id="364" dir="0" index="0" bw="1" slack="1"/>
<pin id="365" dir="1" index="1" bw="1" slack="2147483647"/>
</pin_list>
<bind>
<opset="icmp_ln850 "/>
</bind>
</comp>

<comp id="370" class="1005" name="axi_last_4_reg_370">
<pin_list>
<pin id="371" dir="0" index="0" bw="1" slack="1"/>
<pin id="372" dir="1" index="1" bw="1" slack="1"/>
</pin_list>
<bind>
<opset="axi_last_4 "/>
</bind>
</comp>

</comp_list>

<net_list>
<net id="97"><net_src comp="30" pin="0"/><net_sink comp="94" pin=0"/></net>

<net id="101"><net_src comp="30" pin="0"/><net_sink comp="98" pin=0"/></net>

<net id="105"><net_src comp="30" pin="0"/><net_sink comp="102" pin=0"/></net>

<net id="110"><net_src comp="50" pin="0"/><net_sink comp="106" pin=0"/></net>

<net id="111"><net_src comp="24" pin="0"/><net_sink comp="106" pin=1"/></net>

<net id="116"><net_src comp="52" pin="0"/><net_sink comp="112" pin=0"/></net>

<net id="117"><net_src comp="6" pin="0"/><net_sink comp="112" pin=1"/></net>

<net id="122"><net_src comp="54" pin="0"/><net_sink comp="118" pin=0"/></net>

<net id="123"><net_src comp="4" pin="0"/><net_sink comp="118" pin=1"/></net>

<net id="128"><net_src comp="56" pin="0"/><net_sink comp="124" pin=0"/></net>

<net id="129"><net_src comp="2" pin="0"/><net_sink comp="124" pin=1"/></net>

<net id="134"><net_src comp="56" pin="0"/><net_sink comp="130" pin=0"/></net>

<net id="135"><net_src comp="0" pin="0"/><net_sink comp="130" pin=1"/></net>

<net id="146"><net_src comp="78" pin="0"/><net_sink comp="136" pin=0"/></net>

<net id="147"><net_src comp="10" pin="0"/><net_sink comp="136" pin=1"/></net>

<net id="148"><net_src comp="12" pin="0"/><net_sink comp="136" pin=2"/></net>

<net id="149"><net_src comp="14" pin="0"/><net_sink comp="136" pin=3"/></net>

<net id="150"><net_src comp="16" pin="0"/><net_sink comp="136" pin=4"/></net>

<net id="151"><net_src comp="18" pin="0"/><net_sink comp="136" pin=5"/></net>

<net id="152"><net_src comp="20" pin="0"/><net_sink comp="136" pin=6"/></net>

<net id="153"><net_src comp="22" pin="0"/><net_sink comp="136" pin=7"/></net>

<net id="159"><net_src comp="88" pin="0"/><net_sink comp="154" pin=0"/></net>

<net id="160"><net_src comp="8" pin="0"/><net_sink comp="154" pin=1"/></net>

<net id="166"><net_src comp="90" pin="0"/><net_sink comp="161" pin=0"/></net>

<net id="167"><net_src comp="26" pin="0"/><net_sink comp="161" pin=1"/></net>

<net id="173"><net_src comp="92" pin="0"/><net_sink comp="168" pin=0"/></net>

<net id="174"><net_src comp="28" pin="0"/><net_sink comp="168" pin=1"/></net>

<net id="178"><net_src comp="64" pin="0"/><net_sink comp="175" pin=0"/></net>

<net id="185"><net_src comp="175" pin="1"/><net_sink comp="179" pin=0"/></net>

<net id="186"><net_src comp="179" pin="4"/><net_sink comp="161" pin=2"/></net>

<net id="190"><net_src comp="64" pin="0"/><net_sink comp="187" pin=0"/></net>

<net id="197"><net_src comp="187" pin="1"/><net_sink comp="191" pin=2"/></net>

<net id="202"><net_src comp="106" pin="2"/><net_sink comp="198" pin=0"/></net>

<net id="203"><net_src comp="58" pin="0"/><net_sink comp="198" pin=1"/></net>

<net id="208"><net_src comp="124" pin="2"/><net_sink comp="204" pin=0"/></net>

<net id="213"><net_src comp="118" pin="2"/><net_sink comp="209" pin=0"/></net>

<net id="218"><net_src comp="60" pin="0"/><net_sink comp="214" pin=0"/></net>

<net id="226"><net_src comp="219" pin="1"/><net_sink comp="222" pin=0"/></net>

<net id="227"><net_src comp="112" pin="2"/><net_sink comp="222" pin=1"/></net>

<net id="232"><net_src comp="219" pin="1"/><net_sink comp="228" pin=0"/></net>

<net id="233"><net_src comp="62" pin="0"/><net_sink comp="228" pin=1"/></net>

<net id="238"><net_src comp="228" pin="2"/><net_sink comp="234" pin=0"/></net>

<net id="243"><net_src comp="191" pin="4"/><net_sink comp="239" pin=0"/></net>

<net id="244"><net_src comp="179" pin="4"/><net_sink comp="239" pin=1"/></net>

<net id="248"><net_src comp="136" pin="8"/><net_sink comp="245" pin=0"/></net>

<net id="252"><net_src comp="136" pin="8"/><net_sink comp="249" pin=0"/></net>

<net id="256"><net_src comp="245" pin="1"/><net_sink comp="253" pin=0"/></net>

<net id="261"><net_src comp="249" pin="1"/><net_sink comp="257" pin=0"/></net>

<net id="266"><net_src comp="253" pin="1"/><net_sink comp="262" pin=0"/></net>

<net id="278"><net_src comp="80" pin="0"/><net_sink comp="273" pin=0"/></net>

<net id="279"><net_src comp="267" pin="1"/><net_sink comp="273" pin=1"/></net>

<net id="280"><net_src comp="82" pin="0"/><net_sink comp="273" pin=2"/></net>

<net id="284"><net_src comp="267" pin="1"/><net_sink comp="281" pin=0"/></net>

<net id="290"><net_src comp="273" pin="3"/><net_sink comp="285" pin=1"/></net>

<net id="291"><net_src comp="281" pin="1"/><net_sink comp="285" pin=2"/></net>

<net id="297"><net_src comp="80" pin="0"/><net_sink comp="292" pin=0"/></net>

<net id="298"><net_src comp="267" pin="1"/><net_sink comp="292" pin=1"/></net>

<net id="299"><net_src comp="84" pin="0"/><net_sink comp="292" pin=2"/></net>

<net id="305"><net_src comp="281" pin="1"/><net_sink comp="300" pin=1"/></net>

<net id="306"><net_src comp="292" pin="3"/><net_sink comp="300" pin=2"/></net>

<net id="312"><net_src comp="292" pin="3"/><net_sink comp="307" pin=1"/></net>

<net id="313"><net_src comp="273" pin="3"/><net_sink comp="307" pin=2"/></net>

<net id="320"><net_src comp="86" pin="0"/><net_sink comp="314" pin=0"/></net>

<net id="321"><net_src comp="307" pin="3"/><net_sink comp="314" pin=1"/></net>

<net id="322"><net_src comp="300" pin="3"/><net_sink comp="314" pin=2"/></net>

<net id="323"><net_src comp="285" pin="3"/><net_sink comp="314" pin=3"/></net>

<net id="324"><net_src comp="314" pin="4"/><net_sink comp="154" pin=2"/></net>

<net id="328"><net_src comp="325" pin="1"/><net_sink comp="168" pin=2"/></net>

<net id="332"><net_src comp="94" pin="1"/><net_sink comp="329" pin=0"/></net>

<net id="333"><net_src comp="329" pin="1"/><net_sink comp="214" pin=1"/></net>

<net id="334"><net_src comp="329" pin="1"/><net_sink comp="219" pin=0"/></net>

<net id="335"><net_src comp="329" pin="1"/><net_sink comp="234" pin=1"/></net>

<net id="339"><net_src comp="98" pin="1"/><net_sink comp="336" pin=0"/></net>

<net id="340"><net_src comp="336" pin="1"/><net_sink comp="209" pin=1"/></net>

<net id="341"><net_src comp="336" pin="1"/><net_sink comp="262" pin=1"/></net>

<net id="342"><net_src comp="336" pin="1"/><net_sink comp="267" pin=0"/></net>

<net id="343"><net_src comp="336" pin="1"/><net_sink comp="325" pin=0"/></net>

<net id="347"><net_src comp="102" pin="1"/><net_sink comp="344" pin=0"/></net>

<net id="348"><net_src comp="344" pin="1"/><net_sink comp="204" pin=1"/></net>

<net id="349"><net_src comp="344" pin="1"/><net_sink comp="257" pin=1"/></net>

<net id="350"><net_src comp="344" pin="1"/><net_sink comp="270" pin=0"/></net>

<net id="354"><net_src comp="130" pin="2"/><net_sink comp="351" pin=0"/></net>

<net id="355"><net_src comp="351" pin="1"/><net_sink comp="191" pin=0"/></net>

<net id="359"><net_src comp="198" pin="2"/><net_sink comp="356" pin=0"/></net>

<net id="360"><net_src comp="356" pin="1"/><net_sink comp="285" pin=0"/></net>

<net id="361"><net_src comp="356" pin="1"/><net_sink comp="300" pin=0"/></net>

<net id="362"><net_src comp="356" pin="1"/><net_sink comp="307" pin=0"/></net>

<net id="366"><net_src comp="222" pin="2"/><net_sink comp="363" pin=0"/></net>

<net id="373"><net_src comp="270" pin="1"/><net_sink comp="370" pin=0"/></net>

<net id="374"><net_src comp="370" pin="1"/><net_sink comp="179" pin=2"/></net>

</net_list>

</model> 
---------------- Datapath Model END ------------------

* FSMD analyzer results:
  - Output states:
	Port: srcYUV | {3 }
	Port: eol_out | {2 }
	Port: axi_data_7_out | {2 }
 - Input state : 
	Port: AXIvideo2MultiPixStream_Pipeline_loop_width : sof_5 | {1 }
	Port: AXIvideo2MultiPixStream_Pipeline_loop_width : axi_last_2 | {1 }
	Port: AXIvideo2MultiPixStream_Pipeline_loop_width : axi_data_6 | {1 }
	Port: AXIvideo2MultiPixStream_Pipeline_loop_width : empty | {1 }
	Port: AXIvideo2MultiPixStream_Pipeline_loop_width : s_axis_video_V_data_V | {2 }
	Port: AXIvideo2MultiPixStream_Pipeline_loop_width : s_axis_video_V_keep_V | {2 }
	Port: AXIvideo2MultiPixStream_Pipeline_loop_width : s_axis_video_V_strb_V | {2 }
	Port: AXIvideo2MultiPixStream_Pipeline_loop_width : s_axis_video_V_user_V | {2 }
	Port: AXIvideo2MultiPixStream_Pipeline_loop_width : s_axis_video_V_last_V | {2 }
	Port: AXIvideo2MultiPixStream_Pipeline_loop_width : s_axis_video_V_id_V | {2 }
	Port: AXIvideo2MultiPixStream_Pipeline_loop_width : s_axis_video_V_dest_V | {2 }
	Port: AXIvideo2MultiPixStream_Pipeline_loop_width : colorFormat_val | {1 }
  - Chain level:
	State 1
		store_ln850 : 1
		j_3 : 1
		icmp_ln850 : 2
		j_4 : 2
		br_ln850 : 3
		store_ln850 : 3
	State 2
		or_ln854 : 1
		br_ln854 : 1
		axi_data_4 : 1
		store_ln825 : 1
		store_ln825 : 2
		write_ln0 : 1
		write_ln0 : 1
	State 3
		tmp_3 : 1
		trunc_ln63 : 1
		select_ln880 : 2
		tmp_5 : 1
		select_ln880_1 : 2
		select_ln880_2 : 2
		or_ln894_3 : 3
		write_ln894 : 4


============================================================
+ Verbose Summary: Datapath Resource usage 
============================================================

* Functional unit list:
|----------|----------------------------------|---------|---------|
| Operation|          Functional Unit         |    FF   |   LUT   |
|----------|----------------------------------|---------|---------|
|          |        select_ln880_fu_285       |    0    |    10   |
|  select  |       select_ln880_1_fu_300      |    0    |    10   |
|          |       select_ln880_2_fu_307      |    0    |    10   |
|----------|----------------------------------|---------|---------|
|   icmp   |            cond_fu_198           |    0    |    15   |
|          |         icmp_ln850_fu_222        |    0    |    14   |
|----------|----------------------------------|---------|---------|
|    add   |            j_4_fu_228            |    0    |    14   |
|----------|----------------------------------|---------|---------|
|    or    |          or_ln854_fu_239         |    0    |    2    |
|----------|----------------------------------|---------|---------|
|          | colorFormat_val_read_read_fu_106 |    0    |    0    |
|          |          tmp_read_fu_112         |    0    |    0    |
|   read   |    axi_data_6_read_read_fu_118   |    0    |    0    |
|          |    axi_last_2_read_read_fu_124   |    0    |    0    |
|          |      sof_5_read_read_fu_130      |    0    |    0    |
|          |       empty_216_read_fu_136      |    0    |    0    |
|----------|----------------------------------|---------|---------|
|          |     write_ln894_write_fu_154     |    0    |    0    |
|   write  |      write_ln0_write_fu_161      |    0    |    0    |
|          |      write_ln0_write_fu_168      |    0    |    0    |
|----------|----------------------------------|---------|---------|
|extractvalue|          p_cast9_fu_245          |    0    |    0    |
|          |         axi_last_5_fu_249        |    0    |    0    |
|----------|----------------------------------|---------|---------|
|   trunc  |         axi_data_4_fu_253        |    0    |    0    |
|          |         trunc_ln63_fu_281        |    0    |    0    |
|----------|----------------------------------|---------|---------|
|partselect|           tmp_3_fu_273           |    0    |    0    |
|          |           tmp_5_fu_292           |    0    |    0    |
|----------|----------------------------------|---------|---------|
|bitconcatenate|         or_ln894_3_fu_314        |    0    |    0    |
|----------|----------------------------------|---------|---------|
|   Total  |                                  |    0    |    75   |
|----------|----------------------------------|---------|---------|

Memories:
N/A

* Register list:
+------------------+--------+
|                  |   FF   |
+------------------+--------+
| axi_data_reg_336 |   30   |
|axi_last_4_reg_370|    1   |
| axi_last_reg_344 |    1   |
|   cond_reg_356   |    1   |
|    eol_reg_175   |    1   |
|icmp_ln850_reg_363|    1   |
|     j_reg_329    |   13   |
|sof_5_read_reg_351|    1   |
|    sof_reg_187   |    1   |
+------------------+--------+
|       Total      |   50   |
+------------------+--------+

* Multiplexer (MUX) list: 
|--------|------|------|------|--------|
|  Comp  |  Pin | Size |  BW  | S x BW |
|--------|------|------|------|--------|
|  Total |      |      |      |    0   |
|--------|------|------|------|--------|



* Summary:
+-----------+--------+--------+
|           |   FF   |   LUT  |
+-----------+--------+--------+
|  Function |    0   |   75   |
|   Memory  |    -   |    -   |
|Multiplexer|    -   |    -   |
|  Register |   50   |    -   |
+-----------+--------+--------+
|   Total   |   50   |   75   |
+-----------+--------+--------+
