

================================================================
== Vitis HLS Report for 'AXIvideo2MultiPixStream'
================================================================
* Date:           Tue Nov 11 00:45:45 2025

* Version:        2024.2 (Build 5238294 on Nov  8 2024)
* Project:        prj
* Solution:       sol (Vivado IP Flow Target)
* Product family: zynq
* Target device:  xc7z010-clg400-1


================================================================
== Performance Estimates
================================================================
+ Timing: 
    * Summary: 
    +--------+---------+----------+------------+
    |  Clock |  Target | Estimated| Uncertainty|
    +--------+---------+----------+------------+
    |ap_clk  |  6.67 ns|  4.856 ns|     1.80 ns|
    +--------+---------+----------+------------+

+ Latency: 
    * Summary: 
    +---------+---------+-----------+-----------+-----+---------+---------+
    |  Latency (cycles) |   Latency (absolute)  |    Interval   | Pipeline|
    |   min   |   max   |    min    |    max    | min |   max   |   Type  |
    +---------+---------+-----------+-----------+-----+---------+---------+
    |        2|  8868966|  13.334 ns|  59.129 ms|    2|  8868966|       no|
    +---------+---------+-----------+-----------+-----+---------+---------+

    + Detail: 
        * Instance: 
        N/A

        * Loop: 
        +---------------+---------+---------+-----------+-----------+-----------+----------+----------+
        |               |  Latency (cycles) | Iteration |  Initiation Interval  |   Trip   |          |
        |   Loop Name   |   min   |   max   |  Latency  |  achieved |   target  |   Count  | Pipelined|
        +---------------+---------+---------+-----------+-----------+-----------+----------+----------+
        |- loop_height  |        0|  8868960|  10 ~ 4106|          -|          -|  0 ~ 2160|        no|
        +---------------+---------+---------+-----------+-----------+-----------+----------+----------+

============================================================
+ Verbose Summary: Synthesis Manager
============================================================
InlineROM: 1
ExposeGlobal: 0
============================================================
+ Verbose Summary: CDFG Model
============================================================
IsTopModel: 0
ResetActiveHigh: 1
IsCombinational: 2
IsDatapathOnly: 0
HasWiredReturn: 1
HasMFsm: 0
HasVarLatency: 1
IsPipeline: 0
IsRtlPipelined: 0
IsInstanceOverlapped: 0
IsDontTouch: 0
HasImplIP: 0
IsGatedGlobalClock: 0


============================================================
+ Verbose Summary: Schedule
============================================================
* Number of FSM states : 9
* Pipeline : 0
* Dataflow Pipeline: 0

* FSM state transitions: 
1 --> 2 
2 --> 3 5 
3 --> 4 
4 --> 5 
5 --> 6 
6 --> 7 
7 --> 8 
8 --> 9 
9 --> 5 

* FSM state operations: 

State 1 <SV = 0> <Delay = 2.43>
ST_1 : Operation 10 [1/1] (0.00ns)   --->   "%colorFormat_val_read = read i8 @_ssdm_op_Read.ap_auto.i8, i8 %colorFormat_val"   --->   Operation 10 'read' 'colorFormat_val_read' <Predicate = true> <Delay = 0.00>
ST_1 : Operation 11 [1/1] (0.00ns)   --->   "%WidthIn_val_read = read i16 @_ssdm_op_Read.ap_auto.i16, i16 %WidthIn_val"   --->   Operation 11 'read' 'WidthIn_val_read' <Predicate = true> <Delay = 0.00>
ST_1 : Operation 12 [1/1] (0.00ns)   --->   "%Height_val_read = read i16 @_ssdm_op_Read.ap_auto.i16, i16 %Height_val"   --->   Operation 12 'read' 'Height_val_read' <Predicate = true> <Delay = 0.00>
ST_1 : Operation 13 [1/1] (0.00ns)   --->   "%enableInput_val_read = read i8 @_ssdm_op_Read.ap_auto.i8, i8 %enableInput_val"   --->   Operation 13 'read' 'enableInput_val_read' <Predicate = true> <Delay = 0.00>
ST_1 : Operation 14 [1/1] (0.00ns)   --->   "%axi_last_4_loc = alloca i64 1"   --->   Operation 14 'alloca' 'axi_last_4_loc' <Predicate = true> <Delay = 0.00>
ST_1 : Operation 15 [1/1] (0.00ns)   --->   "%axi_data_7_loc = alloca i64 1"   --->   Operation 15 'alloca' 'axi_data_7_loc' <Predicate = true> <Delay = 0.00>
ST_1 : Operation 16 [1/1] (0.00ns)   --->   "%eol_loc = alloca i64 1"   --->   Operation 16 'alloca' 'eol_loc' <Predicate = true> <Delay = 0.00>
ST_1 : Operation 17 [1/1] (0.00ns)   --->   "%axi_last_loc = alloca i64 1"   --->   Operation 17 'alloca' 'axi_last_loc' <Predicate = true> <Delay = 0.00>
ST_1 : Operation 18 [1/1] ( I:2.43ns O:2.43ns )   --->   "%write_ln0 = write void @_ssdm_op_Write.ap_fifo.i8P0A, i8 %colorFormat_val27_c9, i8 %colorFormat_val_read"   --->   Operation 18 'write' 'write_ln0' <Predicate = true> <Delay = 2.43> <CoreInst = "FIFO_SRL">   --->   Core 80 'FIFO_SRL' <Latency = 0> <II = 1> <Delay = 3.63> <Storage> <Opcode : 'read' 'write' 'nbread' 'nbwrite'> <Ports = 0> <Width = 8> <Depth = 2> <FIFO>
ST_1 : Operation 19 [1/1] ( I:2.43ns O:2.43ns )   --->   "%write_ln0 = write void @_ssdm_op_Write.ap_fifo.i8P0A, i8 %enableInput_val18_c, i8 %enableInput_val_read"   --->   Operation 19 'write' 'write_ln0' <Predicate = true> <Delay = 2.43> <CoreInst = "FIFO_SRL">   --->   Core 80 'FIFO_SRL' <Latency = 0> <II = 1> <Delay = 3.63> <Storage> <Opcode : 'read' 'write' 'nbread' 'nbwrite'> <Ports = 0> <Width = 8> <Depth = 2> <FIFO>
ST_1 : Operation 20 [1/1] ( I:2.43ns O:2.43ns )   --->   "%write_ln0 = write void @_ssdm_op_Write.ap_fifo.i16P0A, i16 %width_val10_c6, i16 %WidthIn_val_read"   --->   Operation 20 'write' 'write_ln0' <Predicate = true> <Delay = 2.43> <CoreInst = "FIFO_SRL">   --->   Core 80 'FIFO_SRL' <Latency = 0> <II = 1> <Delay = 3.63> <Storage> <Opcode : 'read' 'write' 'nbread' 'nbwrite'> <Ports = 0> <Width = 16> <Depth = 2> <FIFO>
ST_1 : Operation 21 [1/1] ( I:2.43ns O:2.43ns )   --->   "%write_ln0 = write void @_ssdm_op_Write.ap_fifo.i16P0A, i16 %height_val5_c4, i16 %Height_val_read"   --->   Operation 21 'write' 'write_ln0' <Predicate = true> <Delay = 2.43> <CoreInst = "FIFO_SRL">   --->   Core 80 'FIFO_SRL' <Latency = 0> <II = 1> <Delay = 3.63> <Storage> <Opcode : 'read' 'write' 'nbread' 'nbwrite'> <Ports = 0> <Width = 16> <Depth = 2> <FIFO>
ST_1 : Operation 22 [2/2] (0.00ns)   --->   "%rows = call i16 @reg<unsigned short>, i16 %Height_val_read" [D:/FPGA/zybo/imx219/v2/pcam_hw/Zybo-Z7-HW.runs/system_v_tpg_0_0_synth_1/prj/sol/.autopilot/db/v_tpg.cpp:827]   --->   Operation 22 'call' 'rows' <Predicate = true> <Delay = 0.00> <CoreType = "Generic">   --->   Generic Core
ST_1 : Operation 23 [2/2] (0.00ns)   --->   "%cols = call i16 @reg<unsigned short>, i16 %WidthIn_val_read" [D:/FPGA/zybo/imx219/v2/pcam_hw/Zybo-Z7-HW.runs/system_v_tpg_0_0_synth_1/prj/sol/.autopilot/db/v_tpg.cpp:828]   --->   Operation 23 'call' 'cols' <Predicate = true> <Delay = 0.00> <CoreType = "Generic">   --->   Generic Core
ST_1 : Operation 24 [1/1] (1.91ns)   --->   "%icmp_ln834 = icmp_eq  i8 %enableInput_val_read, i8 0" [D:/FPGA/zybo/imx219/v2/pcam_hw/Zybo-Z7-HW.runs/system_v_tpg_0_0_synth_1/prj/sol/.autopilot/db/v_tpg.cpp:834]   --->   Operation 24 'icmp' 'icmp_ln834' <Predicate = true> <Delay = 1.91> <CoreInst = "Cmp">   --->   Core 9 'Cmp' <Latency = 0> <II = 1> <Delay = 1.91> <FuncUnit> <Opcode : 'seteq' 'setne' 'setle' 'setge' 'setlt' 'setgt'> <InPorts = 2> <OutPorts = 1>

State 2 <SV = 1> <Delay = 2.10>
ST_2 : Operation 25 [1/1] (0.00ns)   --->   "%specinterface_ln0 = specinterface void @_ssdm_op_SpecInterface, i8 %colorFormat_val27_c9, void @ap_fifo_str, i32 0, i32 0, void @p_str, i32 0, i32 0, void @p_str, void @p_str, void @p_str, i32 2, i32 2, i32 16, i32 16, void @p_str, void @ScalarProp_str, i32 4294967295, i32 0, i32 0"   --->   Operation 25 'specinterface' 'specinterface_ln0' <Predicate = true> <Delay = 0.00>
ST_2 : Operation 26 [1/1] (0.00ns)   --->   "%specinterface_ln0 = specinterface void @_ssdm_op_SpecInterface, i8 %enableInput_val18_c, void @ap_fifo_str, i32 0, i32 0, void @p_str, i32 0, i32 0, void @p_str, void @p_str, void @p_str, i32 2, i32 2, i32 16, i32 16, void @p_str, void @ScalarProp_str, i32 4294967295, i32 0, i32 0"   --->   Operation 26 'specinterface' 'specinterface_ln0' <Predicate = true> <Delay = 0.00>
ST_2 : Operation 27 [1/1] (0.00ns)   --->   "%specinterface_ln0 = specinterface void @_ssdm_op_SpecInterface, i16 %width_val10_c6, void @ap_fifo_str, i32 0, i32 0, void @p_str, i32 0, i32 0, void @p_str, void @p_str, void @p_str, i32 2, i32 2, i32 16, i32 16, void @p_str, void @ScalarProp_str, i32 4294967295, i32 0, i32 0"   --->   Operation 27 'specinterface' 'specinterface_ln0' <Predicate = true> <Delay = 0.00>
ST_2 : Operation 28 [1/1] (0.00ns)   --->   "%specinterface_ln0 = specinterface void @_ssdm_op_SpecInterface, i16 %height_val5_c4, void @ap_fifo_str, i32 0, i32 0, void @p_str, i32 0, i32 0, void @p_str, void @p_str, void @p_str, i32 2, i32 2, i32 16, i32 16, void @p_str, void @ScalarProp_str, i32 4294967295, i32 0, i32 0"   --->   Operation 28 'specinterface' 'specinterface_ln0' <Predicate = true> <Delay = 0.00>
ST_2 : Operation 29 [1/1] (0.00ns)   --->   "%specaxissidechannel_ln0 = specaxissidechannel void @_ssdm_op_SpecAXISSideChannel, i32 %s_axis_video_V_data_V, i4 %s_axis_video_V_keep_V, i4 %s_axis_video_V_strb_V, i1 %s_axis_video_V_user_V, i1 %s_axis_video_V_last_V, i1 %s_axis_video_V_id_V, i1 %s_axis_video_V_dest_V, void @empty_13"   --->   Operation 29 'specaxissidechannel' 'specaxissidechannel_ln0' <Predicate = true> <Delay = 0.00>
ST_2 : Operation 30 [1/1] (0.00ns)   --->   "%specinterface_ln0 = specinterface void @_ssdm_op_SpecInterface, i30 %srcYUV, void @empty_12, i32 0, i32 0, void @empty_5, i32 0, i32 0, void @empty_5, void @empty_5, void @empty_5, i32 0, i32 0, i32 0, i32 0, void @empty_5, void @empty_5, i32 4294967295, i32 0, i32 0"   --->   Operation 30 'specinterface' 'specinterface_ln0' <Predicate = true> <Delay = 0.00>
ST_2 : Operation 31 [1/1] (0.00ns)   --->   "%specinterface_ln0 = specinterface void @_ssdm_op_SpecInterface, i32 %s_axis_video_V_data_V, i4 %s_axis_video_V_keep_V, i4 %s_axis_video_V_strb_V, i1 %s_axis_video_V_user_V, i1 %s_axis_video_V_last_V, i1 %s_axis_video_V_id_V, i1 %s_axis_video_V_dest_V, void @empty_26, i32 0, i32 0, void @empty_4, i32 0, i32 0, void @empty_5, void @empty_5, void @empty_5, i32 0, i32 0, i32 0, i32 0, void @empty_5, void @empty_5, i32 4294967295, i32 0, i32 0"   --->   Operation 31 'specinterface' 'specinterface_ln0' <Predicate = true> <Delay = 0.00>
ST_2 : Operation 32 [1/2] (0.00ns)   --->   "%rows = call i16 @reg<unsigned short>, i16 %Height_val_read" [D:/FPGA/zybo/imx219/v2/pcam_hw/Zybo-Z7-HW.runs/system_v_tpg_0_0_synth_1/prj/sol/.autopilot/db/v_tpg.cpp:827]   --->   Operation 32 'call' 'rows' <Predicate = true> <Delay = 0.00> <CoreType = "Generic">   --->   Generic Core
ST_2 : Operation 33 [1/1] (0.00ns)   --->   "%trunc_ln827 = trunc i16 %rows" [D:/FPGA/zybo/imx219/v2/pcam_hw/Zybo-Z7-HW.runs/system_v_tpg_0_0_synth_1/prj/sol/.autopilot/db/v_tpg.cpp:827]   --->   Operation 33 'trunc' 'trunc_ln827' <Predicate = true> <Delay = 0.00>
ST_2 : Operation 34 [1/2] (0.00ns)   --->   "%cols = call i16 @reg<unsigned short>, i16 %WidthIn_val_read" [D:/FPGA/zybo/imx219/v2/pcam_hw/Zybo-Z7-HW.runs/system_v_tpg_0_0_synth_1/prj/sol/.autopilot/db/v_tpg.cpp:828]   --->   Operation 34 'call' 'cols' <Predicate = true> <Delay = 0.00> <CoreType = "Generic">   --->   Generic Core
ST_2 : Operation 35 [1/1] (0.00ns)   --->   "%trunc_ln828 = trunc i16 %cols" [D:/FPGA/zybo/imx219/v2/pcam_hw/Zybo-Z7-HW.runs/system_v_tpg_0_0_synth_1/prj/sol/.autopilot/db/v_tpg.cpp:828]   --->   Operation 35 'trunc' 'trunc_ln828' <Predicate = true> <Delay = 0.00>
ST_2 : Operation 36 [1/1] (0.00ns)   --->   "%br_ln834 = br i1 %icmp_ln834, void %while.cond.preheader, void %if.end73" [D:/FPGA/zybo/imx219/v2/pcam_hw/Zybo-Z7-HW.runs/system_v_tpg_0_0_synth_1/prj/sol/.autopilot/db/v_tpg.cpp:834]   --->   Operation 36 'br' 'br_ln834' <Predicate = true> <Delay = 0.00>
ST_2 : Operation 37 [1/1] (0.00ns)   --->   "%axi_data_6 = alloca i32 1" [D:/FPGA/zybo/imx219/v2/pcam_hw/Zybo-Z7-HW.runs/system_v_tpg_0_0_synth_1/prj/sol/.autopilot/db/v_tpg.cpp:825]   --->   Operation 37 'alloca' 'axi_data_6' <Predicate = (!icmp_ln834)> <Delay = 0.00>
ST_2 : Operation 38 [1/1] (0.00ns)   --->   "%i = alloca i32 1" [D:/FPGA/zybo/imx219/v2/pcam_hw/Zybo-Z7-HW.runs/system_v_tpg_0_0_synth_1/prj/sol/.autopilot/db/v_tpg.cpp:845]   --->   Operation 38 'alloca' 'i' <Predicate = (!icmp_ln834)> <Delay = 0.00>
ST_2 : Operation 39 [1/1] (0.00ns)   --->   "%fence_ln837 = fence void @_ssdm_op_Fence, i8 %colorFormat_val27_c9, i8 %enableInput_val18_c, i16 %width_val10_c6, i16 %height_val5_c4, i32 4294967295, i32 %s_axis_video_V_data_V, i4 %s_axis_video_V_keep_V, i4 %s_axis_video_V_strb_V, i1 %s_axis_video_V_user_V, i1 %s_axis_video_V_last_V, i1 %s_axis_video_V_id_V, i1 %s_axis_video_V_dest_V" [D:/FPGA/zybo/imx219/v2/pcam_hw/Zybo-Z7-HW.runs/system_v_tpg_0_0_synth_1/prj/sol/.autopilot/db/v_tpg.cpp:837]   --->   Operation 39 'fence' 'fence_ln837' <Predicate = (!icmp_ln834)> <Delay = 0.00>
ST_2 : Operation 40 [2/2] (2.10ns)   --->   "%call_ln0 = call void @AXIvideo2MultiPixStream_Pipeline_loop_wait_for_start, i32 %s_axis_video_V_data_V, i4 %s_axis_video_V_keep_V, i4 %s_axis_video_V_strb_V, i1 %s_axis_video_V_user_V, i1 %s_axis_video_V_last_V, i1 %s_axis_video_V_id_V, i1 %s_axis_video_V_dest_V, i30 %axi_data_6, i1 %axi_last_loc"   --->   Operation 40 'call' 'call_ln0' <Predicate = (!icmp_ln834)> <Delay = 2.10> <CoreType = "Generic">   --->   Generic Core
ST_2 : Operation 41 [1/1] (1.58ns)   --->   "%store_ln845 = store i12 0, i12 %i" [D:/FPGA/zybo/imx219/v2/pcam_hw/Zybo-Z7-HW.runs/system_v_tpg_0_0_synth_1/prj/sol/.autopilot/db/v_tpg.cpp:845]   --->   Operation 41 'store' 'store_ln845' <Predicate = (!icmp_ln834)> <Delay = 1.58>

State 3 <SV = 2> <Delay = 3.17>
ST_3 : Operation 42 [1/2] (3.17ns)   --->   "%call_ln0 = call void @AXIvideo2MultiPixStream_Pipeline_loop_wait_for_start, i32 %s_axis_video_V_data_V, i4 %s_axis_video_V_keep_V, i4 %s_axis_video_V_strb_V, i1 %s_axis_video_V_user_V, i1 %s_axis_video_V_last_V, i1 %s_axis_video_V_id_V, i1 %s_axis_video_V_dest_V, i30 %axi_data_6, i1 %axi_last_loc"   --->   Operation 42 'call' 'call_ln0' <Predicate = true> <Delay = 3.17> <CoreType = "Generic">   --->   Generic Core

State 4 <SV = 3> <Delay = 2.65>
ST_4 : Operation 43 [1/1] (0.00ns)   --->   "%fence_ln825 = fence void @_ssdm_op_Fence, i32 %s_axis_video_V_data_V, i4 %s_axis_video_V_keep_V, i4 %s_axis_video_V_strb_V, i1 %s_axis_video_V_user_V, i1 %s_axis_video_V_last_V, i1 %s_axis_video_V_id_V, i1 %s_axis_video_V_dest_V, i32 4294967295, i32 %s_axis_video_V_data_V, i4 %s_axis_video_V_keep_V, i4 %s_axis_video_V_strb_V, i1 %s_axis_video_V_user_V, i1 %s_axis_video_V_last_V, i1 %s_axis_video_V_id_V, i1 %s_axis_video_V_dest_V, i30 %srcYUV" [D:/FPGA/zybo/imx219/v2/pcam_hw/Zybo-Z7-HW.runs/system_v_tpg_0_0_synth_1/prj/sol/.autopilot/db/v_tpg.cpp:825]   --->   Operation 43 'fence' 'fence_ln825' <Predicate = true> <Delay = 0.00>
ST_4 : Operation 44 [1/1] (0.00ns)   --->   "%axi_last_loc_load = load i1 %axi_last_loc"   --->   Operation 44 'load' 'axi_last_loc_load' <Predicate = true> <Delay = 0.00>
ST_4 : Operation 45 [1/1] (1.67ns)   --->   "%cmp10402 = icmp_ne  i13 %trunc_ln828, i13 0" [D:/FPGA/zybo/imx219/v2/pcam_hw/Zybo-Z7-HW.runs/system_v_tpg_0_0_synth_1/prj/sol/.autopilot/db/v_tpg.cpp:828]   --->   Operation 45 'icmp' 'cmp10402' <Predicate = true> <Delay = 1.67> <CoreInst = "Cmp">   --->   Core 9 'Cmp' <Latency = 0> <II = 1> <Delay = 1.67> <FuncUnit> <Opcode : 'seteq' 'setne' 'setle' 'setge' 'setlt' 'setgt'> <InPorts = 2> <OutPorts = 1>
ST_4 : Operation 46 [1/1] (0.97ns)   --->   "%xor_ln897 = xor i1 %cmp10402, i1 1" [D:/FPGA/zybo/imx219/v2/pcam_hw/Zybo-Z7-HW.runs/system_v_tpg_0_0_synth_1/prj/sol/.autopilot/db/v_tpg.cpp:897]   --->   Operation 46 'xor' 'xor_ln897' <Predicate = true> <Delay = 0.97> <CoreInst = "LogicGate">   --->   Core 74 'LogicGate' <Latency = 0> <II = 1> <Delay = 0.97> <FuncUnit> <Opcode : 'and' 'or' 'xor'> <InPorts = 2> <OutPorts = 1>
ST_4 : Operation 47 [1/1] (1.58ns)   --->   "%br_ln845 = br void %loop_width" [D:/FPGA/zybo/imx219/v2/pcam_hw/Zybo-Z7-HW.runs/system_v_tpg_0_0_synth_1/prj/sol/.autopilot/db/v_tpg.cpp:845]   --->   Operation 47 'br' 'br_ln845' <Predicate = true> <Delay = 1.58>

State 5 <SV = 4> <Delay = 4.81>
ST_5 : Operation 48 [1/1] (0.00ns)   --->   "%sof = phi i1 1, void %while.cond.preheader, i1 %and_ln897, void %loop_width.split" [D:/FPGA/zybo/imx219/v2/pcam_hw/Zybo-Z7-HW.runs/system_v_tpg_0_0_synth_1/prj/sol/.autopilot/db/v_tpg.cpp:897]   --->   Operation 48 'phi' 'sof' <Predicate = (!icmp_ln834)> <Delay = 0.00>
ST_5 : Operation 49 [1/1] (0.00ns)   --->   "%axi_last_2 = phi i1 %axi_last_loc_load, void %while.cond.preheader, i1 %axi_last_4_loc_load, void %loop_width.split"   --->   Operation 49 'phi' 'axi_last_2' <Predicate = (!icmp_ln834)> <Delay = 0.00>
ST_5 : Operation 50 [1/1] (0.00ns)   --->   "%i_3 = load i12 %i" [D:/FPGA/zybo/imx219/v2/pcam_hw/Zybo-Z7-HW.runs/system_v_tpg_0_0_synth_1/prj/sol/.autopilot/db/v_tpg.cpp:845]   --->   Operation 50 'load' 'i_3' <Predicate = (!icmp_ln834)> <Delay = 0.00>
ST_5 : Operation 51 [1/1] (1.54ns)   --->   "%icmp_ln845 = icmp_eq  i12 %i_3, i12 %trunc_ln827" [D:/FPGA/zybo/imx219/v2/pcam_hw/Zybo-Z7-HW.runs/system_v_tpg_0_0_synth_1/prj/sol/.autopilot/db/v_tpg.cpp:845]   --->   Operation 51 'icmp' 'icmp_ln845' <Predicate = (!icmp_ln834)> <Delay = 1.54> <CoreInst = "Cmp">   --->   Core 9 'Cmp' <Latency = 0> <II = 1> <Delay = 1.54> <FuncUnit> <Opcode : 'seteq' 'setne' 'setle' 'setge' 'setlt' 'setgt'> <InPorts = 2> <OutPorts = 1>
ST_5 : Operation 52 [1/1] (0.00ns)   --->   "%speclooptripcount_ln0 = speclooptripcount void @_ssdm_op_SpecLoopTripCount, i64 0, i64 2160, i64 0"   --->   Operation 52 'speclooptripcount' 'speclooptripcount_ln0' <Predicate = (!icmp_ln834)> <Delay = 0.00>
ST_5 : Operation 53 [1/1] (1.54ns)   --->   "%i_4 = add i12 %i_3, i12 1" [D:/FPGA/zybo/imx219/v2/pcam_hw/Zybo-Z7-HW.runs/system_v_tpg_0_0_synth_1/prj/sol/.autopilot/db/v_tpg.cpp:845]   --->   Operation 53 'add' 'i_4' <Predicate = (!icmp_ln834)> <Delay = 1.54> <CoreInst = "Adder">   --->   Core 1 'Adder' <Latency = 0> <II = 1> <Delay = 1.54> <FuncUnit> <Opcode : 'add' 'sub'> <InPorts = 2> <OutPorts = 1>
ST_5 : Operation 54 [1/1] (0.00ns)   --->   "%br_ln845 = br i1 %icmp_ln845, void %loop_width.split, void %if.end73.loopexit" [D:/FPGA/zybo/imx219/v2/pcam_hw/Zybo-Z7-HW.runs/system_v_tpg_0_0_synth_1/prj/sol/.autopilot/db/v_tpg.cpp:845]   --->   Operation 54 'br' 'br_ln845' <Predicate = (!icmp_ln834)> <Delay = 0.00>
ST_5 : Operation 55 [1/1] (0.00ns)   --->   "%axi_data_6_load = load i30 %axi_data_6"   --->   Operation 55 'load' 'axi_data_6_load' <Predicate = (!icmp_ln834 & !icmp_ln845)> <Delay = 0.00>
ST_5 : Operation 56 [2/2] (3.26ns)   --->   "%call_ln897 = call void @AXIvideo2MultiPixStream_Pipeline_loop_width, i1 %sof, i1 %axi_last_2, i30 %axi_data_6_load, i13 %trunc_ln828, i30 %srcYUV, i32 %s_axis_video_V_data_V, i4 %s_axis_video_V_keep_V, i4 %s_axis_video_V_strb_V, i1 %s_axis_video_V_user_V, i1 %s_axis_video_V_last_V, i1 %s_axis_video_V_id_V, i1 %s_axis_video_V_dest_V, i8 %colorFormat_val_read, i1 %eol_loc, i30 %axi_data_7_loc" [D:/FPGA/zybo/imx219/v2/pcam_hw/Zybo-Z7-HW.runs/system_v_tpg_0_0_synth_1/prj/sol/.autopilot/db/v_tpg.cpp:897]   --->   Operation 56 'call' 'call_ln897' <Predicate = (!icmp_ln834 & !icmp_ln845)> <Delay = 3.26> <CoreType = "Generic">   --->   Generic Core
ST_5 : Operation 57 [1/1] (0.97ns)   --->   "%and_ln897 = and i1 %sof, i1 %xor_ln897" [D:/FPGA/zybo/imx219/v2/pcam_hw/Zybo-Z7-HW.runs/system_v_tpg_0_0_synth_1/prj/sol/.autopilot/db/v_tpg.cpp:897]   --->   Operation 57 'and' 'and_ln897' <Predicate = (!icmp_ln834 & !icmp_ln845)> <Delay = 0.97> <CoreInst = "LogicGate">   --->   Core 74 'LogicGate' <Latency = 0> <II = 1> <Delay = 0.97> <FuncUnit> <Opcode : 'and' 'or' 'xor'> <InPorts = 2> <OutPorts = 1>
ST_5 : Operation 58 [1/1] (1.58ns)   --->   "%store_ln845 = store i12 %i_4, i12 %i" [D:/FPGA/zybo/imx219/v2/pcam_hw/Zybo-Z7-HW.runs/system_v_tpg_0_0_synth_1/prj/sol/.autopilot/db/v_tpg.cpp:845]   --->   Operation 58 'store' 'store_ln845' <Predicate = (!icmp_ln834 & !icmp_ln845)> <Delay = 1.58>
ST_5 : Operation 59 [1/1] (0.00ns)   --->   "%br_ln0 = br void %if.end73"   --->   Operation 59 'br' 'br_ln0' <Predicate = (!icmp_ln834 & icmp_ln845)> <Delay = 0.00>
ST_5 : Operation 60 [1/1] (0.00ns)   --->   "%ret_ln0 = ret"   --->   Operation 60 'ret' 'ret_ln0' <Predicate = (icmp_ln845) | (icmp_ln834)> <Delay = 0.00>

State 6 <SV = 5> <Delay = 0.00>
ST_6 : Operation 61 [1/2] (0.00ns)   --->   "%call_ln897 = call void @AXIvideo2MultiPixStream_Pipeline_loop_width, i1 %sof, i1 %axi_last_2, i30 %axi_data_6_load, i13 %trunc_ln828, i30 %srcYUV, i32 %s_axis_video_V_data_V, i4 %s_axis_video_V_keep_V, i4 %s_axis_video_V_strb_V, i1 %s_axis_video_V_user_V, i1 %s_axis_video_V_last_V, i1 %s_axis_video_V_id_V, i1 %s_axis_video_V_dest_V, i8 %colorFormat_val_read, i1 %eol_loc, i30 %axi_data_7_loc" [D:/FPGA/zybo/imx219/v2/pcam_hw/Zybo-Z7-HW.runs/system_v_tpg_0_0_synth_1/prj/sol/.autopilot/db/v_tpg.cpp:897]   --->   Operation 61 'call' 'call_ln897' <Predicate = true> <Delay = 0.00> <CoreType = "Generic">   --->   Generic Core

State 7 <SV = 6> <Delay = 3.09>
ST_7 : Operation 62 [1/1] (0.00ns)   --->   "%fence_ln897 = fence void @_ssdm_op_Fence, i32 %s_axis_video_V_data_V, i4 %s_axis_video_V_keep_V, i4 %s_axis_video_V_strb_V, i1 %s_axis_video_V_user_V, i1 %s_axis_video_V_last_V, i1 %s_axis_video_V_id_V, i1 %s_axis_video_V_dest_V, i30 %srcYUV, i32 4294967295, i32 %s_axis_video_V_data_V, i4 %s_axis_video_V_keep_V, i4 %s_axis_video_V_strb_V, i1 %s_axis_video_V_user_V, i1 %s_axis_video_V_last_V, i1 %s_axis_video_V_id_V, i1 %s_axis_video_V_dest_V" [D:/FPGA/zybo/imx219/v2/pcam_hw/Zybo-Z7-HW.runs/system_v_tpg_0_0_synth_1/prj/sol/.autopilot/db/v_tpg.cpp:897]   --->   Operation 62 'fence' 'fence_ln897' <Predicate = true> <Delay = 0.00>
ST_7 : Operation 63 [1/1] (0.00ns)   --->   "%eol_loc_load = load i1 %eol_loc"   --->   Operation 63 'load' 'eol_loc_load' <Predicate = true> <Delay = 0.00>
ST_7 : Operation 64 [1/1] (0.00ns)   --->   "%axi_data_7_loc_load = load i30 %axi_data_7_loc"   --->   Operation 64 'load' 'axi_data_7_loc_load' <Predicate = true> <Delay = 0.00>
ST_7 : Operation 65 [1/1] (0.99ns)   --->   "%select_ln897 = select i1 %cmp10402, i1 %eol_loc_load, i1 %axi_last_2" [D:/FPGA/zybo/imx219/v2/pcam_hw/Zybo-Z7-HW.runs/system_v_tpg_0_0_synth_1/prj/sol/.autopilot/db/v_tpg.cpp:897]   --->   Operation 65 'select' 'select_ln897' <Predicate = true> <Delay = 0.99> <CoreInst = "Sel">   --->   Core 73 'Sel' <Latency = 0> <II = 1> <Delay = 0.99> <FuncUnit> <Opcode : 'select'> <InPorts = 3> <OutPorts = 1>
ST_7 : Operation 66 [1/1] (0.00ns)   --->   "%fence_ln897 = fence void @_ssdm_op_Fence, i32 %s_axis_video_V_data_V, i4 %s_axis_video_V_keep_V, i4 %s_axis_video_V_strb_V, i1 %s_axis_video_V_user_V, i1 %s_axis_video_V_last_V, i1 %s_axis_video_V_id_V, i1 %s_axis_video_V_dest_V, i30 %srcYUV, i32 4294967295, i32 %s_axis_video_V_data_V, i4 %s_axis_video_V_keep_V, i4 %s_axis_video_V_strb_V, i1 %s_axis_video_V_user_V, i1 %s_axis_video_V_last_V, i1 %s_axis_video_V_id_V, i1 %s_axis_video_V_dest_V" [D:/FPGA/zybo/imx219/v2/pcam_hw/Zybo-Z7-HW.runs/system_v_tpg_0_0_synth_1/prj/sol/.autopilot/db/v_tpg.cpp:897]   --->   Operation 66 'fence' 'fence_ln897' <Predicate = true> <Delay = 0.00>
ST_7 : Operation 67 [2/2] (2.10ns)   --->   "%call_ln897 = call void @AXIvideo2MultiPixStream_Pipeline_loop_wait_for_eol, i30 %axi_data_7_loc_load, i1 %select_ln897, i1 %eol_loc_load, i32 %s_axis_video_V_data_V, i4 %s_axis_video_V_keep_V, i4 %s_axis_video_V_strb_V, i1 %s_axis_video_V_user_V, i1 %s_axis_video_V_last_V, i1 %s_axis_video_V_id_V, i1 %s_axis_video_V_dest_V, i30 %axi_data_6, i1 %axi_last_4_loc" [D:/FPGA/zybo/imx219/v2/pcam_hw/Zybo-Z7-HW.runs/system_v_tpg_0_0_synth_1/prj/sol/.autopilot/db/v_tpg.cpp:897]   --->   Operation 67 'call' 'call_ln897' <Predicate = true> <Delay = 2.10> <CoreType = "Generic">   --->   Generic Core

State 8 <SV = 7> <Delay = 3.17>
ST_8 : Operation 68 [1/2] (3.17ns)   --->   "%call_ln897 = call void @AXIvideo2MultiPixStream_Pipeline_loop_wait_for_eol, i30 %axi_data_7_loc_load, i1 %select_ln897, i1 %eol_loc_load, i32 %s_axis_video_V_data_V, i4 %s_axis_video_V_keep_V, i4 %s_axis_video_V_strb_V, i1 %s_axis_video_V_user_V, i1 %s_axis_video_V_last_V, i1 %s_axis_video_V_id_V, i1 %s_axis_video_V_dest_V, i30 %axi_data_6, i1 %axi_last_4_loc" [D:/FPGA/zybo/imx219/v2/pcam_hw/Zybo-Z7-HW.runs/system_v_tpg_0_0_synth_1/prj/sol/.autopilot/db/v_tpg.cpp:897]   --->   Operation 68 'call' 'call_ln897' <Predicate = true> <Delay = 3.17> <CoreType = "Generic">   --->   Generic Core

State 9 <SV = 8> <Delay = 0.00>
ST_9 : Operation 69 [1/1] (0.00ns)   --->   "%specloopname_ln845 = specloopname void @_ssdm_op_SpecLoopName, void @empty_16" [D:/FPGA/zybo/imx219/v2/pcam_hw/Zybo-Z7-HW.runs/system_v_tpg_0_0_synth_1/prj/sol/.autopilot/db/v_tpg.cpp:845]   --->   Operation 69 'specloopname' 'specloopname_ln845' <Predicate = true> <Delay = 0.00>
ST_9 : Operation 70 [1/1] (0.00ns)   --->   "%axi_last_4_loc_load = load i1 %axi_last_4_loc"   --->   Operation 70 'load' 'axi_last_4_loc_load' <Predicate = true> <Delay = 0.00>
ST_9 : Operation 71 [1/1] (0.00ns)   --->   "%br_ln845 = br void %loop_width" [D:/FPGA/zybo/imx219/v2/pcam_hw/Zybo-Z7-HW.runs/system_v_tpg_0_0_synth_1/prj/sol/.autopilot/db/v_tpg.cpp:845]   --->   Operation 71 'br' 'br_ln845' <Predicate = true> <Delay = 0.00>


============================================================
+ Verbose Summary: Timing violations
============================================================
Target clock period: 6.667ns, clock uncertainty: 1.800ns.

 <State 1>: 2.433ns
The critical path consists of the following:
	wire read operation ('colorFormat_val_read') on port 'colorFormat_val' [17]  (0.000 ns)
	fifo write operation ('write_ln0') on port 'colorFormat_val27_c9' [26]  (2.433 ns)

 <State 2>: 2.106ns
The critical path consists of the following:
	'alloca' operation 30 bit ('axi.data', D:/FPGA/zybo/imx219/v2/pcam_hw/Zybo-Z7-HW.runs/system_v_tpg_0_0_synth_1/prj/sol/.autopilot/db/v_tpg.cpp:825) [43]  (0.000 ns)
	'call' operation 0 bit ('call_ln0') to 'AXIvideo2MultiPixStream_Pipeline_loop_wait_for_start' [46]  (2.106 ns)

 <State 3>: 3.176ns
The critical path consists of the following:
	'call' operation 0 bit ('call_ln0') to 'AXIvideo2MultiPixStream_Pipeline_loop_wait_for_start' [46]  (3.176 ns)

 <State 4>: 2.657ns
The critical path consists of the following:
	'icmp' operation 1 bit ('cmp10402', D:/FPGA/zybo/imx219/v2/pcam_hw/Zybo-Z7-HW.runs/system_v_tpg_0_0_synth_1/prj/sol/.autopilot/db/v_tpg.cpp:828) [49]  (1.679 ns)
	'xor' operation 1 bit ('xor_ln897', D:/FPGA/zybo/imx219/v2/pcam_hw/Zybo-Z7-HW.runs/system_v_tpg_0_0_synth_1/prj/sol/.autopilot/db/v_tpg.cpp:897) [50]  (0.978 ns)

 <State 5>: 4.814ns
The critical path consists of the following:
	'load' operation 12 bit ('i', D:/FPGA/zybo/imx219/v2/pcam_hw/Zybo-Z7-HW.runs/system_v_tpg_0_0_synth_1/prj/sol/.autopilot/db/v_tpg.cpp:845) on local variable 'i', D:/FPGA/zybo/imx219/v2/pcam_hw/Zybo-Z7-HW.runs/system_v_tpg_0_0_synth_1/prj/sol/.autopilot/db/v_tpg.cpp:845 [56]  (0.000 ns)
	'icmp' operation 1 bit ('icmp_ln845', D:/FPGA/zybo/imx219/v2/pcam_hw/Zybo-Z7-HW.runs/system_v_tpg_0_0_synth_1/prj/sol/.autopilot/db/v_tpg.cpp:845) [57]  (1.547 ns)
	'call' operation 0 bit ('call_ln897', D:/FPGA/zybo/imx219/v2/pcam_hw/Zybo-Z7-HW.runs/system_v_tpg_0_0_synth_1/prj/sol/.autopilot/db/v_tpg.cpp:897) to 'AXIvideo2MultiPixStream_Pipeline_loop_width' [64]  (3.268 ns)

 <State 6>: 0.000ns
The critical path consists of the following:

 <State 7>: 3.099ns
The critical path consists of the following:
	'load' operation 1 bit ('eol_loc_load') on local variable 'eol_loc' [66]  (0.000 ns)
	'select' operation 1 bit ('select_ln897', D:/FPGA/zybo/imx219/v2/pcam_hw/Zybo-Z7-HW.runs/system_v_tpg_0_0_synth_1/prj/sol/.autopilot/db/v_tpg.cpp:897) [68]  (0.993 ns)
	'call' operation 0 bit ('call_ln897', D:/FPGA/zybo/imx219/v2/pcam_hw/Zybo-Z7-HW.runs/system_v_tpg_0_0_synth_1/prj/sol/.autopilot/db/v_tpg.cpp:897) to 'AXIvideo2MultiPixStream_Pipeline_loop_wait_for_eol' [70]  (2.106 ns)

 <State 8>: 3.176ns
The critical path consists of the following:
	'call' operation 0 bit ('call_ln897', D:/FPGA/zybo/imx219/v2/pcam_hw/Zybo-Z7-HW.runs/system_v_tpg_0_0_synth_1/prj/sol/.autopilot/db/v_tpg.cpp:897) to 'AXIvideo2MultiPixStream_Pipeline_loop_wait_for_eol' [70]  (3.176 ns)

 <State 9>: 0.000ns
The critical path consists of the following:


============================================================
+ Verbose Summary: Binding
============================================================
N/A
* FSMD analyzer results:
  - Output states:
 - Input state : 
  - Chain level:
	State 1
	State 2
	State 3
	State 4
	State 5
	State 6
	State 7
	State 8
	State 9


============================================================
+ Verbose Summary: Datapath Resource usage 
============================================================
N/A
