

================================================================
== Vitis HLS Report for 'MultiPixStream2AXIvideo_Pipeline_VITIS_LOOP_981_2'
================================================================
* Date:           Tue Nov 11 00:46:01 2025

* Version:        2024.2 (Build 5238294 on Nov  8 2024)
* Project:        prj
* Solution:       sol (Vivado IP Flow Target)
* Product family: zynq
* Target device:  xc7z010-clg400-1


================================================================
== Performance Estimates
================================================================
+ Timing: 
    * Summary: 
    +--------+---------+----------+------------+
    |  Clock |  Target | Estimated| Uncertainty|
    +--------+---------+----------+------------+
    |ap_clk  |  6.67 ns|  4.021 ns|     1.80 ns|
    +--------+---------+----------+------------+

+ Latency: 
    * Summary: 
    +---------+---------+-----------+-----------+-----+------+---------+
    |  Latency (cycles) |   Latency (absolute)  |  Interval  | Pipeline|
    |   min   |   max   |    min    |    max    | min |  max |   Type  |
    +---------+---------+-----------+-----------+-----+------+---------+
    |        4|     4100|  26.668 ns|  27.335 us|    4|  4100|       no|
    +---------+---------+-----------+-----------+-----+------+---------+

    + Detail: 
        * Instance: 
        N/A

        * Loop: 
        +--------------------+---------+---------+----------+-----------+-----------+----------+----------+
        |                    |  Latency (cycles) | Iteration|  Initiation Interval  |   Trip   |          |
        |      Loop Name     |   min   |   max   |  Latency |  achieved |   target  |   Count  | Pipelined|
        +--------------------+---------+---------+----------+-----------+-----------+----------+----------+
        |- VITIS_LOOP_981_2  |        1|     4097|         3|          1|          1|  0 ~ 4096|       yes|
        +--------------------+---------+---------+----------+-----------+-----------+----------+----------+

============================================================
+ Verbose Summary: Synthesis Manager
============================================================
InlineROM: 1
ExposeGlobal: 0
============================================================
+ Verbose Summary: CDFG Model
============================================================
IsTopModel: 0
ResetActiveHigh: 1
IsCombinational: 0
IsDatapathOnly: 0
HasWiredReturn: 1
HasMFsm: 2
HasVarLatency: 1
IsPipeline: 0
IsRtlPipelined: 0
IsInstanceOverlapped: 0
IsDontTouch: 0
HasImplIP: 0
IsGatedGlobalClock: 0

+ Individual pipeline summary: 
  * Pipeline-0: initiation interval (II) = 1, depth = 3


============================================================
+ Verbose Summary: Schedule
============================================================
* Number of FSM states : 6
* Pipeline : 1
  Pipeline-0 : II = 1, D = 3, States = { 2 3 4 }
* Dataflow Pipeline: 0

* FSM state transitions: 
1 --> 2 
2 --> 3 
3 --> 5 4 
4 --> 2 
5 --> 6 
6 --> 

* FSM state operations: 

State 1 <SV = 0> <Delay = 1.58>
ST_1 : Operation 7 [1/1] (0.00ns)   --->   "%j = alloca i32 1" [D:/FPGA/zybo/imx219/v2/pcam_hw/Zybo-Z7-HW.runs/system_v_tpg_0_0_synth_1/prj/sol/.autopilot/db/v_tpg.cpp:981->D:/FPGA/zybo/imx219/v2/pcam_hw/Zybo-Z7-HW.runs/system_v_tpg_0_0_synth_1/prj/sol/.autopilot/db/v_tpg.cpp:399]   --->   Operation 7 'alloca' 'j' <Predicate = true> <Delay = 0.00>
ST_1 : Operation 8 [1/1] (0.00ns)   --->   "%counter_loc_1_i = alloca i32 1"   --->   Operation 8 'alloca' 'counter_loc_1_i' <Predicate = true> <Delay = 0.00>
ST_1 : Operation 9 [1/1] (0.00ns)   --->   "%specaxissidechannel_ln0 = specaxissidechannel void @_ssdm_op_SpecAXISSideChannel, i32 %m_axis_video_V_data_V, i4 %m_axis_video_V_keep_V, i4 %m_axis_video_V_strb_V, i1 %m_axis_video_V_user_V, i1 %m_axis_video_V_last_V, i1 %m_axis_video_V_id_V, i1 %m_axis_video_V_dest_V, void @empty_11"   --->   Operation 9 'specaxissidechannel' 'specaxissidechannel_ln0' <Predicate = true> <Delay = 0.00>
ST_1 : Operation 10 [1/1] (0.00ns)   --->   "%specinterface_ln0 = specinterface void @_ssdm_op_SpecInterface, i1 %m_axis_video_V_dest_V, i1 %m_axis_video_V_id_V, i1 %m_axis_video_V_last_V, i1 %m_axis_video_V_user_V, i4 %m_axis_video_V_strb_V, i4 %m_axis_video_V_keep_V, i32 %m_axis_video_V_data_V, void @empty_26, i32 0, i32 0, void @empty_4, i32 0, i32 0, void @empty_5, void @empty_5, void @empty_5, i32 0, i32 0, i32 0, i32 0, void @empty_5, void @empty_5, i32 4294967295, i32 0, i32 0"   --->   Operation 10 'specinterface' 'specinterface_ln0' <Predicate = true> <Delay = 0.00>
ST_1 : Operation 11 [1/1] (0.00ns)   --->   "%specinterface_ln0 = specinterface void @_ssdm_op_SpecInterface, i30 %ovrlayYUV, void @empty_12, i32 0, i32 0, void @empty_5, i32 0, i32 0, void @empty_5, void @empty_5, void @empty_5, i32 0, i32 0, i32 0, i32 0, void @empty_5, void @empty_5, i32 4294967295, i32 0, i32 0"   --->   Operation 11 'specinterface' 'specinterface_ln0' <Predicate = true> <Delay = 0.00>
ST_1 : Operation 12 [1/1] (0.00ns)   --->   "%sub_cast_i_read = read i13 @_ssdm_op_Read.ap_auto.i13, i13 %sub_cast_i"   --->   Operation 12 'read' 'sub_cast_i_read' <Predicate = true> <Delay = 0.00>
ST_1 : Operation 13 [1/1] (0.00ns)   --->   "%colorFormat_val27_load_read = read i8 @_ssdm_op_Read.ap_auto.i8, i8 %colorFormat_val27_load"   --->   Operation 13 'read' 'colorFormat_val27_load_read' <Predicate = true> <Delay = 0.00>
ST_1 : Operation 14 [1/1] (0.00ns)   --->   "%cols_read = read i13 @_ssdm_op_Read.ap_auto.i13, i13 %cols"   --->   Operation 14 'read' 'cols_read' <Predicate = true> <Delay = 0.00>
ST_1 : Operation 15 [1/1] (0.00ns)   --->   "%sof_read = read i1 @_ssdm_op_Read.ap_auto.i1, i1 %sof"   --->   Operation 15 'read' 'sof_read' <Predicate = true> <Delay = 0.00>
ST_1 : Operation 16 [1/1] (0.00ns)   --->   "%counter_loc_0_i_read = read i16 @_ssdm_op_Read.ap_auto.i16, i16 %counter_loc_0_i"   --->   Operation 16 'read' 'counter_loc_0_i_read' <Predicate = true> <Delay = 0.00>
ST_1 : Operation 17 [1/1] (1.58ns)   --->   "%store_ln0 = store i16 %counter_loc_0_i_read, i16 %counter_loc_1_i"   --->   Operation 17 'store' 'store_ln0' <Predicate = true> <Delay = 1.58>
ST_1 : Operation 18 [1/1] (1.58ns)   --->   "%store_ln981 = store i13 0, i13 %j" [D:/FPGA/zybo/imx219/v2/pcam_hw/Zybo-Z7-HW.runs/system_v_tpg_0_0_synth_1/prj/sol/.autopilot/db/v_tpg.cpp:981->D:/FPGA/zybo/imx219/v2/pcam_hw/Zybo-Z7-HW.runs/system_v_tpg_0_0_synth_1/prj/sol/.autopilot/db/v_tpg.cpp:399]   --->   Operation 18 'store' 'store_ln981' <Predicate = true> <Delay = 1.58>
ST_1 : Operation 19 [1/1] (1.58ns)   --->   "%br_ln981 = br void %for.body22.i" [D:/FPGA/zybo/imx219/v2/pcam_hw/Zybo-Z7-HW.runs/system_v_tpg_0_0_synth_1/prj/sol/.autopilot/db/v_tpg.cpp:981->D:/FPGA/zybo/imx219/v2/pcam_hw/Zybo-Z7-HW.runs/system_v_tpg_0_0_synth_1/prj/sol/.autopilot/db/v_tpg.cpp:399]   --->   Operation 19 'br' 'br_ln981' <Predicate = true> <Delay = 1.58>

State 2 <SV = 1> <Delay = 3.26>
ST_2 : Operation 20 [1/1] (0.00ns)   --->   "%j_1 = load i13 %j" [D:/FPGA/zybo/imx219/v2/pcam_hw/Zybo-Z7-HW.runs/system_v_tpg_0_0_synth_1/prj/sol/.autopilot/db/v_tpg.cpp:981->D:/FPGA/zybo/imx219/v2/pcam_hw/Zybo-Z7-HW.runs/system_v_tpg_0_0_synth_1/prj/sol/.autopilot/db/v_tpg.cpp:399]   --->   Operation 20 'load' 'j_1' <Predicate = true> <Delay = 0.00>
ST_2 : Operation 21 [1/1] (1.67ns)   --->   "%icmp_ln981 = icmp_eq  i13 %j_1, i13 %cols_read" [D:/FPGA/zybo/imx219/v2/pcam_hw/Zybo-Z7-HW.runs/system_v_tpg_0_0_synth_1/prj/sol/.autopilot/db/v_tpg.cpp:981->D:/FPGA/zybo/imx219/v2/pcam_hw/Zybo-Z7-HW.runs/system_v_tpg_0_0_synth_1/prj/sol/.autopilot/db/v_tpg.cpp:399]   --->   Operation 21 'icmp' 'icmp_ln981' <Predicate = true> <Delay = 1.67> <CoreInst = "Cmp">   --->   Core 9 'Cmp' <Latency = 0> <II = 1> <Delay = 1.67> <FuncUnit> <Opcode : 'seteq' 'setne' 'setle' 'setge' 'setlt' 'setgt'> <InPorts = 2> <OutPorts = 1>
ST_2 : Operation 22 [1/1] (1.67ns)   --->   "%j_2 = add i13 %j_1, i13 1" [D:/FPGA/zybo/imx219/v2/pcam_hw/Zybo-Z7-HW.runs/system_v_tpg_0_0_synth_1/prj/sol/.autopilot/db/v_tpg.cpp:981->D:/FPGA/zybo/imx219/v2/pcam_hw/Zybo-Z7-HW.runs/system_v_tpg_0_0_synth_1/prj/sol/.autopilot/db/v_tpg.cpp:399]   --->   Operation 22 'add' 'j_2' <Predicate = true> <Delay = 1.67> <CoreInst = "Adder">   --->   Core 1 'Adder' <Latency = 0> <II = 1> <Delay = 1.67> <FuncUnit> <Opcode : 'add' 'sub'> <InPorts = 2> <OutPorts = 1>
ST_2 : Operation 23 [1/1] (0.00ns)   --->   "%br_ln981 = br i1 %icmp_ln981, void %for.body22.split.i, void %for.cond19.for.inc114_crit_edge.i.exitStub" [D:/FPGA/zybo/imx219/v2/pcam_hw/Zybo-Z7-HW.runs/system_v_tpg_0_0_synth_1/prj/sol/.autopilot/db/v_tpg.cpp:981->D:/FPGA/zybo/imx219/v2/pcam_hw/Zybo-Z7-HW.runs/system_v_tpg_0_0_synth_1/prj/sol/.autopilot/db/v_tpg.cpp:399]   --->   Operation 23 'br' 'br_ln981' <Predicate = true> <Delay = 0.00>
ST_2 : Operation 24 [1/1] (1.67ns)   --->   "%axi_last = icmp_eq  i13 %j_1, i13 %sub_cast_i_read" [D:/FPGA/zybo/imx219/v2/pcam_hw/Zybo-Z7-HW.runs/system_v_tpg_0_0_synth_1/prj/sol/.autopilot/db/v_tpg.cpp:994->D:/FPGA/zybo/imx219/v2/pcam_hw/Zybo-Z7-HW.runs/system_v_tpg_0_0_synth_1/prj/sol/.autopilot/db/v_tpg.cpp:399]   --->   Operation 24 'icmp' 'axi_last' <Predicate = (!icmp_ln981)> <Delay = 1.67> <CoreInst = "Cmp">   --->   Core 9 'Cmp' <Latency = 0> <II = 1> <Delay = 1.67> <FuncUnit> <Opcode : 'seteq' 'setne' 'setle' 'setge' 'setlt' 'setgt'> <InPorts = 2> <OutPorts = 1>
ST_2 : Operation 25 [1/1] (1.58ns)   --->   "%store_ln981 = store i13 %j_2, i13 %j" [D:/FPGA/zybo/imx219/v2/pcam_hw/Zybo-Z7-HW.runs/system_v_tpg_0_0_synth_1/prj/sol/.autopilot/db/v_tpg.cpp:981->D:/FPGA/zybo/imx219/v2/pcam_hw/Zybo-Z7-HW.runs/system_v_tpg_0_0_synth_1/prj/sol/.autopilot/db/v_tpg.cpp:399]   --->   Operation 25 'store' 'store_ln981' <Predicate = (!icmp_ln981)> <Delay = 1.58>
ST_2 : Operation 26 [1/1] (0.00ns)   --->   "%br_ln981 = br void %for.body22.i" [D:/FPGA/zybo/imx219/v2/pcam_hw/Zybo-Z7-HW.runs/system_v_tpg_0_0_synth_1/prj/sol/.autopilot/db/v_tpg.cpp:981->D:/FPGA/zybo/imx219/v2/pcam_hw/Zybo-Z7-HW.runs/system_v_tpg_0_0_synth_1/prj/sol/.autopilot/db/v_tpg.cpp:399]   --->   Operation 26 'br' 'br_ln981' <Predicate = (!icmp_ln981)> <Delay = 0.00>

State 3 <SV = 2> <Delay = 4.02>
ST_3 : Operation 27 [1/1] (0.00ns)   --->   "%sof_2 = phi i1 %sof_read, void %newFuncRoot, i1 0, void %VITIS_LOOP_1011_3.i_ifconv"   --->   Operation 27 'phi' 'sof_2' <Predicate = true> <Delay = 0.00>
ST_3 : Operation 28 [1/1] (0.00ns)   --->   "%phi_ln1036 = phi i1 0, void %newFuncRoot, i1 %trunc_ln1008, void %VITIS_LOOP_1011_3.i_ifconv" [D:/FPGA/zybo/imx219/v2/pcam_hw/Zybo-Z7-HW.runs/system_v_tpg_0_0_synth_1/prj/sol/.autopilot/db/v_tpg.cpp:1036->D:/FPGA/zybo/imx219/v2/pcam_hw/Zybo-Z7-HW.runs/system_v_tpg_0_0_synth_1/prj/sol/.autopilot/db/v_tpg.cpp:399]   --->   Operation 28 'phi' 'phi_ln1036' <Predicate = true> <Delay = 0.00>
ST_3 : Operation 29 [1/1] (0.00ns)   --->   "%speclooptripcount_ln0 = speclooptripcount void @_ssdm_op_SpecLoopTripCount, i64 0, i64 4096, i64 0"   --->   Operation 29 'speclooptripcount' 'speclooptripcount_ln0' <Predicate = true> <Delay = 0.00>
ST_3 : Operation 30 [1/1] (0.00ns)   --->   "%specpipeline_ln984 = specpipeline void @_ssdm_op_SpecPipeline, i32 1, i32 0, i32 0, i32 0, void @empty_5" [D:/FPGA/zybo/imx219/v2/pcam_hw/Zybo-Z7-HW.runs/system_v_tpg_0_0_synth_1/prj/sol/.autopilot/db/v_tpg.cpp:984->D:/FPGA/zybo/imx219/v2/pcam_hw/Zybo-Z7-HW.runs/system_v_tpg_0_0_synth_1/prj/sol/.autopilot/db/v_tpg.cpp:399]   --->   Operation 30 'specpipeline' 'specpipeline_ln984' <Predicate = (!icmp_ln981)> <Delay = 0.00>
ST_3 : Operation 31 [1/1] (0.00ns)   --->   "%specloopname_ln981 = specloopname void @_ssdm_op_SpecLoopName, void @empty_33" [D:/FPGA/zybo/imx219/v2/pcam_hw/Zybo-Z7-HW.runs/system_v_tpg_0_0_synth_1/prj/sol/.autopilot/db/v_tpg.cpp:981->D:/FPGA/zybo/imx219/v2/pcam_hw/Zybo-Z7-HW.runs/system_v_tpg_0_0_synth_1/prj/sol/.autopilot/db/v_tpg.cpp:399]   --->   Operation 31 'specloopname' 'specloopname_ln981' <Predicate = (!icmp_ln981)> <Delay = 0.00>
ST_3 : Operation 32 [1/1] (0.00ns)   --->   "%br_ln1003 = br i1 %sof_2, void %VITIS_LOOP_1011_3.i_ifconv, void %if.then35.i" [D:/FPGA/zybo/imx219/v2/pcam_hw/Zybo-Z7-HW.runs/system_v_tpg_0_0_synth_1/prj/sol/.autopilot/db/v_tpg.cpp:1003->D:/FPGA/zybo/imx219/v2/pcam_hw/Zybo-Z7-HW.runs/system_v_tpg_0_0_synth_1/prj/sol/.autopilot/db/v_tpg.cpp:399]   --->   Operation 32 'br' 'br_ln1003' <Predicate = (!icmp_ln981)> <Delay = 0.00>
ST_3 : Operation 33 [1/1] (0.00ns)   --->   "%counter_loc_1_i_load = load i16 %counter_loc_1_i" [D:/FPGA/zybo/imx219/v2/pcam_hw/Zybo-Z7-HW.runs/system_v_tpg_0_0_synth_1/prj/sol/.autopilot/db/v_tpg.cpp:1005->D:/FPGA/zybo/imx219/v2/pcam_hw/Zybo-Z7-HW.runs/system_v_tpg_0_0_synth_1/prj/sol/.autopilot/db/v_tpg.cpp:399]   --->   Operation 33 'load' 'counter_loc_1_i_load' <Predicate = (!icmp_ln981 & sof_2)> <Delay = 0.00>
ST_3 : Operation 34 [1/1] (2.07ns)   --->   "%add_ln1005 = add i16 %counter_loc_1_i_load, i16 1" [D:/FPGA/zybo/imx219/v2/pcam_hw/Zybo-Z7-HW.runs/system_v_tpg_0_0_synth_1/prj/sol/.autopilot/db/v_tpg.cpp:1005->D:/FPGA/zybo/imx219/v2/pcam_hw/Zybo-Z7-HW.runs/system_v_tpg_0_0_synth_1/prj/sol/.autopilot/db/v_tpg.cpp:399]   --->   Operation 34 'add' 'add_ln1005' <Predicate = (!icmp_ln981 & sof_2)> <Delay = 2.07> <CoreInst = "Adder">   --->   Core 1 'Adder' <Latency = 0> <II = 1> <Delay = 2.07> <FuncUnit> <Opcode : 'add' 'sub'> <InPorts = 2> <OutPorts = 1>
ST_3 : Operation 35 [1/1] (0.00ns)   --->   "%store_ln1005 = store i16 %add_ln1005, i16 %counter" [D:/FPGA/zybo/imx219/v2/pcam_hw/Zybo-Z7-HW.runs/system_v_tpg_0_0_synth_1/prj/sol/.autopilot/db/v_tpg.cpp:1005->D:/FPGA/zybo/imx219/v2/pcam_hw/Zybo-Z7-HW.runs/system_v_tpg_0_0_synth_1/prj/sol/.autopilot/db/v_tpg.cpp:399]   --->   Operation 35 'store' 'store_ln1005' <Predicate = (!icmp_ln981 & sof_2)> <Delay = 0.00>
ST_3 : Operation 36 [1/1] (1.58ns)   --->   "%store_ln1005 = store i16 %add_ln1005, i16 %counter_loc_1_i" [D:/FPGA/zybo/imx219/v2/pcam_hw/Zybo-Z7-HW.runs/system_v_tpg_0_0_synth_1/prj/sol/.autopilot/db/v_tpg.cpp:1005->D:/FPGA/zybo/imx219/v2/pcam_hw/Zybo-Z7-HW.runs/system_v_tpg_0_0_synth_1/prj/sol/.autopilot/db/v_tpg.cpp:399]   --->   Operation 36 'store' 'store_ln1005' <Predicate = (!icmp_ln981 & sof_2)> <Delay = 1.58>
ST_3 : Operation 37 [1/1] (0.00ns)   --->   "%br_ln1006 = br void %VITIS_LOOP_1011_3.i_ifconv" [D:/FPGA/zybo/imx219/v2/pcam_hw/Zybo-Z7-HW.runs/system_v_tpg_0_0_synth_1/prj/sol/.autopilot/db/v_tpg.cpp:1006->D:/FPGA/zybo/imx219/v2/pcam_hw/Zybo-Z7-HW.runs/system_v_tpg_0_0_synth_1/prj/sol/.autopilot/db/v_tpg.cpp:399]   --->   Operation 37 'br' 'br_ln1006' <Predicate = (!icmp_ln981 & sof_2)> <Delay = 0.00>
ST_3 : Operation 38 [1/1] ( I:2.43ns O:2.43ns )   --->   "%ovrlayYUV_read = read i30 @_ssdm_op_Read.ap_fifo.volatile.i30P0A, i30 %ovrlayYUV" [D:/FPGA/zybo/imx219/v2/pcam_hw/Zybo-Z7-HW.runs/system_v_tpg_0_0_synth_1/prj/sol/.autopilot/db/v_tpg.cpp:1008->D:/FPGA/zybo/imx219/v2/pcam_hw/Zybo-Z7-HW.runs/system_v_tpg_0_0_synth_1/prj/sol/.autopilot/db/v_tpg.cpp:399]   --->   Operation 38 'read' 'ovrlayYUV_read' <Predicate = (!icmp_ln981)> <Delay = 2.43> <CoreInst = "FIFO_SRL">   --->   Core 80 'FIFO_SRL' <Latency = 0> <II = 1> <Delay = 3.80> <Storage> <Opcode : 'read' 'write' 'nbread' 'nbwrite'> <Ports = 0> <Width = 30> <Depth = 16> <FIFO>
ST_3 : Operation 39 [1/1] (0.00ns)   --->   "%pix_444 = trunc i30 %ovrlayYUV_read" [D:/FPGA/zybo/imx219/v2/pcam_hw/Zybo-Z7-HW.runs/system_v_tpg_0_0_synth_1/prj/sol/.autopilot/db/v_tpg.cpp:1008->D:/FPGA/zybo/imx219/v2/pcam_hw/Zybo-Z7-HW.runs/system_v_tpg_0_0_synth_1/prj/sol/.autopilot/db/v_tpg.cpp:399]   --->   Operation 39 'trunc' 'pix_444' <Predicate = (!icmp_ln981)> <Delay = 0.00>
ST_3 : Operation 40 [1/1] (0.00ns)   --->   "%pix_rgb_2 = partselect i10 @_ssdm_op_PartSelect.i10.i30.i32.i32, i30 %ovrlayYUV_read, i32 10, i32 19" [D:/FPGA/zybo/imx219/v2/pcam_hw/Zybo-Z7-HW.runs/system_v_tpg_0_0_synth_1/prj/sol/.autopilot/db/v_tpg.cpp:1008->D:/FPGA/zybo/imx219/v2/pcam_hw/Zybo-Z7-HW.runs/system_v_tpg_0_0_synth_1/prj/sol/.autopilot/db/v_tpg.cpp:399]   --->   Operation 40 'partselect' 'pix_rgb_2' <Predicate = (!icmp_ln981)> <Delay = 0.00>
ST_3 : Operation 41 [1/1] (0.00ns)   --->   "%pix_rgb = partselect i10 @_ssdm_op_PartSelect.i10.i30.i32.i32, i30 %ovrlayYUV_read, i32 20, i32 29" [D:/FPGA/zybo/imx219/v2/pcam_hw/Zybo-Z7-HW.runs/system_v_tpg_0_0_synth_1/prj/sol/.autopilot/db/v_tpg.cpp:1008->D:/FPGA/zybo/imx219/v2/pcam_hw/Zybo-Z7-HW.runs/system_v_tpg_0_0_synth_1/prj/sol/.autopilot/db/v_tpg.cpp:399]   --->   Operation 41 'partselect' 'pix_rgb' <Predicate = (!icmp_ln981)> <Delay = 0.00>
ST_3 : Operation 42 [1/1] (0.00ns)   --->   "%axi_data = bitconcatenate i11 @_ssdm_op_BitConcatenate.i11.i1.i10, i1 1, i10 %pix_444" [D:/FPGA/zybo/imx219/v2/pcam_hw/Zybo-Z7-HW.runs/system_v_tpg_0_0_synth_1/prj/sol/.autopilot/db/v_tpg.cpp:1029->D:/FPGA/zybo/imx219/v2/pcam_hw/Zybo-Z7-HW.runs/system_v_tpg_0_0_synth_1/prj/sol/.autopilot/db/v_tpg.cpp:399]   --->   Operation 42 'bitconcatenate' 'axi_data' <Predicate = (!icmp_ln981)> <Delay = 0.00>
ST_3 : Operation 43 [1/1] (0.00ns)   --->   "%axi_data_1 = bitconcatenate i11 @_ssdm_op_BitConcatenate.i11.i1.i10, i1 1, i10 %pix_rgb_2" [D:/FPGA/zybo/imx219/v2/pcam_hw/Zybo-Z7-HW.runs/system_v_tpg_0_0_synth_1/prj/sol/.autopilot/db/v_tpg.cpp:1023->D:/FPGA/zybo/imx219/v2/pcam_hw/Zybo-Z7-HW.runs/system_v_tpg_0_0_synth_1/prj/sol/.autopilot/db/v_tpg.cpp:399]   --->   Operation 43 'bitconcatenate' 'axi_data_1' <Predicate = (!icmp_ln981)> <Delay = 0.00>
ST_3 : Operation 44 [1/1] (1.91ns)   --->   "%icmp_ln1020 = icmp_eq  i8 %colorFormat_val27_load_read, i8 1" [D:/FPGA/zybo/imx219/v2/pcam_hw/Zybo-Z7-HW.runs/system_v_tpg_0_0_synth_1/prj/sol/.autopilot/db/v_tpg.cpp:1020->D:/FPGA/zybo/imx219/v2/pcam_hw/Zybo-Z7-HW.runs/system_v_tpg_0_0_synth_1/prj/sol/.autopilot/db/v_tpg.cpp:399]   --->   Operation 44 'icmp' 'icmp_ln1020' <Predicate = (!icmp_ln981)> <Delay = 1.91> <CoreInst = "Cmp">   --->   Core 9 'Cmp' <Latency = 0> <II = 1> <Delay = 1.91> <FuncUnit> <Opcode : 'seteq' 'setne' 'setle' 'setge' 'setlt' 'setgt'> <InPorts = 2> <OutPorts = 1>
ST_3 : Operation 45 [1/1] (1.91ns)   --->   "%icmp_ln1020_1 = icmp_eq  i8 %colorFormat_val27_load_read, i8 0" [D:/FPGA/zybo/imx219/v2/pcam_hw/Zybo-Z7-HW.runs/system_v_tpg_0_0_synth_1/prj/sol/.autopilot/db/v_tpg.cpp:1020->D:/FPGA/zybo/imx219/v2/pcam_hw/Zybo-Z7-HW.runs/system_v_tpg_0_0_synth_1/prj/sol/.autopilot/db/v_tpg.cpp:399]   --->   Operation 45 'icmp' 'icmp_ln1020_1' <Predicate = (!icmp_ln981)> <Delay = 1.91> <CoreInst = "Cmp">   --->   Core 9 'Cmp' <Latency = 0> <II = 1> <Delay = 1.91> <FuncUnit> <Opcode : 'seteq' 'setne' 'setle' 'setge' 'setlt' 'setgt'> <InPorts = 2> <OutPorts = 1>
ST_3 : Operation 46 [1/1] (0.00ns)   --->   "%sel_tmp6 = bitconcatenate i2 @_ssdm_op_BitConcatenate.i2.i1.i1, i1 %icmp_ln1020, i1 %icmp_ln1020_1" [D:/FPGA/zybo/imx219/v2/pcam_hw/Zybo-Z7-HW.runs/system_v_tpg_0_0_synth_1/prj/sol/.autopilot/db/v_tpg.cpp:1020->D:/FPGA/zybo/imx219/v2/pcam_hw/Zybo-Z7-HW.runs/system_v_tpg_0_0_synth_1/prj/sol/.autopilot/db/v_tpg.cpp:399]   --->   Operation 46 'bitconcatenate' 'sel_tmp6' <Predicate = (!icmp_ln981)> <Delay = 0.00>
ST_3 : Operation 47 [1/1] (1.58ns)   --->   "%axi_data_2 = sparsemux i11 @_ssdm_op_SparseMux.ap_auto.3i11.i11.i2, i2 2, i11 %axi_data, i2 1, i11 %axi_data_1, i2 0, i11 %axi_data, i11 0, i2 %sel_tmp6" [D:/FPGA/zybo/imx219/v2/pcam_hw/Zybo-Z7-HW.runs/system_v_tpg_0_0_synth_1/prj/sol/.autopilot/db/v_tpg.cpp:1029->D:/FPGA/zybo/imx219/v2/pcam_hw/Zybo-Z7-HW.runs/system_v_tpg_0_0_synth_1/prj/sol/.autopilot/db/v_tpg.cpp:399]   --->   Operation 47 'sparsemux' 'axi_data_2' <Predicate = (!icmp_ln981)> <Delay = 1.58> <CoreInst = "OneHotSparseMux_HasDef">   --->   Core 140 'OneHotSparseMux_HasDef' <Latency = 0> <II = 1> <Delay = 1.58> <FuncUnit> <Opcode : 'sparsemux'> <InPorts = 2> <OutPorts = 1>
ST_3 : Operation 48 [1/1] (0.00ns)   --->   "%sext_ln925 = sext i11 %axi_data_2" [D:/FPGA/zybo/imx219/v2/pcam_hw/Zybo-Z7-HW.runs/system_v_tpg_0_0_synth_1/prj/sol/.autopilot/db/v_tpg.cpp:925->D:/FPGA/zybo/imx219/v2/pcam_hw/Zybo-Z7-HW.runs/system_v_tpg_0_0_synth_1/prj/sol/.autopilot/db/v_tpg.cpp:399]   --->   Operation 48 'sext' 'sext_ln925' <Predicate = (!icmp_ln981)> <Delay = 0.00>
ST_3 : Operation 49 [1/1] (1.58ns)   --->   "%tmp = sparsemux i10 @_ssdm_op_SparseMux.ap_auto.3i10.i10.i2, i2 2, i10 %pix_rgb_2, i2 1, i10 %pix_rgb, i2 0, i10 %pix_rgb_2, i10 0, i2 %sel_tmp6" [D:/FPGA/zybo/imx219/v2/pcam_hw/Zybo-Z7-HW.runs/system_v_tpg_0_0_synth_1/prj/sol/.autopilot/db/v_tpg.cpp:1008->D:/FPGA/zybo/imx219/v2/pcam_hw/Zybo-Z7-HW.runs/system_v_tpg_0_0_synth_1/prj/sol/.autopilot/db/v_tpg.cpp:399]   --->   Operation 49 'sparsemux' 'tmp' <Predicate = (!icmp_ln981)> <Delay = 1.58> <CoreInst = "OneHotSparseMux_HasDef">   --->   Core 140 'OneHotSparseMux_HasDef' <Latency = 0> <II = 1> <Delay = 1.58> <FuncUnit> <Opcode : 'sparsemux'> <InPorts = 2> <OutPorts = 1>
ST_3 : Operation 50 [1/1] (1.58ns)   --->   "%tmp_s = sparsemux i10 @_ssdm_op_SparseMux.ap_auto.3i10.i10.i2, i2 2, i10 %pix_rgb, i2 1, i10 %pix_444, i2 0, i10 %pix_rgb, i10 0, i2 %sel_tmp6" [D:/FPGA/zybo/imx219/v2/pcam_hw/Zybo-Z7-HW.runs/system_v_tpg_0_0_synth_1/prj/sol/.autopilot/db/v_tpg.cpp:1008->D:/FPGA/zybo/imx219/v2/pcam_hw/Zybo-Z7-HW.runs/system_v_tpg_0_0_synth_1/prj/sol/.autopilot/db/v_tpg.cpp:399]   --->   Operation 50 'sparsemux' 'tmp_s' <Predicate = (!icmp_ln981)> <Delay = 1.58> <CoreInst = "OneHotSparseMux_HasDef">   --->   Core 140 'OneHotSparseMux_HasDef' <Latency = 0> <II = 1> <Delay = 1.58> <FuncUnit> <Opcode : 'sparsemux'> <InPorts = 2> <OutPorts = 1>
ST_3 : Operation 51 [1/1] (0.00ns)   --->   "%tmp_1 = bitconcatenate i20 @_ssdm_op_BitConcatenate.i20.i10.i10, i10 %tmp_s, i10 %tmp" [D:/FPGA/zybo/imx219/v2/pcam_hw/Zybo-Z7-HW.runs/system_v_tpg_0_0_synth_1/prj/sol/.autopilot/db/v_tpg.cpp:1008->D:/FPGA/zybo/imx219/v2/pcam_hw/Zybo-Z7-HW.runs/system_v_tpg_0_0_synth_1/prj/sol/.autopilot/db/v_tpg.cpp:399]   --->   Operation 51 'bitconcatenate' 'tmp_1' <Predicate = (!icmp_ln981)> <Delay = 0.00>
ST_3 : Operation 52 [1/1] (0.00ns)   --->   "%axi_data_3 = partset i30 @_ssdm_op_PartSet.i30.i30.i20.i32.i32, i30 %sext_ln925, i20 %tmp_1, i32 10, i32 29" [D:/FPGA/zybo/imx219/v2/pcam_hw/Zybo-Z7-HW.runs/system_v_tpg_0_0_synth_1/prj/sol/.autopilot/db/v_tpg.cpp:925->D:/FPGA/zybo/imx219/v2/pcam_hw/Zybo-Z7-HW.runs/system_v_tpg_0_0_synth_1/prj/sol/.autopilot/db/v_tpg.cpp:399]   --->   Operation 52 'partset' 'axi_data_3' <Predicate = (!icmp_ln981)> <Delay = 0.00>

State 4 <SV = 3> <Delay = 1.29>
ST_4 : Operation 53 [1/1] (0.00ns)   --->   "%counter_loc_1_i_load_2 = load i16 %counter_loc_1_i" [D:/FPGA/zybo/imx219/v2/pcam_hw/Zybo-Z7-HW.runs/system_v_tpg_0_0_synth_1/prj/sol/.autopilot/db/v_tpg.cpp:1008->D:/FPGA/zybo/imx219/v2/pcam_hw/Zybo-Z7-HW.runs/system_v_tpg_0_0_synth_1/prj/sol/.autopilot/db/v_tpg.cpp:399]   --->   Operation 53 'load' 'counter_loc_1_i_load_2' <Predicate = (!icmp_ln981)> <Delay = 0.00>
ST_4 : Operation 54 [1/1] (0.00ns)   --->   "%trunc_ln1008 = trunc i16 %counter_loc_1_i_load_2" [D:/FPGA/zybo/imx219/v2/pcam_hw/Zybo-Z7-HW.runs/system_v_tpg_0_0_synth_1/prj/sol/.autopilot/db/v_tpg.cpp:1008->D:/FPGA/zybo/imx219/v2/pcam_hw/Zybo-Z7-HW.runs/system_v_tpg_0_0_synth_1/prj/sol/.autopilot/db/v_tpg.cpp:399]   --->   Operation 54 'trunc' 'trunc_ln1008' <Predicate = (!icmp_ln981)> <Delay = 0.00>
ST_4 : Operation 55 [1/1] (0.00ns)   --->   "%zext_ln1035 = zext i30 %axi_data_3" [D:/FPGA/zybo/imx219/v2/pcam_hw/Zybo-Z7-HW.runs/system_v_tpg_0_0_synth_1/prj/sol/.autopilot/db/v_tpg.cpp:1035->D:/FPGA/zybo/imx219/v2/pcam_hw/Zybo-Z7-HW.runs/system_v_tpg_0_0_synth_1/prj/sol/.autopilot/db/v_tpg.cpp:399]   --->   Operation 55 'zext' 'zext_ln1035' <Predicate = (!icmp_ln981)> <Delay = 0.00>
ST_4 : Operation 56 [1/1] (1.29ns)   --->   "%write_ln1035 = write void @_ssdm_op_Write.axis.volatile.i32P0A.i4P0A.i4P0A.i1P0A.i1P0A.i1P0A.i1P0A, i32 %m_axis_video_V_data_V, i4 %m_axis_video_V_keep_V, i4 %m_axis_video_V_strb_V, i1 %m_axis_video_V_user_V, i1 %m_axis_video_V_last_V, i1 %m_axis_video_V_id_V, i1 %m_axis_video_V_dest_V, i32 %zext_ln1035, i4 15, i4 0, i1 %sof_2, i1 %axi_last, i1 0, i1 0" [D:/FPGA/zybo/imx219/v2/pcam_hw/Zybo-Z7-HW.runs/system_v_tpg_0_0_synth_1/prj/sol/.autopilot/db/v_tpg.cpp:1035->D:/FPGA/zybo/imx219/v2/pcam_hw/Zybo-Z7-HW.runs/system_v_tpg_0_0_synth_1/prj/sol/.autopilot/db/v_tpg.cpp:399]   --->   Operation 56 'write' 'write_ln1035' <Predicate = (!icmp_ln981)> <Delay = 1.29> <CoreInst = "regslice">   --->   Core 135 'regslice' <Latency = 0> <II = 1> <Delay = 1.86> <Adapter> <Opcode : 'read' 'write'>

State 5 <SV = 3> <Delay = 0.00>
ST_5 : Operation 57 [1/1] (0.00ns)   --->   "%write_ln1036 = write void @_ssdm_op_Write.ap_auto.i1P0A, i1 %phi_ln1036_out, i1 %phi_ln1036" [D:/FPGA/zybo/imx219/v2/pcam_hw/Zybo-Z7-HW.runs/system_v_tpg_0_0_synth_1/prj/sol/.autopilot/db/v_tpg.cpp:1036->D:/FPGA/zybo/imx219/v2/pcam_hw/Zybo-Z7-HW.runs/system_v_tpg_0_0_synth_1/prj/sol/.autopilot/db/v_tpg.cpp:399]   --->   Operation 57 'write' 'write_ln1036' <Predicate = true> <Delay = 0.00>

State 6 <SV = 4> <Delay = 1.58>
ST_6 : Operation 58 [1/1] (0.00ns)   --->   "%counter_loc_1_i_load_1 = load i16 %counter_loc_1_i"   --->   Operation 58 'load' 'counter_loc_1_i_load_1' <Predicate = true> <Delay = 0.00>
ST_6 : Operation 59 [1/1] (0.00ns)   --->   "%write_ln0 = write void @_ssdm_op_Write.ap_auto.i16P0A, i16 %counter_loc_1_i_out, i16 %counter_loc_1_i_load_1"   --->   Operation 59 'write' 'write_ln0' <Predicate = true> <Delay = 0.00>
ST_6 : Operation 60 [1/1] (1.58ns)   --->   "%ret_ln0 = ret"   --->   Operation 60 'ret' 'ret_ln0' <Predicate = true> <Delay = 1.58>


============================================================
+ Verbose Summary: Timing violations
============================================================
Target clock period: 6.667ns, clock uncertainty: 1.800ns.

 <State 1>: 1.588ns
The critical path consists of the following:
	'alloca' operation 16 bit ('counter_loc_1_i') [18]  (0.000 ns)
	'store' operation 0 bit ('store_ln0') of variable 'counter_loc_0_i_read' on local variable 'counter_loc_1_i' [27]  (1.588 ns)

 <State 2>: 3.268ns
The critical path consists of the following:
	'load' operation 13 bit ('j', D:/FPGA/zybo/imx219/v2/pcam_hw/Zybo-Z7-HW.runs/system_v_tpg_0_0_synth_1/prj/sol/.autopilot/db/v_tpg.cpp:981->D:/FPGA/zybo/imx219/v2/pcam_hw/Zybo-Z7-HW.runs/system_v_tpg_0_0_synth_1/prj/sol/.autopilot/db/v_tpg.cpp:399) on local variable 'j', D:/FPGA/zybo/imx219/v2/pcam_hw/Zybo-Z7-HW.runs/system_v_tpg_0_0_synth_1/prj/sol/.autopilot/db/v_tpg.cpp:981->D:/FPGA/zybo/imx219/v2/pcam_hw/Zybo-Z7-HW.runs/system_v_tpg_0_0_synth_1/prj/sol/.autopilot/db/v_tpg.cpp:399 [33]  (0.000 ns)
	'icmp' operation 1 bit ('icmp_ln981', D:/FPGA/zybo/imx219/v2/pcam_hw/Zybo-Z7-HW.runs/system_v_tpg_0_0_synth_1/prj/sol/.autopilot/db/v_tpg.cpp:981->D:/FPGA/zybo/imx219/v2/pcam_hw/Zybo-Z7-HW.runs/system_v_tpg_0_0_synth_1/prj/sol/.autopilot/db/v_tpg.cpp:399) [34]  (1.679 ns)
	'store' operation 0 bit ('store_ln981', D:/FPGA/zybo/imx219/v2/pcam_hw/Zybo-Z7-HW.runs/system_v_tpg_0_0_synth_1/prj/sol/.autopilot/db/v_tpg.cpp:981->D:/FPGA/zybo/imx219/v2/pcam_hw/Zybo-Z7-HW.runs/system_v_tpg_0_0_synth_1/prj/sol/.autopilot/db/v_tpg.cpp:399) of variable 'j', D:/FPGA/zybo/imx219/v2/pcam_hw/Zybo-Z7-HW.runs/system_v_tpg_0_0_synth_1/prj/sol/.autopilot/db/v_tpg.cpp:981->D:/FPGA/zybo/imx219/v2/pcam_hw/Zybo-Z7-HW.runs/system_v_tpg_0_0_synth_1/prj/sol/.autopilot/db/v_tpg.cpp:399 on local variable 'j', D:/FPGA/zybo/imx219/v2/pcam_hw/Zybo-Z7-HW.runs/system_v_tpg_0_0_synth_1/prj/sol/.autopilot/db/v_tpg.cpp:981->D:/FPGA/zybo/imx219/v2/pcam_hw/Zybo-Z7-HW.runs/system_v_tpg_0_0_synth_1/prj/sol/.autopilot/db/v_tpg.cpp:399 [69]  (1.588 ns)

 <State 3>: 4.021ns
The critical path consists of the following:
	fifo read operation ('ovrlayYUV_read', D:/FPGA/zybo/imx219/v2/pcam_hw/Zybo-Z7-HW.runs/system_v_tpg_0_0_synth_1/prj/sol/.autopilot/db/v_tpg.cpp:1008->D:/FPGA/zybo/imx219/v2/pcam_hw/Zybo-Z7-HW.runs/system_v_tpg_0_0_synth_1/prj/sol/.autopilot/db/v_tpg.cpp:399) on port 'ovrlayYUV' (D:/FPGA/zybo/imx219/v2/pcam_hw/Zybo-Z7-HW.runs/system_v_tpg_0_0_synth_1/prj/sol/.autopilot/db/v_tpg.cpp:1008->D:/FPGA/zybo/imx219/v2/pcam_hw/Zybo-Z7-HW.runs/system_v_tpg_0_0_synth_1/prj/sol/.autopilot/db/v_tpg.cpp:399) [52]  (2.433 ns)
	'sparsemux' operation 11 bit ('axi.data', D:/FPGA/zybo/imx219/v2/pcam_hw/Zybo-Z7-HW.runs/system_v_tpg_0_0_synth_1/prj/sol/.autopilot/db/v_tpg.cpp:1029->D:/FPGA/zybo/imx219/v2/pcam_hw/Zybo-Z7-HW.runs/system_v_tpg_0_0_synth_1/prj/sol/.autopilot/db/v_tpg.cpp:399) [61]  (1.588 ns)

 <State 4>: 1.290ns
The critical path consists of the following:
	axis write operation ('write_ln1035', D:/FPGA/zybo/imx219/v2/pcam_hw/Zybo-Z7-HW.runs/system_v_tpg_0_0_synth_1/prj/sol/.autopilot/db/v_tpg.cpp:1035->D:/FPGA/zybo/imx219/v2/pcam_hw/Zybo-Z7-HW.runs/system_v_tpg_0_0_synth_1/prj/sol/.autopilot/db/v_tpg.cpp:399) on port 'm_axis_video_V_data_V' (D:/FPGA/zybo/imx219/v2/pcam_hw/Zybo-Z7-HW.runs/system_v_tpg_0_0_synth_1/prj/sol/.autopilot/db/v_tpg.cpp:1035->D:/FPGA/zybo/imx219/v2/pcam_hw/Zybo-Z7-HW.runs/system_v_tpg_0_0_synth_1/prj/sol/.autopilot/db/v_tpg.cpp:399) [68]  (1.290 ns)

 <State 5>: 0.000ns
The critical path consists of the following:

 <State 6>: 1.588ns
The critical path consists of the following:


============================================================
+ Verbose Summary: Binding
============================================================
N/A
* FSMD analyzer results:
  - Output states:
 - Input state : 
  - Chain level:
	State 1
	State 2
	State 3
	State 4
	State 5
	State 6


============================================================
+ Verbose Summary: Datapath Resource usage 
============================================================
N/A
