

================================================================
== Vitis HLS Report for 'MultiPixStream2AXIvideo_Pipeline_VITIS_LOOP_981_2'
================================================================
* Date:           Tue Nov 11 00:46:01 2025

* Version:        2024.2 (Build 5238294 on Nov  8 2024)
* Project:        prj
* Solution:       sol (Vivado IP Flow Target)
* Product family: zynq
* Target device:  xc7z010-clg400-1


================================================================
== Performance Estimates
================================================================
+ Timing: 
    * Summary: 
    +--------+---------+----------+------------+
    |  Clock |  Target | Estimated| Uncertainty|
    +--------+---------+----------+------------+
    |ap_clk  |  6.67 ns|  4.021 ns|     1.80 ns|
    +--------+---------+----------+------------+

+ Latency: 
    * Summary: 
    +---------+---------+-----------+-----------+-----+------+---------+
    |  Latency (cycles) |   Latency (absolute)  |  Interval  | Pipeline|
    |   min   |   max   |    min    |    max    | min |  max |   Type  |
    +---------+---------+-----------+-----------+-----+------+---------+
    |        4|     4100|  26.668 ns|  27.335 us|    4|  4100|       no|
    +---------+---------+-----------+-----------+-----+------+---------+

    + Detail: 
        * Instance: 
        N/A

        * Loop: 
        +--------------------+---------+---------+----------+-----------+-----------+----------+----------+
        |                    |  Latency (cycles) | Iteration|  Initiation Interval  |   Trip   |          |
        |      Loop Name     |   min   |   max   |  Latency |  achieved |   target  |   Count  | Pipelined|
        +--------------------+---------+---------+----------+-----------+-----------+----------+----------+
        |- VITIS_LOOP_981_2  |        1|     4097|         3|          1|          1|  0 ~ 4096|       yes|
        +--------------------+---------+---------+----------+-----------+-----------+----------+----------+

============================================================
+ Verbose Summary: Synthesis Manager
============================================================
InlineROM: 1
ExposeGlobal: 0
============================================================
+ Verbose Summary: CDFG Model
============================================================
IsTopModel: 0
ResetActiveHigh: 1
IsCombinational: 0
IsDatapathOnly: 0
HasWiredReturn: 1
HasMFsm: 2
HasVarLatency: 1
IsPipeline: 0
IsRtlPipelined: 0
IsInstanceOverlapped: 0
IsDontTouch: 0
HasImplIP: 0
IsGatedGlobalClock: 0

+ Individual pipeline summary: 
  * Pipeline-0: initiation interval (II) = 1, depth = 3


============================================================
+ Verbose Summary: Schedule
============================================================
* Number of FSM states : 6
* Pipeline : 1
  Pipeline-0 : II = 1, D = 3, States = { 2 3 4 }
* Dataflow Pipeline: 0

* FSM state transitions: 
1 --> 2 
2 --> 3 
3 --> 5 4 
4 --> 2 
5 --> 6 
6 --> 

* FSM state operations: 

State 1 <SV = 0> <Delay = 1.58>
ST_1 : Operation 7 [1/1] (0.00ns)   --->   "%j = alloca i32 1" [D:/FPGA/zybo/imx219/v2/pcam_hw/Zybo-Z7-HW.runs/system_v_tpg_0_0_synth_1/prj/sol/.autopilot/db/v_tpg.cpp:981->D:/FPGA/zybo/imx219/v2/pcam_hw/Zybo-Z7-HW.runs/system_v_tpg_0_0_synth_1/prj/sol/.autopilot/db/v_tpg.cpp:399]   --->   Operation 7 'alloca' 'j' <Predicate = true> <Delay = 0.00>
ST_1 : Operation 8 [1/1] (0.00ns)   --->   "%counter_loc_1_i = alloca i32 1"   --->   Operation 8 'alloca' 'counter_loc_1_i' <Predicate = true> <Delay = 0.00>
ST_1 : Operation 9 [1/1] (0.00ns)   --->   "%specaxissidechannel_ln0 = specaxissidechannel void @_ssdm_op_SpecAXISSideChannel, i32 %m_axis_video_V_data_V, i4 %m_axis_video_V_keep_V, i4 %m_axis_video_V_strb_V, i1 %m_axis_video_V_user_V, i1 %m_axis_video_V_last_V, i1 %m_axis_video_V_id_V, i1 %m_axis_video_V_dest_V, void @empty_11"   --->   Operation 9 'specaxissidechannel' 'specaxissidechannel_ln0' <Predicate = true> <Delay = 0.00>
ST_1 : Operation 10 [1/1] (0.00ns)   --->   "%specinterface_ln0 = specinterface void @_ssdm_op_SpecInterface, i1 %m_axis_video_V_dest_V, i1 %m_axis_video_V_id_V, i1 %m_axis_video_V_last_V, i1 %m_axis_video_V_user_V, i4 %m_axis_video_V_strb_V, i4 %m_axis_video_V_keep_V, i32 %m_axis_video_V_data_V, void @empty_26, i32 0, i32 0, void @empty_4, i32 0, i32 0, void @empty_5, void @empty_5, void @empty_5, i32 0, i32 0, i32 0, i32 0, void @empty_5, void @empty_5, i32 4294967295, i32 0, i32 0"   --->   Operation 10 'specinterface' 'specinterface_ln0' <Predicate = true> <Delay = 0.00>
ST_1 : Operation 11 [1/1] (0.00ns)   --->   "%specinterface_ln0 = specinterface void @_ssdm_op_SpecInterface, i30 %ovrlayYUV, void @empty_12, i32 0, i32 0, void @empty_5, i32 0, i32 0, void @empty_5, void @empty_5, void @empty_5, i32 0, i32 0, i32 0, i32 0, void @empty_5, void @empty_5, i32 4294967295, i32 0, i32 0"   --->   Operation 11 'specinterface' 'specinterface_ln0' <Predicate = true> <Delay = 0.00>
ST_1 : Operation 12 [1/1] (0.00ns)   --->   "%sub_cast_i_read = read i13 @_ssdm_op_Read.ap_auto.i13, i13 %sub_cast_i"   --->   Operation 12 'read' 'sub_cast_i_read' <Predicate = true> <Delay = 0.00>
ST_1 : Operation 13 [1/1] (0.00ns)   --->   "%colorFormat_val27_load_read = read i8 @_ssdm_op_Read.ap_auto.i8, i8 %colorFormat_val27_load"   --->   Operation 13 'read' 'colorFormat_val27_load_read' <Predicate = true> <Delay = 0.00>
ST_1 : Operation 14 [1/1] (0.00ns)   --->   "%cols_read = read i13 @_ssdm_op_Read.ap_auto.i13, i13 %cols"   --->   Operation 14 'read' 'cols_read' <Predicate = true> <Delay = 0.00>
ST_1 : Operation 15 [1/1] (0.00ns)   --->   "%sof_read = read i1 @_ssdm_op_Read.ap_auto.i1, i1 %sof"   --->   Operation 15 'read' 'sof_read' <Predicate = true> <Delay = 0.00>
ST_1 : Operation 16 [1/1] (0.00ns)   --->   "%counter_loc_0_i_read = read i16 @_ssdm_op_Read.ap_auto.i16, i16 %counter_loc_0_i"   --->   Operation 16 'read' 'counter_loc_0_i_read' <Predicate = true> <Delay = 0.00>
ST_1 : Operation 17 [1/1] (1.58ns)   --->   "%store_ln0 = store i16 %counter_loc_0_i_read, i16 %counter_loc_1_i"   --->   Operation 17 'store' 'store_ln0' <Predicate = true> <Delay = 1.58>
ST_1 : Operation 18 [1/1] (1.58ns)   --->   "%store_ln981 = store i13 0, i13 %j" [D:/FPGA/zybo/imx219/v2/pcam_hw/Zybo-Z7-HW.runs/system_v_tpg_0_0_synth_1/prj/sol/.autopilot/db/v_tpg.cpp:981->D:/FPGA/zybo/imx219/v2/pcam_hw/Zybo-Z7-HW.runs/system_v_tpg_0_0_synth_1/prj/sol/.autopilot/db/v_tpg.cpp:399]   --->   Operation 18 'store' 'store_ln981' <Predicate = true> <Delay = 1.58>
ST_1 : Operation 19 [1/1] (1.58ns)   --->   "%br_ln981 = br void %for.body22.i" [D:/FPGA/zybo/imx219/v2/pcam_hw/Zybo-Z7-HW.runs/system_v_tpg_0_0_synth_1/prj/sol/.autopilot/db/v_tpg.cpp:981->D:/FPGA/zybo/imx219/v2/pcam_hw/Zybo-Z7-HW.runs/system_v_tpg_0_0_synth_1/prj/sol/.autopilot/db/v_tpg.cpp:399]   --->   Operation 19 'br' 'br_ln981' <Predicate = true> <Delay = 1.58>

State 2 <SV = 1> <Delay = 3.26>
ST_2 : Operation 20 [1/1] (0.00ns)   --->   "%j_1 = load i13 %j" [D:/FPGA/zybo/imx219/v2/pcam_hw/Zybo-Z7-HW.runs/system_v_tpg_0_0_synth_1/prj/sol/.autopilot/db/v_tpg.cpp:981->D:/FPGA/zybo/imx219/v2/pcam_hw/Zybo-Z7-HW.runs/system_v_tpg_0_0_synth_1/prj/sol/.autopilot/db/v_tpg.cpp:399]   --->   Operation 20 'load' 'j_1' <Predicate = true> <Delay = 0.00>
ST_2 : Operation 21 [1/1] (1.67ns)   --->   "%icmp_ln981 = icmp_eq  i13 %j_1, i13 %cols_read" [D:/FPGA/zybo/imx219/v2/pcam_hw/Zybo-Z7-HW.runs/system_v_tpg_0_0_synth_1/prj/sol/.autopilot/db/v_tpg.cpp:981->D:/FPGA/zybo/imx219/v2/pcam_hw/Zybo-Z7-HW.runs/system_v_tpg_0_0_synth_1/prj/sol/.autopilot/db/v_tpg.cpp:399]   --->   Operation 21 'icmp' 'icmp_ln981' <Predicate = true> <Delay = 1.67> <CoreInst = "Cmp">   --->   Core 9 'Cmp' <Latency = 0> <II = 1> <Delay = 1.67> <FuncUnit> <Opcode : 'seteq' 'setne' 'setle' 'setge' 'setlt' 'setgt'> <InPorts = 2> <OutPorts = 1>
ST_2 : Operation 22 [1/1] (1.67ns)   --->   "%j_2 = add i13 %j_1, i13 1" [D:/FPGA/zybo/imx219/v2/pcam_hw/Zybo-Z7-HW.runs/system_v_tpg_0_0_synth_1/prj/sol/.autopilot/db/v_tpg.cpp:981->D:/FPGA/zybo/imx219/v2/pcam_hw/Zybo-Z7-HW.runs/system_v_tpg_0_0_synth_1/prj/sol/.autopilot/db/v_tpg.cpp:399]   --->   Operation 22 'add' 'j_2' <Predicate = true> <Delay = 1.67> <CoreInst = "Adder">   --->   Core 1 'Adder' <Latency = 0> <II = 1> <Delay = 1.67> <FuncUnit> <Opcode : 'add' 'sub'> <InPorts = 2> <OutPorts = 1>
ST_2 : Operation 23 [1/1] (0.00ns)   --->   "%br_ln981 = br i1 %icmp_ln981, void %for.body22.split.i, void %for.cond19.for.inc114_crit_edge.i.exitStub" [D:/FPGA/zybo/imx219/v2/pcam_hw/Zybo-Z7-HW.runs/system_v_tpg_0_0_synth_1/prj/sol/.autopilot/db/v_tpg.cpp:981->D:/FPGA/zybo/imx219/v2/pcam_hw/Zybo-Z7-HW.runs/system_v_tpg_0_0_synth_1/prj/sol/.autopilot/db/v_tpg.cpp:399]   --->   Operation 23 'br' 'br_ln981' <Predicate = true> <Delay = 0.00>
ST_2 : Operation 24 [1/1] (1.67ns)   --->   "%axi_last = icmp_eq  i13 %j_1, i13 %sub_cast_i_read" [D:/FPGA/zybo/imx219/v2/pcam_hw/Zybo-Z7-HW.runs/system_v_tpg_0_0_synth_1/prj/sol/.autopilot/db/v_tpg.cpp:994->D:/FPGA/zybo/imx219/v2/pcam_hw/Zybo-Z7-HW.runs/system_v_tpg_0_0_synth_1/prj/sol/.autopilot/db/v_tpg.cpp:399]   --->   Operation 24 'icmp' 'axi_last' <Predicate = (!icmp_ln981)> <Delay = 1.67> <CoreInst = "Cmp">   --->   Core 9 'Cmp' <Latency = 0> <II = 1> <Delay = 1.67> <FuncUnit> <Opcode : 'seteq' 'setne' 'setle' 'setge' 'setlt' 'setgt'> <InPorts = 2> <OutPorts = 1>
ST_2 : Operation 25 [1/1] (1.58ns)   --->   "%store_ln981 = store i13 %j_2, i13 %j" [D:/FPGA/zybo/imx219/v2/pcam_hw/Zybo-Z7-HW.runs/system_v_tpg_0_0_synth_1/prj/sol/.autopilot/db/v_tpg.cpp:981->D:/FPGA/zybo/imx219/v2/pcam_hw/Zybo-Z7-HW.runs/system_v_tpg_0_0_synth_1/prj/sol/.autopilot/db/v_tpg.cpp:399]   --->   Operation 25 'store' 'store_ln981' <Predicate = (!icmp_ln981)> <Delay = 1.58>
ST_2 : Operation 26 [1/1] (0.00ns)   --->   "%br_ln981 = br void %for.body22.i" [D:/FPGA/zybo/imx219/v2/pcam_hw/Zybo-Z7-HW.runs/system_v_tpg_0_0_synth_1/prj/sol/.autopilot/db/v_tpg.cpp:981->D:/FPGA/zybo/imx219/v2/pcam_hw/Zybo-Z7-HW.runs/system_v_tpg_0_0_synth_1/prj/sol/.autopilot/db/v_tpg.cpp:399]   --->   Operation 26 'br' 'br_ln981' <Predicate = (!icmp_ln981)> <Delay = 0.00>

State 3 <SV = 2> <Delay = 4.02>
ST_3 : Operation 27 [1/1] (0.00ns)   --->   "%sof_2 = phi i1 %sof_read, void %newFuncRoot, i1 0, void %VITIS_LOOP_1011_3.i_ifconv"   --->   Operation 27 'phi' 'sof_2' <Predicate = true> <Delay = 0.00>
ST_3 : Operation 28 [1/1] (0.00ns)   --->   "%phi_ln1036 = phi i1 0, void %newFuncRoot, i1 %trunc_ln1008, void %VITIS_LOOP_1011_3.i_ifconv" [D:/FPGA/zybo/imx219/v2/pcam_hw/Zybo-Z7-HW.runs/system_v_tpg_0_0_synth_1/prj/sol/.autopilot/db/v_tpg.cpp:1036->D:/FPGA/zybo/imx219/v2/pcam_hw/Zybo-Z7-HW.runs/system_v_tpg_0_0_synth_1/prj/sol/.autopilot/db/v_tpg.cpp:399]   --->   Operation 28 'phi' 'phi_ln1036' <Predicate = true> <Delay = 0.00>
ST_3 : Operation 29 [1/1] (0.00ns)   --->   "%speclooptripcount_ln0 = speclooptripcount void @_ssdm_op_SpecLoopTripCount, i64 0, i64 4096, i64 0"   --->   Operation 29 'speclooptripcount' 'speclooptripcount_ln0' <Predicate = true> <Delay = 0.00>
ST_3 : Operation 30 [1/1] (0.00ns)   --->   "%specpipeline_ln984 = specpipeline void @_ssdm_op_SpecPipeline, i32 1, i32 0, i32 0, i32 0, void @empty_5" [D:/FPGA/zybo/imx219/v2/pcam_hw/Zybo-Z7-HW.runs/system_v_tpg_0_0_synth_1/prj/sol/.autopilot/db/v_tpg.cpp:984->D:/FPGA/zybo/imx219/v2/pcam_hw/Zybo-Z7-HW.runs/system_v_tpg_0_0_synth_1/prj/sol/.autopilot/db/v_tpg.cpp:399]   --->   Operation 30 'specpipeline' 'specpipeline_ln984' <Predicate = (!icmp_ln981)> <Delay = 0.00>
ST_3 : Operation 31 [1/1] (0.00ns)   --->   "%specloopname_ln981 = specloopname void @_ssdm_op_SpecLoopName, void @empty_33" [D:/FPGA/zybo/imx219/v2/pcam_hw/Zybo-Z7-HW.runs/system_v_tpg_0_0_synth_1/prj/sol/.autopilot/db/v_tpg.cpp:981->D:/FPGA/zybo/imx219/v2/pcam_hw/Zybo-Z7-HW.runs/system_v_tpg_0_0_synth_1/prj/sol/.autopilot/db/v_tpg.cpp:399]   --->   Operation 31 'specloopname' 'specloopname_ln981' <Predicate = (!icmp_ln981)> <Delay = 0.00>
ST_3 : Operation 32 [1/1] (0.00ns)   --->   "%br_ln1003 = br i1 %sof_2, void %VITIS_LOOP_1011_3.i_ifconv, void %if.then35.i" [D:/FPGA/zybo/imx219/v2/pcam_hw/Zybo-Z7-HW.runs/system_v_tpg_0_0_synth_1/prj/sol/.autopilot/db/v_tpg.cpp:1003->D:/FPGA/zybo/imx219/v2/pcam_hw/Zybo-Z7-HW.runs/system_v_tpg_0_0_synth_1/prj/sol/.autopilot/db/v_tpg.cpp:399]   --->   Operation 32 'br' 'br_ln1003' <Predicate = (!icmp_ln981)> <Delay = 0.00>
ST_3 : Operation 33 [1/1] (0.00ns)   --->   "%counter_loc_1_i_load = load i16 %counter_loc_1_i" [D:/FPGA/zybo/imx219/v2/pcam_hw/Zybo-Z7-HW.runs/system_v_tpg_0_0_synth_1/prj/sol/.autopilot/db/v_tpg.cpp:1005->D:/FPGA/zybo/imx219/v2/pcam_hw/Zybo-Z7-HW.runs/system_v_tpg_0_0_synth_1/prj/sol/.autopilot/db/v_tpg.cpp:399]   --->   Operation 33 'load' 'counter_loc_1_i_load' <Predicate = (!icmp_ln981 & sof_2)> <Delay = 0.00>
ST_3 : Operation 34 [1/1] (2.07ns)   --->   "%add_ln1005 = add i16 %counter_loc_1_i_load, i16 1" [D:/FPGA/zybo/imx219/v2/pcam_hw/Zybo-Z7-HW.runs/system_v_tpg_0_0_synth_1/prj/sol/.autopilot/db/v_tpg.cpp:1005->D:/FPGA/zybo/imx219/v2/pcam_hw/Zybo-Z7-HW.runs/system_v_tpg_0_0_synth_1/prj/sol/.autopilot/db/v_tpg.cpp:399]   --->   Operation 34 'add' 'add_ln1005' <Predicate = (!icmp_ln981 & sof_2)> <Delay = 2.07> <CoreInst = "Adder">   --->   Core 1 'Adder' <Latency = 0> <II = 1> <Delay = 2.07> <FuncUnit> <Opcode : 'add' 'sub'> <InPorts = 2> <OutPorts = 1>
ST_3 : Operation 35 [1/1] (0.00ns)   --->   "%store_ln1005 = store i16 %add_ln1005, i16 %counter" [D:/FPGA/zybo/imx219/v2/pcam_hw/Zybo-Z7-HW.runs/system_v_tpg_0_0_synth_1/prj/sol/.autopilot/db/v_tpg.cpp:1005->D:/FPGA/zybo/imx219/v2/pcam_hw/Zybo-Z7-HW.runs/system_v_tpg_0_0_synth_1/prj/sol/.autopilot/db/v_tpg.cpp:399]   --->   Operation 35 'store' 'store_ln1005' <Predicate = (!icmp_ln981 & sof_2)> <Delay = 0.00>
ST_3 : Operation 36 [1/1] (1.58ns)   --->   "%store_ln1005 = store i16 %add_ln1005, i16 %counter_loc_1_i" [D:/FPGA/zybo/imx219/v2/pcam_hw/Zybo-Z7-HW.runs/system_v_tpg_0_0_synth_1/prj/sol/.autopilot/db/v_tpg.cpp:1005->D:/FPGA/zybo/imx219/v2/pcam_hw/Zybo-Z7-HW.runs/system_v_tpg_0_0_synth_1/prj/sol/.autopilot/db/v_tpg.cpp:399]   --->   Operation 36 'store' 'store_ln1005' <Predicate = (!icmp_ln981 & sof_2)> <Delay = 1.58>
ST_3 : Operation 37 [1/1] (0.00ns)   --->   "%br_ln1006 = br void %VITIS_LOOP_1011_3.i_ifconv" [D:/FPGA/zybo/imx219/v2/pcam_hw/Zybo-Z7-HW.runs/system_v_tpg_0_0_synth_1/prj/sol/.autopilot/db/v_tpg.cpp:1006->D:/FPGA/zybo/imx219/v2/pcam_hw/Zybo-Z7-HW.runs/system_v_tpg_0_0_synth_1/prj/sol/.autopilot/db/v_tpg.cpp:399]   --->   Operation 37 'br' 'br_ln1006' <Predicate = (!icmp_ln981 & sof_2)> <Delay = 0.00>
ST_3 : Operation 38 [1/1] ( I:2.43ns O:2.43ns )   --->   "%ovrlayYUV_read = read i30 @_ssdm_op_Read.ap_fifo.volatile.i30P0A, i30 %ovrlayYUV" [D:/FPGA/zybo/imx219/v2/pcam_hw/Zybo-Z7-HW.runs/system_v_tpg_0_0_synth_1/prj/sol/.autopilot/db/v_tpg.cpp:1008->D:/FPGA/zybo/imx219/v2/pcam_hw/Zybo-Z7-HW.runs/system_v_tpg_0_0_synth_1/prj/sol/.autopilot/db/v_tpg.cpp:399]   --->   Operation 38 'read' 'ovrlayYUV_read' <Predicate = (!icmp_ln981)> <Delay = 2.43> <CoreInst = "FIFO_SRL">   --->   Core 80 'FIFO_SRL' <Latency = 0> <II = 1> <Delay = 3.80> <Storage> <Opcode : 'read' 'write' 'nbread' 'nbwrite'> <Ports = 0> <Width = 30> <Depth = 16> <FIFO>
ST_3 : Operation 39 [1/1] (0.00ns)   --->   "%pix_444 = trunc i30 %ovrlayYUV_read" [D:/FPGA/zybo/imx219/v2/pcam_hw/Zybo-Z7-HW.runs/system_v_tpg_0_0_synth_1/prj/sol/.autopilot/db/v_tpg.cpp:1008->D:/FPGA/zybo/imx219/v2/pcam_hw/Zybo-Z7-HW.runs/system_v_tpg_0_0_synth_1/prj/sol/.autopilot/db/v_tpg.cpp:399]   --->   Operation 39 'trunc' 'pix_444' <Predicate = (!icmp_ln981)> <Delay = 0.00>
ST_3 : Operation 40 [1/1] (0.00ns)   --->   "%pix_rgb_2 = partselect i10 @_ssdm_op_PartSelect.i10.i30.i32.i32, i30 %ovrlayYUV_read, i32 10, i32 19" [D:/FPGA/zybo/imx219/v2/pcam_hw/Zybo-Z7-HW.runs/system_v_tpg_0_0_synth_1/prj/sol/.autopilot/db/v_tpg.cpp:1008->D:/FPGA/zybo/imx219/v2/pcam_hw/Zybo-Z7-HW.runs/system_v_tpg_0_0_synth_1/prj/sol/.autopilot/db/v_tpg.cpp:399]   --->   Operation 40 'partselect' 'pix_rgb_2' <Predicate = (!icmp_ln981)> <Delay = 0.00>
ST_3 : Operation 41 [1/1] (0.00ns)   --->   "%pix_rgb = partselect i10 @_ssdm_op_PartSelect.i10.i30.i32.i32, i30 %ovrlayYUV_read, i32 20, i32 29" [D:/FPGA/zybo/imx219/v2/pcam_hw/Zybo-Z7-HW.runs/system_v_tpg_0_0_synth_1/prj/sol/.autopilot/db/v_tpg.cpp:1008->D:/FPGA/zybo/imx219/v2/pcam_hw/Zybo-Z7-HW.runs/system_v_tpg_0_0_synth_1/prj/sol/.autopilot/db/v_tpg.cpp:399]   --->   Operation 41 'partselect' 'pix_rgb' <Predicate = (!icmp_ln981)> <Delay = 0.00>
ST_3 : Operation 42 [1/1] (0.00ns)   --->   "%axi_data = bitconcatenate i11 @_ssdm_op_BitConcatenate.i11.i1.i10, i1 1, i10 %pix_444" [D:/FPGA/zybo/imx219/v2/pcam_hw/Zybo-Z7-HW.runs/system_v_tpg_0_0_synth_1/prj/sol/.autopilot/db/v_tpg.cpp:1029->D:/FPGA/zybo/imx219/v2/pcam_hw/Zybo-Z7-HW.runs/system_v_tpg_0_0_synth_1/prj/sol/.autopilot/db/v_tpg.cpp:399]   --->   Operation 42 'bitconcatenate' 'axi_data' <Predicate = (!icmp_ln981)> <Delay = 0.00>
ST_3 : Operation 43 [1/1] (0.00ns)   --->   "%axi_data_1 = bitconcatenate i11 @_ssdm_op_BitConcatenate.i11.i1.i10, i1 1, i10 %pix_rgb_2" [D:/FPGA/zybo/imx219/v2/pcam_hw/Zybo-Z7-HW.runs/system_v_tpg_0_0_synth_1/prj/sol/.autopilot/db/v_tpg.cpp:1023->D:/FPGA/zybo/imx219/v2/pcam_hw/Zybo-Z7-HW.runs/system_v_tpg_0_0_synth_1/prj/sol/.autopilot/db/v_tpg.cpp:399]   --->   Operation 43 'bitconcatenate' 'axi_data_1' <Predicate = (!icmp_ln981)> <Delay = 0.00>
ST_3 : Operation 44 [1/1] (1.91ns)   --->   "%icmp_ln1020 = icmp_eq  i8 %colorFormat_val27_load_read, i8 1" [D:/FPGA/zybo/imx219/v2/pcam_hw/Zybo-Z7-HW.runs/system_v_tpg_0_0_synth_1/prj/sol/.autopilot/db/v_tpg.cpp:1020->D:/FPGA/zybo/imx219/v2/pcam_hw/Zybo-Z7-HW.runs/system_v_tpg_0_0_synth_1/prj/sol/.autopilot/db/v_tpg.cpp:399]   --->   Operation 44 'icmp' 'icmp_ln1020' <Predicate = (!icmp_ln981)> <Delay = 1.91> <CoreInst = "Cmp">   --->   Core 9 'Cmp' <Latency = 0> <II = 1> <Delay = 1.91> <FuncUnit> <Opcode : 'seteq' 'setne' 'setle' 'setge' 'setlt' 'setgt'> <InPorts = 2> <OutPorts = 1>
ST_3 : Operation 45 [1/1] (1.91ns)   --->   "%icmp_ln1020_1 = icmp_eq  i8 %colorFormat_val27_load_read, i8 0" [D:/FPGA/zybo/imx219/v2/pcam_hw/Zybo-Z7-HW.runs/system_v_tpg_0_0_synth_1/prj/sol/.autopilot/db/v_tpg.cpp:1020->D:/FPGA/zybo/imx219/v2/pcam_hw/Zybo-Z7-HW.runs/system_v_tpg_0_0_synth_1/prj/sol/.autopilot/db/v_tpg.cpp:399]   --->   Operation 45 'icmp' 'icmp_ln1020_1' <Predicate = (!icmp_ln981)> <Delay = 1.91> <CoreInst = "Cmp">   --->   Core 9 'Cmp' <Latency = 0> <II = 1> <Delay = 1.91> <FuncUnit> <Opcode : 'seteq' 'setne' 'setle' 'setge' 'setlt' 'setgt'> <InPorts = 2> <OutPorts = 1>
ST_3 : Operation 46 [1/1] (0.00ns)   --->   "%sel_tmp6 = bitconcatenate i2 @_ssdm_op_BitConcatenate.i2.i1.i1, i1 %icmp_ln1020, i1 %icmp_ln1020_1" [D:/FPGA/zybo/imx219/v2/pcam_hw/Zybo-Z7-HW.runs/system_v_tpg_0_0_synth_1/prj/sol/.autopilot/db/v_tpg.cpp:1020->D:/FPGA/zybo/imx219/v2/pcam_hw/Zybo-Z7-HW.runs/system_v_tpg_0_0_synth_1/prj/sol/.autopilot/db/v_tpg.cpp:399]   --->   Operation 46 'bitconcatenate' 'sel_tmp6' <Predicate = (!icmp_ln981)> <Delay = 0.00>
ST_3 : Operation 47 [1/1] (1.58ns)   --->   "%axi_data_2 = sparsemux i11 @_ssdm_op_SparseMux.ap_auto.3i11.i11.i2, i2 2, i11 %axi_data, i2 1, i11 %axi_data_1, i2 0, i11 %axi_data, i11 0, i2 %sel_tmp6" [D:/FPGA/zybo/imx219/v2/pcam_hw/Zybo-Z7-HW.runs/system_v_tpg_0_0_synth_1/prj/sol/.autopilot/db/v_tpg.cpp:1029->D:/FPGA/zybo/imx219/v2/pcam_hw/Zybo-Z7-HW.runs/system_v_tpg_0_0_synth_1/prj/sol/.autopilot/db/v_tpg.cpp:399]   --->   Operation 47 'sparsemux' 'axi_data_2' <Predicate = (!icmp_ln981)> <Delay = 1.58> <CoreInst = "OneHotSparseMux_HasDef">   --->   Core 140 'OneHotSparseMux_HasDef' <Latency = 0> <II = 1> <Delay = 1.58> <FuncUnit> <Opcode : 'sparsemux'> <InPorts = 2> <OutPorts = 1>
ST_3 : Operation 48 [1/1] (0.00ns)   --->   "%sext_ln925 = sext i11 %axi_data_2" [D:/FPGA/zybo/imx219/v2/pcam_hw/Zybo-Z7-HW.runs/system_v_tpg_0_0_synth_1/prj/sol/.autopilot/db/v_tpg.cpp:925->D:/FPGA/zybo/imx219/v2/pcam_hw/Zybo-Z7-HW.runs/system_v_tpg_0_0_synth_1/prj/sol/.autopilot/db/v_tpg.cpp:399]   --->   Operation 48 'sext' 'sext_ln925' <Predicate = (!icmp_ln981)> <Delay = 0.00>
ST_3 : Operation 49 [1/1] (1.58ns)   --->   "%tmp = sparsemux i10 @_ssdm_op_SparseMux.ap_auto.3i10.i10.i2, i2 2, i10 %pix_rgb_2, i2 1, i10 %pix_rgb, i2 0, i10 %pix_rgb_2, i10 0, i2 %sel_tmp6" [D:/FPGA/zybo/imx219/v2/pcam_hw/Zybo-Z7-HW.runs/system_v_tpg_0_0_synth_1/prj/sol/.autopilot/db/v_tpg.cpp:1008->D:/FPGA/zybo/imx219/v2/pcam_hw/Zybo-Z7-HW.runs/system_v_tpg_0_0_synth_1/prj/sol/.autopilot/db/v_tpg.cpp:399]   --->   Operation 49 'sparsemux' 'tmp' <Predicate = (!icmp_ln981)> <Delay = 1.58> <CoreInst = "OneHotSparseMux_HasDef">   --->   Core 140 'OneHotSparseMux_HasDef' <Latency = 0> <II = 1> <Delay = 1.58> <FuncUnit> <Opcode : 'sparsemux'> <InPorts = 2> <OutPorts = 1>
ST_3 : Operation 50 [1/1] (1.58ns)   --->   "%tmp_s = sparsemux i10 @_ssdm_op_SparseMux.ap_auto.3i10.i10.i2, i2 2, i10 %pix_rgb, i2 1, i10 %pix_444, i2 0, i10 %pix_rgb, i10 0, i2 %sel_tmp6" [D:/FPGA/zybo/imx219/v2/pcam_hw/Zybo-Z7-HW.runs/system_v_tpg_0_0_synth_1/prj/sol/.autopilot/db/v_tpg.cpp:1008->D:/FPGA/zybo/imx219/v2/pcam_hw/Zybo-Z7-HW.runs/system_v_tpg_0_0_synth_1/prj/sol/.autopilot/db/v_tpg.cpp:399]   --->   Operation 50 'sparsemux' 'tmp_s' <Predicate = (!icmp_ln981)> <Delay = 1.58> <CoreInst = "OneHotSparseMux_HasDef">   --->   Core 140 'OneHotSparseMux_HasDef' <Latency = 0> <II = 1> <Delay = 1.58> <FuncUnit> <Opcode : 'sparsemux'> <InPorts = 2> <OutPorts = 1>
ST_3 : Operation 51 [1/1] (0.00ns)   --->   "%tmp_1 = bitconcatenate i20 @_ssdm_op_BitConcatenate.i20.i10.i10, i10 %tmp_s, i10 %tmp" [D:/FPGA/zybo/imx219/v2/pcam_hw/Zybo-Z7-HW.runs/system_v_tpg_0_0_synth_1/prj/sol/.autopilot/db/v_tpg.cpp:1008->D:/FPGA/zybo/imx219/v2/pcam_hw/Zybo-Z7-HW.runs/system_v_tpg_0_0_synth_1/prj/sol/.autopilot/db/v_tpg.cpp:399]   --->   Operation 51 'bitconcatenate' 'tmp_1' <Predicate = (!icmp_ln981)> <Delay = 0.00>
ST_3 : Operation 52 [1/1] (0.00ns)   --->   "%axi_data_3 = partset i30 @_ssdm_op_PartSet.i30.i30.i20.i32.i32, i30 %sext_ln925, i20 %tmp_1, i32 10, i32 29" [D:/FPGA/zybo/imx219/v2/pcam_hw/Zybo-Z7-HW.runs/system_v_tpg_0_0_synth_1/prj/sol/.autopilot/db/v_tpg.cpp:925->D:/FPGA/zybo/imx219/v2/pcam_hw/Zybo-Z7-HW.runs/system_v_tpg_0_0_synth_1/prj/sol/.autopilot/db/v_tpg.cpp:399]   --->   Operation 52 'partset' 'axi_data_3' <Predicate = (!icmp_ln981)> <Delay = 0.00>

State 4 <SV = 3> <Delay = 1.29>
ST_4 : Operation 53 [1/1] (0.00ns)   --->   "%counter_loc_1_i_load_2 = load i16 %counter_loc_1_i" [D:/FPGA/zybo/imx219/v2/pcam_hw/Zybo-Z7-HW.runs/system_v_tpg_0_0_synth_1/prj/sol/.autopilot/db/v_tpg.cpp:1008->D:/FPGA/zybo/imx219/v2/pcam_hw/Zybo-Z7-HW.runs/system_v_tpg_0_0_synth_1/prj/sol/.autopilot/db/v_tpg.cpp:399]   --->   Operation 53 'load' 'counter_loc_1_i_load_2' <Predicate = (!icmp_ln981)> <Delay = 0.00>
ST_4 : Operation 54 [1/1] (0.00ns)   --->   "%trunc_ln1008 = trunc i16 %counter_loc_1_i_load_2" [D:/FPGA/zybo/imx219/v2/pcam_hw/Zybo-Z7-HW.runs/system_v_tpg_0_0_synth_1/prj/sol/.autopilot/db/v_tpg.cpp:1008->D:/FPGA/zybo/imx219/v2/pcam_hw/Zybo-Z7-HW.runs/system_v_tpg_0_0_synth_1/prj/sol/.autopilot/db/v_tpg.cpp:399]   --->   Operation 54 'trunc' 'trunc_ln1008' <Predicate = (!icmp_ln981)> <Delay = 0.00>
ST_4 : Operation 55 [1/1] (0.00ns)   --->   "%zext_ln1035 = zext i30 %axi_data_3" [D:/FPGA/zybo/imx219/v2/pcam_hw/Zybo-Z7-HW.runs/system_v_tpg_0_0_synth_1/prj/sol/.autopilot/db/v_tpg.cpp:1035->D:/FPGA/zybo/imx219/v2/pcam_hw/Zybo-Z7-HW.runs/system_v_tpg_0_0_synth_1/prj/sol/.autopilot/db/v_tpg.cpp:399]   --->   Operation 55 'zext' 'zext_ln1035' <Predicate = (!icmp_ln981)> <Delay = 0.00>
ST_4 : Operation 56 [1/1] (1.29ns)   --->   "%write_ln1035 = write void @_ssdm_op_Write.axis.volatile.i32P0A.i4P0A.i4P0A.i1P0A.i1P0A.i1P0A.i1P0A, i32 %m_axis_video_V_data_V, i4 %m_axis_video_V_keep_V, i4 %m_axis_video_V_strb_V, i1 %m_axis_video_V_user_V, i1 %m_axis_video_V_last_V, i1 %m_axis_video_V_id_V, i1 %m_axis_video_V_dest_V, i32 %zext_ln1035, i4 15, i4 0, i1 %sof_2, i1 %axi_last, i1 0, i1 0" [D:/FPGA/zybo/imx219/v2/pcam_hw/Zybo-Z7-HW.runs/system_v_tpg_0_0_synth_1/prj/sol/.autopilot/db/v_tpg.cpp:1035->D:/FPGA/zybo/imx219/v2/pcam_hw/Zybo-Z7-HW.runs/system_v_tpg_0_0_synth_1/prj/sol/.autopilot/db/v_tpg.cpp:399]   --->   Operation 56 'write' 'write_ln1035' <Predicate = (!icmp_ln981)> <Delay = 1.29> <CoreInst = "regslice">   --->   Core 135 'regslice' <Latency = 0> <II = 1> <Delay = 1.86> <Adapter> <Opcode : 'read' 'write'>

State 5 <SV = 3> <Delay = 0.00>
ST_5 : Operation 57 [1/1] (0.00ns)   --->   "%write_ln1036 = write void @_ssdm_op_Write.ap_auto.i1P0A, i1 %phi_ln1036_out, i1 %phi_ln1036" [D:/FPGA/zybo/imx219/v2/pcam_hw/Zybo-Z7-HW.runs/system_v_tpg_0_0_synth_1/prj/sol/.autopilot/db/v_tpg.cpp:1036->D:/FPGA/zybo/imx219/v2/pcam_hw/Zybo-Z7-HW.runs/system_v_tpg_0_0_synth_1/prj/sol/.autopilot/db/v_tpg.cpp:399]   --->   Operation 57 'write' 'write_ln1036' <Predicate = true> <Delay = 0.00>

State 6 <SV = 4> <Delay = 1.58>
ST_6 : Operation 58 [1/1] (0.00ns)   --->   "%counter_loc_1_i_load_1 = load i16 %counter_loc_1_i"   --->   Operation 58 'load' 'counter_loc_1_i_load_1' <Predicate = true> <Delay = 0.00>
ST_6 : Operation 59 [1/1] (0.00ns)   --->   "%write_ln0 = write void @_ssdm_op_Write.ap_auto.i16P0A, i16 %counter_loc_1_i_out, i16 %counter_loc_1_i_load_1"   --->   Operation 59 'write' 'write_ln0' <Predicate = true> <Delay = 0.00>
ST_6 : Operation 60 [1/1] (1.58ns)   --->   "%ret_ln0 = ret"   --->   Operation 60 'ret' 'ret_ln0' <Predicate = true> <Delay = 1.58>


============================================================
+ Verbose Summary: Binding
============================================================
STG Binding: 
---------------- STG Properties BEGIN ----------------
- Is combinational: 0
- Is one-state seq: 0
- Is datapath-only: 0
- Is pipelined: 0
- Is top level: 0
Port [ Return ] is wired: 1; IO mode=ap_ctrl_hs:ce=0
Port [ counter_loc_0_i]:  wired=1; compound=0; hidden=0; nouse=0; global=0; static=0; extern=0; dir=0; type=0; pingpong=0; private_global=0; IO mode=ap_none:ce=0
Port [ sof]:  wired=1; compound=0; hidden=0; nouse=0; global=0; static=0; extern=0; dir=0; type=0; pingpong=0; private_global=0; IO mode=ap_none:ce=0
Port [ cols]:  wired=1; compound=0; hidden=0; nouse=0; global=0; static=0; extern=0; dir=0; type=0; pingpong=0; private_global=0; IO mode=ap_none:ce=0
Port [ ovrlayYUV]:  wired=1; compound=1; hidden=0; nouse=0; global=0; static=0; extern=0; dir=0; type=3; pingpong=0; private_global=0; IO mode=ap_fifo:ce=0
Port [ colorFormat_val27_load]:  wired=1; compound=0; hidden=0; nouse=0; global=0; static=0; extern=0; dir=0; type=0; pingpong=0; private_global=0; IO mode=ap_none:ce=0
Port [ m_axis_video_V_data_V]:  wired=1; compound=1; hidden=0; nouse=0; global=0; static=0; extern=0; dir=1; type=0; pingpong=0; private_global=0; IO mode=axis:ce=0
Port [ m_axis_video_V_keep_V]:  wired=1; compound=1; hidden=0; nouse=0; global=0; static=0; extern=0; dir=1; type=0; pingpong=0; private_global=0; IO mode=axis:ce=0
Port [ m_axis_video_V_strb_V]:  wired=1; compound=1; hidden=0; nouse=0; global=0; static=0; extern=0; dir=1; type=0; pingpong=0; private_global=0; IO mode=axis:ce=0
Port [ m_axis_video_V_user_V]:  wired=1; compound=1; hidden=0; nouse=0; global=0; static=0; extern=0; dir=1; type=0; pingpong=0; private_global=0; IO mode=axis:ce=0
Port [ m_axis_video_V_last_V]:  wired=1; compound=1; hidden=0; nouse=0; global=0; static=0; extern=0; dir=1; type=0; pingpong=0; private_global=0; IO mode=axis:ce=0
Port [ m_axis_video_V_id_V]:  wired=1; compound=1; hidden=0; nouse=0; global=0; static=0; extern=0; dir=1; type=0; pingpong=0; private_global=0; IO mode=axis:ce=0
Port [ m_axis_video_V_dest_V]:  wired=1; compound=1; hidden=0; nouse=0; global=0; static=0; extern=0; dir=1; type=0; pingpong=0; private_global=0; IO mode=axis:ce=0
Port [ sub_cast_i]:  wired=1; compound=0; hidden=0; nouse=0; global=0; static=0; extern=0; dir=0; type=0; pingpong=0; private_global=0; IO mode=ap_none:ce=0
Port [ counter_loc_1_i_out]:  wired=1; compound=0; hidden=0; nouse=0; global=0; static=0; extern=0; dir=1; type=0; pingpong=0; private_global=0; IO mode=ap_vld:ce=0
Port [ phi_ln1036_out]:  wired=1; compound=0; hidden=0; nouse=0; global=0; static=0; extern=0; dir=1; type=0; pingpong=0; private_global=0; IO mode=ap_vld:ce=0
Port [ counter]:  wired=1; compound=0; hidden=0; nouse=0; global=1; static=1; extern=0; dir=1; type=0; pingpong=0; private_global=0; IO mode=ap_vld:ce=0
---------------- STG Properties END ------------------

---------------- Datapath Model BEGIN ----------------

<LifeTime>
<method=bitvector/>
j                           (alloca             ) [ 0111100]
counter_loc_1_i             (alloca             ) [ 0111111]
specaxissidechannel_ln0     (specaxissidechannel) [ 0000000]
specinterface_ln0           (specinterface      ) [ 0000000]
specinterface_ln0           (specinterface      ) [ 0000000]
sub_cast_i_read             (read               ) [ 0011100]
colorFormat_val27_load_read (read               ) [ 0011100]
cols_read                   (read               ) [ 0011100]
sof_read                    (read               ) [ 0111100]
counter_loc_0_i_read        (read               ) [ 0000000]
store_ln0                   (store              ) [ 0000000]
store_ln981                 (store              ) [ 0000000]
br_ln981                    (br                 ) [ 0111100]
j_1                         (load               ) [ 0000000]
icmp_ln981                  (icmp               ) [ 0011100]
j_2                         (add                ) [ 0000000]
br_ln981                    (br                 ) [ 0000000]
axi_last                    (icmp               ) [ 0011100]
store_ln981                 (store              ) [ 0000000]
br_ln981                    (br                 ) [ 0111100]
sof_2                       (phi                ) [ 0011100]
phi_ln1036                  (phi                ) [ 0011010]
speclooptripcount_ln0       (speclooptripcount  ) [ 0000000]
specpipeline_ln984          (specpipeline       ) [ 0000000]
specloopname_ln981          (specloopname       ) [ 0000000]
br_ln1003                   (br                 ) [ 0000000]
counter_loc_1_i_load        (load               ) [ 0000000]
add_ln1005                  (add                ) [ 0000000]
store_ln1005                (store              ) [ 0000000]
store_ln1005                (store              ) [ 0000000]
br_ln1006                   (br                 ) [ 0000000]
ovrlayYUV_read              (read               ) [ 0000000]
pix_444                     (trunc              ) [ 0000000]
pix_rgb_2                   (partselect         ) [ 0000000]
pix_rgb                     (partselect         ) [ 0000000]
axi_data                    (bitconcatenate     ) [ 0000000]
axi_data_1                  (bitconcatenate     ) [ 0000000]
icmp_ln1020                 (icmp               ) [ 0000000]
icmp_ln1020_1               (icmp               ) [ 0000000]
sel_tmp6                    (bitconcatenate     ) [ 0000000]
axi_data_2                  (sparsemux          ) [ 0000000]
sext_ln925                  (sext               ) [ 0000000]
tmp                         (sparsemux          ) [ 0000000]
tmp_s                       (sparsemux          ) [ 0000000]
tmp_1                       (bitconcatenate     ) [ 0000000]
axi_data_3                  (partset            ) [ 0010100]
counter_loc_1_i_load_2      (load               ) [ 0000000]
trunc_ln1008                (trunc              ) [ 0111000]
zext_ln1035                 (zext               ) [ 0000000]
write_ln1035                (write              ) [ 0000000]
write_ln1036                (write              ) [ 0000000]
counter_loc_1_i_load_1      (load               ) [ 0000000]
write_ln0                   (write              ) [ 0000000]
ret_ln0                     (ret                ) [ 0000000]
</LifeTime>

<model>

<comp_list>
<comp id="0" class="1000" name="counter_loc_0_i">
<pin_list>
<pin id="1" dir="1" index="0" bw="1" slack="0"/>
</pin_list>
<bind>
<StgValue><ssdm name="counter_loc_0_i"/></StgValue>
</bind>
</comp>

<comp id="2" class="1000" name="sof">
<pin_list>
<pin id="3" dir="1" index="0" bw="1" slack="0"/>
</pin_list>
<bind>
<StgValue><ssdm name="sof"/></StgValue>
</bind>
</comp>

<comp id="4" class="1000" name="cols">
<pin_list>
<pin id="5" dir="1" index="0" bw="1" slack="0"/>
</pin_list>
<bind>
<StgValue><ssdm name="cols"/></StgValue>
</bind>
</comp>

<comp id="6" class="1000" name="ovrlayYUV">
<pin_list>
<pin id="7" dir="1" index="0" bw="1" slack="0"/>
</pin_list>
<bind>
<StgValue><ssdm name="ovrlayYUV"/></StgValue>
</bind>
</comp>

<comp id="8" class="1000" name="colorFormat_val27_load">
<pin_list>
<pin id="9" dir="1" index="0" bw="1" slack="0"/>
</pin_list>
<bind>
<StgValue><ssdm name="colorFormat_val27_load"/></StgValue>
</bind>
</comp>

<comp id="10" class="1000" name="m_axis_video_V_data_V">
<pin_list>
<pin id="11" dir="1" index="0" bw="1" slack="0"/>
</pin_list>
<bind>
<StgValue><ssdm name="m_axis_video_V_data_V"/></StgValue>
</bind>
</comp>

<comp id="12" class="1000" name="m_axis_video_V_keep_V">
<pin_list>
<pin id="13" dir="1" index="0" bw="1" slack="0"/>
</pin_list>
<bind>
<StgValue><ssdm name="m_axis_video_V_keep_V"/></StgValue>
</bind>
</comp>

<comp id="14" class="1000" name="m_axis_video_V_strb_V">
<pin_list>
<pin id="15" dir="1" index="0" bw="1" slack="0"/>
</pin_list>
<bind>
<StgValue><ssdm name="m_axis_video_V_strb_V"/></StgValue>
</bind>
</comp>

<comp id="16" class="1000" name="m_axis_video_V_user_V">
<pin_list>
<pin id="17" dir="1" index="0" bw="1" slack="0"/>
</pin_list>
<bind>
<StgValue><ssdm name="m_axis_video_V_user_V"/></StgValue>
</bind>
</comp>

<comp id="18" class="1000" name="m_axis_video_V_last_V">
<pin_list>
<pin id="19" dir="1" index="0" bw="1" slack="0"/>
</pin_list>
<bind>
<StgValue><ssdm name="m_axis_video_V_last_V"/></StgValue>
</bind>
</comp>

<comp id="20" class="1000" name="m_axis_video_V_id_V">
<pin_list>
<pin id="21" dir="1" index="0" bw="1" slack="0"/>
</pin_list>
<bind>
<StgValue><ssdm name="m_axis_video_V_id_V"/></StgValue>
</bind>
</comp>

<comp id="22" class="1000" name="m_axis_video_V_dest_V">
<pin_list>
<pin id="23" dir="1" index="0" bw="1" slack="0"/>
</pin_list>
<bind>
<StgValue><ssdm name="m_axis_video_V_dest_V"/></StgValue>
</bind>
</comp>

<comp id="24" class="1000" name="sub_cast_i">
<pin_list>
<pin id="25" dir="1" index="0" bw="1" slack="0"/>
</pin_list>
<bind>
<StgValue><ssdm name="sub_cast_i"/></StgValue>
</bind>
</comp>

<comp id="26" class="1000" name="counter_loc_1_i_out">
<pin_list>
<pin id="27" dir="1" index="0" bw="1" slack="0"/>
</pin_list>
<bind>
<StgValue><ssdm name="counter_loc_1_i_out"/></StgValue>
</bind>
</comp>

<comp id="28" class="1000" name="phi_ln1036_out">
<pin_list>
<pin id="29" dir="1" index="0" bw="1" slack="0"/>
</pin_list>
<bind>
<StgValue><ssdm name="phi_ln1036_out"/></StgValue>
</bind>
</comp>

<comp id="30" class="1000" name="counter">
<pin_list>
<pin id="31" dir="1" index="0" bw="1" slack="0"/>
</pin_list>
<bind>
<StgValue><ssdm name="counter"/></StgValue>
</bind>
</comp>

<comp id="32" class="1001" name="const_32">
<pin_list>
<pin id="33" dir="1" index="0" bw="1" slack="0"/>
</pin_list>
<bind>
<StgValue><ssdm name=""/></StgValue>
</bind>
</comp>

<comp id="34" class="1001" name="const_34">
<pin_list>
<pin id="35" dir="1" index="0" bw="1" slack="2147483647"/>
</pin_list>
<bind>
<StgValue><ssdm name="_ssdm_op_SpecAXISSideChannel"/></StgValue>
</bind>
</comp>

<comp id="36" class="1001" name="const_36">
<pin_list>
<pin id="37" dir="1" index="0" bw="1" slack="2147483647"/>
</pin_list>
<bind>
<StgValue><ssdm name="empty_11"/></StgValue>
</bind>
</comp>

<comp id="38" class="1001" name="const_38">
<pin_list>
<pin id="39" dir="1" index="0" bw="1" slack="2147483647"/>
</pin_list>
<bind>
<StgValue><ssdm name="_ssdm_op_SpecInterface"/></StgValue>
</bind>
</comp>

<comp id="40" class="1001" name="const_40">
<pin_list>
<pin id="41" dir="1" index="0" bw="1" slack="2147483647"/>
</pin_list>
<bind>
<StgValue><ssdm name="empty_26"/></StgValue>
</bind>
</comp>

<comp id="42" class="1001" name="const_42">
<pin_list>
<pin id="43" dir="1" index="0" bw="1" slack="2147483647"/>
</pin_list>
<bind>
<StgValue><ssdm name=""/></StgValue>
</bind>
</comp>

<comp id="44" class="1001" name="const_44">
<pin_list>
<pin id="45" dir="1" index="0" bw="1" slack="2147483647"/>
</pin_list>
<bind>
<StgValue><ssdm name="empty_4"/></StgValue>
</bind>
</comp>

<comp id="46" class="1001" name="const_46">
<pin_list>
<pin id="47" dir="1" index="0" bw="1" slack="2147483647"/>
</pin_list>
<bind>
<StgValue><ssdm name="empty_5"/></StgValue>
</bind>
</comp>

<comp id="48" class="1001" name="const_48">
<pin_list>
<pin id="49" dir="1" index="0" bw="1" slack="2147483647"/>
</pin_list>
<bind>
<StgValue><ssdm name=""/></StgValue>
</bind>
</comp>

<comp id="50" class="1001" name="const_50">
<pin_list>
<pin id="51" dir="1" index="0" bw="1" slack="2147483647"/>
</pin_list>
<bind>
<StgValue><ssdm name="empty_12"/></StgValue>
</bind>
</comp>

<comp id="52" class="1001" name="const_52">
<pin_list>
<pin id="53" dir="1" index="0" bw="1" slack="0"/>
</pin_list>
<bind>
<StgValue><ssdm name="_ssdm_op_Read.ap_auto.i13"/></StgValue>
</bind>
</comp>

<comp id="54" class="1001" name="const_54">
<pin_list>
<pin id="55" dir="1" index="0" bw="1" slack="0"/>
</pin_list>
<bind>
<StgValue><ssdm name="_ssdm_op_Read.ap_auto.i8"/></StgValue>
</bind>
</comp>

<comp id="56" class="1001" name="const_56">
<pin_list>
<pin id="57" dir="1" index="0" bw="1" slack="0"/>
</pin_list>
<bind>
<StgValue><ssdm name="_ssdm_op_Read.ap_auto.i1"/></StgValue>
</bind>
</comp>

<comp id="58" class="1001" name="const_58">
<pin_list>
<pin id="59" dir="1" index="0" bw="1" slack="0"/>
</pin_list>
<bind>
<StgValue><ssdm name="_ssdm_op_Read.ap_auto.i16"/></StgValue>
</bind>
</comp>

<comp id="60" class="1001" name="const_60">
<pin_list>
<pin id="61" dir="1" index="0" bw="1" slack="0"/>
</pin_list>
<bind>
<StgValue><ssdm name=""/></StgValue>
</bind>
</comp>

<comp id="62" class="1001" name="const_62">
<pin_list>
<pin id="63" dir="1" index="0" bw="1" slack="0"/>
</pin_list>
<bind>
<StgValue><ssdm name=""/></StgValue>
</bind>
</comp>

<comp id="64" class="1001" name="const_64">
<pin_list>
<pin id="65" dir="1" index="0" bw="1" slack="1"/>
</pin_list>
<bind>
<StgValue><ssdm name=""/></StgValue>
</bind>
</comp>

<comp id="66" class="1001" name="const_66">
<pin_list>
<pin id="67" dir="1" index="0" bw="1" slack="2147483647"/>
</pin_list>
<bind>
<StgValue><ssdm name="_ssdm_op_SpecLoopTripCount"/></StgValue>
</bind>
</comp>

<comp id="68" class="1001" name="const_68">
<pin_list>
<pin id="69" dir="1" index="0" bw="1" slack="2147483647"/>
</pin_list>
<bind>
<StgValue><ssdm name=""/></StgValue>
</bind>
</comp>

<comp id="70" class="1001" name="const_70">
<pin_list>
<pin id="71" dir="1" index="0" bw="1" slack="2147483647"/>
</pin_list>
<bind>
<StgValue><ssdm name=""/></StgValue>
</bind>
</comp>

<comp id="72" class="1001" name="const_72">
<pin_list>
<pin id="73" dir="1" index="0" bw="1" slack="2147483647"/>
</pin_list>
<bind>
<StgValue><ssdm name="_ssdm_op_SpecPipeline"/></StgValue>
</bind>
</comp>

<comp id="74" class="1001" name="const_74">
<pin_list>
<pin id="75" dir="1" index="0" bw="1" slack="2147483647"/>
</pin_list>
<bind>
<StgValue><ssdm name="_ssdm_op_SpecLoopName"/></StgValue>
</bind>
</comp>

<comp id="76" class="1001" name="const_76">
<pin_list>
<pin id="77" dir="1" index="0" bw="1" slack="2147483647"/>
</pin_list>
<bind>
<StgValue><ssdm name="empty_33"/></StgValue>
</bind>
</comp>

<comp id="78" class="1001" name="const_78">
<pin_list>
<pin id="79" dir="1" index="0" bw="1" slack="0"/>
</pin_list>
<bind>
<StgValue><ssdm name=""/></StgValue>
</bind>
</comp>

<comp id="80" class="1001" name="const_80">
<pin_list>
<pin id="81" dir="1" index="0" bw="1" slack="0"/>
</pin_list>
<bind>
<StgValue><ssdm name="_ssdm_op_Read.ap_fifo.volatile.i30P0A"/></StgValue>
</bind>
</comp>

<comp id="82" class="1001" name="const_82">
<pin_list>
<pin id="83" dir="1" index="0" bw="1" slack="0"/>
</pin_list>
<bind>
<StgValue><ssdm name="_ssdm_op_PartSelect.i10.i30.i32.i32"/></StgValue>
</bind>
</comp>

<comp id="84" class="1001" name="const_84">
<pin_list>
<pin id="85" dir="1" index="0" bw="1" slack="0"/>
</pin_list>
<bind>
<StgValue><ssdm name=""/></StgValue>
</bind>
</comp>

<comp id="86" class="1001" name="const_86">
<pin_list>
<pin id="87" dir="1" index="0" bw="1" slack="0"/>
</pin_list>
<bind>
<StgValue><ssdm name=""/></StgValue>
</bind>
</comp>

<comp id="88" class="1001" name="const_88">
<pin_list>
<pin id="89" dir="1" index="0" bw="1" slack="0"/>
</pin_list>
<bind>
<StgValue><ssdm name=""/></StgValue>
</bind>
</comp>

<comp id="90" class="1001" name="const_90">
<pin_list>
<pin id="91" dir="1" index="0" bw="1" slack="0"/>
</pin_list>
<bind>
<StgValue><ssdm name=""/></StgValue>
</bind>
</comp>

<comp id="92" class="1001" name="const_92">
<pin_list>
<pin id="93" dir="1" index="0" bw="1" slack="0"/>
</pin_list>
<bind>
<StgValue><ssdm name="_ssdm_op_BitConcatenate.i11.i1.i10"/></StgValue>
</bind>
</comp>

<comp id="94" class="1001" name="const_94">
<pin_list>
<pin id="95" dir="1" index="0" bw="1" slack="0"/>
</pin_list>
<bind>
<StgValue><ssdm name=""/></StgValue>
</bind>
</comp>

<comp id="96" class="1001" name="const_96">
<pin_list>
<pin id="97" dir="1" index="0" bw="1" slack="0"/>
</pin_list>
<bind>
<StgValue><ssdm name=""/></StgValue>
</bind>
</comp>

<comp id="98" class="1001" name="const_98">
<pin_list>
<pin id="99" dir="1" index="0" bw="1" slack="0"/>
</pin_list>
<bind>
<StgValue><ssdm name=""/></StgValue>
</bind>
</comp>

<comp id="100" class="1001" name="const_100">
<pin_list>
<pin id="101" dir="1" index="0" bw="1" slack="0"/>
</pin_list>
<bind>
<StgValue><ssdm name="_ssdm_op_BitConcatenate.i2.i1.i1"/></StgValue>
</bind>
</comp>

<comp id="102" class="1001" name="const_102">
<pin_list>
<pin id="103" dir="1" index="0" bw="1" slack="0"/>
</pin_list>
<bind>
<StgValue><ssdm name="_ssdm_op_SparseMux.ap_auto.3i11.i11.i2"/></StgValue>
</bind>
</comp>

<comp id="104" class="1001" name="const_104">
<pin_list>
<pin id="105" dir="1" index="0" bw="1" slack="0"/>
</pin_list>
<bind>
<StgValue><ssdm name=""/></StgValue>
</bind>
</comp>

<comp id="106" class="1001" name="const_106">
<pin_list>
<pin id="107" dir="1" index="0" bw="1" slack="0"/>
</pin_list>
<bind>
<StgValue><ssdm name=""/></StgValue>
</bind>
</comp>

<comp id="108" class="1001" name="const_108">
<pin_list>
<pin id="109" dir="1" index="0" bw="1" slack="0"/>
</pin_list>
<bind>
<StgValue><ssdm name=""/></StgValue>
</bind>
</comp>

<comp id="110" class="1001" name="const_110">
<pin_list>
<pin id="111" dir="1" index="0" bw="1" slack="0"/>
</pin_list>
<bind>
<StgValue><ssdm name=""/></StgValue>
</bind>
</comp>

<comp id="112" class="1001" name="const_112">
<pin_list>
<pin id="113" dir="1" index="0" bw="1" slack="0"/>
</pin_list>
<bind>
<StgValue><ssdm name="_ssdm_op_SparseMux.ap_auto.3i10.i10.i2"/></StgValue>
</bind>
</comp>

<comp id="114" class="1001" name="const_114">
<pin_list>
<pin id="115" dir="1" index="0" bw="1" slack="0"/>
</pin_list>
<bind>
<StgValue><ssdm name=""/></StgValue>
</bind>
</comp>

<comp id="116" class="1001" name="const_116">
<pin_list>
<pin id="117" dir="1" index="0" bw="1" slack="0"/>
</pin_list>
<bind>
<StgValue><ssdm name="_ssdm_op_BitConcatenate.i20.i10.i10"/></StgValue>
</bind>
</comp>

<comp id="118" class="1001" name="const_118">
<pin_list>
<pin id="119" dir="1" index="0" bw="1" slack="0"/>
</pin_list>
<bind>
<StgValue><ssdm name="_ssdm_op_PartSet.i30.i30.i20.i32.i32"/></StgValue>
</bind>
</comp>

<comp id="120" class="1001" name="const_120">
<pin_list>
<pin id="121" dir="1" index="0" bw="1" slack="0"/>
</pin_list>
<bind>
<StgValue><ssdm name="_ssdm_op_Write.axis.volatile.i32P0A.i4P0A.i4P0A.i1P0A.i1P0A.i1P0A.i1P0A"/></StgValue>
</bind>
</comp>

<comp id="122" class="1001" name="const_122">
<pin_list>
<pin id="123" dir="1" index="0" bw="1" slack="0"/>
</pin_list>
<bind>
<StgValue><ssdm name=""/></StgValue>
</bind>
</comp>

<comp id="124" class="1001" name="const_124">
<pin_list>
<pin id="125" dir="1" index="0" bw="1" slack="0"/>
</pin_list>
<bind>
<StgValue><ssdm name=""/></StgValue>
</bind>
</comp>

<comp id="126" class="1001" name="const_126">
<pin_list>
<pin id="127" dir="1" index="0" bw="1" slack="0"/>
</pin_list>
<bind>
<StgValue><ssdm name=""/></StgValue>
</bind>
</comp>

<comp id="128" class="1001" name="const_128">
<pin_list>
<pin id="129" dir="1" index="0" bw="1" slack="0"/>
</pin_list>
<bind>
<StgValue><ssdm name="_ssdm_op_Write.ap_auto.i1P0A"/></StgValue>
</bind>
</comp>

<comp id="130" class="1001" name="const_130">
<pin_list>
<pin id="131" dir="1" index="0" bw="1" slack="0"/>
</pin_list>
<bind>
<StgValue><ssdm name="_ssdm_op_Write.ap_auto.i16P0A"/></StgValue>
</bind>
</comp>

<comp id="132" class="1004" name="j_fu_132">
<pin_list>
<pin id="133" dir="0" index="0" bw="1" slack="0"/>
<pin id="134" dir="1" index="1" bw="13" slack="0"/>
</pin_list>
<bind>
<opcode="alloca(26) " fcode="alloca"/>
<opset="j/1 "/>
</bind>
</comp>

<comp id="136" class="1004" name="counter_loc_1_i_fu_136">
<pin_list>
<pin id="137" dir="0" index="0" bw="1" slack="0"/>
<pin id="138" dir="1" index="1" bw="16" slack="0"/>
</pin_list>
<bind>
<opcode="alloca(26) " fcode="alloca"/>
<opset="counter_loc_1_i/1 "/>
</bind>
</comp>

<comp id="140" class="1004" name="sub_cast_i_read_read_fu_140">
<pin_list>
<pin id="141" dir="0" index="0" bw="13" slack="0"/>
<pin id="142" dir="0" index="1" bw="13" slack="0"/>
<pin id="143" dir="1" index="2" bw="13" slack="1"/>
</pin_list>
<bind>
<opcode="read(1150) " fcode="read"/>
<opset="sub_cast_i_read/1 "/>
</bind>
</comp>

<comp id="146" class="1004" name="colorFormat_val27_load_read_read_fu_146">
<pin_list>
<pin id="147" dir="0" index="0" bw="8" slack="0"/>
<pin id="148" dir="0" index="1" bw="8" slack="0"/>
<pin id="149" dir="1" index="2" bw="8" slack="2"/>
</pin_list>
<bind>
<opcode="read(1150) " fcode="read"/>
<opset="colorFormat_val27_load_read/1 "/>
</bind>
</comp>

<comp id="152" class="1004" name="cols_read_read_fu_152">
<pin_list>
<pin id="153" dir="0" index="0" bw="13" slack="0"/>
<pin id="154" dir="0" index="1" bw="13" slack="0"/>
<pin id="155" dir="1" index="2" bw="13" slack="1"/>
</pin_list>
<bind>
<opcode="read(1150) " fcode="read"/>
<opset="cols_read/1 "/>
</bind>
</comp>

<comp id="158" class="1004" name="sof_read_read_fu_158">
<pin_list>
<pin id="159" dir="0" index="0" bw="1" slack="0"/>
<pin id="160" dir="0" index="1" bw="1" slack="0"/>
<pin id="161" dir="1" index="2" bw="1" slack="2"/>
</pin_list>
<bind>
<opcode="read(1150) " fcode="read"/>
<opset="sof_read/1 "/>
</bind>
</comp>

<comp id="164" class="1004" name="counter_loc_0_i_read_read_fu_164">
<pin_list>
<pin id="165" dir="0" index="0" bw="16" slack="0"/>
<pin id="166" dir="0" index="1" bw="16" slack="0"/>
<pin id="167" dir="1" index="2" bw="16" slack="0"/>
</pin_list>
<bind>
<opcode="read(1150) " fcode="read"/>
<opset="counter_loc_0_i_read/1 "/>
</bind>
</comp>

<comp id="170" class="1004" name="ovrlayYUV_read_read_fu_170">
<pin_list>
<pin id="171" dir="0" index="0" bw="30" slack="0"/>
<pin id="172" dir="0" index="1" bw="30" slack="0"/>
<pin id="173" dir="1" index="2" bw="30" slack="0"/>
</pin_list>
<bind>
<opcode="read(1150) " fcode="read"/>
<opset="ovrlayYUV_read/3 "/>
</bind>
</comp>

<comp id="176" class="1004" name="write_ln1035_write_fu_176">
<pin_list>
<pin id="177" dir="0" index="0" bw="0" slack="0"/>
<pin id="178" dir="0" index="1" bw="32" slack="0"/>
<pin id="179" dir="0" index="2" bw="4" slack="0"/>
<pin id="180" dir="0" index="3" bw="4" slack="0"/>
<pin id="181" dir="0" index="4" bw="1" slack="0"/>
<pin id="182" dir="0" index="5" bw="1" slack="0"/>
<pin id="183" dir="0" index="6" bw="1" slack="0"/>
<pin id="184" dir="0" index="7" bw="1" slack="0"/>
<pin id="185" dir="0" index="8" bw="30" slack="0"/>
<pin id="186" dir="0" index="9" bw="1" slack="0"/>
<pin id="187" dir="0" index="10" bw="1" slack="0"/>
<pin id="188" dir="0" index="11" bw="1" slack="1"/>
<pin id="189" dir="0" index="12" bw="1" slack="2"/>
<pin id="190" dir="0" index="13" bw="1" slack="0"/>
<pin id="191" dir="0" index="14" bw="1" slack="0"/>
<pin id="192" dir="1" index="15" bw="0" slack="2147483647"/>
</pin_list>
<bind>
<opcode="write(1151) " fcode="write"/>
<opset="write_ln1035/4 "/>
</bind>
</comp>

<comp id="205" class="1004" name="write_ln1036_write_fu_205">
<pin_list>
<pin id="206" dir="0" index="0" bw="0" slack="0"/>
<pin id="207" dir="0" index="1" bw="1" slack="0"/>
<pin id="208" dir="0" index="2" bw="1" slack="1"/>
<pin id="209" dir="1" index="3" bw="0" slack="2147483647"/>
</pin_list>
<bind>
<opcode="write(1151) " fcode="write"/>
<opset="write_ln1036/5 "/>
</bind>
</comp>

<comp id="212" class="1004" name="write_ln0_write_fu_212">
<pin_list>
<pin id="213" dir="0" index="0" bw="0" slack="0"/>
<pin id="214" dir="0" index="1" bw="16" slack="0"/>
<pin id="215" dir="0" index="2" bw="16" slack="0"/>
<pin id="216" dir="1" index="3" bw="0" slack="2147483647"/>
</pin_list>
<bind>
<opcode="write(1151) " fcode="write"/>
<opset="write_ln0/6 "/>
</bind>
</comp>

<comp id="219" class="1005" name="sof_2_reg_219">
<pin_list>
<pin id="220" dir="0" index="0" bw="1" slack="1"/>
<pin id="221" dir="1" index="1" bw="1" slack="1"/>
</pin_list>
<bind>
<opset="sof_2 (phireg) "/>
</bind>
</comp>

<comp id="224" class="1004" name="sof_2_phi_fu_224">
<pin_list>
<pin id="225" dir="0" index="0" bw="1" slack="2"/>
<pin id="226" dir="0" index="1" bw="0" slack="2147483647"/>
<pin id="227" dir="0" index="2" bw="1" slack="1"/>
<pin id="228" dir="0" index="3" bw="0" slack="2147483647"/>
<pin id="229" dir="1" index="4" bw="1" slack="1"/>
</pin_list>
<bind>
<opcode="phi(47) " fcode="phi"/>
<opset="sof_2/3 "/>
</bind>
</comp>

<comp id="232" class="1005" name="phi_ln1036_reg_232">
<pin_list>
<pin id="233" dir="0" index="0" bw="1" slack="1"/>
<pin id="234" dir="1" index="1" bw="1" slack="1"/>
</pin_list>
<bind>
<opset="phi_ln1036 (phireg) "/>
</bind>
</comp>

<comp id="237" class="1004" name="phi_ln1036_phi_fu_237">
<pin_list>
<pin id="238" dir="0" index="0" bw="1" slack="2"/>
<pin id="239" dir="0" index="1" bw="0" slack="2147483647"/>
<pin id="240" dir="0" index="2" bw="1" slack="1"/>
<pin id="241" dir="0" index="3" bw="0" slack="2147483647"/>
<pin id="242" dir="1" index="4" bw="1" slack="1"/>
</pin_list>
<bind>
<opcode="phi(47) " fcode="phi"/>
<opset="phi_ln1036/3 "/>
</bind>
</comp>

<comp id="245" class="1004" name="store_ln0_store_fu_245">
<pin_list>
<pin id="246" dir="0" index="0" bw="16" slack="0"/>
<pin id="247" dir="0" index="1" bw="16" slack="0"/>
<pin id="248" dir="1" index="2" bw="0" slack="2147483647"/>
</pin_list>
<bind>
<opcode="store(28) " fcode="store"/>
<opset="store_ln0/1 "/>
</bind>
</comp>

<comp id="250" class="1004" name="store_ln981_store_fu_250">
<pin_list>
<pin id="251" dir="0" index="0" bw="1" slack="0"/>
<pin id="252" dir="0" index="1" bw="13" slack="0"/>
<pin id="253" dir="1" index="2" bw="0" slack="2147483647"/>
</pin_list>
<bind>
<opcode="store(28) " fcode="store"/>
<opset="store_ln981/1 "/>
</bind>
</comp>

<comp id="255" class="1004" name="j_1_load_fu_255">
<pin_list>
<pin id="256" dir="0" index="0" bw="13" slack="1"/>
<pin id="257" dir="1" index="1" bw="13" slack="0"/>
</pin_list>
<bind>
<opcode="load(27) " fcode="load"/>
<opset="j_1/2 "/>
</bind>
</comp>

<comp id="258" class="1004" name="icmp_ln981_fu_258">
<pin_list>
<pin id="259" dir="0" index="0" bw="13" slack="0"/>
<pin id="260" dir="0" index="1" bw="13" slack="1"/>
<pin id="261" dir="1" index="2" bw="1" slack="1"/>
</pin_list>
<bind>
<opcode="icmp(45) " fcode="icmp"/>
<opset="icmp_ln981/2 "/>
</bind>
</comp>

<comp id="263" class="1004" name="j_2_fu_263">
<pin_list>
<pin id="264" dir="0" index="0" bw="13" slack="0"/>
<pin id="265" dir="0" index="1" bw="1" slack="0"/>
<pin id="266" dir="1" index="2" bw="13" slack="0"/>
</pin_list>
<bind>
<opcode="add(8) " fcode="add"/>
<opset="j_2/2 "/>
</bind>
</comp>

<comp id="269" class="1004" name="axi_last_fu_269">
<pin_list>
<pin id="270" dir="0" index="0" bw="13" slack="0"/>
<pin id="271" dir="0" index="1" bw="13" slack="1"/>
<pin id="272" dir="1" index="2" bw="1" slack="2"/>
</pin_list>
<bind>
<opcode="icmp(45) " fcode="icmp"/>
<opset="axi_last/2 "/>
</bind>
</comp>

<comp id="274" class="1004" name="store_ln981_store_fu_274">
<pin_list>
<pin id="275" dir="0" index="0" bw="13" slack="0"/>
<pin id="276" dir="0" index="1" bw="13" slack="1"/>
<pin id="277" dir="1" index="2" bw="0" slack="2147483647"/>
</pin_list>
<bind>
<opcode="store(28) " fcode="store"/>
<opset="store_ln981/2 "/>
</bind>
</comp>

<comp id="279" class="1004" name="counter_loc_1_i_load_load_fu_279">
<pin_list>
<pin id="280" dir="0" index="0" bw="16" slack="2"/>
<pin id="281" dir="1" index="1" bw="16" slack="0"/>
</pin_list>
<bind>
<opcode="load(27) " fcode="load"/>
<opset="counter_loc_1_i_load/3 "/>
</bind>
</comp>

<comp id="282" class="1004" name="add_ln1005_fu_282">
<pin_list>
<pin id="283" dir="0" index="0" bw="16" slack="0"/>
<pin id="284" dir="0" index="1" bw="1" slack="0"/>
<pin id="285" dir="1" index="2" bw="16" slack="0"/>
</pin_list>
<bind>
<opcode="add(8) " fcode="add"/>
<opset="add_ln1005/3 "/>
</bind>
</comp>

<comp id="288" class="1004" name="store_ln1005_store_fu_288">
<pin_list>
<pin id="289" dir="0" index="0" bw="16" slack="0"/>
<pin id="290" dir="0" index="1" bw="16" slack="0"/>
<pin id="291" dir="1" index="2" bw="0" slack="2147483647"/>
</pin_list>
<bind>
<opcode="store(28) " fcode="store"/>
<opset="store_ln1005/3 "/>
</bind>
</comp>

<comp id="294" class="1004" name="store_ln1005_store_fu_294">
<pin_list>
<pin id="295" dir="0" index="0" bw="16" slack="0"/>
<pin id="296" dir="0" index="1" bw="16" slack="2"/>
<pin id="297" dir="1" index="2" bw="0" slack="2147483647"/>
</pin_list>
<bind>
<opcode="store(28) " fcode="store"/>
<opset="store_ln1005/3 "/>
</bind>
</comp>

<comp id="299" class="1004" name="pix_444_fu_299">
<pin_list>
<pin id="300" dir="0" index="0" bw="30" slack="0"/>
<pin id="301" dir="1" index="1" bw="10" slack="0"/>
</pin_list>
<bind>
<opcode="trunc(33) " fcode="trunc"/>
<opset="pix_444/3 "/>
</bind>
</comp>

<comp id="303" class="1004" name="pix_rgb_2_fu_303">
<pin_list>
<pin id="304" dir="0" index="0" bw="10" slack="0"/>
<pin id="305" dir="0" index="1" bw="30" slack="0"/>
<pin id="306" dir="0" index="2" bw="5" slack="0"/>
<pin id="307" dir="0" index="3" bw="6" slack="0"/>
<pin id="308" dir="1" index="4" bw="10" slack="0"/>
</pin_list>
<bind>
<opcode="partselect(1002) " fcode="partselect"/>
<opset="pix_rgb_2/3 "/>
</bind>
</comp>

<comp id="313" class="1004" name="pix_rgb_fu_313">
<pin_list>
<pin id="314" dir="0" index="0" bw="10" slack="0"/>
<pin id="315" dir="0" index="1" bw="30" slack="0"/>
<pin id="316" dir="0" index="2" bw="6" slack="0"/>
<pin id="317" dir="0" index="3" bw="6" slack="0"/>
<pin id="318" dir="1" index="4" bw="10" slack="0"/>
</pin_list>
<bind>
<opcode="partselect(1002) " fcode="partselect"/>
<opset="pix_rgb/3 "/>
</bind>
</comp>

<comp id="323" class="1004" name="axi_data_fu_323">
<pin_list>
<pin id="324" dir="0" index="0" bw="11" slack="0"/>
<pin id="325" dir="0" index="1" bw="1" slack="0"/>
<pin id="326" dir="0" index="2" bw="10" slack="0"/>
<pin id="327" dir="1" index="3" bw="11" slack="0"/>
</pin_list>
<bind>
<opcode="bitconcatenate(1004) " fcode="bitconcatenate"/>
<opset="axi_data/3 "/>
</bind>
</comp>

<comp id="331" class="1004" name="axi_data_1_fu_331">
<pin_list>
<pin id="332" dir="0" index="0" bw="11" slack="0"/>
<pin id="333" dir="0" index="1" bw="1" slack="0"/>
<pin id="334" dir="0" index="2" bw="10" slack="0"/>
<pin id="335" dir="1" index="3" bw="11" slack="0"/>
</pin_list>
<bind>
<opcode="bitconcatenate(1004) " fcode="bitconcatenate"/>
<opset="axi_data_1/3 "/>
</bind>
</comp>

<comp id="339" class="1004" name="icmp_ln1020_fu_339">
<pin_list>
<pin id="340" dir="0" index="0" bw="8" slack="2"/>
<pin id="341" dir="0" index="1" bw="1" slack="0"/>
<pin id="342" dir="1" index="2" bw="1" slack="0"/>
</pin_list>
<bind>
<opcode="icmp(45) " fcode="icmp"/>
<opset="icmp_ln1020/3 "/>
</bind>
</comp>

<comp id="344" class="1004" name="icmp_ln1020_1_fu_344">
<pin_list>
<pin id="345" dir="0" index="0" bw="8" slack="2"/>
<pin id="346" dir="0" index="1" bw="1" slack="0"/>
<pin id="347" dir="1" index="2" bw="1" slack="0"/>
</pin_list>
<bind>
<opcode="icmp(45) " fcode="icmp"/>
<opset="icmp_ln1020_1/3 "/>
</bind>
</comp>

<comp id="349" class="1004" name="sel_tmp6_fu_349">
<pin_list>
<pin id="350" dir="0" index="0" bw="2" slack="0"/>
<pin id="351" dir="0" index="1" bw="1" slack="0"/>
<pin id="352" dir="0" index="2" bw="1" slack="0"/>
<pin id="353" dir="1" index="3" bw="2" slack="0"/>
</pin_list>
<bind>
<opcode="bitconcatenate(1004) " fcode="bitconcatenate"/>
<opset="sel_tmp6/3 "/>
</bind>
</comp>

<comp id="357" class="1004" name="axi_data_2_fu_357">
<pin_list>
<pin id="358" dir="0" index="0" bw="11" slack="0"/>
<pin id="359" dir="0" index="1" bw="2" slack="0"/>
<pin id="360" dir="0" index="2" bw="11" slack="0"/>
<pin id="361" dir="0" index="3" bw="2" slack="0"/>
<pin id="362" dir="0" index="4" bw="11" slack="0"/>
<pin id="363" dir="0" index="5" bw="2" slack="0"/>
<pin id="364" dir="0" index="6" bw="11" slack="0"/>
<pin id="365" dir="0" index="7" bw="11" slack="0"/>
<pin id="366" dir="0" index="8" bw="2" slack="0"/>
<pin id="367" dir="1" index="9" bw="11" slack="0"/>
</pin_list>
<bind>
<opcode="sparsemux(1197) " fcode="sparsemux"/>
<opset="axi_data_2/3 "/>
</bind>
</comp>

<comp id="377" class="1004" name="sext_ln925_fu_377">
<pin_list>
<pin id="378" dir="0" index="0" bw="11" slack="0"/>
<pin id="379" dir="1" index="1" bw="30" slack="0"/>
</pin_list>
<bind>
<opcode="sext(35) " fcode="sext"/>
<opset="sext_ln925/3 "/>
</bind>
</comp>

<comp id="381" class="1004" name="tmp_fu_381">
<pin_list>
<pin id="382" dir="0" index="0" bw="10" slack="0"/>
<pin id="383" dir="0" index="1" bw="2" slack="0"/>
<pin id="384" dir="0" index="2" bw="10" slack="0"/>
<pin id="385" dir="0" index="3" bw="2" slack="0"/>
<pin id="386" dir="0" index="4" bw="10" slack="0"/>
<pin id="387" dir="0" index="5" bw="2" slack="0"/>
<pin id="388" dir="0" index="6" bw="10" slack="0"/>
<pin id="389" dir="0" index="7" bw="10" slack="0"/>
<pin id="390" dir="0" index="8" bw="2" slack="0"/>
<pin id="391" dir="1" index="9" bw="10" slack="0"/>
</pin_list>
<bind>
<opcode="sparsemux(1197) " fcode="sparsemux"/>
<opset="tmp/3 "/>
</bind>
</comp>

<comp id="401" class="1004" name="tmp_s_fu_401">
<pin_list>
<pin id="402" dir="0" index="0" bw="10" slack="0"/>
<pin id="403" dir="0" index="1" bw="2" slack="0"/>
<pin id="404" dir="0" index="2" bw="10" slack="0"/>
<pin id="405" dir="0" index="3" bw="2" slack="0"/>
<pin id="406" dir="0" index="4" bw="10" slack="0"/>
<pin id="407" dir="0" index="5" bw="2" slack="0"/>
<pin id="408" dir="0" index="6" bw="10" slack="0"/>
<pin id="409" dir="0" index="7" bw="10" slack="0"/>
<pin id="410" dir="0" index="8" bw="2" slack="0"/>
<pin id="411" dir="1" index="9" bw="10" slack="0"/>
</pin_list>
<bind>
<opcode="sparsemux(1197) " fcode="sparsemux"/>
<opset="tmp_s/3 "/>
</bind>
</comp>

<comp id="421" class="1004" name="tmp_1_fu_421">
<pin_list>
<pin id="422" dir="0" index="0" bw="20" slack="0"/>
<pin id="423" dir="0" index="1" bw="10" slack="0"/>
<pin id="424" dir="0" index="2" bw="10" slack="0"/>
<pin id="425" dir="1" index="3" bw="20" slack="0"/>
</pin_list>
<bind>
<opcode="bitconcatenate(1004) " fcode="bitconcatenate"/>
<opset="tmp_1/3 "/>
</bind>
</comp>

<comp id="429" class="1004" name="axi_data_3_fu_429">
<pin_list>
<pin id="430" dir="0" index="0" bw="30" slack="0"/>
<pin id="431" dir="0" index="1" bw="11" slack="0"/>
<pin id="432" dir="0" index="2" bw="20" slack="0"/>
<pin id="433" dir="0" index="3" bw="5" slack="0"/>
<pin id="434" dir="0" index="4" bw="6" slack="0"/>
<pin id="435" dir="1" index="5" bw="30" slack="1"/>
</pin_list>
<bind>
<opcode="partset(1003) " fcode="partset"/>
<opset="axi_data_3/3 "/>
</bind>
</comp>

<comp id="441" class="1004" name="counter_loc_1_i_load_2_load_fu_441">
<pin_list>
<pin id="442" dir="0" index="0" bw="16" slack="3"/>
<pin id="443" dir="1" index="1" bw="16" slack="0"/>
</pin_list>
<bind>
<opcode="load(27) " fcode="load"/>
<opset="counter_loc_1_i_load_2/4 "/>
</bind>
</comp>

<comp id="444" class="1004" name="trunc_ln1008_fu_444">
<pin_list>
<pin id="445" dir="0" index="0" bw="16" slack="0"/>
<pin id="446" dir="1" index="1" bw="1" slack="1"/>
</pin_list>
<bind>
<opcode="trunc(33) " fcode="trunc"/>
<opset="trunc_ln1008/4 "/>
</bind>
</comp>

<comp id="448" class="1004" name="zext_ln1035_fu_448">
<pin_list>
<pin id="449" dir="0" index="0" bw="30" slack="1"/>
<pin id="450" dir="1" index="1" bw="32" slack="0"/>
</pin_list>
<bind>
<opcode="zext(34) " fcode="zext"/>
<opset="zext_ln1035/4 "/>
</bind>
</comp>

<comp id="452" class="1004" name="counter_loc_1_i_load_1_load_fu_452">
<pin_list>
<pin id="453" dir="0" index="0" bw="16" slack="4"/>
<pin id="454" dir="1" index="1" bw="16" slack="0"/>
</pin_list>
<bind>
<opcode="load(27) " fcode="load"/>
<opset="counter_loc_1_i_load_1/6 "/>
</bind>
</comp>

<comp id="456" class="1005" name="j_reg_456">
<pin_list>
<pin id="457" dir="0" index="0" bw="13" slack="0"/>
<pin id="458" dir="1" index="1" bw="13" slack="0"/>
</pin_list>
<bind>
<opset="j "/>
</bind>
</comp>

<comp id="463" class="1005" name="counter_loc_1_i_reg_463">
<pin_list>
<pin id="464" dir="0" index="0" bw="16" slack="0"/>
<pin id="465" dir="1" index="1" bw="16" slack="0"/>
</pin_list>
<bind>
<opset="counter_loc_1_i "/>
</bind>
</comp>

<comp id="472" class="1005" name="sub_cast_i_read_reg_472">
<pin_list>
<pin id="473" dir="0" index="0" bw="13" slack="1"/>
<pin id="474" dir="1" index="1" bw="13" slack="1"/>
</pin_list>
<bind>
<opset="sub_cast_i_read "/>
</bind>
</comp>

<comp id="477" class="1005" name="colorFormat_val27_load_read_reg_477">
<pin_list>
<pin id="478" dir="0" index="0" bw="8" slack="2"/>
<pin id="479" dir="1" index="1" bw="8" slack="2"/>
</pin_list>
<bind>
<opset="colorFormat_val27_load_read "/>
</bind>
</comp>

<comp id="483" class="1005" name="cols_read_reg_483">
<pin_list>
<pin id="484" dir="0" index="0" bw="13" slack="1"/>
<pin id="485" dir="1" index="1" bw="13" slack="1"/>
</pin_list>
<bind>
<opset="cols_read "/>
</bind>
</comp>

<comp id="488" class="1005" name="sof_read_reg_488">
<pin_list>
<pin id="489" dir="0" index="0" bw="1" slack="2"/>
<pin id="490" dir="1" index="1" bw="1" slack="2"/>
</pin_list>
<bind>
<opset="sof_read "/>
</bind>
</comp>

<comp id="493" class="1005" name="icmp_ln981_reg_493">
<pin_list>
<pin id="494" dir="0" index="0" bw="1" slack="1"/>
<pin id="495" dir="1" index="1" bw="1" slack="2147483647"/>
</pin_list>
<bind>
<opset="icmp_ln981 "/>
</bind>
</comp>

<comp id="497" class="1005" name="axi_last_reg_497">
<pin_list>
<pin id="498" dir="0" index="0" bw="1" slack="2"/>
<pin id="499" dir="1" index="1" bw="1" slack="2"/>
</pin_list>
<bind>
<opset="axi_last "/>
</bind>
</comp>

<comp id="502" class="1005" name="axi_data_3_reg_502">
<pin_list>
<pin id="503" dir="0" index="0" bw="30" slack="1"/>
<pin id="504" dir="1" index="1" bw="30" slack="1"/>
</pin_list>
<bind>
<opset="axi_data_3 "/>
</bind>
</comp>

<comp id="507" class="1005" name="trunc_ln1008_reg_507">
<pin_list>
<pin id="508" dir="0" index="0" bw="1" slack="1"/>
<pin id="509" dir="1" index="1" bw="1" slack="1"/>
</pin_list>
<bind>
<opset="trunc_ln1008 "/>
</bind>
</comp>

</comp_list>

<net_list>
<net id="135"><net_src comp="32" pin="0"/><net_sink comp="132" pin=0"/></net>

<net id="139"><net_src comp="32" pin="0"/><net_sink comp="136" pin=0"/></net>

<net id="144"><net_src comp="52" pin="0"/><net_sink comp="140" pin=0"/></net>

<net id="145"><net_src comp="24" pin="0"/><net_sink comp="140" pin=1"/></net>

<net id="150"><net_src comp="54" pin="0"/><net_sink comp="146" pin=0"/></net>

<net id="151"><net_src comp="8" pin="0"/><net_sink comp="146" pin=1"/></net>

<net id="156"><net_src comp="52" pin="0"/><net_sink comp="152" pin=0"/></net>

<net id="157"><net_src comp="4" pin="0"/><net_sink comp="152" pin=1"/></net>

<net id="162"><net_src comp="56" pin="0"/><net_sink comp="158" pin=0"/></net>

<net id="163"><net_src comp="2" pin="0"/><net_sink comp="158" pin=1"/></net>

<net id="168"><net_src comp="58" pin="0"/><net_sink comp="164" pin=0"/></net>

<net id="169"><net_src comp="0" pin="0"/><net_sink comp="164" pin=1"/></net>

<net id="174"><net_src comp="80" pin="0"/><net_sink comp="170" pin=0"/></net>

<net id="175"><net_src comp="6" pin="0"/><net_sink comp="170" pin=1"/></net>

<net id="193"><net_src comp="120" pin="0"/><net_sink comp="176" pin=0"/></net>

<net id="194"><net_src comp="10" pin="0"/><net_sink comp="176" pin=1"/></net>

<net id="195"><net_src comp="12" pin="0"/><net_sink comp="176" pin=2"/></net>

<net id="196"><net_src comp="14" pin="0"/><net_sink comp="176" pin=3"/></net>

<net id="197"><net_src comp="16" pin="0"/><net_sink comp="176" pin=4"/></net>

<net id="198"><net_src comp="18" pin="0"/><net_sink comp="176" pin=5"/></net>

<net id="199"><net_src comp="20" pin="0"/><net_sink comp="176" pin=6"/></net>

<net id="200"><net_src comp="22" pin="0"/><net_sink comp="176" pin=7"/></net>

<net id="201"><net_src comp="122" pin="0"/><net_sink comp="176" pin=9"/></net>

<net id="202"><net_src comp="124" pin="0"/><net_sink comp="176" pin=10"/></net>

<net id="203"><net_src comp="126" pin="0"/><net_sink comp="176" pin=13"/></net>

<net id="204"><net_src comp="126" pin="0"/><net_sink comp="176" pin=14"/></net>

<net id="210"><net_src comp="128" pin="0"/><net_sink comp="205" pin=0"/></net>

<net id="211"><net_src comp="28" pin="0"/><net_sink comp="205" pin=1"/></net>

<net id="217"><net_src comp="130" pin="0"/><net_sink comp="212" pin=0"/></net>

<net id="218"><net_src comp="26" pin="0"/><net_sink comp="212" pin=1"/></net>

<net id="222"><net_src comp="64" pin="0"/><net_sink comp="219" pin=0"/></net>

<net id="223"><net_src comp="219" pin="1"/><net_sink comp="176" pin=11"/></net>

<net id="230"><net_src comp="219" pin="1"/><net_sink comp="224" pin=2"/></net>

<net id="231"><net_src comp="224" pin="4"/><net_sink comp="219" pin=0"/></net>

<net id="235"><net_src comp="64" pin="0"/><net_sink comp="232" pin=0"/></net>

<net id="236"><net_src comp="232" pin="1"/><net_sink comp="205" pin=2"/></net>

<net id="243"><net_src comp="232" pin="1"/><net_sink comp="237" pin=0"/></net>

<net id="244"><net_src comp="237" pin="4"/><net_sink comp="232" pin=0"/></net>

<net id="249"><net_src comp="164" pin="2"/><net_sink comp="245" pin=0"/></net>

<net id="254"><net_src comp="60" pin="0"/><net_sink comp="250" pin=0"/></net>

<net id="262"><net_src comp="255" pin="1"/><net_sink comp="258" pin=0"/></net>

<net id="267"><net_src comp="255" pin="1"/><net_sink comp="263" pin=0"/></net>

<net id="268"><net_src comp="62" pin="0"/><net_sink comp="263" pin=1"/></net>

<net id="273"><net_src comp="255" pin="1"/><net_sink comp="269" pin=0"/></net>

<net id="278"><net_src comp="263" pin="2"/><net_sink comp="274" pin=0"/></net>

<net id="286"><net_src comp="279" pin="1"/><net_sink comp="282" pin=0"/></net>

<net id="287"><net_src comp="78" pin="0"/><net_sink comp="282" pin=1"/></net>

<net id="292"><net_src comp="282" pin="2"/><net_sink comp="288" pin=0"/></net>

<net id="293"><net_src comp="30" pin="0"/><net_sink comp="288" pin=1"/></net>

<net id="298"><net_src comp="282" pin="2"/><net_sink comp="294" pin=0"/></net>

<net id="302"><net_src comp="170" pin="2"/><net_sink comp="299" pin=0"/></net>

<net id="309"><net_src comp="82" pin="0"/><net_sink comp="303" pin=0"/></net>

<net id="310"><net_src comp="170" pin="2"/><net_sink comp="303" pin=1"/></net>

<net id="311"><net_src comp="84" pin="0"/><net_sink comp="303" pin=2"/></net>

<net id="312"><net_src comp="86" pin="0"/><net_sink comp="303" pin=3"/></net>

<net id="319"><net_src comp="82" pin="0"/><net_sink comp="313" pin=0"/></net>

<net id="320"><net_src comp="170" pin="2"/><net_sink comp="313" pin=1"/></net>

<net id="321"><net_src comp="88" pin="0"/><net_sink comp="313" pin=2"/></net>

<net id="322"><net_src comp="90" pin="0"/><net_sink comp="313" pin=3"/></net>

<net id="328"><net_src comp="92" pin="0"/><net_sink comp="323" pin=0"/></net>

<net id="329"><net_src comp="94" pin="0"/><net_sink comp="323" pin=1"/></net>

<net id="330"><net_src comp="299" pin="1"/><net_sink comp="323" pin=2"/></net>

<net id="336"><net_src comp="92" pin="0"/><net_sink comp="331" pin=0"/></net>

<net id="337"><net_src comp="94" pin="0"/><net_sink comp="331" pin=1"/></net>

<net id="338"><net_src comp="303" pin="4"/><net_sink comp="331" pin=2"/></net>

<net id="343"><net_src comp="96" pin="0"/><net_sink comp="339" pin=1"/></net>

<net id="348"><net_src comp="98" pin="0"/><net_sink comp="344" pin=1"/></net>

<net id="354"><net_src comp="100" pin="0"/><net_sink comp="349" pin=0"/></net>

<net id="355"><net_src comp="339" pin="2"/><net_sink comp="349" pin=1"/></net>

<net id="356"><net_src comp="344" pin="2"/><net_sink comp="349" pin=2"/></net>

<net id="368"><net_src comp="102" pin="0"/><net_sink comp="357" pin=0"/></net>

<net id="369"><net_src comp="104" pin="0"/><net_sink comp="357" pin=1"/></net>

<net id="370"><net_src comp="323" pin="3"/><net_sink comp="357" pin=2"/></net>

<net id="371"><net_src comp="106" pin="0"/><net_sink comp="357" pin=3"/></net>

<net id="372"><net_src comp="331" pin="3"/><net_sink comp="357" pin=4"/></net>

<net id="373"><net_src comp="108" pin="0"/><net_sink comp="357" pin=5"/></net>

<net id="374"><net_src comp="323" pin="3"/><net_sink comp="357" pin=6"/></net>

<net id="375"><net_src comp="110" pin="0"/><net_sink comp="357" pin=7"/></net>

<net id="376"><net_src comp="349" pin="3"/><net_sink comp="357" pin=8"/></net>

<net id="380"><net_src comp="357" pin="9"/><net_sink comp="377" pin=0"/></net>

<net id="392"><net_src comp="112" pin="0"/><net_sink comp="381" pin=0"/></net>

<net id="393"><net_src comp="104" pin="0"/><net_sink comp="381" pin=1"/></net>

<net id="394"><net_src comp="303" pin="4"/><net_sink comp="381" pin=2"/></net>

<net id="395"><net_src comp="106" pin="0"/><net_sink comp="381" pin=3"/></net>

<net id="396"><net_src comp="313" pin="4"/><net_sink comp="381" pin=4"/></net>

<net id="397"><net_src comp="108" pin="0"/><net_sink comp="381" pin=5"/></net>

<net id="398"><net_src comp="303" pin="4"/><net_sink comp="381" pin=6"/></net>

<net id="399"><net_src comp="114" pin="0"/><net_sink comp="381" pin=7"/></net>

<net id="400"><net_src comp="349" pin="3"/><net_sink comp="381" pin=8"/></net>

<net id="412"><net_src comp="112" pin="0"/><net_sink comp="401" pin=0"/></net>

<net id="413"><net_src comp="104" pin="0"/><net_sink comp="401" pin=1"/></net>

<net id="414"><net_src comp="313" pin="4"/><net_sink comp="401" pin=2"/></net>

<net id="415"><net_src comp="106" pin="0"/><net_sink comp="401" pin=3"/></net>

<net id="416"><net_src comp="299" pin="1"/><net_sink comp="401" pin=4"/></net>

<net id="417"><net_src comp="108" pin="0"/><net_sink comp="401" pin=5"/></net>

<net id="418"><net_src comp="313" pin="4"/><net_sink comp="401" pin=6"/></net>

<net id="419"><net_src comp="114" pin="0"/><net_sink comp="401" pin=7"/></net>

<net id="420"><net_src comp="349" pin="3"/><net_sink comp="401" pin=8"/></net>

<net id="426"><net_src comp="116" pin="0"/><net_sink comp="421" pin=0"/></net>

<net id="427"><net_src comp="401" pin="9"/><net_sink comp="421" pin=1"/></net>

<net id="428"><net_src comp="381" pin="9"/><net_sink comp="421" pin=2"/></net>

<net id="436"><net_src comp="118" pin="0"/><net_sink comp="429" pin=0"/></net>

<net id="437"><net_src comp="377" pin="1"/><net_sink comp="429" pin=1"/></net>

<net id="438"><net_src comp="421" pin="3"/><net_sink comp="429" pin=2"/></net>

<net id="439"><net_src comp="84" pin="0"/><net_sink comp="429" pin=3"/></net>

<net id="440"><net_src comp="90" pin="0"/><net_sink comp="429" pin=4"/></net>

<net id="447"><net_src comp="441" pin="1"/><net_sink comp="444" pin=0"/></net>

<net id="451"><net_src comp="448" pin="1"/><net_sink comp="176" pin=8"/></net>

<net id="455"><net_src comp="452" pin="1"/><net_sink comp="212" pin=2"/></net>

<net id="459"><net_src comp="132" pin="1"/><net_sink comp="456" pin=0"/></net>

<net id="460"><net_src comp="456" pin="1"/><net_sink comp="250" pin=1"/></net>

<net id="461"><net_src comp="456" pin="1"/><net_sink comp="255" pin=0"/></net>

<net id="462"><net_src comp="456" pin="1"/><net_sink comp="274" pin=1"/></net>

<net id="466"><net_src comp="136" pin="1"/><net_sink comp="463" pin=0"/></net>

<net id="467"><net_src comp="463" pin="1"/><net_sink comp="245" pin=1"/></net>

<net id="468"><net_src comp="463" pin="1"/><net_sink comp="279" pin=0"/></net>

<net id="469"><net_src comp="463" pin="1"/><net_sink comp="294" pin=1"/></net>

<net id="470"><net_src comp="463" pin="1"/><net_sink comp="441" pin=0"/></net>

<net id="471"><net_src comp="463" pin="1"/><net_sink comp="452" pin=0"/></net>

<net id="475"><net_src comp="140" pin="2"/><net_sink comp="472" pin=0"/></net>

<net id="476"><net_src comp="472" pin="1"/><net_sink comp="269" pin=1"/></net>

<net id="480"><net_src comp="146" pin="2"/><net_sink comp="477" pin=0"/></net>

<net id="481"><net_src comp="477" pin="1"/><net_sink comp="339" pin=0"/></net>

<net id="482"><net_src comp="477" pin="1"/><net_sink comp="344" pin=0"/></net>

<net id="486"><net_src comp="152" pin="2"/><net_sink comp="483" pin=0"/></net>

<net id="487"><net_src comp="483" pin="1"/><net_sink comp="258" pin=1"/></net>

<net id="491"><net_src comp="158" pin="2"/><net_sink comp="488" pin=0"/></net>

<net id="492"><net_src comp="488" pin="1"/><net_sink comp="224" pin=0"/></net>

<net id="496"><net_src comp="258" pin="2"/><net_sink comp="493" pin=0"/></net>

<net id="500"><net_src comp="269" pin="2"/><net_sink comp="497" pin=0"/></net>

<net id="501"><net_src comp="497" pin="1"/><net_sink comp="176" pin=12"/></net>

<net id="505"><net_src comp="429" pin="5"/><net_sink comp="502" pin=0"/></net>

<net id="506"><net_src comp="502" pin="1"/><net_sink comp="448" pin=0"/></net>

<net id="510"><net_src comp="444" pin="1"/><net_sink comp="507" pin=0"/></net>

<net id="511"><net_src comp="507" pin="1"/><net_sink comp="237" pin=2"/></net>

</net_list>

</model> 
---------------- Datapath Model END ------------------

* FSMD analyzer results:
  - Output states:
	Port: m_axis_video_V_data_V | {4 }
	Port: m_axis_video_V_keep_V | {4 }
	Port: m_axis_video_V_strb_V | {4 }
	Port: m_axis_video_V_user_V | {4 }
	Port: m_axis_video_V_last_V | {4 }
	Port: m_axis_video_V_id_V | {4 }
	Port: m_axis_video_V_dest_V | {4 }
	Port: counter_loc_1_i_out | {6 }
	Port: phi_ln1036_out | {5 }
	Port: counter | {3 }
 - Input state : 
	Port: MultiPixStream2AXIvideo_Pipeline_VITIS_LOOP_981_2 : counter_loc_0_i | {1 }
	Port: MultiPixStream2AXIvideo_Pipeline_VITIS_LOOP_981_2 : sof | {1 }
	Port: MultiPixStream2AXIvideo_Pipeline_VITIS_LOOP_981_2 : cols | {1 }
	Port: MultiPixStream2AXIvideo_Pipeline_VITIS_LOOP_981_2 : ovrlayYUV | {3 }
	Port: MultiPixStream2AXIvideo_Pipeline_VITIS_LOOP_981_2 : colorFormat_val27_load | {1 }
	Port: MultiPixStream2AXIvideo_Pipeline_VITIS_LOOP_981_2 : sub_cast_i | {1 }
  - Chain level:
	State 1
		store_ln981 : 1
	State 2
		icmp_ln981 : 1
		j_2 : 1
		br_ln981 : 2
		axi_last : 1
		store_ln981 : 2
	State 3
		br_ln1003 : 1
		add_ln1005 : 1
		store_ln1005 : 2
		store_ln1005 : 2
		axi_data : 1
		axi_data_1 : 1
		sel_tmp6 : 1
		axi_data_2 : 2
		sext_ln925 : 3
		tmp : 2
		tmp_s : 2
		tmp_1 : 3
		axi_data_3 : 4
	State 4
		trunc_ln1008 : 1
		write_ln1035 : 1
	State 5
	State 6
		write_ln0 : 1


============================================================
+ Verbose Summary: Datapath Resource usage 
============================================================

* Functional unit list:
|----------|-----------------------------------------|---------|---------|
| Operation|             Functional Unit             |    FF   |   LUT   |
|----------|-----------------------------------------|---------|---------|
|          |            icmp_ln981_fu_258            |    0    |    14   |
|   icmp   |             axi_last_fu_269             |    0    |    14   |
|          |            icmp_ln1020_fu_339           |    0    |    15   |
|          |           icmp_ln1020_1_fu_344          |    0    |    15   |
|----------|-----------------------------------------|---------|---------|
|    add   |                j_2_fu_263               |    0    |    14   |
|          |            add_ln1005_fu_282            |    0    |    23   |
|----------|-----------------------------------------|---------|---------|
|          |            axi_data_2_fu_357            |    0    |    9    |
| sparsemux|                tmp_fu_381               |    0    |    9    |
|          |               tmp_s_fu_401              |    0    |    9    |
|----------|-----------------------------------------|---------|---------|
|          |       sub_cast_i_read_read_fu_140       |    0    |    0    |
|          | colorFormat_val27_load_read_read_fu_146 |    0    |    0    |
|   read   |          cols_read_read_fu_152          |    0    |    0    |
|          |           sof_read_read_fu_158          |    0    |    0    |
|          |     counter_loc_0_i_read_read_fu_164    |    0    |    0    |
|          |        ovrlayYUV_read_read_fu_170       |    0    |    0    |
|----------|-----------------------------------------|---------|---------|
|          |        write_ln1035_write_fu_176        |    0    |    0    |
|   write  |        write_ln1036_write_fu_205        |    0    |    0    |
|          |          write_ln0_write_fu_212         |    0    |    0    |
|----------|-----------------------------------------|---------|---------|
|   trunc  |              pix_444_fu_299             |    0    |    0    |
|          |           trunc_ln1008_fu_444           |    0    |    0    |
|----------|-----------------------------------------|---------|---------|
|partselect|             pix_rgb_2_fu_303            |    0    |    0    |
|          |              pix_rgb_fu_313             |    0    |    0    |
|----------|-----------------------------------------|---------|---------|
|          |             axi_data_fu_323             |    0    |    0    |
|bitconcatenate|            axi_data_1_fu_331            |    0    |    0    |
|          |             sel_tmp6_fu_349             |    0    |    0    |
|          |               tmp_1_fu_421              |    0    |    0    |
|----------|-----------------------------------------|---------|---------|
|   sext   |            sext_ln925_fu_377            |    0    |    0    |
|----------|-----------------------------------------|---------|---------|
|  partset |            axi_data_3_fu_429            |    0    |    0    |
|----------|-----------------------------------------|---------|---------|
|   zext   |            zext_ln1035_fu_448           |    0    |    0    |
|----------|-----------------------------------------|---------|---------|
|   Total  |                                         |    0    |   122   |
|----------|-----------------------------------------|---------|---------|

Memories:
N/A

* Register list:
+-----------------------------------+--------+
|                                   |   FF   |
+-----------------------------------+--------+
|         axi_data_3_reg_502        |   30   |
|          axi_last_reg_497         |    1   |
|colorFormat_val27_load_read_reg_477|    8   |
|         cols_read_reg_483         |   13   |
|      counter_loc_1_i_reg_463      |   16   |
|         icmp_ln981_reg_493        |    1   |
|             j_reg_456             |   13   |
|         phi_ln1036_reg_232        |    1   |
|           sof_2_reg_219           |    1   |
|          sof_read_reg_488         |    1   |
|      sub_cast_i_read_reg_472      |   13   |
|        trunc_ln1008_reg_507       |    1   |
+-----------------------------------+--------+
|               Total               |   99   |
+-----------------------------------+--------+

* Multiplexer (MUX) list: 
|--------------------|------|------|------|--------||---------||---------||---------|
|        Comp        |  Pin | Size |  BW  | S x BW ||  Delay  ||    FF   ||   LUT   |
|--------------------|------|------|------|--------||---------||---------||---------|
|    sof_2_reg_219   |  p0  |   2  |   1  |    2   ||    0    ||    9    |
| phi_ln1036_reg_232 |  p0  |   2  |   1  |    2   ||    0    ||    9    |
|--------------------|------|------|------|--------||---------||---------||---------|
|        Total       |      |      |      |    4   ||  3.176  ||    0    ||    18   |
|--------------------|------|------|------|--------||---------||---------||---------|



* Summary:
+-----------+--------+--------+--------+
|           |  Delay |   FF   |   LUT  |
+-----------+--------+--------+--------+
|  Function |    -   |    0   |   122  |
|   Memory  |    -   |    -   |    -   |
|Multiplexer|    3   |    0   |   18   |
|  Register |    -   |   99   |    -   |
+-----------+--------+--------+--------+
|   Total   |    3   |   99   |   140  |
+-----------+--------+--------+--------+
