

================================================================
== Vitis HLS Report for 'tpgBackground'
================================================================
* Date:           Tue Nov 11 00:45:56 2025

* Version:        2024.2 (Build 5238294 on Nov  8 2024)
* Project:        prj
* Solution:       sol (Vivado IP Flow Target)
* Product family: zynq
* Target device:  xc7z010-clg400-1


================================================================
== Performance Estimates
================================================================
+ Timing: 
    * Summary: 
    +--------+---------+-----------+------------+
    |  Clock |  Target | Estimated | Uncertainty|
    +--------+---------+-----------+------------+
    |ap_clk  |  6.67 ns|  10.273 ns|     1.80 ns|
    +--------+---------+-----------+------------+

+ Latency: 
    * Summary: 
    +---------+------------+-----------+------------+-----+------------+---------+
    |   Latency (cycles)   |   Latency (absolute)   |     Interval     | Pipeline|
    |   min   |     max    |    min    |     max    | min |     max    |   Type  |
    +---------+------------+-----------+------------+-----+------------+---------+
    |        2|  4296540137|  20.546 ns|  44.138 sec|    2|  4296540137|       no|
    +---------+------------+-----------+------------+-----+------------+---------+

    + Detail: 
        * Instance: 
        N/A

        * Loop: 
        +--------------------+---------+------------+------------+-----------+-----------+-----------+----------+
        |                    |   Latency (cycles)   |  Iteration |  Initiation Interval  |    Trip   |          |
        |      Loop Name     |   min   |     max    |   Latency  |  achieved |   target  |   Count   | Pipelined|
        +--------------------+---------+------------+------------+-----------+-----------+-----------+----------+
        |- VITIS_LOOP_563_1  |        0|  4296540135|  26 ~ 65561|          -|          -|  0 ~ 65535|        no|
        +--------------------+---------+------------+------------+-----------+-----------+-----------+----------+

============================================================
+ Verbose Summary: Synthesis Manager
============================================================
InlineROM: 1
ExposeGlobal: 0
============================================================
+ Verbose Summary: CDFG Model
============================================================
IsTopModel: 0
ResetActiveHigh: 1
IsCombinational: 2
IsDatapathOnly: 0
HasWiredReturn: 1
HasMFsm: 0
HasVarLatency: 1
IsPipeline: 0
IsRtlPipelined: 0
IsInstanceOverlapped: 0
IsDontTouch: 0
HasImplIP: 0
IsGatedGlobalClock: 0


============================================================
+ Verbose Summary: Schedule
============================================================
* Number of FSM states : 6
* Pipeline : 0
* Dataflow Pipeline: 0

* FSM state transitions: 
1 --> 2 
2 --> 3 
3 --> 4 
4 --> 5 
5 --> 6 
6 --> 3 

* FSM state operations: 

State 1 <SV = 0> <Delay = 4.86>
ST_1 : Operation 7 [1/1] (0.00ns)   --->   "%p_0_0_010244_lcssa251 = alloca i32 1"   --->   Operation 7 'alloca' 'p_0_0_010244_lcssa251' <Predicate = true> <Delay = 0.00>
ST_1 : Operation 8 [1/1] (0.00ns)   --->   "%p_0_0_09246_lcssa254 = alloca i32 1"   --->   Operation 8 'alloca' 'p_0_0_09246_lcssa254' <Predicate = true> <Delay = 0.00>
ST_1 : Operation 9 [1/1] (0.00ns)   --->   "%p_0_0_0248_lcssa257 = alloca i32 1"   --->   Operation 9 'alloca' 'p_0_0_0248_lcssa257' <Predicate = true> <Delay = 0.00>
ST_1 : Operation 10 [1/1] (0.00ns)   --->   "%y = alloca i32 1" [D:/FPGA/zybo/imx219/v2/pcam_hw/Zybo-Z7-HW.runs/system_v_tpg_0_0_synth_1/prj/sol/.autopilot/db/v_tpg.cpp:549]   --->   Operation 10 'alloca' 'y' <Predicate = true> <Delay = 0.00>
ST_1 : Operation 11 [1/1] (0.00ns)   --->   "%outpix = alloca i32 1" [D:/FPGA/zybo/imx219/v2/pcam_hw/Zybo-Z7-HW.runs/system_v_tpg_0_0_synth_1/prj/sol/.autopilot/db/v_tpg.cpp:552]   --->   Operation 11 'alloca' 'outpix' <Predicate = true> <Delay = 0.00>
ST_1 : Operation 12 [1/1] (0.00ns)   --->   "%outpix_1 = alloca i32 1" [D:/FPGA/zybo/imx219/v2/pcam_hw/Zybo-Z7-HW.runs/system_v_tpg_0_0_synth_1/prj/sol/.autopilot/db/v_tpg.cpp:552]   --->   Operation 12 'alloca' 'outpix_1' <Predicate = true> <Delay = 0.00>
ST_1 : Operation 13 [1/1] (0.00ns)   --->   "%outpix_2 = alloca i32 1" [D:/FPGA/zybo/imx219/v2/pcam_hw/Zybo-Z7-HW.runs/system_v_tpg_0_0_synth_1/prj/sol/.autopilot/db/v_tpg.cpp:552]   --->   Operation 13 'alloca' 'outpix_2' <Predicate = true> <Delay = 0.00>
ST_1 : Operation 14 [1/1] (0.00ns)   --->   "%tpgPatternDPColorSquare_unsigned_short_unsigned_short_unsigned_char_unsigned_3 = alloca i32 1"   --->   Operation 14 'alloca' 'tpgPatternDPColorSquare_unsigned_short_unsigned_short_unsigned_char_unsigned_3' <Predicate = true> <Delay = 0.00>
ST_1 : Operation 15 [1/1] (0.00ns)   --->   "%vBarSel_3_loc_0 = alloca i32 1"   --->   Operation 15 'alloca' 'vBarSel_3_loc_0' <Predicate = true> <Delay = 0.00>
ST_1 : Operation 16 [1/1] (0.00ns)   --->   "%rampVal_2_loc_0 = alloca i32 1"   --->   Operation 16 'alloca' 'rampVal_2_loc_0' <Predicate = true> <Delay = 0.00>
ST_1 : Operation 17 [1/1] (0.00ns)   --->   "%rampVal_2_new_0 = alloca i32 1"   --->   Operation 17 'alloca' 'rampVal_2_new_0' <Predicate = true> <Delay = 0.00>
ST_1 : Operation 18 [1/1] (0.00ns)   --->   "%tpgPatternCheckerBoard_unsigned_short_unsigned_short_unsigned_short_unsigned_3 = alloca i32 1"   --->   Operation 18 'alloca' 'tpgPatternCheckerBoard_unsigned_short_unsigned_short_unsigned_short_unsigned_3' <Predicate = true> <Delay = 0.00>
ST_1 : Operation 19 [1/1] (0.00ns)   --->   "%vBarSel_2_loc_0 = alloca i32 1"   --->   Operation 19 'alloca' 'vBarSel_2_loc_0' <Predicate = true> <Delay = 0.00>
ST_1 : Operation 20 [1/1] (0.00ns)   --->   "%hdata_loc_0 = alloca i32 1"   --->   Operation 20 'alloca' 'hdata_loc_0' <Predicate = true> <Delay = 0.00>
ST_1 : Operation 21 [1/1] (0.00ns)   --->   "%hdata_new_0 = alloca i32 1"   --->   Operation 21 'alloca' 'hdata_new_0' <Predicate = true> <Delay = 0.00>
ST_1 : Operation 22 [1/1] (0.00ns)   --->   "%tpgPatternTartanColorBars_unsigned_short_unsigned_short_unsigned_short_unsign_3 = alloca i32 1"   --->   Operation 22 'alloca' 'tpgPatternTartanColorBars_unsigned_short_unsigned_short_unsigned_short_unsign_3' <Predicate = true> <Delay = 0.00>
ST_1 : Operation 23 [1/1] (0.00ns)   --->   "%vBarSel_loc_0 = alloca i32 1"   --->   Operation 23 'alloca' 'vBarSel_loc_0' <Predicate = true> <Delay = 0.00>
ST_1 : Operation 24 [1/1] (0.00ns)   --->   "%zonePlateVAddr_loc_0 = alloca i32 1"   --->   Operation 24 'alloca' 'zonePlateVAddr_loc_0' <Predicate = true> <Delay = 0.00>
ST_1 : Operation 25 [1/1] (0.00ns)   --->   "%tpgPatternColorBars_unsigned_short_unsigned_short_unsigned_char_int_hBarSel_l_1 = alloca i32 1"   --->   Operation 25 'alloca' 'tpgPatternColorBars_unsigned_short_unsigned_short_unsigned_char_int_hBarSel_l_1' <Predicate = true> <Delay = 0.00>
ST_1 : Operation 26 [1/1] (0.00ns)   --->   "%rampVal_loc_0 = alloca i32 1"   --->   Operation 26 'alloca' 'rampVal_loc_0' <Predicate = true> <Delay = 0.00>
ST_1 : Operation 27 [1/1] (0.00ns)   --->   "%rampVal_3_loc_0 = alloca i32 1"   --->   Operation 27 'alloca' 'rampVal_3_loc_0' <Predicate = true> <Delay = 0.00>
ST_1 : Operation 28 [1/1] (0.00ns)   --->   "%rampVal_3_new_0 = alloca i32 1"   --->   Operation 28 'alloca' 'rampVal_3_new_0' <Predicate = true> <Delay = 0.00>
ST_1 : Operation 29 [1/1] (0.00ns)   --->   "%rampVal_2_flag_1_loc = alloca i64 1"   --->   Operation 29 'alloca' 'rampVal_2_flag_1_loc' <Predicate = true> <Delay = 0.00>
ST_1 : Operation 30 [1/1] (0.00ns)   --->   "%hdata_flag_1_loc = alloca i64 1"   --->   Operation 30 'alloca' 'hdata_flag_1_loc' <Predicate = true> <Delay = 0.00>
ST_1 : Operation 31 [1/1] (0.00ns)   --->   "%rampVal_3_flag_1_loc = alloca i64 1"   --->   Operation 31 'alloca' 'rampVal_3_flag_1_loc' <Predicate = true> <Delay = 0.00>
ST_1 : Operation 32 [1/1] ( I:2.43ns O:2.43ns )   --->   "%dpYUVCoef_val_read = read i8 @_ssdm_op_Read.ap_fifo.i8P0A, i8 %dpYUVCoef_val"   --->   Operation 32 'read' 'dpYUVCoef_val_read' <Predicate = true> <Delay = 2.43> <CoreInst = "FIFO_SRL">   --->   Core 80 'FIFO_SRL' <Latency = 0> <II = 1> <Delay = 3.63> <Storage> <Opcode : 'read' 'write' 'nbread' 'nbwrite'> <Ports = 0> <Width = 8> <Depth = 3> <FIFO>
ST_1 : Operation 33 [1/1] ( I:2.43ns O:2.43ns )   --->   "%dpDynamicRange_val_read = read i8 @_ssdm_op_Read.ap_fifo.i8P0A, i8 %dpDynamicRange_val"   --->   Operation 33 'read' 'dpDynamicRange_val_read' <Predicate = true> <Delay = 2.43> <CoreInst = "FIFO_SRL">   --->   Core 80 'FIFO_SRL' <Latency = 0> <II = 1> <Delay = 3.63> <Storage> <Opcode : 'read' 'write' 'nbread' 'nbwrite'> <Ports = 0> <Width = 8> <Depth = 3> <FIFO>
ST_1 : Operation 34 [1/1] ( I:2.43ns O:2.43ns )   --->   "%ZplateVerContDelta_val_read = read i16 @_ssdm_op_Read.ap_fifo.i16P0A, i16 %ZplateVerContDelta_val"   --->   Operation 34 'read' 'ZplateVerContDelta_val_read' <Predicate = true> <Delay = 2.43> <CoreInst = "FIFO_SRL">   --->   Core 80 'FIFO_SRL' <Latency = 0> <II = 1> <Delay = 3.63> <Storage> <Opcode : 'read' 'write' 'nbread' 'nbwrite'> <Ports = 0> <Width = 16> <Depth = 3> <FIFO>
ST_1 : Operation 35 [1/1] ( I:2.43ns O:2.43ns )   --->   "%ZplateVerContStart_val_read = read i16 @_ssdm_op_Read.ap_fifo.i16P0A, i16 %ZplateVerContStart_val"   --->   Operation 35 'read' 'ZplateVerContStart_val_read' <Predicate = true> <Delay = 2.43> <CoreInst = "FIFO_SRL">   --->   Core 80 'FIFO_SRL' <Latency = 0> <II = 1> <Delay = 3.63> <Storage> <Opcode : 'read' 'write' 'nbread' 'nbwrite'> <Ports = 0> <Width = 16> <Depth = 3> <FIFO>
ST_1 : Operation 36 [1/1] ( I:2.43ns O:2.43ns )   --->   "%ZplateHorContDelta_val_read = read i16 @_ssdm_op_Read.ap_fifo.i16P0A, i16 %ZplateHorContDelta_val"   --->   Operation 36 'read' 'ZplateHorContDelta_val_read' <Predicate = true> <Delay = 2.43> <CoreInst = "FIFO_SRL">   --->   Core 80 'FIFO_SRL' <Latency = 0> <II = 1> <Delay = 3.63> <Storage> <Opcode : 'read' 'write' 'nbread' 'nbwrite'> <Ports = 0> <Width = 16> <Depth = 3> <FIFO>
ST_1 : Operation 37 [1/1] ( I:2.43ns O:2.43ns )   --->   "%ZplateHorContStart_val_read = read i16 @_ssdm_op_Read.ap_fifo.i16P0A, i16 %ZplateHorContStart_val"   --->   Operation 37 'read' 'ZplateHorContStart_val_read' <Predicate = true> <Delay = 2.43> <CoreInst = "FIFO_SRL">   --->   Core 80 'FIFO_SRL' <Latency = 0> <II = 1> <Delay = 3.63> <Storage> <Opcode : 'read' 'write' 'nbread' 'nbwrite'> <Ports = 0> <Width = 16> <Depth = 3> <FIFO>
ST_1 : Operation 38 [1/1] ( I:2.43ns O:2.43ns )   --->   "%colorFormatLocal = read i8 @_ssdm_op_Read.ap_fifo.i8P0A, i8 %colorFormat_val"   --->   Operation 38 'read' 'colorFormatLocal' <Predicate = true> <Delay = 2.43> <CoreInst = "FIFO_SRL">   --->   Core 80 'FIFO_SRL' <Latency = 0> <II = 1> <Delay = 3.63> <Storage> <Opcode : 'read' 'write' 'nbread' 'nbwrite'> <Ports = 0> <Width = 8> <Depth = 2> <FIFO>
ST_1 : Operation 39 [1/1] ( I:2.43ns O:2.43ns )   --->   "%write_ln0 = write void @_ssdm_op_Write.ap_fifo.i8P0A, i8 %colorFormat_val27_c8, i8 %colorFormatLocal"   --->   Operation 39 'write' 'write_ln0' <Predicate = true> <Delay = 2.43> <CoreInst = "FIFO_SRL">   --->   Core 80 'FIFO_SRL' <Latency = 0> <II = 1> <Delay = 3.63> <Storage> <Opcode : 'read' 'write' 'nbread' 'nbwrite'> <Ports = 0> <Width = 8> <Depth = 2> <FIFO>
ST_1 : Operation 40 [1/1] ( I:2.43ns O:2.43ns )   --->   "%motionSpeed_val_read = read i8 @_ssdm_op_Read.ap_fifo.i8P0A, i8 %motionSpeed_val"   --->   Operation 40 'read' 'motionSpeed_val_read' <Predicate = true> <Delay = 2.43> <CoreInst = "FIFO_SRL">   --->   Core 80 'FIFO_SRL' <Latency = 0> <II = 1> <Delay = 3.63> <Storage> <Opcode : 'read' 'write' 'nbread' 'nbwrite'> <Ports = 0> <Width = 8> <Depth = 3> <FIFO>
ST_1 : Operation 41 [1/1] ( I:2.43ns O:2.43ns )   --->   "%write_ln0 = write void @_ssdm_op_Write.ap_fifo.i8P0A, i8 %motionSpeed_val23_c, i8 %motionSpeed_val_read"   --->   Operation 41 'write' 'write_ln0' <Predicate = true> <Delay = 2.43> <CoreInst = "FIFO_SRL">   --->   Core 80 'FIFO_SRL' <Latency = 0> <II = 1> <Delay = 3.63> <Storage> <Opcode : 'read' 'write' 'nbread' 'nbwrite'> <Ports = 0> <Width = 8> <Depth = 2> <FIFO>
ST_1 : Operation 42 [1/1] ( I:2.43ns O:2.43ns )   --->   "%patternId_val_read = read i8 @_ssdm_op_Read.ap_fifo.i8P0A, i8 %patternId_val"   --->   Operation 42 'read' 'patternId_val_read' <Predicate = true> <Delay = 2.43> <CoreInst = "FIFO_SRL">   --->   Core 80 'FIFO_SRL' <Latency = 0> <II = 1> <Delay = 3.63> <Storage> <Opcode : 'read' 'write' 'nbread' 'nbwrite'> <Ports = 0> <Width = 8> <Depth = 3> <FIFO>
ST_1 : Operation 43 [1/1] ( I:2.43ns O:2.43ns )   --->   "%enableInput_val_read = read i8 @_ssdm_op_Read.ap_fifo.i8P0A, i8 %enableInput_val"   --->   Operation 43 'read' 'enableInput_val_read' <Predicate = true> <Delay = 2.43> <CoreInst = "FIFO_SRL">   --->   Core 80 'FIFO_SRL' <Latency = 0> <II = 1> <Delay = 3.63> <Storage> <Opcode : 'read' 'write' 'nbread' 'nbwrite'> <Ports = 0> <Width = 8> <Depth = 2> <FIFO>
ST_1 : Operation 44 [1/1] ( I:2.43ns O:2.43ns )   --->   "%passthruEndY_val_read = read i16 @_ssdm_op_Read.ap_fifo.i16P0A, i16 %passthruEndY_val"   --->   Operation 44 'read' 'passthruEndY_val_read' <Predicate = true> <Delay = 2.43> <CoreInst = "FIFO_SRL">   --->   Core 80 'FIFO_SRL' <Latency = 0> <II = 1> <Delay = 3.63> <Storage> <Opcode : 'read' 'write' 'nbread' 'nbwrite'> <Ports = 0> <Width = 16> <Depth = 3> <FIFO>
ST_1 : Operation 45 [1/1] ( I:2.43ns O:2.43ns )   --->   "%passthruEndX_val_read = read i16 @_ssdm_op_Read.ap_fifo.i16P0A, i16 %passthruEndX_val"   --->   Operation 45 'read' 'passthruEndX_val_read' <Predicate = true> <Delay = 2.43> <CoreInst = "FIFO_SRL">   --->   Core 80 'FIFO_SRL' <Latency = 0> <II = 1> <Delay = 3.63> <Storage> <Opcode : 'read' 'write' 'nbread' 'nbwrite'> <Ports = 0> <Width = 16> <Depth = 3> <FIFO>
ST_1 : Operation 46 [1/1] ( I:2.43ns O:2.43ns )   --->   "%passthruStartY_val_read = read i16 @_ssdm_op_Read.ap_fifo.i16P0A, i16 %passthruStartY_val"   --->   Operation 46 'read' 'passthruStartY_val_read' <Predicate = true> <Delay = 2.43> <CoreInst = "FIFO_SRL">   --->   Core 80 'FIFO_SRL' <Latency = 0> <II = 1> <Delay = 3.63> <Storage> <Opcode : 'read' 'write' 'nbread' 'nbwrite'> <Ports = 0> <Width = 16> <Depth = 3> <FIFO>
ST_1 : Operation 47 [1/1] ( I:2.43ns O:2.43ns )   --->   "%passthruStartX_val_read = read i16 @_ssdm_op_Read.ap_fifo.i16P0A, i16 %passthruStartX_val"   --->   Operation 47 'read' 'passthruStartX_val_read' <Predicate = true> <Delay = 2.43> <CoreInst = "FIFO_SRL">   --->   Core 80 'FIFO_SRL' <Latency = 0> <II = 1> <Delay = 3.63> <Storage> <Opcode : 'read' 'write' 'nbread' 'nbwrite'> <Ports = 0> <Width = 16> <Depth = 3> <FIFO>
ST_1 : Operation 48 [1/1] ( I:2.43ns O:2.43ns )   --->   "%loopWidth = read i16 @_ssdm_op_Read.ap_fifo.i16P0A, i16 %width_val"   --->   Operation 48 'read' 'loopWidth' <Predicate = true> <Delay = 2.43> <CoreInst = "FIFO_SRL">   --->   Core 80 'FIFO_SRL' <Latency = 0> <II = 1> <Delay = 3.63> <Storage> <Opcode : 'read' 'write' 'nbread' 'nbwrite'> <Ports = 0> <Width = 16> <Depth = 2> <FIFO>
ST_1 : Operation 49 [1/1] ( I:2.43ns O:2.43ns )   --->   "%write_ln0 = write void @_ssdm_op_Write.ap_fifo.i16P0A, i16 %width_val10_c5, i16 %loopWidth"   --->   Operation 49 'write' 'write_ln0' <Predicate = true> <Delay = 2.43> <CoreInst = "FIFO_SRL">   --->   Core 80 'FIFO_SRL' <Latency = 0> <II = 1> <Delay = 3.63> <Storage> <Opcode : 'read' 'write' 'nbread' 'nbwrite'> <Ports = 0> <Width = 16> <Depth = 2> <FIFO>
ST_1 : Operation 50 [1/1] ( I:2.43ns O:2.43ns )   --->   "%loopHeight = read i16 @_ssdm_op_Read.ap_fifo.i16P0A, i16 %height_val"   --->   Operation 50 'read' 'loopHeight' <Predicate = true> <Delay = 2.43> <CoreInst = "FIFO_SRL">   --->   Core 80 'FIFO_SRL' <Latency = 0> <II = 1> <Delay = 3.63> <Storage> <Opcode : 'read' 'write' 'nbread' 'nbwrite'> <Ports = 0> <Width = 16> <Depth = 2> <FIFO>
ST_1 : Operation 51 [1/1] ( I:2.43ns O:2.43ns )   --->   "%write_ln0 = write void @_ssdm_op_Write.ap_fifo.i16P0A, i16 %height_val5_c3, i16 %loopHeight"   --->   Operation 51 'write' 'write_ln0' <Predicate = true> <Delay = 2.43> <CoreInst = "FIFO_SRL">   --->   Core 80 'FIFO_SRL' <Latency = 0> <II = 1> <Delay = 3.63> <Storage> <Opcode : 'read' 'write' 'nbread' 'nbwrite'> <Ports = 0> <Width = 16> <Depth = 2> <FIFO>
ST_1 : Operation 52 [1/1] (0.00ns)   --->   "%empty = trunc i16 %loopWidth"   --->   Operation 52 'trunc' 'empty' <Predicate = true> <Delay = 0.00>
ST_1 : Operation 53 [1/1] (0.00ns)   --->   "%empty_124 = trunc i16 %loopHeight"   --->   Operation 53 'trunc' 'empty_124' <Predicate = true> <Delay = 0.00>
ST_1 : Operation 54 [1/1] (1.81ns)   --->   "%add5_i = add i14 %empty_124, i14 15"   --->   Operation 54 'add' 'add5_i' <Predicate = true> <Delay = 1.81> <CoreInst = "Adder">   --->   Core 1 'Adder' <Latency = 0> <II = 1> <Delay = 1.81> <FuncUnit> <Opcode : 'add' 'sub'> <InPorts = 2> <OutPorts = 1>
ST_1 : Operation 55 [1/1] (0.00ns)   --->   "%tmp = partselect i7 @_ssdm_op_PartSelect.i7.i8.i32.i32, i8 %colorFormatLocal, i32 1, i32 7"   --->   Operation 55 'partselect' 'tmp' <Predicate = true> <Delay = 0.00>
ST_1 : Operation 56 [1/1] (1.87ns)   --->   "%icmp = icmp_ne  i7 %tmp, i7 0"   --->   Operation 56 'icmp' 'icmp' <Predicate = true> <Delay = 1.87> <CoreInst = "Cmp">   --->   Core 9 'Cmp' <Latency = 0> <II = 1> <Delay = 1.87> <FuncUnit> <Opcode : 'seteq' 'setne' 'setle' 'setge' 'setlt' 'setgt'> <InPorts = 2> <OutPorts = 1>
ST_1 : Operation 57 [1/1] (0.00ns)   --->   "%tmp_1 = partselect i10 @_ssdm_op_PartSelect.i10.i14.i32.i32, i14 %add5_i, i32 4, i32 13"   --->   Operation 57 'partselect' 'tmp_1' <Predicate = true> <Delay = 0.00>
ST_1 : Operation 58 [1/1] (0.00ns)   --->   "%rampVal_1_load = load i16 %rampVal_1" [D:/FPGA/zybo/imx219/v2/pcam_hw/Zybo-Z7-HW.runs/system_v_tpg_0_0_synth_1/prj/sol/.autopilot/db/v_tpg.cpp:1084->D:/FPGA/zybo/imx219/v2/pcam_hw/Zybo-Z7-HW.runs/system_v_tpg_0_0_synth_1/prj/sol/.autopilot/db/v_tpg.cpp:585]   --->   Operation 58 'load' 'rampVal_1_load' <Predicate = true> <Delay = 0.00>
ST_1 : Operation 59 [1/1] (0.00ns)   --->   "%rampVal_load = load i10 %rampVal" [D:/FPGA/zybo/imx219/v2/pcam_hw/Zybo-Z7-HW.runs/system_v_tpg_0_0_synth_1/prj/sol/.autopilot/db/v_tpg.cpp:1101->D:/FPGA/zybo/imx219/v2/pcam_hw/Zybo-Z7-HW.runs/system_v_tpg_0_0_synth_1/prj/sol/.autopilot/db/v_tpg.cpp:593]   --->   Operation 59 'load' 'rampVal_load' <Predicate = true> <Delay = 0.00>
ST_1 : Operation 60 [1/1] (0.00ns)   --->   "%zext_ln1257 = zext i10 %rampVal_load" [D:/FPGA/zybo/imx219/v2/pcam_hw/Zybo-Z7-HW.runs/system_v_tpg_0_0_synth_1/prj/sol/.autopilot/db/v_tpg.cpp:1257->D:/FPGA/zybo/imx219/v2/pcam_hw/Zybo-Z7-HW.runs/system_v_tpg_0_0_synth_1/prj/sol/.autopilot/db/v_tpg.cpp:649]   --->   Operation 60 'zext' 'zext_ln1257' <Predicate = true> <Delay = 0.00>
ST_1 : Operation 61 [1/1] (0.00ns)   --->   "%tpgPatternColorBars_unsigned_short_unsigned_short_unsigned_char_int_hBarSel_l = load i8 %tpgPatternColorBars_unsigned_short_unsigned_short_unsigned_char_int_hBarSel" [D:/FPGA/zybo/imx219/v2/pcam_hw/Zybo-Z7-HW.runs/system_v_tpg_0_0_synth_1/prj/sol/.autopilot/db/v_tpg.cpp:1257->D:/FPGA/zybo/imx219/v2/pcam_hw/Zybo-Z7-HW.runs/system_v_tpg_0_0_synth_1/prj/sol/.autopilot/db/v_tpg.cpp:649]   --->   Operation 61 'load' 'tpgPatternColorBars_unsigned_short_unsigned_short_unsigned_char_int_hBarSel_l' <Predicate = true> <Delay = 0.00>
ST_1 : Operation 62 [1/1] (0.00ns)   --->   "%zonePlateVAddr_load = load i16 %zonePlateVAddr" [D:/FPGA/zybo/imx219/v2/pcam_hw/Zybo-Z7-HW.runs/system_v_tpg_0_0_synth_1/prj/sol/.autopilot/db/v_tpg.cpp:1341->D:/FPGA/zybo/imx219/v2/pcam_hw/Zybo-Z7-HW.runs/system_v_tpg_0_0_synth_1/prj/sol/.autopilot/db/v_tpg.cpp:657]   --->   Operation 62 'load' 'zonePlateVAddr_load' <Predicate = true> <Delay = 0.00>
ST_1 : Operation 63 [1/1] (0.00ns)   --->   "%vBarSel_load = load i3 %vBarSel" [D:/FPGA/zybo/imx219/v2/pcam_hw/Zybo-Z7-HW.runs/system_v_tpg_0_0_synth_1/prj/sol/.autopilot/db/v_tpg.cpp:1393->D:/FPGA/zybo/imx219/v2/pcam_hw/Zybo-Z7-HW.runs/system_v_tpg_0_0_synth_1/prj/sol/.autopilot/db/v_tpg.cpp:665]   --->   Operation 63 'load' 'vBarSel_load' <Predicate = true> <Delay = 0.00>
ST_1 : Operation 64 [1/1] (0.00ns)   --->   "%zext_ln1412 = zext i3 %vBarSel_load" [D:/FPGA/zybo/imx219/v2/pcam_hw/Zybo-Z7-HW.runs/system_v_tpg_0_0_synth_1/prj/sol/.autopilot/db/v_tpg.cpp:1412->D:/FPGA/zybo/imx219/v2/pcam_hw/Zybo-Z7-HW.runs/system_v_tpg_0_0_synth_1/prj/sol/.autopilot/db/v_tpg.cpp:665]   --->   Operation 64 'zext' 'zext_ln1412' <Predicate = true> <Delay = 0.00>
ST_1 : Operation 65 [1/1] (0.00ns)   --->   "%tpgPatternTartanColorBars_unsigned_short_unsigned_short_unsigned_short_unsign_5 = load i3 %tpgPatternTartanColorBars_unsigned_short_unsigned_short_unsigned_short_unsign_1" [D:/FPGA/zybo/imx219/v2/pcam_hw/Zybo-Z7-HW.runs/system_v_tpg_0_0_synth_1/prj/sol/.autopilot/db/v_tpg.cpp:1412->D:/FPGA/zybo/imx219/v2/pcam_hw/Zybo-Z7-HW.runs/system_v_tpg_0_0_synth_1/prj/sol/.autopilot/db/v_tpg.cpp:665]   --->   Operation 65 'load' 'tpgPatternTartanColorBars_unsigned_short_unsigned_short_unsigned_short_unsign_5' <Predicate = true> <Delay = 0.00>
ST_1 : Operation 66 [1/1] (0.00ns)   --->   "%zext_ln1545 = zext i3 %tpgPatternTartanColorBars_unsigned_short_unsigned_short_unsigned_short_unsign_5" [D:/FPGA/zybo/imx219/v2/pcam_hw/Zybo-Z7-HW.runs/system_v_tpg_0_0_synth_1/prj/sol/.autopilot/db/v_tpg.cpp:1545->D:/FPGA/zybo/imx219/v2/pcam_hw/Zybo-Z7-HW.runs/system_v_tpg_0_0_synth_1/prj/sol/.autopilot/db/v_tpg.cpp:689]   --->   Operation 66 'zext' 'zext_ln1545' <Predicate = true> <Delay = 0.00>
ST_1 : Operation 67 [1/1] (0.00ns)   --->   "%hdata_load = load i16 %hdata" [D:/FPGA/zybo/imx219/v2/pcam_hw/Zybo-Z7-HW.runs/system_v_tpg_0_0_synth_1/prj/sol/.autopilot/db/v_tpg.cpp:1545->D:/FPGA/zybo/imx219/v2/pcam_hw/Zybo-Z7-HW.runs/system_v_tpg_0_0_synth_1/prj/sol/.autopilot/db/v_tpg.cpp:689]   --->   Operation 67 'load' 'hdata_load' <Predicate = true> <Delay = 0.00>
ST_1 : Operation 68 [1/1] (0.00ns)   --->   "%vBarSel_2_load = load i8 %vBarSel_2" [D:/FPGA/zybo/imx219/v2/pcam_hw/Zybo-Z7-HW.runs/system_v_tpg_0_0_synth_1/prj/sol/.autopilot/db/v_tpg.cpp:1575->D:/FPGA/zybo/imx219/v2/pcam_hw/Zybo-Z7-HW.runs/system_v_tpg_0_0_synth_1/prj/sol/.autopilot/db/v_tpg.cpp:697]   --->   Operation 68 'load' 'vBarSel_2_load' <Predicate = true> <Delay = 0.00>
ST_1 : Operation 69 [1/1] (0.00ns)   --->   "%tpgPatternCheckerBoard_unsigned_short_unsigned_short_unsigned_short_unsigned_5 = load i3 %tpgPatternCheckerBoard_unsigned_short_unsigned_short_unsigned_short_unsigned_1" [D:/FPGA/zybo/imx219/v2/pcam_hw/Zybo-Z7-HW.runs/system_v_tpg_0_0_synth_1/prj/sol/.autopilot/db/v_tpg.cpp:1593->D:/FPGA/zybo/imx219/v2/pcam_hw/Zybo-Z7-HW.runs/system_v_tpg_0_0_synth_1/prj/sol/.autopilot/db/v_tpg.cpp:697]   --->   Operation 69 'load' 'tpgPatternCheckerBoard_unsigned_short_unsigned_short_unsigned_short_unsigned_5' <Predicate = true> <Delay = 0.00>
ST_1 : Operation 70 [1/1] (0.00ns)   --->   "%zext_ln563 = zext i3 %tpgPatternCheckerBoard_unsigned_short_unsigned_short_unsigned_short_unsigned_5" [D:/FPGA/zybo/imx219/v2/pcam_hw/Zybo-Z7-HW.runs/system_v_tpg_0_0_synth_1/prj/sol/.autopilot/db/v_tpg.cpp:563]   --->   Operation 70 'zext' 'zext_ln563' <Predicate = true> <Delay = 0.00>
ST_1 : Operation 71 [1/1] (0.00ns)   --->   "%rampVal_2_load = load i16 %rampVal_2" [D:/FPGA/zybo/imx219/v2/pcam_hw/Zybo-Z7-HW.runs/system_v_tpg_0_0_synth_1/prj/sol/.autopilot/db/v_tpg.cpp:563]   --->   Operation 71 'load' 'rampVal_2_load' <Predicate = true> <Delay = 0.00>
ST_1 : Operation 72 [1/1] (0.00ns)   --->   "%vBarSel_1_load = load i1 %vBarSel_1" [D:/FPGA/zybo/imx219/v2/pcam_hw/Zybo-Z7-HW.runs/system_v_tpg_0_0_synth_1/prj/sol/.autopilot/db/v_tpg.cpp:1758->D:/FPGA/zybo/imx219/v2/pcam_hw/Zybo-Z7-HW.runs/system_v_tpg_0_0_synth_1/prj/sol/.autopilot/db/v_tpg.cpp:721]   --->   Operation 72 'load' 'vBarSel_1_load' <Predicate = true> <Delay = 0.00>
ST_1 : Operation 73 [1/1] (0.00ns)   --->   "%zext_ln1775 = zext i1 %vBarSel_1_load" [D:/FPGA/zybo/imx219/v2/pcam_hw/Zybo-Z7-HW.runs/system_v_tpg_0_0_synth_1/prj/sol/.autopilot/db/v_tpg.cpp:1775->D:/FPGA/zybo/imx219/v2/pcam_hw/Zybo-Z7-HW.runs/system_v_tpg_0_0_synth_1/prj/sol/.autopilot/db/v_tpg.cpp:721]   --->   Operation 73 'zext' 'zext_ln1775' <Predicate = true> <Delay = 0.00>
ST_1 : Operation 74 [1/1] (0.00ns)   --->   "%tpgPatternDPColorSquare_unsigned_short_unsigned_short_unsigned_char_unsigned_5 = load i3 %tpgPatternDPColorSquare_unsigned_short_unsigned_short_unsigned_char_unsigned_1" [D:/FPGA/zybo/imx219/v2/pcam_hw/Zybo-Z7-HW.runs/system_v_tpg_0_0_synth_1/prj/sol/.autopilot/db/v_tpg.cpp:1775->D:/FPGA/zybo/imx219/v2/pcam_hw/Zybo-Z7-HW.runs/system_v_tpg_0_0_synth_1/prj/sol/.autopilot/db/v_tpg.cpp:721]   --->   Operation 74 'load' 'tpgPatternDPColorSquare_unsigned_short_unsigned_short_unsigned_char_unsigned_5' <Predicate = true> <Delay = 0.00>
ST_1 : Operation 75 [1/1] (0.00ns)   --->   "%zext_ln563_1 = zext i3 %tpgPatternDPColorSquare_unsigned_short_unsigned_short_unsigned_char_unsigned_5" [D:/FPGA/zybo/imx219/v2/pcam_hw/Zybo-Z7-HW.runs/system_v_tpg_0_0_synth_1/prj/sol/.autopilot/db/v_tpg.cpp:563]   --->   Operation 75 'zext' 'zext_ln563_1' <Predicate = true> <Delay = 0.00>
ST_1 : Operation 76 [1/1] (0.00ns)   --->   "%store_ln1084 = store i16 %rampVal_1_load, i16 %rampVal_3_loc_0" [D:/FPGA/zybo/imx219/v2/pcam_hw/Zybo-Z7-HW.runs/system_v_tpg_0_0_synth_1/prj/sol/.autopilot/db/v_tpg.cpp:1084->D:/FPGA/zybo/imx219/v2/pcam_hw/Zybo-Z7-HW.runs/system_v_tpg_0_0_synth_1/prj/sol/.autopilot/db/v_tpg.cpp:585]   --->   Operation 76 'store' 'store_ln1084' <Predicate = true> <Delay = 0.00>
ST_1 : Operation 77 [1/1] (0.00ns)   --->   "%store_ln1257 = store i16 %zext_ln1257, i16 %rampVal_loc_0" [D:/FPGA/zybo/imx219/v2/pcam_hw/Zybo-Z7-HW.runs/system_v_tpg_0_0_synth_1/prj/sol/.autopilot/db/v_tpg.cpp:1257->D:/FPGA/zybo/imx219/v2/pcam_hw/Zybo-Z7-HW.runs/system_v_tpg_0_0_synth_1/prj/sol/.autopilot/db/v_tpg.cpp:649]   --->   Operation 77 'store' 'store_ln1257' <Predicate = true> <Delay = 0.00>
ST_1 : Operation 78 [1/1] (0.00ns)   --->   "%store_ln1257 = store i8 %tpgPatternColorBars_unsigned_short_unsigned_short_unsigned_char_int_hBarSel_l, i8 %tpgPatternColorBars_unsigned_short_unsigned_short_unsigned_char_int_hBarSel_l_1" [D:/FPGA/zybo/imx219/v2/pcam_hw/Zybo-Z7-HW.runs/system_v_tpg_0_0_synth_1/prj/sol/.autopilot/db/v_tpg.cpp:1257->D:/FPGA/zybo/imx219/v2/pcam_hw/Zybo-Z7-HW.runs/system_v_tpg_0_0_synth_1/prj/sol/.autopilot/db/v_tpg.cpp:649]   --->   Operation 78 'store' 'store_ln1257' <Predicate = true> <Delay = 0.00>
ST_1 : Operation 79 [1/1] (0.00ns)   --->   "%store_ln1341 = store i16 %zonePlateVAddr_load, i16 %zonePlateVAddr_loc_0" [D:/FPGA/zybo/imx219/v2/pcam_hw/Zybo-Z7-HW.runs/system_v_tpg_0_0_synth_1/prj/sol/.autopilot/db/v_tpg.cpp:1341->D:/FPGA/zybo/imx219/v2/pcam_hw/Zybo-Z7-HW.runs/system_v_tpg_0_0_synth_1/prj/sol/.autopilot/db/v_tpg.cpp:657]   --->   Operation 79 'store' 'store_ln1341' <Predicate = true> <Delay = 0.00>
ST_1 : Operation 80 [1/1] (0.00ns)   --->   "%store_ln1412 = store i8 %zext_ln1412, i8 %vBarSel_loc_0" [D:/FPGA/zybo/imx219/v2/pcam_hw/Zybo-Z7-HW.runs/system_v_tpg_0_0_synth_1/prj/sol/.autopilot/db/v_tpg.cpp:1412->D:/FPGA/zybo/imx219/v2/pcam_hw/Zybo-Z7-HW.runs/system_v_tpg_0_0_synth_1/prj/sol/.autopilot/db/v_tpg.cpp:665]   --->   Operation 80 'store' 'store_ln1412' <Predicate = true> <Delay = 0.00>
ST_1 : Operation 81 [1/1] (0.00ns)   --->   "%store_ln1545 = store i8 %zext_ln1545, i8 %tpgPatternTartanColorBars_unsigned_short_unsigned_short_unsigned_short_unsign_3" [D:/FPGA/zybo/imx219/v2/pcam_hw/Zybo-Z7-HW.runs/system_v_tpg_0_0_synth_1/prj/sol/.autopilot/db/v_tpg.cpp:1545->D:/FPGA/zybo/imx219/v2/pcam_hw/Zybo-Z7-HW.runs/system_v_tpg_0_0_synth_1/prj/sol/.autopilot/db/v_tpg.cpp:689]   --->   Operation 81 'store' 'store_ln1545' <Predicate = true> <Delay = 0.00>
ST_1 : Operation 82 [1/1] (0.00ns)   --->   "%store_ln1545 = store i16 %hdata_load, i16 %hdata_loc_0" [D:/FPGA/zybo/imx219/v2/pcam_hw/Zybo-Z7-HW.runs/system_v_tpg_0_0_synth_1/prj/sol/.autopilot/db/v_tpg.cpp:1545->D:/FPGA/zybo/imx219/v2/pcam_hw/Zybo-Z7-HW.runs/system_v_tpg_0_0_synth_1/prj/sol/.autopilot/db/v_tpg.cpp:689]   --->   Operation 82 'store' 'store_ln1545' <Predicate = true> <Delay = 0.00>
ST_1 : Operation 83 [1/1] (0.00ns)   --->   "%store_ln1575 = store i8 %vBarSel_2_load, i8 %vBarSel_2_loc_0" [D:/FPGA/zybo/imx219/v2/pcam_hw/Zybo-Z7-HW.runs/system_v_tpg_0_0_synth_1/prj/sol/.autopilot/db/v_tpg.cpp:1575->D:/FPGA/zybo/imx219/v2/pcam_hw/Zybo-Z7-HW.runs/system_v_tpg_0_0_synth_1/prj/sol/.autopilot/db/v_tpg.cpp:697]   --->   Operation 83 'store' 'store_ln1575' <Predicate = true> <Delay = 0.00>
ST_1 : Operation 84 [1/1] (0.00ns)   --->   "%store_ln563 = store i8 %zext_ln563, i8 %tpgPatternCheckerBoard_unsigned_short_unsigned_short_unsigned_short_unsigned_3" [D:/FPGA/zybo/imx219/v2/pcam_hw/Zybo-Z7-HW.runs/system_v_tpg_0_0_synth_1/prj/sol/.autopilot/db/v_tpg.cpp:563]   --->   Operation 84 'store' 'store_ln563' <Predicate = true> <Delay = 0.00>
ST_1 : Operation 85 [1/1] (0.00ns)   --->   "%store_ln563 = store i16 %rampVal_2_load, i16 %rampVal_2_loc_0" [D:/FPGA/zybo/imx219/v2/pcam_hw/Zybo-Z7-HW.runs/system_v_tpg_0_0_synth_1/prj/sol/.autopilot/db/v_tpg.cpp:563]   --->   Operation 85 'store' 'store_ln563' <Predicate = true> <Delay = 0.00>
ST_1 : Operation 86 [1/1] (0.00ns)   --->   "%store_ln1775 = store i8 %zext_ln1775, i8 %vBarSel_3_loc_0" [D:/FPGA/zybo/imx219/v2/pcam_hw/Zybo-Z7-HW.runs/system_v_tpg_0_0_synth_1/prj/sol/.autopilot/db/v_tpg.cpp:1775->D:/FPGA/zybo/imx219/v2/pcam_hw/Zybo-Z7-HW.runs/system_v_tpg_0_0_synth_1/prj/sol/.autopilot/db/v_tpg.cpp:721]   --->   Operation 86 'store' 'store_ln1775' <Predicate = true> <Delay = 0.00>
ST_1 : Operation 87 [1/1] (0.00ns)   --->   "%store_ln563 = store i8 %zext_ln563_1, i8 %tpgPatternDPColorSquare_unsigned_short_unsigned_short_unsigned_char_unsigned_3" [D:/FPGA/zybo/imx219/v2/pcam_hw/Zybo-Z7-HW.runs/system_v_tpg_0_0_synth_1/prj/sol/.autopilot/db/v_tpg.cpp:563]   --->   Operation 87 'store' 'store_ln563' <Predicate = true> <Delay = 0.00>
ST_1 : Operation 88 [1/1] (1.58ns)   --->   "%store_ln549 = store i16 0, i16 %y" [D:/FPGA/zybo/imx219/v2/pcam_hw/Zybo-Z7-HW.runs/system_v_tpg_0_0_synth_1/prj/sol/.autopilot/db/v_tpg.cpp:549]   --->   Operation 88 'store' 'store_ln549' <Predicate = true> <Delay = 1.58>

State 2 <SV = 1> <Delay = 3.54>
ST_2 : Operation 89 [1/1] (0.00ns)   --->   "%specinterface_ln0 = specinterface void @_ssdm_op_SpecInterface, i8 %dpYUVCoef_val, void @ap_fifo_str, i32 0, i32 0, void @p_str, i32 0, i32 0, void @p_str, void @p_str, void @p_str, i32 2, i32 2, i32 16, i32 16, void @p_str, void @ScalarProp_str, i32 4294967295, i32 0, i32 0"   --->   Operation 89 'specinterface' 'specinterface_ln0' <Predicate = true> <Delay = 0.00>
ST_2 : Operation 90 [1/1] (0.00ns)   --->   "%specinterface_ln0 = specinterface void @_ssdm_op_SpecInterface, i8 %dpDynamicRange_val, void @ap_fifo_str, i32 0, i32 0, void @p_str, i32 0, i32 0, void @p_str, void @p_str, void @p_str, i32 2, i32 2, i32 16, i32 16, void @p_str, void @ScalarProp_str, i32 4294967295, i32 0, i32 0"   --->   Operation 90 'specinterface' 'specinterface_ln0' <Predicate = true> <Delay = 0.00>
ST_2 : Operation 91 [1/1] (0.00ns)   --->   "%specinterface_ln0 = specinterface void @_ssdm_op_SpecInterface, i16 %ZplateVerContDelta_val, void @ap_fifo_str, i32 0, i32 0, void @p_str, i32 0, i32 0, void @p_str, void @p_str, void @p_str, i32 2, i32 2, i32 16, i32 16, void @p_str, void @ScalarProp_str, i32 4294967295, i32 0, i32 0"   --->   Operation 91 'specinterface' 'specinterface_ln0' <Predicate = true> <Delay = 0.00>
ST_2 : Operation 92 [1/1] (0.00ns)   --->   "%specinterface_ln0 = specinterface void @_ssdm_op_SpecInterface, i16 %ZplateVerContStart_val, void @ap_fifo_str, i32 0, i32 0, void @p_str, i32 0, i32 0, void @p_str, void @p_str, void @p_str, i32 2, i32 2, i32 16, i32 16, void @p_str, void @ScalarProp_str, i32 4294967295, i32 0, i32 0"   --->   Operation 92 'specinterface' 'specinterface_ln0' <Predicate = true> <Delay = 0.00>
ST_2 : Operation 93 [1/1] (0.00ns)   --->   "%specinterface_ln0 = specinterface void @_ssdm_op_SpecInterface, i16 %ZplateHorContDelta_val, void @ap_fifo_str, i32 0, i32 0, void @p_str, i32 0, i32 0, void @p_str, void @p_str, void @p_str, i32 2, i32 2, i32 16, i32 16, void @p_str, void @ScalarProp_str, i32 4294967295, i32 0, i32 0"   --->   Operation 93 'specinterface' 'specinterface_ln0' <Predicate = true> <Delay = 0.00>
ST_2 : Operation 94 [1/1] (0.00ns)   --->   "%specinterface_ln0 = specinterface void @_ssdm_op_SpecInterface, i16 %ZplateHorContStart_val, void @ap_fifo_str, i32 0, i32 0, void @p_str, i32 0, i32 0, void @p_str, void @p_str, void @p_str, i32 2, i32 2, i32 16, i32 16, void @p_str, void @ScalarProp_str, i32 4294967295, i32 0, i32 0"   --->   Operation 94 'specinterface' 'specinterface_ln0' <Predicate = true> <Delay = 0.00>
ST_2 : Operation 95 [1/1] (0.00ns)   --->   "%specinterface_ln0 = specinterface void @_ssdm_op_SpecInterface, i8 %colorFormat_val, void @ap_fifo_str, i32 0, i32 0, void @p_str, i32 0, i32 0, void @p_str, void @p_str, void @p_str, i32 2, i32 2, i32 16, i32 16, void @p_str, void @ScalarProp_str, i32 4294967295, i32 0, i32 0"   --->   Operation 95 'specinterface' 'specinterface_ln0' <Predicate = true> <Delay = 0.00>
ST_2 : Operation 96 [1/1] (0.00ns)   --->   "%specinterface_ln0 = specinterface void @_ssdm_op_SpecInterface, i8 %colorFormat_val27_c8, void @ap_fifo_str, i32 0, i32 0, void @p_str, i32 0, i32 0, void @p_str, void @p_str, void @p_str, i32 2, i32 2, i32 16, i32 16, void @p_str, void @ScalarProp_str, i32 4294967295, i32 0, i32 0"   --->   Operation 96 'specinterface' 'specinterface_ln0' <Predicate = true> <Delay = 0.00>
ST_2 : Operation 97 [1/1] (0.00ns)   --->   "%specinterface_ln0 = specinterface void @_ssdm_op_SpecInterface, i8 %motionSpeed_val, void @ap_fifo_str, i32 0, i32 0, void @p_str, i32 0, i32 0, void @p_str, void @p_str, void @p_str, i32 2, i32 2, i32 16, i32 16, void @p_str, void @ScalarProp_str, i32 4294967295, i32 0, i32 0"   --->   Operation 97 'specinterface' 'specinterface_ln0' <Predicate = true> <Delay = 0.00>
ST_2 : Operation 98 [1/1] (0.00ns)   --->   "%specinterface_ln0 = specinterface void @_ssdm_op_SpecInterface, i8 %motionSpeed_val23_c, void @ap_fifo_str, i32 0, i32 0, void @p_str, i32 0, i32 0, void @p_str, void @p_str, void @p_str, i32 2, i32 2, i32 16, i32 16, void @p_str, void @ScalarProp_str, i32 4294967295, i32 0, i32 0"   --->   Operation 98 'specinterface' 'specinterface_ln0' <Predicate = true> <Delay = 0.00>
ST_2 : Operation 99 [1/1] (0.00ns)   --->   "%specinterface_ln0 = specinterface void @_ssdm_op_SpecInterface, i8 %patternId_val, void @ap_fifo_str, i32 0, i32 0, void @p_str, i32 0, i32 0, void @p_str, void @p_str, void @p_str, i32 2, i32 2, i32 16, i32 16, void @p_str, void @ScalarProp_str, i32 4294967295, i32 0, i32 0"   --->   Operation 99 'specinterface' 'specinterface_ln0' <Predicate = true> <Delay = 0.00>
ST_2 : Operation 100 [1/1] (0.00ns)   --->   "%specinterface_ln0 = specinterface void @_ssdm_op_SpecInterface, i8 %enableInput_val, void @ap_fifo_str, i32 0, i32 0, void @p_str, i32 0, i32 0, void @p_str, void @p_str, void @p_str, i32 2, i32 2, i32 16, i32 16, void @p_str, void @ScalarProp_str, i32 4294967295, i32 0, i32 0"   --->   Operation 100 'specinterface' 'specinterface_ln0' <Predicate = true> <Delay = 0.00>
ST_2 : Operation 101 [1/1] (0.00ns)   --->   "%specinterface_ln0 = specinterface void @_ssdm_op_SpecInterface, i16 %passthruEndY_val, void @ap_fifo_str, i32 0, i32 0, void @p_str, i32 0, i32 0, void @p_str, void @p_str, void @p_str, i32 2, i32 2, i32 16, i32 16, void @p_str, void @ScalarProp_str, i32 4294967295, i32 0, i32 0"   --->   Operation 101 'specinterface' 'specinterface_ln0' <Predicate = true> <Delay = 0.00>
ST_2 : Operation 102 [1/1] (0.00ns)   --->   "%specinterface_ln0 = specinterface void @_ssdm_op_SpecInterface, i16 %passthruEndX_val, void @ap_fifo_str, i32 0, i32 0, void @p_str, i32 0, i32 0, void @p_str, void @p_str, void @p_str, i32 2, i32 2, i32 16, i32 16, void @p_str, void @ScalarProp_str, i32 4294967295, i32 0, i32 0"   --->   Operation 102 'specinterface' 'specinterface_ln0' <Predicate = true> <Delay = 0.00>
ST_2 : Operation 103 [1/1] (0.00ns)   --->   "%specinterface_ln0 = specinterface void @_ssdm_op_SpecInterface, i16 %passthruStartY_val, void @ap_fifo_str, i32 0, i32 0, void @p_str, i32 0, i32 0, void @p_str, void @p_str, void @p_str, i32 2, i32 2, i32 16, i32 16, void @p_str, void @ScalarProp_str, i32 4294967295, i32 0, i32 0"   --->   Operation 103 'specinterface' 'specinterface_ln0' <Predicate = true> <Delay = 0.00>
ST_2 : Operation 104 [1/1] (0.00ns)   --->   "%specinterface_ln0 = specinterface void @_ssdm_op_SpecInterface, i16 %passthruStartX_val, void @ap_fifo_str, i32 0, i32 0, void @p_str, i32 0, i32 0, void @p_str, void @p_str, void @p_str, i32 2, i32 2, i32 16, i32 16, void @p_str, void @ScalarProp_str, i32 4294967295, i32 0, i32 0"   --->   Operation 104 'specinterface' 'specinterface_ln0' <Predicate = true> <Delay = 0.00>
ST_2 : Operation 105 [1/1] (0.00ns)   --->   "%specinterface_ln0 = specinterface void @_ssdm_op_SpecInterface, i16 %width_val, void @ap_fifo_str, i32 0, i32 0, void @p_str, i32 0, i32 0, void @p_str, void @p_str, void @p_str, i32 2, i32 2, i32 16, i32 16, void @p_str, void @ScalarProp_str, i32 4294967295, i32 0, i32 0"   --->   Operation 105 'specinterface' 'specinterface_ln0' <Predicate = true> <Delay = 0.00>
ST_2 : Operation 106 [1/1] (0.00ns)   --->   "%specinterface_ln0 = specinterface void @_ssdm_op_SpecInterface, i16 %width_val10_c5, void @ap_fifo_str, i32 0, i32 0, void @p_str, i32 0, i32 0, void @p_str, void @p_str, void @p_str, i32 2, i32 2, i32 16, i32 16, void @p_str, void @ScalarProp_str, i32 4294967295, i32 0, i32 0"   --->   Operation 106 'specinterface' 'specinterface_ln0' <Predicate = true> <Delay = 0.00>
ST_2 : Operation 107 [1/1] (0.00ns)   --->   "%specinterface_ln0 = specinterface void @_ssdm_op_SpecInterface, i16 %height_val, void @ap_fifo_str, i32 0, i32 0, void @p_str, i32 0, i32 0, void @p_str, void @p_str, void @p_str, i32 2, i32 2, i32 16, i32 16, void @p_str, void @ScalarProp_str, i32 4294967295, i32 0, i32 0"   --->   Operation 107 'specinterface' 'specinterface_ln0' <Predicate = true> <Delay = 0.00>
ST_2 : Operation 108 [1/1] (0.00ns)   --->   "%specinterface_ln0 = specinterface void @_ssdm_op_SpecInterface, i16 %height_val5_c3, void @ap_fifo_str, i32 0, i32 0, void @p_str, i32 0, i32 0, void @p_str, void @p_str, void @p_str, i32 2, i32 2, i32 16, i32 16, void @p_str, void @ScalarProp_str, i32 4294967295, i32 0, i32 0"   --->   Operation 108 'specinterface' 'specinterface_ln0' <Predicate = true> <Delay = 0.00>
ST_2 : Operation 109 [1/1] (0.00ns)   --->   "%specinterface_ln0 = specinterface void @_ssdm_op_SpecInterface, i30 %bckgndYUV, void @empty_12, i32 0, i32 0, void @empty_5, i32 0, i32 0, void @empty_5, void @empty_5, void @empty_5, i32 0, i32 0, i32 0, i32 0, void @empty_5, void @empty_5, i32 4294967295, i32 0, i32 0"   --->   Operation 109 'specinterface' 'specinterface_ln0' <Predicate = true> <Delay = 0.00>
ST_2 : Operation 110 [1/1] (0.00ns)   --->   "%specinterface_ln0 = specinterface void @_ssdm_op_SpecInterface, i30 %srcYUV, void @empty_12, i32 0, i32 0, void @empty_5, i32 0, i32 0, void @empty_5, void @empty_5, void @empty_5, i32 0, i32 0, i32 0, i32 0, void @empty_5, void @empty_5, i32 4294967295, i32 0, i32 0"   --->   Operation 110 'specinterface' 'specinterface_ln0' <Predicate = true> <Delay = 0.00>
ST_2 : Operation 111 [1/1] (1.91ns)   --->   "%cmp2_i = icmp_eq  i8 %colorFormatLocal, i8 0"   --->   Operation 111 'icmp' 'cmp2_i' <Predicate = true> <Delay = 1.91> <CoreInst = "Cmp">   --->   Core 9 'Cmp' <Latency = 0> <II = 1> <Delay = 1.91> <FuncUnit> <Opcode : 'seteq' 'setne' 'setle' 'setge' 'setlt' 'setgt'> <InPorts = 2> <OutPorts = 1>
ST_2 : Operation 112 [1/1] (0.68ns)   --->   "%conv2_i_i10_i267 = select i1 %cmp2_i, i10 1023, i10 304"   --->   Operation 112 'select' 'conv2_i_i10_i267' <Predicate = true> <Delay = 0.68> <CoreInst = "Sel">   --->   Core 73 'Sel' <Latency = 0> <II = 1> <Delay = 0.68> <FuncUnit> <Opcode : 'select'> <InPorts = 3> <OutPorts = 1>
ST_2 : Operation 113 [1/1] (0.98ns)   --->   "%conv2_i_i_i_cast_cast = select i1 %cmp2_i, i3 0, i3 4"   --->   Operation 113 'select' 'conv2_i_i_i_cast_cast' <Predicate = true> <Delay = 0.98> <CoreInst = "Sel">   --->   Core 73 'Sel' <Latency = 0> <II = 1> <Delay = 0.98> <FuncUnit> <Opcode : 'select'> <InPorts = 3> <OutPorts = 1>
ST_2 : Operation 114 [1/1] (0.68ns)   --->   "%conv2_i_i10_i270 = select i1 %cmp2_i, i10 0, i10 596"   --->   Operation 114 'select' 'conv2_i_i10_i270' <Predicate = true> <Delay = 0.68> <CoreInst = "Sel">   --->   Core 73 'Sel' <Latency = 0> <II = 1> <Delay = 0.68> <FuncUnit> <Opcode : 'select'> <InPorts = 3> <OutPorts = 1>
ST_2 : Operation 115 [1/1] (0.99ns)   --->   "%conv2_i_i_i271_cast_cast = select i1 %cmp2_i, i7 0, i7 84"   --->   Operation 115 'select' 'conv2_i_i_i271_cast_cast' <Predicate = true> <Delay = 0.99> <CoreInst = "Sel">   --->   Core 73 'Sel' <Latency = 0> <II = 1> <Delay = 0.99> <FuncUnit> <Opcode : 'select'> <InPorts = 3> <OutPorts = 1>
ST_2 : Operation 116 [1/1] (1.21ns)   --->   "%conv2_i_i10_i285_cast_cast_cast_cast = select i1 %cmp2_i, i5 0, i5 20"   --->   Operation 116 'select' 'conv2_i_i10_i285_cast_cast_cast_cast' <Predicate = true> <Delay = 1.21> <CoreInst = "Sel">   --->   Core 73 'Sel' <Latency = 0> <II = 1> <Delay = 1.21> <FuncUnit> <Opcode : 'select'> <InPorts = 3> <OutPorts = 1>
ST_2 : Operation 117 [1/1] (0.68ns)   --->   "%conv2_i_i_i286 = select i1 %cmp2_i, i10 1023, i10 428"   --->   Operation 117 'select' 'conv2_i_i_i286' <Predicate = true> <Delay = 0.68> <CoreInst = "Sel">   --->   Core 73 'Sel' <Latency = 0> <II = 1> <Delay = 0.68> <FuncUnit> <Opcode : 'select'> <InPorts = 3> <OutPorts = 1>
ST_2 : Operation 118 [1/1] (0.68ns)   --->   "%conv2_i_i_i299 = select i1 %cmp2_i, i10 0, i10 512"   --->   Operation 118 'select' 'conv2_i_i_i299' <Predicate = true> <Delay = 0.68> <CoreInst = "Sel">   --->   Core 73 'Sel' <Latency = 0> <II = 1> <Delay = 0.68> <FuncUnit> <Opcode : 'select'> <InPorts = 3> <OutPorts = 1>
ST_2 : Operation 119 [1/1] (0.68ns)   --->   "%conv2_i_i_i313 = select i1 %cmp2_i, i10 1023, i10 512"   --->   Operation 119 'select' 'conv2_i_i_i313' <Predicate = true> <Delay = 0.68> <CoreInst = "Sel">   --->   Core 73 'Sel' <Latency = 0> <II = 1> <Delay = 0.68> <FuncUnit> <Opcode : 'select'> <InPorts = 3> <OutPorts = 1>
ST_2 : Operation 120 [1/1] (0.00ns)   --->   "%width_val_cast14 = zext i16 %loopWidth"   --->   Operation 120 'zext' 'width_val_cast14' <Predicate = true> <Delay = 0.00>
ST_2 : Operation 121 [1/1] (1.81ns)   --->   "%add_i = add i14 %empty, i14 7"   --->   Operation 121 'add' 'add_i' <Predicate = true> <Delay = 1.81> <CoreInst = "Adder">   --->   Core 1 'Adder' <Latency = 0> <II = 1> <Delay = 1.81> <FuncUnit> <Opcode : 'add' 'sub'> <InPorts = 2> <OutPorts = 1>
ST_2 : Operation 122 [1/1] (0.00ns)   --->   "%barWidth = partselect i11 @_ssdm_op_PartSelect.i11.i14.i32.i32, i14 %add_i, i32 3, i32 13"   --->   Operation 122 'partselect' 'barWidth' <Predicate = true> <Delay = 0.00>
ST_2 : Operation 123 [1/1] (1.81ns)   --->   "%add2_i = add i14 %empty, i14 15"   --->   Operation 123 'add' 'add2_i' <Predicate = true> <Delay = 1.81> <CoreInst = "Adder">   --->   Core 1 'Adder' <Latency = 0> <II = 1> <Delay = 1.81> <FuncUnit> <Opcode : 'add' 'sub'> <InPorts = 2> <OutPorts = 1>
ST_2 : Operation 124 [1/1] (0.00ns)   --->   "%p_cast = partselect i10 @_ssdm_op_PartSelect.i10.i14.i32.i32, i14 %add2_i, i32 4, i32 13"   --->   Operation 124 'partselect' 'p_cast' <Predicate = true> <Delay = 0.00>
ST_2 : Operation 125 [1/1] (1.73ns)   --->   "%barWidthMinSamples = add i10 %p_cast, i10 1023"   --->   Operation 125 'add' 'barWidthMinSamples' <Predicate = true> <Delay = 1.73> <CoreInst = "Adder">   --->   Core 1 'Adder' <Latency = 0> <II = 1> <Delay = 1.73> <FuncUnit> <Opcode : 'add' 'sub'> <InPorts = 2> <OutPorts = 1>
ST_2 : Operation 126 [1/1] (0.00ns)   --->   "%height_val_cast15 = zext i16 %loopHeight"   --->   Operation 126 'zext' 'height_val_cast15' <Predicate = true> <Delay = 0.00>
ST_2 : Operation 127 [1/1] (0.00ns)   --->   "%barHeight_cast = zext i10 %tmp_1"   --->   Operation 127 'zext' 'barHeight_cast' <Predicate = true> <Delay = 0.00>
ST_2 : Operation 128 [1/1] (1.73ns)   --->   "%sub_i_i_i = add i11 %barHeight_cast, i11 2047"   --->   Operation 128 'add' 'sub_i_i_i' <Predicate = true> <Delay = 1.73> <CoreInst = "Adder">   --->   Core 1 'Adder' <Latency = 0> <II = 1> <Delay = 1.73> <FuncUnit> <Opcode : 'add' 'sub'> <InPorts = 2> <OutPorts = 1>
ST_2 : Operation 129 [1/1] (2.07ns)   --->   "%sub35_i = add i17 %width_val_cast14, i17 131071"   --->   Operation 129 'add' 'sub35_i' <Predicate = true> <Delay = 2.07> <CoreInst = "Adder">   --->   Core 1 'Adder' <Latency = 0> <II = 1> <Delay = 2.07> <FuncUnit> <Opcode : 'add' 'sub'> <InPorts = 2> <OutPorts = 1>
ST_2 : Operation 130 [1/1] (2.07ns)   --->   "%sub10_i = add i17 %height_val_cast15, i17 131071"   --->   Operation 130 'add' 'sub10_i' <Predicate = true> <Delay = 2.07> <CoreInst = "Adder">   --->   Core 1 'Adder' <Latency = 0> <II = 1> <Delay = 2.07> <FuncUnit> <Opcode : 'add' 'sub'> <InPorts = 2> <OutPorts = 1>
ST_2 : Operation 131 [1/1] (0.00ns)   --->   "%rampStart_load = load i10 %rampStart" [D:/FPGA/zybo/imx219/v2/pcam_hw/Zybo-Z7-HW.runs/system_v_tpg_0_0_synth_1/prj/sol/.autopilot/db/v_tpg.cpp:750]   --->   Operation 131 'load' 'rampStart_load' <Predicate = true> <Delay = 0.00>
ST_2 : Operation 132 [1/1] (0.68ns)   --->   "%outpix_10 = select i1 %cmp2_i, i10 %rampStart_load, i10 512" [D:/FPGA/zybo/imx219/v2/pcam_hw/Zybo-Z7-HW.runs/system_v_tpg_0_0_synth_1/prj/sol/.autopilot/db/v_tpg.cpp:750]   --->   Operation 132 'select' 'outpix_10' <Predicate = true> <Delay = 0.68> <CoreInst = "Sel">   --->   Core 73 'Sel' <Latency = 0> <II = 1> <Delay = 0.68> <FuncUnit> <Opcode : 'select'> <InPorts = 3> <OutPorts = 1>
ST_2 : Operation 133 [1/1] (0.00ns)   --->   "%s_load = load i32 %s"   --->   Operation 133 'load' 's_load' <Predicate = true> <Delay = 0.00>
ST_2 : Operation 134 [1/1] (0.00ns)   --->   "%empty_125 = trunc i32 %s_load"   --->   Operation 134 'trunc' 'empty_125' <Predicate = true> <Delay = 0.00>
ST_2 : Operation 135 [1/1] (0.00ns)   --->   "%empty_126 = trunc i10 %rampStart_load" [D:/FPGA/zybo/imx219/v2/pcam_hw/Zybo-Z7-HW.runs/system_v_tpg_0_0_synth_1/prj/sol/.autopilot/db/v_tpg.cpp:750]   --->   Operation 135 'trunc' 'empty_126' <Predicate = true> <Delay = 0.00>
ST_2 : Operation 136 [1/1] (0.00ns)   --->   "%shl_i = bitconcatenate i16 @_ssdm_op_BitConcatenate.i16.i8.i8, i8 %empty_126, i8 0" [D:/FPGA/zybo/imx219/v2/pcam_hw/Zybo-Z7-HW.runs/system_v_tpg_0_0_synth_1/prj/sol/.autopilot/db/v_tpg.cpp:750]   --->   Operation 136 'bitconcatenate' 'shl_i' <Predicate = true> <Delay = 0.00>
ST_2 : Operation 137 [1/1] (1.91ns)   --->   "%cmp136_i = icmp_ne  i8 %colorFormatLocal, i8 1"   --->   Operation 137 'icmp' 'cmp136_i' <Predicate = true> <Delay = 1.91> <CoreInst = "Cmp">   --->   Core 9 'Cmp' <Latency = 0> <II = 1> <Delay = 1.91> <FuncUnit> <Opcode : 'seteq' 'setne' 'setle' 'setge' 'setlt' 'setgt'> <InPorts = 2> <OutPorts = 1>
ST_2 : Operation 138 [1/1] (1.58ns)   --->   "%br_ln563 = br void %VITIS_LOOP_565_2" [D:/FPGA/zybo/imx219/v2/pcam_hw/Zybo-Z7-HW.runs/system_v_tpg_0_0_synth_1/prj/sol/.autopilot/db/v_tpg.cpp:563]   --->   Operation 138 'br' 'br_ln563' <Predicate = true> <Delay = 1.58>

State 3 <SV = 2> <Delay = 3.66>
ST_3 : Operation 139 [1/1] (0.00ns)   --->   "%rampVal_3_flag_0 = phi i1 0, void %entry, i1 %rampVal_3_flag_1_loc_load, void %VITIS_LOOP_565_2.split"   --->   Operation 139 'phi' 'rampVal_3_flag_0' <Predicate = true> <Delay = 0.00>
ST_3 : Operation 140 [1/1] (0.00ns)   --->   "%hdata_flag_0 = phi i1 0, void %entry, i1 %hdata_flag_1_loc_load, void %VITIS_LOOP_565_2.split"   --->   Operation 140 'phi' 'hdata_flag_0' <Predicate = true> <Delay = 0.00>
ST_3 : Operation 141 [1/1] (0.00ns)   --->   "%rampVal_2_flag_0 = phi i1 0, void %entry, i1 %rampVal_2_flag_1_loc_load, void %VITIS_LOOP_565_2.split"   --->   Operation 141 'phi' 'rampVal_2_flag_0' <Predicate = true> <Delay = 0.00>
ST_3 : Operation 142 [1/1] (0.00ns)   --->   "%y_3 = load i16 %y"   --->   Operation 142 'load' 'y_3' <Predicate = true> <Delay = 0.00>
ST_3 : Operation 143 [1/1] (2.07ns)   --->   "%icmp_ln563 = icmp_eq  i16 %y_3, i16 %loopHeight" [D:/FPGA/zybo/imx219/v2/pcam_hw/Zybo-Z7-HW.runs/system_v_tpg_0_0_synth_1/prj/sol/.autopilot/db/v_tpg.cpp:563]   --->   Operation 143 'icmp' 'icmp_ln563' <Predicate = true> <Delay = 2.07> <CoreInst = "Cmp">   --->   Core 9 'Cmp' <Latency = 0> <II = 1> <Delay = 2.07> <FuncUnit> <Opcode : 'seteq' 'setne' 'setle' 'setge' 'setlt' 'setgt'> <InPorts = 2> <OutPorts = 1>
ST_3 : Operation 144 [1/1] (2.07ns)   --->   "%add_ln563 = add i16 %y_3, i16 1" [D:/FPGA/zybo/imx219/v2/pcam_hw/Zybo-Z7-HW.runs/system_v_tpg_0_0_synth_1/prj/sol/.autopilot/db/v_tpg.cpp:563]   --->   Operation 144 'add' 'add_ln563' <Predicate = true> <Delay = 2.07> <CoreInst = "Adder">   --->   Core 1 'Adder' <Latency = 0> <II = 1> <Delay = 2.07> <FuncUnit> <Opcode : 'add' 'sub'> <InPorts = 2> <OutPorts = 1>
ST_3 : Operation 145 [1/1] (0.00ns)   --->   "%br_ln563 = br i1 %icmp_ln563, void %VITIS_LOOP_565_2.split, void %for.end105.loopexit" [D:/FPGA/zybo/imx219/v2/pcam_hw/Zybo-Z7-HW.runs/system_v_tpg_0_0_synth_1/prj/sol/.autopilot/db/v_tpg.cpp:563]   --->   Operation 145 'br' 'br_ln563' <Predicate = true> <Delay = 0.00>
ST_3 : Operation 146 [1/1] (0.00ns)   --->   "%outpix_load = load i10 %outpix"   --->   Operation 146 'load' 'outpix_load' <Predicate = (!icmp_ln563)> <Delay = 0.00>
ST_3 : Operation 147 [1/1] (0.00ns)   --->   "%outpix_1_load = load i10 %outpix_1"   --->   Operation 147 'load' 'outpix_1_load' <Predicate = (!icmp_ln563)> <Delay = 0.00>
ST_3 : Operation 148 [1/1] (0.00ns)   --->   "%outpix_2_load = load i10 %outpix_2"   --->   Operation 148 'load' 'outpix_2_load' <Predicate = (!icmp_ln563)> <Delay = 0.00>
ST_3 : Operation 149 [1/1] (0.00ns)   --->   "%zext_ln563_2 = zext i16 %y_3" [D:/FPGA/zybo/imx219/v2/pcam_hw/Zybo-Z7-HW.runs/system_v_tpg_0_0_synth_1/prj/sol/.autopilot/db/v_tpg.cpp:563]   --->   Operation 149 'zext' 'zext_ln563_2' <Predicate = (!icmp_ln563)> <Delay = 0.00>
ST_3 : Operation 150 [1/1] (2.07ns)   --->   "%ult = icmp_ult  i16 %y_3, i16 %passthruStartY_val_read"   --->   Operation 150 'icmp' 'ult' <Predicate = (!icmp_ln563)> <Delay = 2.07> <CoreInst = "Cmp">   --->   Core 9 'Cmp' <Latency = 0> <II = 1> <Delay = 2.07> <FuncUnit> <Opcode : 'seteq' 'setne' 'setle' 'setge' 'setlt' 'setgt'> <InPorts = 2> <OutPorts = 1>
ST_3 : Operation 151 [1/1] (2.07ns)   --->   "%ult348 = icmp_ult  i16 %y_3, i16 %passthruEndY_val_read"   --->   Operation 151 'icmp' 'ult348' <Predicate = (!icmp_ln563)> <Delay = 2.07> <CoreInst = "Cmp">   --->   Core 9 'Cmp' <Latency = 0> <II = 1> <Delay = 2.07> <FuncUnit> <Opcode : 'seteq' 'setne' 'setle' 'setge' 'setlt' 'setgt'> <InPorts = 2> <OutPorts = 1>
ST_3 : Operation 152 [1/1] (0.00ns)   --->   "%empty_127 = trunc i16 %y_3"   --->   Operation 152 'trunc' 'empty_127' <Predicate = (!icmp_ln563)> <Delay = 0.00>
ST_3 : Operation 153 [1/1] (2.07ns)   --->   "%cmp12_i = icmp_ne  i16 %y_3, i16 0"   --->   Operation 153 'icmp' 'cmp12_i' <Predicate = (!icmp_ln563)> <Delay = 2.07> <CoreInst = "Cmp">   --->   Core 9 'Cmp' <Latency = 0> <II = 1> <Delay = 2.07> <FuncUnit> <Opcode : 'seteq' 'setne' 'setle' 'setge' 'setlt' 'setgt'> <InPorts = 2> <OutPorts = 1>
ST_3 : Operation 154 [1/1] (2.10ns)   --->   "%cmp11_i = icmp_eq  i17 %sub10_i, i17 %zext_ln563_2" [D:/FPGA/zybo/imx219/v2/pcam_hw/Zybo-Z7-HW.runs/system_v_tpg_0_0_synth_1/prj/sol/.autopilot/db/v_tpg.cpp:563]   --->   Operation 154 'icmp' 'cmp11_i' <Predicate = (!icmp_ln563)> <Delay = 2.10> <CoreInst = "Cmp">   --->   Core 9 'Cmp' <Latency = 0> <II = 1> <Delay = 2.10> <FuncUnit> <Opcode : 'seteq' 'setne' 'setle' 'setge' 'setlt' 'setgt'> <InPorts = 2> <OutPorts = 1>
ST_3 : Operation 155 [1/1] (1.73ns)   --->   "%add_i410 = add i10 %rampStart_load, i10 %empty_127" [D:/FPGA/zybo/imx219/v2/pcam_hw/Zybo-Z7-HW.runs/system_v_tpg_0_0_synth_1/prj/sol/.autopilot/db/v_tpg.cpp:750]   --->   Operation 155 'add' 'add_i410' <Predicate = (!icmp_ln563)> <Delay = 1.73> <CoreInst = "Adder">   --->   Core 1 'Adder' <Latency = 0> <II = 1> <Delay = 1.73> <FuncUnit> <Opcode : 'add' 'sub'> <InPorts = 2> <OutPorts = 1>
ST_3 : Operation 156 [1/1] (1.58ns)   --->   "%store_ln549 = store i16 %add_ln563, i16 %y" [D:/FPGA/zybo/imx219/v2/pcam_hw/Zybo-Z7-HW.runs/system_v_tpg_0_0_synth_1/prj/sol/.autopilot/db/v_tpg.cpp:549]   --->   Operation 156 'store' 'store_ln549' <Predicate = (!icmp_ln563)> <Delay = 1.58>
ST_3 : Operation 157 [1/1] (0.00ns)   --->   "%zext_ln750 = zext i8 %motionSpeed_val_read" [D:/FPGA/zybo/imx219/v2/pcam_hw/Zybo-Z7-HW.runs/system_v_tpg_0_0_synth_1/prj/sol/.autopilot/db/v_tpg.cpp:750]   --->   Operation 157 'zext' 'zext_ln750' <Predicate = (icmp_ln563)> <Delay = 0.00>
ST_3 : Operation 158 [1/1] (1.73ns)   --->   "%add_ln750 = add i10 %rampStart_load, i10 %zext_ln750" [D:/FPGA/zybo/imx219/v2/pcam_hw/Zybo-Z7-HW.runs/system_v_tpg_0_0_synth_1/prj/sol/.autopilot/db/v_tpg.cpp:750]   --->   Operation 158 'add' 'add_ln750' <Predicate = (icmp_ln563)> <Delay = 1.73> <CoreInst = "Adder">   --->   Core 1 'Adder' <Latency = 0> <II = 1> <Delay = 1.73> <FuncUnit> <Opcode : 'add' 'sub'> <InPorts = 2> <OutPorts = 1>
ST_3 : Operation 159 [1/1] (0.00ns)   --->   "%store_ln750 = store i10 %add_ln750, i10 %rampStart" [D:/FPGA/zybo/imx219/v2/pcam_hw/Zybo-Z7-HW.runs/system_v_tpg_0_0_synth_1/prj/sol/.autopilot/db/v_tpg.cpp:750]   --->   Operation 159 'store' 'store_ln750' <Predicate = (icmp_ln563)> <Delay = 0.00>
ST_3 : Operation 160 [1/1] (0.00ns)   --->   "%br_ln0 = br i1 %rampVal_2_flag_0, void %for.end105.loopexit.new12, void %mergeST11"   --->   Operation 160 'br' 'br_ln0' <Predicate = (icmp_ln563)> <Delay = 0.00>
ST_3 : Operation 161 [1/1] (0.00ns)   --->   "%rampVal_2_new_0_load = load i16 %rampVal_2_new_0" [D:/FPGA/zybo/imx219/v2/pcam_hw/Zybo-Z7-HW.runs/system_v_tpg_0_0_synth_1/prj/sol/.autopilot/db/v_tpg.cpp:1675->D:/FPGA/zybo/imx219/v2/pcam_hw/Zybo-Z7-HW.runs/system_v_tpg_0_0_synth_1/prj/sol/.autopilot/db/v_tpg.cpp:707]   --->   Operation 161 'load' 'rampVal_2_new_0_load' <Predicate = (icmp_ln563 & rampVal_2_flag_0)> <Delay = 0.00>
ST_3 : Operation 162 [1/1] (0.00ns)   --->   "%store_ln1675 = store i16 %rampVal_2_new_0_load, i16 %rampVal_2" [D:/FPGA/zybo/imx219/v2/pcam_hw/Zybo-Z7-HW.runs/system_v_tpg_0_0_synth_1/prj/sol/.autopilot/db/v_tpg.cpp:1675->D:/FPGA/zybo/imx219/v2/pcam_hw/Zybo-Z7-HW.runs/system_v_tpg_0_0_synth_1/prj/sol/.autopilot/db/v_tpg.cpp:707]   --->   Operation 162 'store' 'store_ln1675' <Predicate = (icmp_ln563 & rampVal_2_flag_0)> <Delay = 0.00>
ST_3 : Operation 163 [1/1] (0.00ns)   --->   "%br_ln0 = br void %for.end105.loopexit.new12"   --->   Operation 163 'br' 'br_ln0' <Predicate = (icmp_ln563 & rampVal_2_flag_0)> <Delay = 0.00>
ST_3 : Operation 164 [1/1] (0.00ns)   --->   "%br_ln0 = br i1 %hdata_flag_0, void %for.end105.loopexit.new10, void %mergeST9"   --->   Operation 164 'br' 'br_ln0' <Predicate = (icmp_ln563)> <Delay = 0.00>
ST_3 : Operation 165 [1/1] (0.00ns)   --->   "%hdata_new_0_load = load i16 %hdata_new_0" [D:/FPGA/zybo/imx219/v2/pcam_hw/Zybo-Z7-HW.runs/system_v_tpg_0_0_synth_1/prj/sol/.autopilot/db/v_tpg.cpp:1533->D:/FPGA/zybo/imx219/v2/pcam_hw/Zybo-Z7-HW.runs/system_v_tpg_0_0_synth_1/prj/sol/.autopilot/db/v_tpg.cpp:689]   --->   Operation 165 'load' 'hdata_new_0_load' <Predicate = (icmp_ln563 & hdata_flag_0)> <Delay = 0.00>
ST_3 : Operation 166 [1/1] (0.00ns)   --->   "%store_ln1533 = store i16 %hdata_new_0_load, i16 %hdata" [D:/FPGA/zybo/imx219/v2/pcam_hw/Zybo-Z7-HW.runs/system_v_tpg_0_0_synth_1/prj/sol/.autopilot/db/v_tpg.cpp:1533->D:/FPGA/zybo/imx219/v2/pcam_hw/Zybo-Z7-HW.runs/system_v_tpg_0_0_synth_1/prj/sol/.autopilot/db/v_tpg.cpp:689]   --->   Operation 166 'store' 'store_ln1533' <Predicate = (icmp_ln563 & hdata_flag_0)> <Delay = 0.00>
ST_3 : Operation 167 [1/1] (0.00ns)   --->   "%br_ln0 = br void %for.end105.loopexit.new10"   --->   Operation 167 'br' 'br_ln0' <Predicate = (icmp_ln563 & hdata_flag_0)> <Delay = 0.00>
ST_3 : Operation 168 [1/1] (0.00ns)   --->   "%br_ln0 = br i1 %rampVal_3_flag_0, void %for.end105.loopexit.new, void %mergeST"   --->   Operation 168 'br' 'br_ln0' <Predicate = (icmp_ln563)> <Delay = 0.00>
ST_3 : Operation 169 [1/1] (0.00ns)   --->   "%rampVal_3_new_0_load = load i16 %rampVal_3_new_0" [D:/FPGA/zybo/imx219/v2/pcam_hw/Zybo-Z7-HW.runs/system_v_tpg_0_0_synth_1/prj/sol/.autopilot/db/v_tpg.cpp:1073->D:/FPGA/zybo/imx219/v2/pcam_hw/Zybo-Z7-HW.runs/system_v_tpg_0_0_synth_1/prj/sol/.autopilot/db/v_tpg.cpp:585]   --->   Operation 169 'load' 'rampVal_3_new_0_load' <Predicate = (icmp_ln563 & rampVal_3_flag_0)> <Delay = 0.00>
ST_3 : Operation 170 [1/1] (0.00ns)   --->   "%store_ln1073 = store i16 %rampVal_3_new_0_load, i16 %rampVal_1" [D:/FPGA/zybo/imx219/v2/pcam_hw/Zybo-Z7-HW.runs/system_v_tpg_0_0_synth_1/prj/sol/.autopilot/db/v_tpg.cpp:1073->D:/FPGA/zybo/imx219/v2/pcam_hw/Zybo-Z7-HW.runs/system_v_tpg_0_0_synth_1/prj/sol/.autopilot/db/v_tpg.cpp:585]   --->   Operation 170 'store' 'store_ln1073' <Predicate = (icmp_ln563 & rampVal_3_flag_0)> <Delay = 0.00>
ST_3 : Operation 171 [1/1] (0.00ns)   --->   "%br_ln0 = br void %for.end105.loopexit.new"   --->   Operation 171 'br' 'br_ln0' <Predicate = (icmp_ln563 & rampVal_3_flag_0)> <Delay = 0.00>
ST_3 : Operation 172 [1/1] (0.00ns)   --->   "%ret_ln751 = ret" [D:/FPGA/zybo/imx219/v2/pcam_hw/Zybo-Z7-HW.runs/system_v_tpg_0_0_synth_1/prj/sol/.autopilot/db/v_tpg.cpp:751]   --->   Operation 172 'ret' 'ret_ln751' <Predicate = (icmp_ln563)> <Delay = 0.00>

State 4 <SV = 3> <Delay = 4.64>
ST_4 : Operation 173 [1/1] (0.97ns)   --->   "%rev = xor i1 %ult, i1 1"   --->   Operation 173 'xor' 'rev' <Predicate = true> <Delay = 0.97> <CoreInst = "LogicGate">   --->   Core 74 'LogicGate' <Latency = 0> <II = 1> <Delay = 0.97> <FuncUnit> <Opcode : 'and' 'or' 'xor'> <InPorts = 2> <OutPorts = 1>
ST_4 : Operation 174 [1/1] (0.97ns)   --->   "%rev349 = xor i1 %ult348, i1 1"   --->   Operation 174 'xor' 'rev349' <Predicate = true> <Delay = 0.97> <CoreInst = "LogicGate">   --->   Core 74 'LogicGate' <Latency = 0> <II = 1> <Delay = 0.97> <FuncUnit> <Opcode : 'and' 'or' 'xor'> <InPorts = 2> <OutPorts = 1>
ST_4 : Operation 175 [1/1] (0.00ns)   --->   "%colorSel = partselect i2 @_ssdm_op_PartSelect.i2.i16.i32.i32, i16 %y_3, i32 6, i32 7"   --->   Operation 175 'partselect' 'colorSel' <Predicate = true> <Delay = 0.00>
ST_4 : Operation 176 [1/1] (0.00ns)   --->   "%tmp_35 = bitselect i1 @_ssdm_op_BitSelect.i1.i16.i32, i16 %y_3, i32 5"   --->   Operation 176 'bitselect' 'tmp_35' <Predicate = true> <Delay = 0.00>
ST_4 : Operation 177 [2/2] (3.66ns)   --->   "%call_ln750 = call void @tpgBackground_Pipeline_VITIS_LOOP_565_2, i1 %rampVal_3_flag_0, i1 %hdata_flag_0, i1 %rampVal_2_flag_0, i10 %outpix_2_load, i10 %outpix_1_load, i10 %outpix_load, i16 %loopWidth, i30 %bckgndYUV, i10 %conv2_i_i_i313, i10 %conv2_i_i_i299, i10 %conv2_i_i_i286, i7 %conv2_i_i_i271_cast_cast, i3 %conv2_i_i_i_cast_cast, i10 %outpix_10, i5 %conv2_i_i10_i285_cast_cast_cast_cast, i10 %conv2_i_i10_i270, i10 %conv2_i_i10_i267, i10 %rampStart_load, i8 %patternId_val_read, i16 %ZplateHorContStart_val_read, i30 %srcYUV, i10 %rampStart_load, i16 %y_3, i8 %colorFormatLocal, i8 %empty_125, i11 %barWidth, i11 %barWidth, i16 %shl_i, i16 %ZplateHorContDelta_val_read, i16 %ZplateVerContStart_val_read, i1 %cmp12_i, i16 %ZplateVerContDelta_val_read, i11 %sub_i_i_i, i10 %barWidthMinSamples, i1 %cmp11_i, i17 %sub35_i, i10 %add_i410, i1 %icmp, i1 %tmp_35, i1 %cmp136_i, i16 %passthruStartX_val_read, i16 %passthruEndX_val_read, i1 %rev, i1 %rev349, i8 %dpYUVCoef_val_read, i8 %dpDynamicRange_val_read, i2 %colorSel, i8 %enableInput_val_read, i1 %rampVal_3_flag_1_loc, i16 %rampVal_3_new_0, i16 %rampVal_3_loc_0, i16 %rampVal_loc_0, i8 %tpgPatternColorBars_unsigned_short_unsigned_short_unsigned_char_int_hBarSel_l_1, i16 %zonePlateVAddr_loc_0, i8 %vBarSel_loc_0, i8 %tpgPatternTartanColorBars_unsigned_short_unsigned_short_unsigned_short_unsign_3, i1 %hdata_flag_1_loc, i16 %hdata_new_0, i16 %hdata_loc_0, i8 %vBarSel_2_loc_0, i8 %tpgPatternCheckerBoard_unsigned_short_unsigned_short_unsigned_short_unsigned_3, i1 %rampVal_2_flag_1_loc, i16 %rampVal_2_new_0, i16 %rampVal_2_loc_0, i8 %vBarSel_3_loc_0, i8 %tpgPatternDPColorSquare_unsigned_short_unsigned_short_unsigned_char_unsigned_3, i10 %outpix_2, i10 %outpix_1, i10 %outpix, i10 %p_0_0_0248_lcssa257, i10 %p_0_0_09246_lcssa254, i10 %p_0_0_010244_lcssa251, i10 %rampVal, i10 %redYuv, i10 %grnYuv, i10 %bluYuv, i10 %blkYuv, i10 %whiYuv, i2 %tpgBarSelRgb_r, i10 %tpgBarSelYuv_y, i2 %tpgBarSelRgb_g, i10 %tpgBarSelYuv_u, i10 %tpgBarSelYuv_v, i8 %tpgPatternColorBars_unsigned_short_unsigned_short_unsigned_char_int_hBarSel, i11 %tpgPatternColorBars_unsigned_short_unsigned_short_unsigned_char_int_xBar, i2 %tpgBarSelRgb_b, i20 %tpgSinTableArray, i16 %zonePlateVAddr, i16 %zonePlateVDelta, i3 %tpgTartanBarArray, i3 %tpgPatternTartanColorBars_unsigned_short_unsigned_short_unsigned_short_unsign_1, i10 %tpgPatternTartanColorBars_unsigned_short_unsigned_short_unsigned_short_unsign, i10 %yCount, i3 %vBarSel, i10 %tpgPatternCrossHatch_unsigned_short_unsigned_short_unsigned_short_unsigned_sh, i1 %vHatch, i10 %yCount_2, i10 %whiYuv_1, i10 %blkYuv_1, i8 %tpgSinTableArray_9bit_0, i8 %tpgSinTableArray_9bit_1, i9 %tpgSinTableArray_9bit_2, i2 %tpgCheckerBoardArray, i3 %tpgPatternCheckerBoard_unsigned_short_unsigned_short_unsigned_short_unsigned_1, i10 %tpgPatternCheckerBoard_unsigned_short_unsigned_short_unsigned_short_unsigned_s, i10 %yCount_3, i8 %vBarSel_2, i28 %rSerie, i28 %gSerie, i28 %bSerie, i2 %DPtpgBarSelRgb_VESA_r, i2 %DPtpgBarSelRgb_VESA_g, i2 %DPtpgBarSelRgb_VESA_b, i3 %DPtpgBarArray, i3 %tpgPatternDPColorSquare_unsigned_short_unsigned_short_unsigned_char_unsigned_1, i10 %tpgPatternDPColorSquare_unsigned_short_unsigned_short_unsigned_char_unsigned_s, i6 %yCount_1, i1 %vBarSel_1, i8 %DPtpgBarSelRgb_CEA_r, i8 %DPtpgBarSelRgb_CEA_g, i8 %DPtpgBarSelRgb_CEA_b, i10 %DPtpgBarSelYuv_601_y, i10 %DPtpgBarSelYuv_601_v, i10 %DPtpgBarSelYuv_601_u, i10 %DPtpgBarSelYuv_709_y, i10 %DPtpgBarSelYuv_709_v, i10 %DPtpgBarSelYuv_709_u" [D:/FPGA/zybo/imx219/v2/pcam_hw/Zybo-Z7-HW.runs/system_v_tpg_0_0_synth_1/prj/sol/.autopilot/db/v_tpg.cpp:750]   --->   Operation 177 'call' 'call_ln750' <Predicate = true> <Delay = 3.66> <CoreType = "Generic">   --->   Generic Core

State 5 <SV = 4> <Delay = 0.00>
ST_5 : Operation 178 [1/2] (0.00ns)   --->   "%call_ln750 = call void @tpgBackground_Pipeline_VITIS_LOOP_565_2, i1 %rampVal_3_flag_0, i1 %hdata_flag_0, i1 %rampVal_2_flag_0, i10 %outpix_2_load, i10 %outpix_1_load, i10 %outpix_load, i16 %loopWidth, i30 %bckgndYUV, i10 %conv2_i_i_i313, i10 %conv2_i_i_i299, i10 %conv2_i_i_i286, i7 %conv2_i_i_i271_cast_cast, i3 %conv2_i_i_i_cast_cast, i10 %outpix_10, i5 %conv2_i_i10_i285_cast_cast_cast_cast, i10 %conv2_i_i10_i270, i10 %conv2_i_i10_i267, i10 %rampStart_load, i8 %patternId_val_read, i16 %ZplateHorContStart_val_read, i30 %srcYUV, i10 %rampStart_load, i16 %y_3, i8 %colorFormatLocal, i8 %empty_125, i11 %barWidth, i11 %barWidth, i16 %shl_i, i16 %ZplateHorContDelta_val_read, i16 %ZplateVerContStart_val_read, i1 %cmp12_i, i16 %ZplateVerContDelta_val_read, i11 %sub_i_i_i, i10 %barWidthMinSamples, i1 %cmp11_i, i17 %sub35_i, i10 %add_i410, i1 %icmp, i1 %tmp_35, i1 %cmp136_i, i16 %passthruStartX_val_read, i16 %passthruEndX_val_read, i1 %rev, i1 %rev349, i8 %dpYUVCoef_val_read, i8 %dpDynamicRange_val_read, i2 %colorSel, i8 %enableInput_val_read, i1 %rampVal_3_flag_1_loc, i16 %rampVal_3_new_0, i16 %rampVal_3_loc_0, i16 %rampVal_loc_0, i8 %tpgPatternColorBars_unsigned_short_unsigned_short_unsigned_char_int_hBarSel_l_1, i16 %zonePlateVAddr_loc_0, i8 %vBarSel_loc_0, i8 %tpgPatternTartanColorBars_unsigned_short_unsigned_short_unsigned_short_unsign_3, i1 %hdata_flag_1_loc, i16 %hdata_new_0, i16 %hdata_loc_0, i8 %vBarSel_2_loc_0, i8 %tpgPatternCheckerBoard_unsigned_short_unsigned_short_unsigned_short_unsigned_3, i1 %rampVal_2_flag_1_loc, i16 %rampVal_2_new_0, i16 %rampVal_2_loc_0, i8 %vBarSel_3_loc_0, i8 %tpgPatternDPColorSquare_unsigned_short_unsigned_short_unsigned_char_unsigned_3, i10 %outpix_2, i10 %outpix_1, i10 %outpix, i10 %p_0_0_0248_lcssa257, i10 %p_0_0_09246_lcssa254, i10 %p_0_0_010244_lcssa251, i10 %rampVal, i10 %redYuv, i10 %grnYuv, i10 %bluYuv, i10 %blkYuv, i10 %whiYuv, i2 %tpgBarSelRgb_r, i10 %tpgBarSelYuv_y, i2 %tpgBarSelRgb_g, i10 %tpgBarSelYuv_u, i10 %tpgBarSelYuv_v, i8 %tpgPatternColorBars_unsigned_short_unsigned_short_unsigned_char_int_hBarSel, i11 %tpgPatternColorBars_unsigned_short_unsigned_short_unsigned_char_int_xBar, i2 %tpgBarSelRgb_b, i20 %tpgSinTableArray, i16 %zonePlateVAddr, i16 %zonePlateVDelta, i3 %tpgTartanBarArray, i3 %tpgPatternTartanColorBars_unsigned_short_unsigned_short_unsigned_short_unsign_1, i10 %tpgPatternTartanColorBars_unsigned_short_unsigned_short_unsigned_short_unsign, i10 %yCount, i3 %vBarSel, i10 %tpgPatternCrossHatch_unsigned_short_unsigned_short_unsigned_short_unsigned_sh, i1 %vHatch, i10 %yCount_2, i10 %whiYuv_1, i10 %blkYuv_1, i8 %tpgSinTableArray_9bit_0, i8 %tpgSinTableArray_9bit_1, i9 %tpgSinTableArray_9bit_2, i2 %tpgCheckerBoardArray, i3 %tpgPatternCheckerBoard_unsigned_short_unsigned_short_unsigned_short_unsigned_1, i10 %tpgPatternCheckerBoard_unsigned_short_unsigned_short_unsigned_short_unsigned_s, i10 %yCount_3, i8 %vBarSel_2, i28 %rSerie, i28 %gSerie, i28 %bSerie, i2 %DPtpgBarSelRgb_VESA_r, i2 %DPtpgBarSelRgb_VESA_g, i2 %DPtpgBarSelRgb_VESA_b, i3 %DPtpgBarArray, i3 %tpgPatternDPColorSquare_unsigned_short_unsigned_short_unsigned_char_unsigned_1, i10 %tpgPatternDPColorSquare_unsigned_short_unsigned_short_unsigned_char_unsigned_s, i6 %yCount_1, i1 %vBarSel_1, i8 %DPtpgBarSelRgb_CEA_r, i8 %DPtpgBarSelRgb_CEA_g, i8 %DPtpgBarSelRgb_CEA_b, i10 %DPtpgBarSelYuv_601_y, i10 %DPtpgBarSelYuv_601_v, i10 %DPtpgBarSelYuv_601_u, i10 %DPtpgBarSelYuv_709_y, i10 %DPtpgBarSelYuv_709_v, i10 %DPtpgBarSelYuv_709_u" [D:/FPGA/zybo/imx219/v2/pcam_hw/Zybo-Z7-HW.runs/system_v_tpg_0_0_synth_1/prj/sol/.autopilot/db/v_tpg.cpp:750]   --->   Operation 178 'call' 'call_ln750' <Predicate = true> <Delay = 0.00> <CoreType = "Generic">   --->   Generic Core

State 6 <SV = 5> <Delay = 0.00>
ST_6 : Operation 179 [1/1] (0.00ns)   --->   "%speclooptripcount_ln552 = speclooptripcount void @_ssdm_op_SpecLoopTripCount, i64 0, i64 65535, i64 32767" [D:/FPGA/zybo/imx219/v2/pcam_hw/Zybo-Z7-HW.runs/system_v_tpg_0_0_synth_1/prj/sol/.autopilot/db/v_tpg.cpp:552]   --->   Operation 179 'speclooptripcount' 'speclooptripcount_ln552' <Predicate = true> <Delay = 0.00>
ST_6 : Operation 180 [1/1] (0.00ns)   --->   "%specloopname_ln563 = specloopname void @_ssdm_op_SpecLoopName, void @empty_19" [D:/FPGA/zybo/imx219/v2/pcam_hw/Zybo-Z7-HW.runs/system_v_tpg_0_0_synth_1/prj/sol/.autopilot/db/v_tpg.cpp:563]   --->   Operation 180 'specloopname' 'specloopname_ln563' <Predicate = true> <Delay = 0.00>
ST_6 : Operation 181 [1/1] (0.00ns)   --->   "%rampVal_3_flag_1_loc_load = load i1 %rampVal_3_flag_1_loc"   --->   Operation 181 'load' 'rampVal_3_flag_1_loc_load' <Predicate = true> <Delay = 0.00>
ST_6 : Operation 182 [1/1] (0.00ns)   --->   "%hdata_flag_1_loc_load = load i1 %hdata_flag_1_loc"   --->   Operation 182 'load' 'hdata_flag_1_loc_load' <Predicate = true> <Delay = 0.00>
ST_6 : Operation 183 [1/1] (0.00ns)   --->   "%rampVal_2_flag_1_loc_load = load i1 %rampVal_2_flag_1_loc"   --->   Operation 183 'load' 'rampVal_2_flag_1_loc_load' <Predicate = true> <Delay = 0.00>
ST_6 : Operation 184 [1/1] (0.00ns)   --->   "%br_ln563 = br void %VITIS_LOOP_565_2" [D:/FPGA/zybo/imx219/v2/pcam_hw/Zybo-Z7-HW.runs/system_v_tpg_0_0_synth_1/prj/sol/.autopilot/db/v_tpg.cpp:563]   --->   Operation 184 'br' 'br_ln563' <Predicate = true> <Delay = 0.00>


============================================================
+ Verbose Summary: Timing violations
============================================================
Target clock period: 6.667ns, clock uncertainty: 1.800ns.

 <State 1>: 4.867ns
The critical path consists of the following:
	fifo read operation ('colorFormatLocal') on port 'colorFormat_val' [121]  (2.433 ns)
	fifo write operation ('write_ln0') on port 'colorFormat_val27_c8' [123]  (2.433 ns)

 <State 2>: 3.543ns
The critical path consists of the following:
	'add' operation 14 bit ('add2_i') [163]  (1.812 ns)
	'add' operation 10 bit ('barWidthMinSamples') [165]  (1.731 ns)

 <State 3>: 3.665ns
The critical path consists of the following:
	'load' operation 16 bit ('y') on local variable 'y', D:/FPGA/zybo/imx219/v2/pcam_hw/Zybo-Z7-HW.runs/system_v_tpg_0_0_synth_1/prj/sol/.autopilot/db/v_tpg.cpp:549 [219]  (0.000 ns)
	'icmp' operation 1 bit ('icmp_ln563', D:/FPGA/zybo/imx219/v2/pcam_hw/Zybo-Z7-HW.runs/system_v_tpg_0_0_synth_1/prj/sol/.autopilot/db/v_tpg.cpp:563) [220]  (2.077 ns)
	'store' operation 0 bit ('store_ln549', D:/FPGA/zybo/imx219/v2/pcam_hw/Zybo-Z7-HW.runs/system_v_tpg_0_0_synth_1/prj/sol/.autopilot/db/v_tpg.cpp:549) of variable 'add_ln563', D:/FPGA/zybo/imx219/v2/pcam_hw/Zybo-Z7-HW.runs/system_v_tpg_0_0_synth_1/prj/sol/.autopilot/db/v_tpg.cpp:563 on local variable 'y', D:/FPGA/zybo/imx219/v2/pcam_hw/Zybo-Z7-HW.runs/system_v_tpg_0_0_synth_1/prj/sol/.autopilot/db/v_tpg.cpp:549 [244]  (1.588 ns)

 <State 4>: 4.643ns
The critical path consists of the following:
	'xor' operation 1 bit ('rev') [231]  (0.978 ns)
	'call' operation 0 bit ('call_ln750', D:/FPGA/zybo/imx219/v2/pcam_hw/Zybo-Z7-HW.runs/system_v_tpg_0_0_synth_1/prj/sol/.autopilot/db/v_tpg.cpp:750) to 'tpgBackground_Pipeline_VITIS_LOOP_565_2' [240]  (3.665 ns)

 <State 5>: 0.000ns
The critical path consists of the following:

 <State 6>: 0.000ns
The critical path consists of the following:


============================================================
+ Verbose Summary: Binding
============================================================
N/A
* FSMD analyzer results:
  - Output states:
 - Input state : 
  - Chain level:
	State 1
	State 2
	State 3
	State 4
	State 5
	State 6


============================================================
+ Verbose Summary: Datapath Resource usage 
============================================================
N/A
